<?xml version="1.0" encoding="UTF-8"?>
<testsuites name="TestSuiteDemo" time="607" tests="3" failures="3" errors="0">
   <testsuite name="TestSuiteDemo" tests="3" failures="3" errors="0" time="607" timestamp="2018-05-18 12:02:53" hostname="shalinin - NIBC2129.nousinfo.com" id="Test Suites/TestSuiteDemo">
      <properties>
         <property name="deviceName" value=""/>
         <property name="devicePlatform" value=""/>
         <property name="logFolder" value="C:\\Users\\shalinin\\Katalon Studio\\HME_Scripts\\Reports\\TestSuiteDemo\\20180518_120252"/>
         <property name="logFiles" value="C:\\Users\\shalinin\\Katalon Studio\\HME_Scripts\\Reports\\TestSuiteDemo\\20180518_120252\\execution0.log"/>
         <property name="attachments" value="C:\\Users\\shalinin\\Katalon Studio\\HME_Scripts\\Reports\\TestSuiteDemo\\20180518_120252\\1526625261997.png, C:\\Users\\shalinin\\Katalon Studio\\HME_Scripts\\Reports\\TestSuiteDemo\\20180518_120252\\1526625357451.png, C:\\Users\\shalinin\\Katalon Studio\\HME_Scripts\\Reports\\TestSuiteDemo\\20180518_120252\\1526625780300.png"/>
         <property name="hostName" value="shalinin - NIBC2129.nousinfo.com"/>
         <property name="os" value="Windows 7 64bit"/>
         <property name="katalonVersion" value="5.3.1.1"/>
         <property name="browser" value="Chrome 66.0.3359.181"/>
         <property name="hostAddress" value="192.168.24.72"/>
         <property name="sessionId" value="8a39afedcac1248cd62f7bab19510461"/>
         <property name="seleniumVersion" value="3.7.1"/>
         <property name="proxyInformation" value="ProxyInformation{proxyOption=NO_PROXY, proxyServerType=HTTP, password=, proxyServerAddress=, proxyServerPort=0}"/>
         <property name="platform" value="Windows 7"/>
      </properties>
      <testcase name="Test Cases/TimeZoneTC/HME-Account_Setting-Timezone-04" classname="Test Cases/TimeZoneTC/HME-Account_Setting-Timezone-04" status="FAILED">
         <failure type="FAILED" message="org.codehaus.groovy.runtime.powerassert.PowerAssertionError: assert TCflag==true
       |     |
       false false"/>
         <system-out><![CDATA[2018-05-18 12:02:54 - [TEST_CASE][FAILED] - Test Cases/TimeZoneTC/HME-Account_Setting-Timezone-04: Test Cases/TimeZoneTC/HME-Account_Setting-Timezone-04 FAILED because (of) org.codehaus.groovy.runtime.powerassert.PowerAssertionError: assert TCflag==true
       |     |
       false false

2018-05-18 12:02:54 - [TEST_STEP][PASSED] - Start listener action : sampleBeforeTestCase: uiaction.CommonUIActions.deleteAllCookies is PASSED

2018-05-18 12:02:54 - [TEST_STEP][PASSED] - openBrowser: Browser is opened with url: ''

2018-05-18 12:02:57 - [MESSAGE][PASSED] - Browser is opened with url: ''

2018-05-18 12:02:57 - [TEST_STEP][PASSED] - maximizeWindow: Current window maximized

2018-05-18 12:02:58 - [MESSAGE][PASSED] - Current window maximized

2018-05-18 12:02:58 - [TEST_STEP][PASSED] - uiaction.CommonUIActions.deleteAllCookies: uiaction.CommonUIActions.deleteAllCookies is PASSED

2018-05-18 12:02:59 - [MESSAGE][PASSED] - Delete all cookies successfully

2018-05-18 12:02:59 - [MESSAGE][PASSED] - uiaction.CommonUIActions.deleteAllCookies is PASSED

2018-05-18 12:02:59 - [TEST_STEP][PASSED] - Statement - TCflag = true: null

2018-05-18 12:02:59 - [TEST_STEP][PASSED] - Statement - Try: Taking screenshot successfully

2018-05-18 12:02:59 - [TEST_STEP][PASSED] - navigateToUrl: Navigate to 'https://hme-dev-public-cloud-app.azurewebsites.net/' successfully

2018-05-18 12:03:02 - [MESSAGE][PASSED] - Navigate to 'https://hme-dev-public-cloud-app.azurewebsites.net/' successfully

2018-05-18 12:03:02 - [TEST_STEP][PASSED] - projectSpecific.Reusability.login: projectSpecific.Reusability.login is PASSED

2018-05-18 12:03:02 - [MESSAGE][PASSED] - projectSpecific.Reusability.getTestData is PASSED

2018-05-18 12:03:02 - [MESSAGE][PASSED] - projectSpecific.Reusability.getTestData is PASSED

2018-05-18 12:03:02 - [MESSAGE][PASSED] - Text 'selvendrank@nousinfo.com' is set on object 'Object Repository/LoginPage/Username'

2018-05-18 12:03:02 - [MESSAGE][PASSED] - Text 'nous;123' is set on object 'Object Repository/LoginPage/Password'

2018-05-18 12:03:03 - [MESSAGE][PASSED] - Object: 'Object Repository/LoginPage/Login' is clicked on

2018-05-18 12:03:03 - [MESSAGE][PASSED] - projectSpecific.Reusability.login is PASSED

2018-05-18 12:03:03 - [TEST_STEP][PASSED] - delay: Delayed 10 second(s)

2018-05-18 12:03:13 - [MESSAGE][PASSED] - Delayed 10 second(s)

2018-05-18 12:03:13 - [TEST_STEP][PASSED] - Statement - welcomeMsg = CustomKeywords.uiaction.CommonUIActions.getText(com.kms.katalon.core.testobject.ObjectRepository.findTestObject(HomePage/welcomeMessage)): uiaction.CommonUIActions.getText is PASSED

2018-05-18 12:03:16 - [MESSAGE][PASSED] - uiaction.CommonUIActions.getText is PASSED

2018-05-18 12:03:16 - [TEST_STEP][PASSED] - Statement - expactedWelcomeMsg = CustomKeywords.projectSpecific.Reusability.getTestData("HomePage", "welcomeMessage"): projectSpecific.Reusability.getTestData is PASSED

2018-05-18 12:03:16 - [MESSAGE][PASSED] - projectSpecific.Reusability.getTestData is PASSED

2018-05-18 12:03:16 - [TEST_STEP][PASSED] - verifyMatch: Actual text 'Welcome to HME CLOUD, Selvendran!' and expected text 'Welcome to HME CLOUD, Selvendran!' are matched 

2018-05-18 12:03:16 - [MESSAGE][PASSED] - Actual text 'Welcome to HME CLOUD, Selvendran!' and expected text 'Welcome to HME CLOUD, Selvendran!' are matched 

2018-05-18 12:03:16 - [TEST_STEP][PASSED] - uiaction.CommonUIActions.click: uiaction.CommonUIActions.click is PASSED

2018-05-18 12:03:18 - [MESSAGE][PASSED] - uiaction.CommonUIActions.click is PASSED

2018-05-18 12:03:18 - [TEST_STEP][PASSED] - uiaction.CommonUIActions.click: uiaction.CommonUIActions.click is PASSED

2018-05-18 12:03:20 - [MESSAGE][PASSED] - uiaction.CommonUIActions.click is PASSED

2018-05-18 12:03:20 - [TEST_STEP][PASSED] - uiaction.CommonUIActions.click: uiaction.CommonUIActions.click is PASSED

2018-05-18 12:03:20 - [MESSAGE][PASSED] - uiaction.CommonUIActions.click is PASSED

2018-05-18 12:03:20 - [TEST_STEP][PASSED] - uiaction.CommonUIActions.click: uiaction.CommonUIActions.click is PASSED

2018-05-18 12:03:21 - [MESSAGE][PASSED] - uiaction.CommonUIActions.click is PASSED

2018-05-18 12:03:21 - [TEST_STEP][PASSED] - Statement - storeID = CustomKeywords.uiaction.CommonUIActions.getText(com.kms.katalon.core.testobject.ObjectRepository.findTestObject(StorePage/storeID)): uiaction.CommonUIActions.getText is PASSED

2018-05-18 12:03:21 - [MESSAGE][PASSED] - uiaction.CommonUIActions.getText is PASSED

2018-05-18 12:03:21 - [TEST_STEP][PASSED] - Statement - storenumber = storeID.trim(): null

2018-05-18 12:03:21 - [TEST_STEP][PASSED] - Statement - println(storenumber): null

2018-05-18 12:03:21 - [TEST_STEP][PASSED] - uiaction.CommonUIActions.click: uiaction.CommonUIActions.click is PASSED

2018-05-18 12:03:23 - [MESSAGE][PASSED] - uiaction.CommonUIActions.click is PASSED

2018-05-18 12:03:23 - [TEST_STEP][PASSED] - delay: Delayed 10 second(s)

2018-05-18 12:03:33 - [MESSAGE][PASSED] - Delayed 10 second(s)

2018-05-18 12:03:33 - [TEST_STEP][PASSED] - Statement - driver = com.kms.katalon.core.webui.driver.DriverFactory.getWebDriver(): null

2018-05-18 12:03:33 - [TEST_STEP][PASSED] - Statement - driver.findElement(org.openqa.selenium.By.xpath("//span[contains(text(),'" + storenumber.trim() + "')]")).click(): null

2018-05-18 12:03:33 - [TEST_STEP][PASSED] - click: Object: 'Object Repository/ReportsPage/timeSelection' is clicked on

2018-05-18 12:03:34 - [MESSAGE][PASSED] - Object: 'Object Repository/ReportsPage/timeSelection' is clicked on

2018-05-18 12:03:34 - [TEST_STEP][PASSED] - click: Object: 'Object Repository/ReportsPage/dayTimeOption' is clicked on

2018-05-18 12:03:34 - [MESSAGE][PASSED] - Object: 'Object Repository/ReportsPage/dayTimeOption' is clicked on

2018-05-18 12:03:34 - [TEST_STEP][PASSED] - click: Object: 'Object Repository/ReportsPage/summaryReportHeading' is clicked on

2018-05-18 12:03:34 - [MESSAGE][PASSED] - Object: 'Object Repository/ReportsPage/summaryReportHeading' is clicked on

2018-05-18 12:03:34 - [TEST_STEP][PASSED] - verifyElementText: Actual text and expected text of test object 'Object Repository/ReportsPage/dayTimeOption' are matched.

2018-05-18 12:03:34 - [MESSAGE][PASSED] - projectSpecific.Reusability.getTestData is PASSED

2018-05-18 12:03:34 - [MESSAGE][PASSED] - Actual text and expected text of test object 'Object Repository/ReportsPage/dayTimeOption' are matched.

2018-05-18 12:03:34 - [TEST_STEP][PASSED] - verifyElementText: Actual text and expected text of test object 'Object Repository/ReportsPage/criteriaTimeMeasureForDay' are matched.

2018-05-18 12:03:34 - [MESSAGE][PASSED] - projectSpecific.Reusability.getTestData is PASSED

2018-05-18 12:03:34 - [MESSAGE][PASSED] - Actual text and expected text of test object 'Object Repository/ReportsPage/criteriaTimeMeasureForDay' are matched.

2018-05-18 12:03:34 - [TEST_STEP][PASSED] - delay: Delayed 5 second(s)

2018-05-18 12:03:39 - [MESSAGE][PASSED] - Delayed 5 second(s)

2018-05-18 12:03:39 - [TEST_STEP][PASSED] - click: Object: 'Object Repository/ReportsPage/fromDateSelector' is clicked on

2018-05-18 12:03:39 - [MESSAGE][PASSED] - Object: 'Object Repository/ReportsPage/fromDateSelector' is clicked on

2018-05-18 12:03:39 - [TEST_STEP][PASSED] - delay: Delayed 5 second(s)

2018-05-18 12:03:44 - [MESSAGE][PASSED] - Delayed 5 second(s)

2018-05-18 12:03:44 - [TEST_STEP][PASSED] - Statement - monthText = com.kms.katalon.core.webui.keyword.WebUiBuiltInKeywords.getText(com.kms.katalon.core.testobject.ObjectRepository.findTestObject(ReportsPage/monthText)): Text of object 'Object Repository/ReportsPage/monthText' is: 'May 2018'

2018-05-18 12:03:44 - [MESSAGE][PASSED] - Text of object 'Object Repository/ReportsPage/monthText' is: 'May 2018'

2018-05-18 12:03:44 - [TEST_STEP][PASSED] - Statement - monthTextArray = monthText.split(" "): null

2018-05-18 12:03:44 - [TEST_STEP][PASSED] - Statement - month = monthTextArray[0]: null

2018-05-18 12:03:44 - [TEST_STEP][PASSED] - Statement - monthTextValue = CustomKeywords.projectSpecific.Reusability.getTestData("ReportsPage", "Month"): projectSpecific.Reusability.getTestData is PASSED

2018-05-18 12:03:44 - [MESSAGE][PASSED] - projectSpecific.Reusability.getTestData is PASSED

2018-05-18 12:03:44 - [TEST_STEP][PASSED] - Statement - If (!(monthTextValue.equals(month))): null

2018-05-18 12:03:44 - [TEST_STEP][PASSED] - Statement - While (!(monthTextValue.equals(month))): null

2018-05-18 12:03:44 - [TEST_STEP][PASSED] - click: Object: 'Object Repository/ReportsPage/previousDateSelector' is clicked on

2018-05-18 12:03:44 - [MESSAGE][PASSED] - Object: 'Object Repository/ReportsPage/previousDateSelector' is clicked on

2018-05-18 12:03:44 - [TEST_STEP][PASSED] - Statement - monthText = com.kms.katalon.core.webui.keyword.WebUiBuiltInKeywords.getText(com.kms.katalon.core.testobject.ObjectRepository.findTestObject(ReportsPage/monthText)): Text of object 'Object Repository/ReportsPage/monthText' is: 'April 2018'

2018-05-18 12:03:44 - [MESSAGE][PASSED] - Text of object 'Object Repository/ReportsPage/monthText' is: 'April 2018'

2018-05-18 12:03:44 - [TEST_STEP][PASSED] - Statement - monthTextArray = monthText.split(" "): null

2018-05-18 12:03:44 - [TEST_STEP][PASSED] - Statement - month = monthTextArray[0]: null

2018-05-18 12:03:44 - [TEST_STEP][PASSED] - click: Object: 'Object Repository/ReportsPage/previousDateSelector' is clicked on

2018-05-18 12:03:44 - [MESSAGE][PASSED] - Object: 'Object Repository/ReportsPage/previousDateSelector' is clicked on

2018-05-18 12:03:44 - [TEST_STEP][PASSED] - Statement - monthText = com.kms.katalon.core.webui.keyword.WebUiBuiltInKeywords.getText(com.kms.katalon.core.testobject.ObjectRepository.findTestObject(ReportsPage/monthText)): Text of object 'Object Repository/ReportsPage/monthText' is: 'March 2018'

2018-05-18 12:03:44 - [MESSAGE][PASSED] - Text of object 'Object Repository/ReportsPage/monthText' is: 'March 2018'

2018-05-18 12:03:44 - [TEST_STEP][PASSED] - Statement - monthTextArray = monthText.split(" "): null

2018-05-18 12:03:44 - [TEST_STEP][PASSED] - Statement - month = monthTextArray[0]: null

2018-05-18 12:03:44 - [TEST_STEP][PASSED] - Statement - data = CustomKeywords.projectSpecific.Reusability.getTestData("ReportsPage", "EndDate"): projectSpecific.Reusability.getTestData is PASSED

2018-05-18 12:03:44 - [MESSAGE][PASSED] - projectSpecific.Reusability.getTestData is PASSED

2018-05-18 12:03:44 - [TEST_STEP][PASSED] - Statement - startDate = "(//td[text()='" + data + "'])[1]": null

2018-05-18 12:03:44 - [TEST_STEP][PASSED] - Statement - println(startDate): null

2018-05-18 12:03:44 - [TEST_STEP][PASSED] - Statement - startdateEle = driver.findElement(org.openqa.selenium.By.xpath(startDate)): null

2018-05-18 12:03:45 - [TEST_STEP][PASSED] - Statement - startdateEle.click(): null

2018-05-18 12:03:45 - [TEST_STEP][PASSED] - delay: Delayed 5 second(s)

2018-05-18 12:03:50 - [MESSAGE][PASSED] - Delayed 5 second(s)

2018-05-18 12:03:50 - [TEST_STEP][PASSED] - click: Object: 'Object Repository/ReportsPage/toDateSelector' is clicked on

2018-05-18 12:03:50 - [MESSAGE][PASSED] - Object: 'Object Repository/ReportsPage/toDateSelector' is clicked on

2018-05-18 12:03:50 - [TEST_STEP][PASSED] - Statement - monthText = com.kms.katalon.core.webui.keyword.WebUiBuiltInKeywords.getText(com.kms.katalon.core.testobject.ObjectRepository.findTestObject(ReportsPage/monthText2)): Text of object 'Object Repository/ReportsPage/monthText2' is: 'May 2018'

2018-05-18 12:03:50 - [MESSAGE][PASSED] - Text of object 'Object Repository/ReportsPage/monthText2' is: 'May 2018'

2018-05-18 12:03:50 - [TEST_STEP][PASSED] - Statement - monthTextArray = monthText.split(" "): null

2018-05-18 12:03:50 - [TEST_STEP][PASSED] - Statement - month = monthTextArray[0]: null

2018-05-18 12:03:50 - [TEST_STEP][PASSED] - Statement - monthTextValue1 = CustomKeywords.projectSpecific.Reusability.getTestData("ReportsPage", "Month"): projectSpecific.Reusability.getTestData is PASSED

2018-05-18 12:03:50 - [MESSAGE][PASSED] - projectSpecific.Reusability.getTestData is PASSED

2018-05-18 12:03:50 - [TEST_STEP][PASSED] - Statement - If (!(monthTextValue1.equals(month))): null

2018-05-18 12:03:50 - [TEST_STEP][PASSED] - Statement - While (!(monthTextValue1.equals(month))): null

2018-05-18 12:03:50 - [TEST_STEP][PASSED] - click: Object: 'Object Repository/ReportsPage/previousDateSelector2' is clicked on

2018-05-18 12:03:50 - [MESSAGE][PASSED] - Object: 'Object Repository/ReportsPage/previousDateSelector2' is clicked on

2018-05-18 12:03:50 - [TEST_STEP][PASSED] - Statement - monthText = com.kms.katalon.core.webui.keyword.WebUiBuiltInKeywords.getText(com.kms.katalon.core.testobject.ObjectRepository.findTestObject(ReportsPage/monthText2)): Text of object 'Object Repository/ReportsPage/monthText2' is: 'April 2018'

2018-05-18 12:03:50 - [MESSAGE][PASSED] - Text of object 'Object Repository/ReportsPage/monthText2' is: 'April 2018'

2018-05-18 12:03:50 - [TEST_STEP][PASSED] - Statement - monthTextArray = monthText.split(" "): null

2018-05-18 12:03:50 - [TEST_STEP][PASSED] - Statement - month = monthTextArray[0]: null

2018-05-18 12:03:50 - [TEST_STEP][PASSED] - click: Object: 'Object Repository/ReportsPage/previousDateSelector2' is clicked on

2018-05-18 12:03:50 - [MESSAGE][PASSED] - Object: 'Object Repository/ReportsPage/previousDateSelector2' is clicked on

2018-05-18 12:03:50 - [TEST_STEP][PASSED] - Statement - monthText = com.kms.katalon.core.webui.keyword.WebUiBuiltInKeywords.getText(com.kms.katalon.core.testobject.ObjectRepository.findTestObject(ReportsPage/monthText2)): Text of object 'Object Repository/ReportsPage/monthText2' is: 'March 2018'

2018-05-18 12:03:50 - [MESSAGE][PASSED] - Text of object 'Object Repository/ReportsPage/monthText2' is: 'March 2018'

2018-05-18 12:03:50 - [TEST_STEP][PASSED] - Statement - monthTextArray = monthText.split(" "): null

2018-05-18 12:03:50 - [TEST_STEP][PASSED] - Statement - month = monthTextArray[0]: null

2018-05-18 12:03:50 - [TEST_STEP][PASSED] - Statement - endDate = CustomKeywords.projectSpecific.Reusability.getTestData("ReportsPage", "EndDate"): projectSpecific.Reusability.getTestData is PASSED

2018-05-18 12:03:50 - [MESSAGE][PASSED] - projectSpecific.Reusability.getTestData is PASSED

2018-05-18 12:03:50 - [TEST_STEP][PASSED] - Statement - toDate = "(//td[text()='" + endDate + "'])[2]": null

2018-05-18 12:03:50 - [TEST_STEP][PASSED] - Statement - println(toDate): null

2018-05-18 12:03:50 - [TEST_STEP][PASSED] - Statement - toDateEle = driver.findElement(org.openqa.selenium.By.xpath(toDate)): null

2018-05-18 12:03:50 - [TEST_STEP][PASSED] - Statement - toDateEle.click(): null

2018-05-18 12:03:50 - [TEST_STEP][PASSED] - delay: Delayed 5 second(s)

2018-05-18 12:03:55 - [MESSAGE][PASSED] - Delayed 5 second(s)

2018-05-18 12:03:55 - [TEST_STEP][PASSED] - Statement - dateAttr = com.kms.katalon.core.webui.keyword.WebUiBuiltInKeywords.getAttribute(com.kms.katalon.core.testobject.ObjectRepository.findTestObject(ReportsPage/selectedDate1), "value"): Attribute 'value' of object 'Object Repository/ReportsPage/selectedDate1' is: '03/14/2018'

2018-05-18 12:03:55 - [MESSAGE][PASSED] - Attribute 'value' of object 'Object Repository/ReportsPage/selectedDate1' is: '03/14/2018'

2018-05-18 12:03:55 - [TEST_STEP][PASSED] - Statement - fromDateValue = CustomKeywords.projectSpecific.Reusability.getTestData("ReportsPage", "toDate"): projectSpecific.Reusability.getTestData is PASSED

2018-05-18 12:03:55 - [MESSAGE][PASSED] - projectSpecific.Reusability.getTestData is PASSED

2018-05-18 12:03:55 - [TEST_STEP][PASSED] - Statement - If (!(dateAttr.equals(fromDateValue))): null

2018-05-18 12:03:55 - [TEST_STEP][PASSED] - Statement - dateAttr = com.kms.katalon.core.webui.keyword.WebUiBuiltInKeywords.getAttribute(com.kms.katalon.core.testobject.ObjectRepository.findTestObject(ReportsPage/selectedDate2), "value"): Attribute 'value' of object 'Object Repository/ReportsPage/selectedDate2' is: '03/14/2018'

2018-05-18 12:03:55 - [MESSAGE][PASSED] - Attribute 'value' of object 'Object Repository/ReportsPage/selectedDate2' is: '03/14/2018'

2018-05-18 12:03:55 - [TEST_STEP][PASSED] - Statement - toDateValue = CustomKeywords.projectSpecific.Reusability.getTestData("ReportsPage", "toDate"): projectSpecific.Reusability.getTestData is PASSED

2018-05-18 12:03:55 - [MESSAGE][PASSED] - projectSpecific.Reusability.getTestData is PASSED

2018-05-18 12:03:55 - [TEST_STEP][PASSED] - Statement - If (!(dateAttr.equals(toDateValue))): null

2018-05-18 12:03:55 - [TEST_STEP][PASSED] - click: Object: 'Object Repository/ReportsPage/generateReport' is clicked on

2018-05-18 12:03:55 - [MESSAGE][PASSED] - Object: 'Object Repository/ReportsPage/generateReport' is clicked on

2018-05-18 12:03:55 - [TEST_STEP][PASSED] - delay: Delayed 5 second(s)

2018-05-18 12:04:00 - [MESSAGE][PASSED] - Delayed 5 second(s)

2018-05-18 12:04:00 - [TEST_STEP][PASSED] - Statement - printTime = CustomKeywords.uiaction.CommonUIActions.getText(com.kms.katalon.core.testobject.ObjectRepository.findTestObject(SummarizedReportPage/printTime)): uiaction.CommonUIActions.getText is PASSED

2018-05-18 12:04:21 - [MESSAGE][PASSED] - uiaction.CommonUIActions.getText is PASSED

2018-05-18 12:04:21 - [TEST_STEP][PASSED] - Statement - cal = java.util.Calendar.getInstance(): null

2018-05-18 12:04:21 - [TEST_STEP][PASSED] - Statement - sdf = new java.text.SimpleDateFormat(hh:mm a): null

2018-05-18 12:04:21 - [TEST_STEP][PASSED] - Statement - currentSystemTime = sdf.format(cal.getTime()): null

2018-05-18 12:04:21 - [TEST_STEP][PASSED] - Statement - out.println(currentSystemTime): null

2018-05-18 12:04:21 - [TEST_STEP][PASSED] - Statement - If (printTime == currentSystemTime): null

2018-05-18 12:04:21 - [TEST_STEP][PASSED] - Statement - Else: Taking screenshot successfully

2018-05-18 12:04:21 - [TEST_STEP][PASSED] - Statement - If (TCflag): null

2018-05-18 12:04:21 - [TEST_STEP][PASSED] - Statement - out.println("Print Time is not displayed the current local time "): null

2018-05-18 12:04:21 - [TEST_STEP][PASSED] - takeScreenshot: Taking screenshot successfully

2018-05-18 12:04:22 - [MESSAGE][PASSED] - Taking screenshot successfully
[[ATTACHMENT|C:\\Users\\shalinin\\Katalon Studio\\HME_Scripts\\Reports\\TestSuiteDemo\\20180518_120252\\1526625261997.png]]

2018-05-18 12:04:22 - [TEST_STEP][PASSED] - Statement - assert TCflag == true: null

2018-05-18 12:04:22 - [TEST_STEP][PASSED] - Start listener action : sampleAfterTestCase: Browser is closed

2018-05-18 12:04:22 - [TEST_STEP][PASSED] - Statement - println(testCaseContext.getTestCaseId()): null

2018-05-18 12:04:22 - [TEST_STEP][PASSED] - Statement - println(testCaseContext.getTestCaseStatus()): null

2018-05-18 12:04:22 - [TEST_STEP][PASSED] - closeBrowser: Browser is closed

2018-05-18 12:04:23 - [MESSAGE][PASSED] - Browser is closed]]></system-out>
         <system-err><![CDATA[2018-05-18 12:02:54 - [TEST_CASE][FAILED] - Test Cases/TimeZoneTC/HME-Account_Setting-Timezone-04: Test Cases/TimeZoneTC/HME-Account_Setting-Timezone-04 FAILED because (of) org.codehaus.groovy.runtime.powerassert.PowerAssertionError: assert TCflag==true
       |     |
       false false]]></system-err>
      </testcase>
      <testcase name="Test Cases/TimeZoneTC/HME-Account_Setting-Timezone-05" classname="Test Cases/TimeZoneTC/HME-Account_Setting-Timezone-05" status="FAILED">
         <failure type="FAILED" message="org.codehaus.groovy.runtime.powerassert.PowerAssertionError: assert TCflag==true
       |     |
       false false"/>
         <system-out><![CDATA[2018-05-18 12:04:23 - [TEST_CASE][FAILED] - Test Cases/TimeZoneTC/HME-Account_Setting-Timezone-05: Test Cases/TimeZoneTC/HME-Account_Setting-Timezone-05 FAILED because (of) org.codehaus.groovy.runtime.powerassert.PowerAssertionError: assert TCflag==true
       |     |
       false false

2018-05-18 12:04:23 - [TEST_STEP][PASSED] - Start listener action : sampleBeforeTestCase: uiaction.CommonUIActions.deleteAllCookies is PASSED

2018-05-18 12:04:23 - [TEST_STEP][PASSED] - openBrowser: Browser is opened with url: ''

2018-05-18 12:04:25 - [MESSAGE][PASSED] - Browser is opened with url: ''

2018-05-18 12:04:25 - [TEST_STEP][PASSED] - maximizeWindow: Current window maximized

2018-05-18 12:04:26 - [MESSAGE][PASSED] - Current window maximized

2018-05-18 12:04:26 - [TEST_STEP][PASSED] - uiaction.CommonUIActions.deleteAllCookies: uiaction.CommonUIActions.deleteAllCookies is PASSED

2018-05-18 12:04:27 - [MESSAGE][PASSED] - Delete all cookies successfully

2018-05-18 12:04:27 - [MESSAGE][PASSED] - uiaction.CommonUIActions.deleteAllCookies is PASSED

2018-05-18 12:04:27 - [TEST_STEP][PASSED] - Statement - TCflag = true: null

2018-05-18 12:04:27 - [TEST_STEP][PASSED] - Statement - Try: Taking screenshot successfully

2018-05-18 12:04:27 - [TEST_STEP][PASSED] - navigateToUrl: Navigate to 'https://hme-dev-public-cloud-app.azurewebsites.net/' successfully

2018-05-18 12:04:30 - [MESSAGE][PASSED] - Navigate to 'https://hme-dev-public-cloud-app.azurewebsites.net/' successfully

2018-05-18 12:04:30 - [TEST_STEP][PASSED] - projectSpecific.Reusability.login: projectSpecific.Reusability.login is PASSED

2018-05-18 12:04:30 - [MESSAGE][PASSED] - projectSpecific.Reusability.getTestData is PASSED

2018-05-18 12:04:30 - [MESSAGE][PASSED] - projectSpecific.Reusability.getTestData is PASSED

2018-05-18 12:04:30 - [MESSAGE][PASSED] - Text 'selvendrank@nousinfo.com' is set on object 'Object Repository/LoginPage/Username'

2018-05-18 12:04:30 - [MESSAGE][PASSED] - Text 'nous;123' is set on object 'Object Repository/LoginPage/Password'

2018-05-18 12:04:30 - [MESSAGE][PASSED] - Object: 'Object Repository/LoginPage/Login' is clicked on

2018-05-18 12:04:30 - [MESSAGE][PASSED] - projectSpecific.Reusability.login is PASSED

2018-05-18 12:04:30 - [TEST_STEP][PASSED] - delay: Delayed 10 second(s)

2018-05-18 12:04:40 - [MESSAGE][PASSED] - Delayed 10 second(s)

2018-05-18 12:04:40 - [TEST_STEP][PASSED] - Statement - welcomeMsg = CustomKeywords.uiaction.CommonUIActions.getText(com.kms.katalon.core.testobject.ObjectRepository.findTestObject(HomePage/welcomeMessage)): uiaction.CommonUIActions.getText is PASSED

2018-05-18 12:04:46 - [MESSAGE][PASSED] - uiaction.CommonUIActions.getText is PASSED

2018-05-18 12:04:46 - [TEST_STEP][PASSED] - Statement - expactedWelcomeMsg = CustomKeywords.projectSpecific.Reusability.getTestData("HomePage", "welcomeMessage"): projectSpecific.Reusability.getTestData is PASSED

2018-05-18 12:04:46 - [MESSAGE][PASSED] - projectSpecific.Reusability.getTestData is PASSED

2018-05-18 12:04:46 - [TEST_STEP][PASSED] - verifyMatch: Actual text 'Welcome to HME CLOUD, Selvendran!' and expected text 'Welcome to HME CLOUD, Selvendran!' are matched 

2018-05-18 12:04:46 - [MESSAGE][PASSED] - Actual text 'Welcome to HME CLOUD, Selvendran!' and expected text 'Welcome to HME CLOUD, Selvendran!' are matched 

2018-05-18 12:04:46 - [TEST_STEP][PASSED] - uiaction.CommonUIActions.click: uiaction.CommonUIActions.click is PASSED

2018-05-18 12:04:48 - [MESSAGE][PASSED] - uiaction.CommonUIActions.click is PASSED

2018-05-18 12:04:48 - [TEST_STEP][PASSED] - uiaction.CommonUIActions.click: uiaction.CommonUIActions.click is PASSED

2018-05-18 12:04:50 - [MESSAGE][PASSED] - uiaction.CommonUIActions.click is PASSED

2018-05-18 12:04:50 - [TEST_STEP][PASSED] - uiaction.CommonUIActions.click: uiaction.CommonUIActions.click is PASSED

2018-05-18 12:04:51 - [MESSAGE][PASSED] - uiaction.CommonUIActions.click is PASSED

2018-05-18 12:04:51 - [TEST_STEP][PASSED] - uiaction.CommonUIActions.click: uiaction.CommonUIActions.click is PASSED

2018-05-18 12:04:52 - [MESSAGE][PASSED] - uiaction.CommonUIActions.click is PASSED

2018-05-18 12:04:52 - [TEST_STEP][PASSED] - Statement - storeID = CustomKeywords.uiaction.CommonUIActions.getText(com.kms.katalon.core.testobject.ObjectRepository.findTestObject(StorePage/storeID)): uiaction.CommonUIActions.getText is PASSED

2018-05-18 12:04:52 - [MESSAGE][PASSED] - uiaction.CommonUIActions.getText is PASSED

2018-05-18 12:04:52 - [TEST_STEP][PASSED] - Statement - storenumber = storeID.trim(): null

2018-05-18 12:04:52 - [TEST_STEP][PASSED] - Statement - println(storenumber): null

2018-05-18 12:04:52 - [TEST_STEP][PASSED] - uiaction.CommonUIActions.click: uiaction.CommonUIActions.click is PASSED

2018-05-18 12:04:54 - [MESSAGE][PASSED] - uiaction.CommonUIActions.click is PASSED

2018-05-18 12:04:54 - [TEST_STEP][PASSED] - delay: Delayed 10 second(s)

2018-05-18 12:05:04 - [MESSAGE][PASSED] - Delayed 10 second(s)

2018-05-18 12:05:04 - [TEST_STEP][PASSED] - Statement - driver = com.kms.katalon.core.webui.driver.DriverFactory.getWebDriver(): null

2018-05-18 12:05:04 - [TEST_STEP][PASSED] - Statement - driver.findElement(org.openqa.selenium.By.xpath("//span[contains(text(),'" + storenumber.trim() + "')]")).click(): null

2018-05-18 12:05:04 - [TEST_STEP][PASSED] - delay: Delayed 5 second(s)

2018-05-18 12:05:09 - [MESSAGE][PASSED] - Delayed 5 second(s)

2018-05-18 12:05:09 - [TEST_STEP][PASSED] - click: Object: 'Object Repository/ReportsPage/timeSelection' is clicked on

2018-05-18 12:05:09 - [MESSAGE][PASSED] - Object: 'Object Repository/ReportsPage/timeSelection' is clicked on

2018-05-18 12:05:09 - [TEST_STEP][PASSED] - click: Object: 'Object Repository/ReportsPage/daypartTimeOption' is clicked on

2018-05-18 12:05:09 - [MESSAGE][PASSED] - Object: 'Object Repository/ReportsPage/daypartTimeOption' is clicked on

2018-05-18 12:05:09 - [TEST_STEP][PASSED] - click: Object: 'Object Repository/ReportsPage/summaryReportHeading' is clicked on

2018-05-18 12:05:10 - [MESSAGE][PASSED] - Object: 'Object Repository/ReportsPage/summaryReportHeading' is clicked on

2018-05-18 12:05:10 - [TEST_STEP][PASSED] - verifyElementText: Actual text and expected text of test object 'Object Repository/ReportsPage/daypartTimeOption' are matched.

2018-05-18 12:05:10 - [MESSAGE][PASSED] - projectSpecific.Reusability.getTestData is PASSED

2018-05-18 12:05:10 - [MESSAGE][PASSED] - Actual text and expected text of test object 'Object Repository/ReportsPage/daypartTimeOption' are matched.

2018-05-18 12:05:10 - [TEST_STEP][PASSED] - verifyElementText: Actual text and expected text of test object 'Object Repository/ReportsPage/criteriaTimeMeasureFordaypart' are matched.

2018-05-18 12:05:10 - [MESSAGE][PASSED] - projectSpecific.Reusability.getTestData is PASSED

2018-05-18 12:05:10 - [MESSAGE][PASSED] - Actual text and expected text of test object 'Object Repository/ReportsPage/criteriaTimeMeasureFordaypart' are matched.

2018-05-18 12:05:10 - [TEST_STEP][PASSED] - delay: Delayed 5 second(s)

2018-05-18 12:05:15 - [MESSAGE][PASSED] - Delayed 5 second(s)

2018-05-18 12:05:15 - [TEST_STEP][PASSED] - click: Object: 'Object Repository/ReportsPage/fromDateSelector' is clicked on

2018-05-18 12:05:15 - [MESSAGE][PASSED] - Object: 'Object Repository/ReportsPage/fromDateSelector' is clicked on

2018-05-18 12:05:15 - [TEST_STEP][PASSED] - delay: Delayed 5 second(s)

2018-05-18 12:05:20 - [MESSAGE][PASSED] - Delayed 5 second(s)

2018-05-18 12:05:20 - [TEST_STEP][PASSED] - Statement - monthText = com.kms.katalon.core.webui.keyword.WebUiBuiltInKeywords.getText(com.kms.katalon.core.testobject.ObjectRepository.findTestObject(ReportsPage/monthText)): Text of object 'Object Repository/ReportsPage/monthText' is: 'May 2018'

2018-05-18 12:05:20 - [MESSAGE][PASSED] - Text of object 'Object Repository/ReportsPage/monthText' is: 'May 2018'

2018-05-18 12:05:20 - [TEST_STEP][PASSED] - Statement - monthTextArray = monthText.split(" "): null

2018-05-18 12:05:20 - [TEST_STEP][PASSED] - Statement - month = monthTextArray[0]: null

2018-05-18 12:05:20 - [TEST_STEP][PASSED] - Statement - monthTextValue = CustomKeywords.projectSpecific.Reusability.getTestData("ReportsPage", "Month"): projectSpecific.Reusability.getTestData is PASSED

2018-05-18 12:05:20 - [MESSAGE][PASSED] - projectSpecific.Reusability.getTestData is PASSED

2018-05-18 12:05:20 - [TEST_STEP][PASSED] - Statement - If (!(monthTextValue.equals(month))): null

2018-05-18 12:05:20 - [TEST_STEP][PASSED] - Statement - While (!(monthTextValue.equals(month))): null

2018-05-18 12:05:20 - [TEST_STEP][PASSED] - click: Object: 'Object Repository/ReportsPage/previousDateSelector' is clicked on

2018-05-18 12:05:20 - [MESSAGE][PASSED] - Object: 'Object Repository/ReportsPage/previousDateSelector' is clicked on

2018-05-18 12:05:20 - [TEST_STEP][PASSED] - Statement - monthText = com.kms.katalon.core.webui.keyword.WebUiBuiltInKeywords.getText(com.kms.katalon.core.testobject.ObjectRepository.findTestObject(ReportsPage/monthText)): Text of object 'Object Repository/ReportsPage/monthText' is: 'April 2018'

2018-05-18 12:05:20 - [MESSAGE][PASSED] - Text of object 'Object Repository/ReportsPage/monthText' is: 'April 2018'

2018-05-18 12:05:20 - [TEST_STEP][PASSED] - Statement - monthTextArray = monthText.split(" "): null

2018-05-18 12:05:20 - [TEST_STEP][PASSED] - Statement - month = monthTextArray[0]: null

2018-05-18 12:05:20 - [TEST_STEP][PASSED] - click: Object: 'Object Repository/ReportsPage/previousDateSelector' is clicked on

2018-05-18 12:05:20 - [MESSAGE][PASSED] - Object: 'Object Repository/ReportsPage/previousDateSelector' is clicked on

2018-05-18 12:05:20 - [TEST_STEP][PASSED] - Statement - monthText = com.kms.katalon.core.webui.keyword.WebUiBuiltInKeywords.getText(com.kms.katalon.core.testobject.ObjectRepository.findTestObject(ReportsPage/monthText)): Text of object 'Object Repository/ReportsPage/monthText' is: 'March 2018'

2018-05-18 12:05:20 - [MESSAGE][PASSED] - Text of object 'Object Repository/ReportsPage/monthText' is: 'March 2018'

2018-05-18 12:05:20 - [TEST_STEP][PASSED] - Statement - monthTextArray = monthText.split(" "): null

2018-05-18 12:05:20 - [TEST_STEP][PASSED] - Statement - month = monthTextArray[0]: null

2018-05-18 12:05:20 - [TEST_STEP][PASSED] - Statement - data = CustomKeywords.projectSpecific.Reusability.getTestData("ReportsPage", "StartDate_March3"): projectSpecific.Reusability.getTestData is PASSED

2018-05-18 12:05:20 - [MESSAGE][PASSED] - projectSpecific.Reusability.getTestData is PASSED

2018-05-18 12:05:20 - [TEST_STEP][PASSED] - Statement - startDate = "(//td[text()='" + data + "'])[1]": null

2018-05-18 12:05:20 - [TEST_STEP][PASSED] - Statement - println(startDate): null

2018-05-18 12:05:20 - [TEST_STEP][PASSED] - Statement - startdateEle = driver.findElement(org.openqa.selenium.By.xpath(startDate)): null

2018-05-18 12:05:20 - [TEST_STEP][PASSED] - Statement - startdateEle.click(): null

2018-05-18 12:05:20 - [TEST_STEP][PASSED] - delay: Delayed 5 second(s)

2018-05-18 12:05:25 - [MESSAGE][PASSED] - Delayed 5 second(s)

2018-05-18 12:05:25 - [TEST_STEP][PASSED] - click: Object: 'Object Repository/ReportsPage/toDateSelector' is clicked on

2018-05-18 12:05:25 - [MESSAGE][PASSED] - Object: 'Object Repository/ReportsPage/toDateSelector' is clicked on

2018-05-18 12:05:25 - [TEST_STEP][PASSED] - Statement - monthText = com.kms.katalon.core.webui.keyword.WebUiBuiltInKeywords.getText(com.kms.katalon.core.testobject.ObjectRepository.findTestObject(ReportsPage/monthText2)): Text of object 'Object Repository/ReportsPage/monthText2' is: 'May 2018'

2018-05-18 12:05:25 - [MESSAGE][PASSED] - Text of object 'Object Repository/ReportsPage/monthText2' is: 'May 2018'

2018-05-18 12:05:25 - [TEST_STEP][PASSED] - Statement - monthTextArray = monthText.split(" "): null

2018-05-18 12:05:25 - [TEST_STEP][PASSED] - Statement - month = monthTextArray[0]: null

2018-05-18 12:05:25 - [TEST_STEP][PASSED] - Statement - monthTextValue1 = CustomKeywords.projectSpecific.Reusability.getTestData("ReportsPage", "Month"): projectSpecific.Reusability.getTestData is PASSED

2018-05-18 12:05:25 - [MESSAGE][PASSED] - projectSpecific.Reusability.getTestData is PASSED

2018-05-18 12:05:25 - [TEST_STEP][PASSED] - Statement - If (!(monthTextValue1.equals(month))): null

2018-05-18 12:05:25 - [TEST_STEP][PASSED] - Statement - While (!(monthTextValue1.equals(month))): null

2018-05-18 12:05:25 - [TEST_STEP][PASSED] - click: Object: 'Object Repository/ReportsPage/previousDateSelector2' is clicked on

2018-05-18 12:05:26 - [MESSAGE][PASSED] - Object: 'Object Repository/ReportsPage/previousDateSelector2' is clicked on

2018-05-18 12:05:26 - [TEST_STEP][PASSED] - Statement - monthText = com.kms.katalon.core.webui.keyword.WebUiBuiltInKeywords.getText(com.kms.katalon.core.testobject.ObjectRepository.findTestObject(ReportsPage/monthText2)): Text of object 'Object Repository/ReportsPage/monthText2' is: 'April 2018'

2018-05-18 12:05:26 - [MESSAGE][PASSED] - Text of object 'Object Repository/ReportsPage/monthText2' is: 'April 2018'

2018-05-18 12:05:26 - [TEST_STEP][PASSED] - Statement - monthTextArray = monthText.split(" "): null

2018-05-18 12:05:26 - [TEST_STEP][PASSED] - Statement - month = monthTextArray[0]: null

2018-05-18 12:05:26 - [TEST_STEP][PASSED] - click: Object: 'Object Repository/ReportsPage/previousDateSelector2' is clicked on

2018-05-18 12:05:26 - [MESSAGE][PASSED] - Object: 'Object Repository/ReportsPage/previousDateSelector2' is clicked on

2018-05-18 12:05:26 - [TEST_STEP][PASSED] - Statement - monthText = com.kms.katalon.core.webui.keyword.WebUiBuiltInKeywords.getText(com.kms.katalon.core.testobject.ObjectRepository.findTestObject(ReportsPage/monthText2)): Text of object 'Object Repository/ReportsPage/monthText2' is: 'March 2018'

2018-05-18 12:05:26 - [MESSAGE][PASSED] - Text of object 'Object Repository/ReportsPage/monthText2' is: 'March 2018'

2018-05-18 12:05:26 - [TEST_STEP][PASSED] - Statement - monthTextArray = monthText.split(" "): null

2018-05-18 12:05:26 - [TEST_STEP][PASSED] - Statement - month = monthTextArray[0]: null

2018-05-18 12:05:26 - [TEST_STEP][PASSED] - Statement - endDate = CustomKeywords.projectSpecific.Reusability.getTestData("ReportsPage", "EndDate_March3"): projectSpecific.Reusability.getTestData is PASSED

2018-05-18 12:05:26 - [MESSAGE][PASSED] - projectSpecific.Reusability.getTestData is PASSED

2018-05-18 12:05:26 - [TEST_STEP][PASSED] - Statement - toDate = "(//td[text()='" + endDate + "'])[2]": null

2018-05-18 12:05:26 - [TEST_STEP][PASSED] - Statement - println(toDate): null

2018-05-18 12:05:26 - [TEST_STEP][PASSED] - Statement - toDateEle = driver.findElement(org.openqa.selenium.By.xpath(toDate)): null

2018-05-18 12:05:26 - [TEST_STEP][PASSED] - Statement - toDateEle.click(): null

2018-05-18 12:05:26 - [TEST_STEP][PASSED] - delay: Delayed 5 second(s)

2018-05-18 12:05:31 - [MESSAGE][PASSED] - Delayed 5 second(s)

2018-05-18 12:05:31 - [TEST_STEP][PASSED] - Statement - dateAttr = com.kms.katalon.core.webui.keyword.WebUiBuiltInKeywords.getAttribute(com.kms.katalon.core.testobject.ObjectRepository.findTestObject(ReportsPage/selectedDate1), "value"): Attribute 'value' of object 'Object Repository/ReportsPage/selectedDate1' is: '03/15/2018'

2018-05-18 12:05:31 - [MESSAGE][PASSED] - Attribute 'value' of object 'Object Repository/ReportsPage/selectedDate1' is: '03/15/2018'

2018-05-18 12:05:31 - [TEST_STEP][PASSED] - Statement - fromDateValue = CustomKeywords.projectSpecific.Reusability.getTestData("ReportsPage", "fromDate_March3"): projectSpecific.Reusability.getTestData is PASSED

2018-05-18 12:05:31 - [MESSAGE][PASSED] - projectSpecific.Reusability.getTestData is PASSED

2018-05-18 12:05:31 - [TEST_STEP][PASSED] - Statement - If (!(dateAttr.equals(fromDateValue))): null

2018-05-18 12:05:31 - [TEST_STEP][PASSED] - Statement - dateAttr = com.kms.katalon.core.webui.keyword.WebUiBuiltInKeywords.getAttribute(com.kms.katalon.core.testobject.ObjectRepository.findTestObject(ReportsPage/selectedDate2), "value"): Attribute 'value' of object 'Object Repository/ReportsPage/selectedDate2' is: '03/17/2018'

2018-05-18 12:05:31 - [MESSAGE][PASSED] - Attribute 'value' of object 'Object Repository/ReportsPage/selectedDate2' is: '03/17/2018'

2018-05-18 12:05:31 - [TEST_STEP][PASSED] - Statement - toDateValue = CustomKeywords.projectSpecific.Reusability.getTestData("ReportsPage", "toDate_March3"): projectSpecific.Reusability.getTestData is PASSED

2018-05-18 12:05:31 - [MESSAGE][PASSED] - projectSpecific.Reusability.getTestData is PASSED

2018-05-18 12:05:31 - [TEST_STEP][PASSED] - Statement - If (!(dateAttr.equals(toDateValue))): null

2018-05-18 12:05:31 - [TEST_STEP][PASSED] - click: Object: 'Object Repository/ReportsPage/generateReport' is clicked on

2018-05-18 12:05:31 - [MESSAGE][PASSED] - Object: 'Object Repository/ReportsPage/generateReport' is clicked on

2018-05-18 12:05:31 - [TEST_STEP][PASSED] - delay: Delayed 5 second(s)

2018-05-18 12:05:36 - [MESSAGE][PASSED] - Delayed 5 second(s)

2018-05-18 12:05:36 - [TEST_STEP][PASSED] - Statement - printTime = CustomKeywords.uiaction.CommonUIActions.getText(com.kms.katalon.core.testobject.ObjectRepository.findTestObject(SummarizedReportPage/printTime)): uiaction.CommonUIActions.getText is PASSED

2018-05-18 12:05:57 - [MESSAGE][PASSED] - uiaction.CommonUIActions.getText is PASSED

2018-05-18 12:05:57 - [TEST_STEP][PASSED] - Statement - cal = java.util.Calendar.getInstance(): null

2018-05-18 12:05:57 - [TEST_STEP][PASSED] - Statement - sdf = new java.text.SimpleDateFormat(hh:mm a): null

2018-05-18 12:05:57 - [TEST_STEP][PASSED] - Statement - currentSystemTime = sdf.format(cal.getTime()): null

2018-05-18 12:05:57 - [TEST_STEP][PASSED] - Statement - out.println(currentSystemTime): null

2018-05-18 12:05:57 - [TEST_STEP][PASSED] - Statement - If (printTime == currentSystemTime): null

2018-05-18 12:05:57 - [TEST_STEP][PASSED] - Statement - Else: Taking screenshot successfully

2018-05-18 12:05:57 - [TEST_STEP][PASSED] - Statement - If (TCflag): null

2018-05-18 12:05:57 - [TEST_STEP][PASSED] - Statement - out.println("Print Time is not displayed the current local time "): null

2018-05-18 12:05:57 - [TEST_STEP][PASSED] - takeScreenshot: Taking screenshot successfully

2018-05-18 12:05:57 - [MESSAGE][PASSED] - Taking screenshot successfully
[[ATTACHMENT|C:\\Users\\shalinin\\Katalon Studio\\HME_Scripts\\Reports\\TestSuiteDemo\\20180518_120252\\1526625357451.png]]

2018-05-18 12:05:57 - [TEST_STEP][PASSED] - Statement - assert TCflag == true: null

2018-05-18 12:05:57 - [TEST_STEP][PASSED] - Start listener action : sampleAfterTestCase: Browser is closed

2018-05-18 12:05:57 - [TEST_STEP][PASSED] - Statement - println(testCaseContext.getTestCaseId()): null

2018-05-18 12:05:57 - [TEST_STEP][PASSED] - Statement - println(testCaseContext.getTestCaseStatus()): null

2018-05-18 12:05:57 - [TEST_STEP][PASSED] - closeBrowser: Browser is closed

2018-05-18 12:05:58 - [MESSAGE][PASSED] - Browser is closed]]></system-out>
         <system-err><![CDATA[2018-05-18 12:04:23 - [TEST_CASE][FAILED] - Test Cases/TimeZoneTC/HME-Account_Setting-Timezone-05: Test Cases/TimeZoneTC/HME-Account_Setting-Timezone-05 FAILED because (of) org.codehaus.groovy.runtime.powerassert.PowerAssertionError: assert TCflag==true
       |     |
       false false]]></system-err>
      </testcase>
      <testcase name="Test Cases/TimeZoneTC/HME-Account_Setting-Timezone-06" classname="Test Cases/TimeZoneTC/HME-Account_Setting-Timezone-06" status="PASSED">
         <system-out><![CDATA[2018-05-18 12:05:58 - [TEST_CASE][PASSED] - Test Cases/TimeZoneTC/HME-Account_Setting-Timezone-06: Browser is closed

2018-05-18 12:05:58 - [TEST_STEP][PASSED] - Start listener action : sampleBeforeTestCase: uiaction.CommonUIActions.deleteAllCookies is PASSED

2018-05-18 12:05:58 - [TEST_STEP][PASSED] - openBrowser: Browser is opened with url: ''

2018-05-18 12:06:00 - [MESSAGE][PASSED] - Browser is opened with url: ''

2018-05-18 12:06:00 - [TEST_STEP][PASSED] - maximizeWindow: Current window maximized

2018-05-18 12:06:02 - [MESSAGE][PASSED] - Current window maximized

2018-05-18 12:06:02 - [TEST_STEP][PASSED] - uiaction.CommonUIActions.deleteAllCookies: uiaction.CommonUIActions.deleteAllCookies is PASSED

2018-05-18 12:06:02 - [MESSAGE][PASSED] - Delete all cookies successfully

2018-05-18 12:06:02 - [MESSAGE][PASSED] - uiaction.CommonUIActions.deleteAllCookies is PASSED

2018-05-18 12:06:02 - [TEST_STEP][PASSED] - Statement - TCflag = true: null

2018-05-18 12:06:02 - [TEST_STEP][PASSED] - Statement - Try: null

2018-05-18 12:06:02 - [TEST_STEP][PASSED] - navigateToUrl: Navigate to 'https://hme-dev-public-cloud-app.azurewebsites.net/' successfully

2018-05-18 12:06:05 - [MESSAGE][PASSED] - Navigate to 'https://hme-dev-public-cloud-app.azurewebsites.net/' successfully

2018-05-18 12:06:05 - [TEST_STEP][PASSED] - projectSpecific.Reusability.login: projectSpecific.Reusability.login is PASSED

2018-05-18 12:06:05 - [MESSAGE][PASSED] - projectSpecific.Reusability.getTestData is PASSED

2018-05-18 12:06:05 - [MESSAGE][PASSED] - projectSpecific.Reusability.getTestData is PASSED

2018-05-18 12:06:05 - [MESSAGE][PASSED] - Text 'selvendrank@nousinfo.com' is set on object 'Object Repository/LoginPage/Username'

2018-05-18 12:06:05 - [MESSAGE][PASSED] - Text 'nous;123' is set on object 'Object Repository/LoginPage/Password'

2018-05-18 12:06:05 - [MESSAGE][PASSED] - Object: 'Object Repository/LoginPage/Login' is clicked on

2018-05-18 12:06:05 - [MESSAGE][PASSED] - projectSpecific.Reusability.login is PASSED

2018-05-18 12:06:05 - [TEST_STEP][PASSED] - delay: Delayed 10 second(s)

2018-05-18 12:06:15 - [MESSAGE][PASSED] - Delayed 10 second(s)

2018-05-18 12:06:15 - [TEST_STEP][PASSED] - Statement - welcomeMsg = CustomKeywords.uiaction.CommonUIActions.getText(com.kms.katalon.core.testobject.ObjectRepository.findTestObject(HomePage/welcomeMessage)): uiaction.CommonUIActions.getText is PASSED

2018-05-18 12:06:25 - [MESSAGE][PASSED] - uiaction.CommonUIActions.getText is PASSED

2018-05-18 12:06:25 - [TEST_STEP][PASSED] - Statement - expactedWelcomeMsg = CustomKeywords.projectSpecific.Reusability.getTestData("HomePage", "welcomeMessage"): projectSpecific.Reusability.getTestData is PASSED

2018-05-18 12:06:25 - [MESSAGE][PASSED] - projectSpecific.Reusability.getTestData is PASSED

2018-05-18 12:06:25 - [TEST_STEP][PASSED] - verifyMatch: Actual text 'Welcome to HME CLOUD, Selvendran!' and expected text 'Welcome to HME CLOUD, Selvendran!' are matched 

2018-05-18 12:06:25 - [MESSAGE][PASSED] - Actual text 'Welcome to HME CLOUD, Selvendran!' and expected text 'Welcome to HME CLOUD, Selvendran!' are matched 

2018-05-18 12:06:25 - [TEST_STEP][PASSED] - uiaction.CommonUIActions.click: uiaction.CommonUIActions.click is PASSED

2018-05-18 12:06:34 - [MESSAGE][PASSED] - uiaction.CommonUIActions.click is PASSED

2018-05-18 12:06:34 - [TEST_STEP][PASSED] - uiaction.CommonUIActions.click: uiaction.CommonUIActions.click is PASSED

2018-05-18 12:06:41 - [MESSAGE][PASSED] - uiaction.CommonUIActions.click is PASSED

2018-05-18 12:06:41 - [TEST_STEP][PASSED] - uiaction.CommonUIActions.click: uiaction.CommonUIActions.click is PASSED

2018-05-18 12:06:46 - [MESSAGE][PASSED] - uiaction.CommonUIActions.click is PASSED

2018-05-18 12:06:46 - [TEST_STEP][PASSED] - uiaction.CommonUIActions.click: uiaction.CommonUIActions.click is PASSED

2018-05-18 12:06:52 - [MESSAGE][PASSED] - uiaction.CommonUIActions.click is PASSED

2018-05-18 12:06:52 - [TEST_STEP][PASSED] - Statement - storeID = CustomKeywords.uiaction.CommonUIActions.getText(com.kms.katalon.core.testobject.ObjectRepository.findTestObject(StorePage/storeID)): uiaction.CommonUIActions.getText is PASSED

2018-05-18 12:06:52 - [MESSAGE][PASSED] - uiaction.CommonUIActions.getText is PASSED

2018-05-18 12:06:52 - [TEST_STEP][PASSED] - Statement - storenumber = storeID.trim(): null

2018-05-18 12:06:52 - [TEST_STEP][PASSED] - Statement - println(storenumber): null

2018-05-18 12:06:52 - [TEST_STEP][PASSED] - uiaction.CommonUIActions.click: uiaction.CommonUIActions.click is PASSED

2018-05-18 12:06:59 - [MESSAGE][PASSED] - uiaction.CommonUIActions.click is PASSED

2018-05-18 12:06:59 - [TEST_STEP][PASSED] - delay: Delayed 10 second(s)

2018-05-18 12:07:09 - [MESSAGE][PASSED] - Delayed 10 second(s)

2018-05-18 12:07:09 - [TEST_STEP][PASSED] - Statement - driver = com.kms.katalon.core.webui.driver.DriverFactory.getWebDriver(): null

2018-05-18 12:07:09 - [TEST_STEP][PASSED] - Statement - driver.findElement(org.openqa.selenium.By.xpath("//span[contains(text(),'" + storenumber.trim() + "')]")).click(): null

2018-05-18 12:07:14 - [TEST_STEP][PASSED] - delay: Delayed 5 second(s)

2018-05-18 12:07:19 - [MESSAGE][PASSED] - Delayed 5 second(s)

2018-05-18 12:07:19 - [TEST_STEP][PASSED] - click: Object: 'Object Repository/ReportsPage/timeSelection' is clicked on

2018-05-18 12:07:24 - [MESSAGE][PASSED] - Object: 'Object Repository/ReportsPage/timeSelection' is clicked on

2018-05-18 12:07:24 - [TEST_STEP][PASSED] - click: Object: 'Object Repository/ReportsPage/weekTimeOption' is clicked on

2018-05-18 12:07:24 - [MESSAGE][PASSED] - Object: 'Object Repository/ReportsPage/weekTimeOption' is clicked on

2018-05-18 12:07:24 - [TEST_STEP][PASSED] - click: Object: 'Object Repository/ReportsPage/summaryReportHeading' is clicked on

2018-05-18 12:07:29 - [MESSAGE][PASSED] - Object: 'Object Repository/ReportsPage/summaryReportHeading' is clicked on

2018-05-18 12:07:29 - [TEST_STEP][PASSED] - verifyElementText: Actual text and expected text of test object 'Object Repository/ReportsPage/weekTimeOption' are matched.

2018-05-18 12:07:29 - [MESSAGE][PASSED] - projectSpecific.Reusability.getTestData is PASSED

2018-05-18 12:07:29 - [MESSAGE][PASSED] - Actual text and expected text of test object 'Object Repository/ReportsPage/weekTimeOption' are matched.

2018-05-18 12:07:29 - [TEST_STEP][PASSED] - verifyElementText: Actual text and expected text of test object 'Object Repository/ReportsPage/criteriaTimeMeasure' are matched.

2018-05-18 12:07:29 - [MESSAGE][PASSED] - projectSpecific.Reusability.getTestData is PASSED

2018-05-18 12:07:29 - [MESSAGE][PASSED] - Actual text and expected text of test object 'Object Repository/ReportsPage/criteriaTimeMeasure' are matched.

2018-05-18 12:07:29 - [TEST_STEP][PASSED] - delay: Delayed 5 second(s)

2018-05-18 12:07:34 - [MESSAGE][PASSED] - Delayed 5 second(s)

2018-05-18 12:07:34 - [TEST_STEP][PASSED] - click: Object: 'Object Repository/ReportsPage/fromDateSelector' is clicked on

2018-05-18 12:07:40 - [MESSAGE][PASSED] - Object: 'Object Repository/ReportsPage/fromDateSelector' is clicked on

2018-05-18 12:07:40 - [TEST_STEP][PASSED] - delay: Delayed 5 second(s)

2018-05-18 12:07:45 - [MESSAGE][PASSED] - Delayed 5 second(s)

2018-05-18 12:07:45 - [TEST_STEP][PASSED] - Statement - monthText = com.kms.katalon.core.webui.keyword.WebUiBuiltInKeywords.getText(com.kms.katalon.core.testobject.ObjectRepository.findTestObject(ReportsPage/monthText)): Text of object 'Object Repository/ReportsPage/monthText' is: 'May 2018'

2018-05-18 12:07:45 - [MESSAGE][PASSED] - Text of object 'Object Repository/ReportsPage/monthText' is: 'May 2018'

2018-05-18 12:07:45 - [TEST_STEP][PASSED] - Statement - monthTextArray = monthText.split(" "): null

2018-05-18 12:07:45 - [TEST_STEP][PASSED] - Statement - month = monthTextArray[0]: null

2018-05-18 12:07:45 - [TEST_STEP][PASSED] - Statement - monthTextValue = CustomKeywords.projectSpecific.Reusability.getTestData("ReportsPage", "Month"): projectSpecific.Reusability.getTestData is PASSED

2018-05-18 12:07:45 - [MESSAGE][PASSED] - projectSpecific.Reusability.getTestData is PASSED

2018-05-18 12:07:45 - [TEST_STEP][PASSED] - Statement - If (!(monthTextValue.equals(month))): null

2018-05-18 12:07:45 - [TEST_STEP][PASSED] - Statement - While (!(monthTextValue.equals(month))): null

2018-05-18 12:07:45 - [TEST_STEP][PASSED] - click: Object: 'Object Repository/ReportsPage/previousDateSelector' is clicked on

2018-05-18 12:07:50 - [MESSAGE][PASSED] - Object: 'Object Repository/ReportsPage/previousDateSelector' is clicked on

2018-05-18 12:07:50 - [TEST_STEP][PASSED] - Statement - monthText = com.kms.katalon.core.webui.keyword.WebUiBuiltInKeywords.getText(com.kms.katalon.core.testobject.ObjectRepository.findTestObject(ReportsPage/monthText)): Text of object 'Object Repository/ReportsPage/monthText' is: 'April 2018'

2018-05-18 12:07:50 - [MESSAGE][PASSED] - Text of object 'Object Repository/ReportsPage/monthText' is: 'April 2018'

2018-05-18 12:07:50 - [TEST_STEP][PASSED] - Statement - monthTextArray = monthText.split(" "): null

2018-05-18 12:07:50 - [TEST_STEP][PASSED] - Statement - month = monthTextArray[0]: null

2018-05-18 12:07:50 - [TEST_STEP][PASSED] - click: Object: 'Object Repository/ReportsPage/previousDateSelector' is clicked on

2018-05-18 12:07:55 - [MESSAGE][PASSED] - Object: 'Object Repository/ReportsPage/previousDateSelector' is clicked on

2018-05-18 12:07:55 - [TEST_STEP][PASSED] - Statement - monthText = com.kms.katalon.core.webui.keyword.WebUiBuiltInKeywords.getText(com.kms.katalon.core.testobject.ObjectRepository.findTestObject(ReportsPage/monthText)): Text of object 'Object Repository/ReportsPage/monthText' is: 'March 2018'

2018-05-18 12:07:55 - [MESSAGE][PASSED] - Text of object 'Object Repository/ReportsPage/monthText' is: 'March 2018'

2018-05-18 12:07:55 - [TEST_STEP][PASSED] - Statement - monthTextArray = monthText.split(" "): null

2018-05-18 12:07:55 - [TEST_STEP][PASSED] - Statement - month = monthTextArray[0]: null

2018-05-18 12:07:55 - [TEST_STEP][PASSED] - Statement - data = CustomKeywords.projectSpecific.Reusability.getTestData("ReportsPage", "StartDate_March2"): projectSpecific.Reusability.getTestData is PASSED

2018-05-18 12:07:55 - [MESSAGE][PASSED] - projectSpecific.Reusability.getTestData is PASSED

2018-05-18 12:07:55 - [TEST_STEP][PASSED] - Statement - startDate = "(//td[text()='" + data + "'])[1]": null

2018-05-18 12:07:55 - [TEST_STEP][PASSED] - Statement - println(startDate): null

2018-05-18 12:07:55 - [TEST_STEP][PASSED] - Statement - startdateEle = driver.findElement(org.openqa.selenium.By.xpath(startDate)): null

2018-05-18 12:07:55 - [TEST_STEP][PASSED] - Statement - startdateEle.click(): null

2018-05-18 12:08:00 - [TEST_STEP][PASSED] - delay: Delayed 5 second(s)

2018-05-18 12:08:05 - [MESSAGE][PASSED] - Delayed 5 second(s)

2018-05-18 12:08:05 - [TEST_STEP][PASSED] - click: Object: 'Object Repository/ReportsPage/toDateSelector' is clicked on

2018-05-18 12:08:10 - [MESSAGE][PASSED] - Object: 'Object Repository/ReportsPage/toDateSelector' is clicked on

2018-05-18 12:08:10 - [TEST_STEP][PASSED] - Statement - monthText = com.kms.katalon.core.webui.keyword.WebUiBuiltInKeywords.getText(com.kms.katalon.core.testobject.ObjectRepository.findTestObject(ReportsPage/monthText2)): Text of object 'Object Repository/ReportsPage/monthText2' is: 'May 2018'

2018-05-18 12:08:10 - [MESSAGE][PASSED] - Text of object 'Object Repository/ReportsPage/monthText2' is: 'May 2018'

2018-05-18 12:08:10 - [TEST_STEP][PASSED] - Statement - monthTextArray = monthText.split(" "): null

2018-05-18 12:08:10 - [TEST_STEP][PASSED] - Statement - month = monthTextArray[0]: null

2018-05-18 12:08:10 - [TEST_STEP][PASSED] - Statement - monthTextValue1 = CustomKeywords.projectSpecific.Reusability.getTestData("ReportsPage", "Month"): projectSpecific.Reusability.getTestData is PASSED

2018-05-18 12:08:10 - [MESSAGE][PASSED] - projectSpecific.Reusability.getTestData is PASSED

2018-05-18 12:08:10 - [TEST_STEP][PASSED] - Statement - If (!(monthTextValue1.equals(month))): null

2018-05-18 12:08:10 - [TEST_STEP][PASSED] - Statement - While (!(monthTextValue1.equals(month))): null

2018-05-18 12:08:10 - [TEST_STEP][PASSED] - click: Object: 'Object Repository/ReportsPage/previousDateSelector2' is clicked on

2018-05-18 12:08:15 - [MESSAGE][PASSED] - Object: 'Object Repository/ReportsPage/previousDateSelector2' is clicked on

2018-05-18 12:08:15 - [TEST_STEP][PASSED] - Statement - monthText = com.kms.katalon.core.webui.keyword.WebUiBuiltInKeywords.getText(com.kms.katalon.core.testobject.ObjectRepository.findTestObject(ReportsPage/monthText2)): Text of object 'Object Repository/ReportsPage/monthText2' is: 'April 2018'

2018-05-18 12:08:15 - [MESSAGE][PASSED] - Text of object 'Object Repository/ReportsPage/monthText2' is: 'April 2018'

2018-05-18 12:08:15 - [TEST_STEP][PASSED] - Statement - monthTextArray = monthText.split(" "): null

2018-05-18 12:08:15 - [TEST_STEP][PASSED] - Statement - month = monthTextArray[0]: null

2018-05-18 12:08:15 - [TEST_STEP][PASSED] - click: Object: 'Object Repository/ReportsPage/previousDateSelector2' is clicked on

2018-05-18 12:08:20 - [MESSAGE][PASSED] - Object: 'Object Repository/ReportsPage/previousDateSelector2' is clicked on

2018-05-18 12:08:20 - [TEST_STEP][PASSED] - Statement - monthText = com.kms.katalon.core.webui.keyword.WebUiBuiltInKeywords.getText(com.kms.katalon.core.testobject.ObjectRepository.findTestObject(ReportsPage/monthText2)): Text of object 'Object Repository/ReportsPage/monthText2' is: 'March 2018'

2018-05-18 12:08:20 - [MESSAGE][PASSED] - Text of object 'Object Repository/ReportsPage/monthText2' is: 'March 2018'

2018-05-18 12:08:20 - [TEST_STEP][PASSED] - Statement - monthTextArray = monthText.split(" "): null

2018-05-18 12:08:20 - [TEST_STEP][PASSED] - Statement - month = monthTextArray[0]: null

2018-05-18 12:08:20 - [TEST_STEP][PASSED] - Statement - endDate = CustomKeywords.projectSpecific.Reusability.getTestData("ReportsPage", "EndDate_March2"): projectSpecific.Reusability.getTestData is PASSED

2018-05-18 12:08:20 - [MESSAGE][PASSED] - projectSpecific.Reusability.getTestData is PASSED

2018-05-18 12:08:20 - [TEST_STEP][PASSED] - Statement - toDate = "(//td[text()='" + endDate + "'])[2]": null

2018-05-18 12:08:20 - [TEST_STEP][PASSED] - Statement - println(toDate): null

2018-05-18 12:08:20 - [TEST_STEP][PASSED] - Statement - toDateEle = driver.findElement(org.openqa.selenium.By.xpath(toDate)): null

2018-05-18 12:08:20 - [TEST_STEP][PASSED] - Statement - toDateEle.click(): null

2018-05-18 12:08:26 - [TEST_STEP][PASSED] - delay: Delayed 5 second(s)

2018-05-18 12:08:31 - [MESSAGE][PASSED] - Delayed 5 second(s)

2018-05-18 12:08:31 - [TEST_STEP][PASSED] - Statement - dateAttr = com.kms.katalon.core.webui.keyword.WebUiBuiltInKeywords.getAttribute(com.kms.katalon.core.testobject.ObjectRepository.findTestObject(ReportsPage/selectedDate1), "value"): Attribute 'value' of object 'Object Repository/ReportsPage/selectedDate1' is: '03/13/2018'

2018-05-18 12:08:31 - [MESSAGE][PASSED] - Attribute 'value' of object 'Object Repository/ReportsPage/selectedDate1' is: '03/13/2018'

2018-05-18 12:08:31 - [TEST_STEP][PASSED] - Statement - fromDateValue = CustomKeywords.projectSpecific.Reusability.getTestData("ReportsPage", "fromDate_March2"): projectSpecific.Reusability.getTestData is PASSED

2018-05-18 12:08:31 - [MESSAGE][PASSED] - projectSpecific.Reusability.getTestData is PASSED

2018-05-18 12:08:31 - [TEST_STEP][PASSED] - Statement - If (!(dateAttr.equals(fromDateValue))): null

2018-05-18 12:08:31 - [TEST_STEP][PASSED] - Statement - dateAttr = com.kms.katalon.core.webui.keyword.WebUiBuiltInKeywords.getAttribute(com.kms.katalon.core.testobject.ObjectRepository.findTestObject(ReportsPage/selectedDate2), "value"): Attribute 'value' of object 'Object Repository/ReportsPage/selectedDate2' is: '03/16/2018'

2018-05-18 12:08:31 - [MESSAGE][PASSED] - Attribute 'value' of object 'Object Repository/ReportsPage/selectedDate2' is: '03/16/2018'

2018-05-18 12:08:31 - [TEST_STEP][PASSED] - Statement - toDateValue = CustomKeywords.projectSpecific.Reusability.getTestData("ReportsPage", "toDate_March2"): projectSpecific.Reusability.getTestData is PASSED

2018-05-18 12:08:31 - [MESSAGE][PASSED] - projectSpecific.Reusability.getTestData is PASSED

2018-05-18 12:08:31 - [TEST_STEP][PASSED] - Statement - If (!(dateAttr.equals(toDateValue))): null

2018-05-18 12:08:31 - [TEST_STEP][PASSED] - click: Object: 'Object Repository/ReportsPage/generateReport' is clicked on

2018-05-18 12:08:36 - [MESSAGE][PASSED] - Object: 'Object Repository/ReportsPage/generateReport' is clicked on

2018-05-18 12:08:36 - [TEST_STEP][PASSED] - delay: Delayed 5 second(s)

2018-05-18 12:08:41 - [MESSAGE][PASSED] - Delayed 5 second(s)

2018-05-18 12:08:41 - [TEST_STEP][PASSED] - Statement - printTime = CustomKeywords.uiaction.CommonUIActions.getText(com.kms.katalon.core.testobject.ObjectRepository.findTestObject(SummarizedReportPage/printTime)): uiaction.CommonUIActions.getText is PASSED

2018-05-18 12:09:01 - [MESSAGE][PASSED] - uiaction.CommonUIActions.getText is PASSED

2018-05-18 12:09:01 - [TEST_STEP][PASSED] - Statement - cal = java.util.Calendar.getInstance(): null

2018-05-18 12:09:01 - [TEST_STEP][PASSED] - Statement - sdf = new java.text.SimpleDateFormat(hh:mm a): null

2018-05-18 12:09:01 - [TEST_STEP][PASSED] - Statement - currentSystemTime = sdf.format(cal.getTime()): null

2018-05-18 12:09:01 - [TEST_STEP][PASSED] - Statement - out.println(currentSystemTime): null

2018-05-18 12:09:01 - [TEST_STEP][PASSED] - Statement - If (printTime == currentSystemTime): null

2018-05-18 12:09:01 - [TEST_STEP][PASSED] - Statement - out.println("Print Time is displayed the current local time "): null

2018-05-18 12:09:01 - [TEST_STEP][PASSED] - Statement - assert TCflag == true: null

2018-05-18 12:09:01 - [TEST_STEP][PASSED] - Start listener action : sampleAfterTestCase: Browser is closed

2018-05-18 12:09:01 - [TEST_STEP][PASSED] - Statement - println(testCaseContext.getTestCaseId()): null

2018-05-18 12:09:01 - [TEST_STEP][PASSED] - Statement - println(testCaseContext.getTestCaseStatus()): null

2018-05-18 12:09:01 - [TEST_STEP][PASSED] - closeBrowser: Browser is closed

2018-05-18 12:09:02 - [MESSAGE][PASSED] - Browser is closed]]></system-out>
         <system-err><![CDATA[]]></system-err>
      </testcase>
      <testcase name="Test Cases/TimeZoneTC/HME-Browser-Timezone-01" classname="Test Cases/TimeZoneTC/HME-Browser-Timezone-01" status="PASSED">
         <system-out><![CDATA[2018-05-18 12:09:02 - [TEST_CASE][PASSED] - Test Cases/TimeZoneTC/HME-Browser-Timezone-01: Browser is closed

2018-05-18 12:09:02 - [TEST_STEP][PASSED] - Start listener action : sampleBeforeTestCase: uiaction.CommonUIActions.deleteAllCookies is PASSED

2018-05-18 12:09:02 - [TEST_STEP][PASSED] - openBrowser: Browser is opened with url: ''

2018-05-18 12:09:04 - [MESSAGE][PASSED] - Browser is opened with url: ''

2018-05-18 12:09:04 - [TEST_STEP][PASSED] - maximizeWindow: Current window maximized

2018-05-18 12:09:05 - [MESSAGE][PASSED] - Current window maximized

2018-05-18 12:09:05 - [TEST_STEP][PASSED] - uiaction.CommonUIActions.deleteAllCookies: uiaction.CommonUIActions.deleteAllCookies is PASSED

2018-05-18 12:09:05 - [MESSAGE][PASSED] - Delete all cookies successfully

2018-05-18 12:09:05 - [MESSAGE][PASSED] - uiaction.CommonUIActions.deleteAllCookies is PASSED

2018-05-18 12:09:05 - [TEST_STEP][PASSED] - Statement - TCflag = true: null

2018-05-18 12:09:05 - [TEST_STEP][PASSED] - Statement - Try: null

2018-05-18 12:09:05 - [TEST_STEP][PASSED] - navigateToUrl: Navigate to 'https://hme-dev-public-cloud-app.azurewebsites.net/' successfully

2018-05-18 12:09:09 - [MESSAGE][PASSED] - Navigate to 'https://hme-dev-public-cloud-app.azurewebsites.net/' successfully

2018-05-18 12:09:09 - [TEST_STEP][PASSED] - projectSpecific.Reusability.login: projectSpecific.Reusability.login is PASSED

2018-05-18 12:09:09 - [MESSAGE][PASSED] - projectSpecific.Reusability.getTestData is PASSED

2018-05-18 12:09:09 - [MESSAGE][PASSED] - projectSpecific.Reusability.getTestData is PASSED

2018-05-18 12:09:09 - [MESSAGE][PASSED] - Text 'selvendrank@nousinfo.com' is set on object 'Object Repository/LoginPage/Username'

2018-05-18 12:09:09 - [MESSAGE][PASSED] - Text 'nous;123' is set on object 'Object Repository/LoginPage/Password'

2018-05-18 12:09:09 - [MESSAGE][PASSED] - Object: 'Object Repository/LoginPage/Login' is clicked on

2018-05-18 12:09:09 - [MESSAGE][PASSED] - projectSpecific.Reusability.login is PASSED

2018-05-18 12:09:09 - [TEST_STEP][PASSED] - delay: Delayed 10 second(s)

2018-05-18 12:09:19 - [MESSAGE][PASSED] - Delayed 10 second(s)

2018-05-18 12:09:19 - [TEST_STEP][PASSED] - Statement - welcomeMsg = CustomKeywords.uiaction.CommonUIActions.getText(com.kms.katalon.core.testobject.ObjectRepository.findTestObject(HomePage/welcomeMessage)): uiaction.CommonUIActions.getText is PASSED

2018-05-18 12:09:19 - [MESSAGE][PASSED] - uiaction.CommonUIActions.getText is PASSED

2018-05-18 12:09:19 - [TEST_STEP][PASSED] - Statement - expactedWelcomeMsg = CustomKeywords.projectSpecific.Reusability.getTestData("HomePage", "welcomeMessage"): projectSpecific.Reusability.getTestData is PASSED

2018-05-18 12:09:19 - [MESSAGE][PASSED] - projectSpecific.Reusability.getTestData is PASSED

2018-05-18 12:09:19 - [TEST_STEP][PASSED] - verifyMatch: Actual text 'Welcome to HME CLOUD, Selvendran!' and expected text 'Welcome to HME CLOUD, Selvendran!' are matched 

2018-05-18 12:09:19 - [MESSAGE][PASSED] - Actual text 'Welcome to HME CLOUD, Selvendran!' and expected text 'Welcome to HME CLOUD, Selvendran!' are matched 

2018-05-18 12:09:19 - [TEST_STEP][PASSED] - uiaction.CommonUIActions.click: uiaction.CommonUIActions.click is PASSED

2018-05-18 12:09:21 - [MESSAGE][PASSED] - uiaction.CommonUIActions.click is PASSED

2018-05-18 12:09:21 - [TEST_STEP][PASSED] - uiaction.CommonUIActions.click: uiaction.CommonUIActions.click is PASSED

2018-05-18 12:09:23 - [MESSAGE][PASSED] - uiaction.CommonUIActions.click is PASSED

2018-05-18 12:09:23 - [TEST_STEP][PASSED] - uiaction.CommonUIActions.click: uiaction.CommonUIActions.click is PASSED

2018-05-18 12:09:23 - [MESSAGE][PASSED] - uiaction.CommonUIActions.click is PASSED

2018-05-18 12:09:23 - [TEST_STEP][PASSED] - uiaction.CommonUIActions.click: uiaction.CommonUIActions.click is PASSED

2018-05-18 12:09:25 - [MESSAGE][PASSED] - uiaction.CommonUIActions.click is PASSED

2018-05-18 12:09:25 - [TEST_STEP][PASSED] - Statement - storeID = CustomKeywords.uiaction.CommonUIActions.getText(com.kms.katalon.core.testobject.ObjectRepository.findTestObject(StorePage/storeID)): uiaction.CommonUIActions.getText is PASSED

2018-05-18 12:09:25 - [MESSAGE][PASSED] - uiaction.CommonUIActions.getText is PASSED

2018-05-18 12:09:25 - [TEST_STEP][PASSED] - Statement - storenumber = storeID.trim(): null

2018-05-18 12:09:25 - [TEST_STEP][PASSED] - Statement - println(storenumber): null

2018-05-18 12:09:25 - [TEST_STEP][PASSED] - uiaction.CommonUIActions.click: uiaction.CommonUIActions.click is PASSED

2018-05-18 12:09:26 - [MESSAGE][PASSED] - uiaction.CommonUIActions.click is PASSED

2018-05-18 12:09:26 - [TEST_STEP][PASSED] - delay: Delayed 10 second(s)

2018-05-18 12:09:36 - [MESSAGE][PASSED] - Delayed 10 second(s)

2018-05-18 12:09:36 - [TEST_STEP][PASSED] - Statement - driver = com.kms.katalon.core.webui.driver.DriverFactory.getWebDriver(): null

2018-05-18 12:09:36 - [TEST_STEP][PASSED] - Statement - driver.findElement(org.openqa.selenium.By.xpath("//span[contains(text(),'" + storenumber.trim() + "')]")).click(): null

2018-05-18 12:09:37 - [TEST_STEP][PASSED] - click: Object: 'Object Repository/ReportsPage/timeSelection' is clicked on

2018-05-18 12:09:37 - [MESSAGE][PASSED] - Object: 'Object Repository/ReportsPage/timeSelection' is clicked on

2018-05-18 12:09:37 - [TEST_STEP][PASSED] - click: Object: 'Object Repository/ReportsPage/dayTimeOption' is clicked on

2018-05-18 12:09:37 - [MESSAGE][PASSED] - Object: 'Object Repository/ReportsPage/dayTimeOption' is clicked on

2018-05-18 12:09:37 - [TEST_STEP][PASSED] - click: Object: 'Object Repository/ReportsPage/summaryReportHeading' is clicked on

2018-05-18 12:09:37 - [MESSAGE][PASSED] - Object: 'Object Repository/ReportsPage/summaryReportHeading' is clicked on

2018-05-18 12:09:37 - [TEST_STEP][PASSED] - verifyElementText: Actual text and expected text of test object 'Object Repository/ReportsPage/dayTimeOption' are matched.

2018-05-18 12:09:37 - [MESSAGE][PASSED] - projectSpecific.Reusability.getTestData is PASSED

2018-05-18 12:09:37 - [MESSAGE][PASSED] - Actual text and expected text of test object 'Object Repository/ReportsPage/dayTimeOption' are matched.

2018-05-18 12:09:37 - [TEST_STEP][PASSED] - verifyElementText: Actual text and expected text of test object 'Object Repository/ReportsPage/criteriaTimeMeasureForDay' are matched.

2018-05-18 12:09:37 - [MESSAGE][PASSED] - projectSpecific.Reusability.getTestData is PASSED

2018-05-18 12:09:37 - [MESSAGE][PASSED] - Actual text and expected text of test object 'Object Repository/ReportsPage/criteriaTimeMeasureForDay' are matched.

2018-05-18 12:09:37 - [TEST_STEP][PASSED] - delay: Delayed 5 second(s)

2018-05-18 12:09:42 - [MESSAGE][PASSED] - Delayed 5 second(s)

2018-05-18 12:09:42 - [TEST_STEP][PASSED] - click: Object: 'Object Repository/ReportsPage/fromDateSelector' is clicked on

2018-05-18 12:09:42 - [MESSAGE][PASSED] - Object: 'Object Repository/ReportsPage/fromDateSelector' is clicked on

2018-05-18 12:09:42 - [TEST_STEP][PASSED] - delay: Delayed 5 second(s)

2018-05-18 12:09:47 - [MESSAGE][PASSED] - Delayed 5 second(s)

2018-05-18 12:09:47 - [TEST_STEP][PASSED] - Statement - monthText = com.kms.katalon.core.webui.keyword.WebUiBuiltInKeywords.getText(com.kms.katalon.core.testobject.ObjectRepository.findTestObject(ReportsPage/monthText)): Text of object 'Object Repository/ReportsPage/monthText' is: 'May 2018'

2018-05-18 12:09:47 - [MESSAGE][PASSED] - Text of object 'Object Repository/ReportsPage/monthText' is: 'May 2018'

2018-05-18 12:09:47 - [TEST_STEP][PASSED] - Statement - monthTextArray = monthText.split(" "): null

2018-05-18 12:09:47 - [TEST_STEP][PASSED] - Statement - month = monthTextArray[0]: null

2018-05-18 12:09:47 - [TEST_STEP][PASSED] - Statement - monthTextValue = CustomKeywords.projectSpecific.Reusability.getTestData("ReportsPage", "Month"): projectSpecific.Reusability.getTestData is PASSED

2018-05-18 12:09:47 - [MESSAGE][PASSED] - projectSpecific.Reusability.getTestData is PASSED

2018-05-18 12:09:47 - [TEST_STEP][PASSED] - Statement - If (!(monthTextValue.equals(month))): null

2018-05-18 12:09:47 - [TEST_STEP][PASSED] - Statement - While (!(monthTextValue.equals(month))): null

2018-05-18 12:09:47 - [TEST_STEP][PASSED] - click: Object: 'Object Repository/ReportsPage/previousDateSelector' is clicked on

2018-05-18 12:09:47 - [MESSAGE][PASSED] - Object: 'Object Repository/ReportsPage/previousDateSelector' is clicked on

2018-05-18 12:09:47 - [TEST_STEP][PASSED] - Statement - monthText = com.kms.katalon.core.webui.keyword.WebUiBuiltInKeywords.getText(com.kms.katalon.core.testobject.ObjectRepository.findTestObject(ReportsPage/monthText)): Text of object 'Object Repository/ReportsPage/monthText' is: 'April 2018'

2018-05-18 12:09:47 - [MESSAGE][PASSED] - Text of object 'Object Repository/ReportsPage/monthText' is: 'April 2018'

2018-05-18 12:09:47 - [TEST_STEP][PASSED] - Statement - monthTextArray = monthText.split(" "): null

2018-05-18 12:09:47 - [TEST_STEP][PASSED] - Statement - month = monthTextArray[0]: null

2018-05-18 12:09:47 - [TEST_STEP][PASSED] - click: Object: 'Object Repository/ReportsPage/previousDateSelector' is clicked on

2018-05-18 12:09:47 - [MESSAGE][PASSED] - Object: 'Object Repository/ReportsPage/previousDateSelector' is clicked on

2018-05-18 12:09:47 - [TEST_STEP][PASSED] - Statement - monthText = com.kms.katalon.core.webui.keyword.WebUiBuiltInKeywords.getText(com.kms.katalon.core.testobject.ObjectRepository.findTestObject(ReportsPage/monthText)): Text of object 'Object Repository/ReportsPage/monthText' is: 'March 2018'

2018-05-18 12:09:47 - [MESSAGE][PASSED] - Text of object 'Object Repository/ReportsPage/monthText' is: 'March 2018'

2018-05-18 12:09:47 - [TEST_STEP][PASSED] - Statement - monthTextArray = monthText.split(" "): null

2018-05-18 12:09:47 - [TEST_STEP][PASSED] - Statement - month = monthTextArray[0]: null

2018-05-18 12:09:47 - [TEST_STEP][PASSED] - Statement - data = CustomKeywords.projectSpecific.Reusability.getTestData("ReportsPage", "StartDate_March"): projectSpecific.Reusability.getTestData is PASSED

2018-05-18 12:09:47 - [MESSAGE][PASSED] - projectSpecific.Reusability.getTestData is PASSED

2018-05-18 12:09:47 - [TEST_STEP][PASSED] - Statement - startDate = "(//td[text()='" + data + "'])[1]": null

2018-05-18 12:09:47 - [TEST_STEP][PASSED] - Statement - println(startDate): null

2018-05-18 12:09:47 - [TEST_STEP][PASSED] - Statement - startdateEle = driver.findElement(org.openqa.selenium.By.xpath(startDate)): null

2018-05-18 12:09:47 - [TEST_STEP][PASSED] - Statement - startdateEle.click(): null

2018-05-18 12:09:47 - [TEST_STEP][PASSED] - delay: Delayed 5 second(s)

2018-05-18 12:09:52 - [MESSAGE][PASSED] - Delayed 5 second(s)

2018-05-18 12:09:52 - [TEST_STEP][PASSED] - click: Object: 'Object Repository/ReportsPage/toDateSelector' is clicked on

2018-05-18 12:09:52 - [MESSAGE][PASSED] - Object: 'Object Repository/ReportsPage/toDateSelector' is clicked on

2018-05-18 12:09:52 - [TEST_STEP][PASSED] - Statement - monthText = com.kms.katalon.core.webui.keyword.WebUiBuiltInKeywords.getText(com.kms.katalon.core.testobject.ObjectRepository.findTestObject(ReportsPage/monthText2)): Text of object 'Object Repository/ReportsPage/monthText2' is: 'May 2018'

2018-05-18 12:09:53 - [MESSAGE][PASSED] - Text of object 'Object Repository/ReportsPage/monthText2' is: 'May 2018'

2018-05-18 12:09:53 - [TEST_STEP][PASSED] - Statement - monthTextArray = monthText.split(" "): null

2018-05-18 12:09:53 - [TEST_STEP][PASSED] - Statement - month = monthTextArray[0]: null

2018-05-18 12:09:53 - [TEST_STEP][PASSED] - Statement - monthTextValue1 = CustomKeywords.projectSpecific.Reusability.getTestData("ReportsPage", "Month"): projectSpecific.Reusability.getTestData is PASSED

2018-05-18 12:09:53 - [MESSAGE][PASSED] - projectSpecific.Reusability.getTestData is PASSED

2018-05-18 12:09:53 - [TEST_STEP][PASSED] - Statement - If (!(monthTextValue1.equals(month))): null

2018-05-18 12:09:53 - [TEST_STEP][PASSED] - Statement - While (!(monthTextValue1.equals(month))): null

2018-05-18 12:09:53 - [TEST_STEP][PASSED] - click: Object: 'Object Repository/ReportsPage/previousDateSelector2' is clicked on

2018-05-18 12:09:53 - [MESSAGE][PASSED] - Object: 'Object Repository/ReportsPage/previousDateSelector2' is clicked on

2018-05-18 12:09:53 - [TEST_STEP][PASSED] - Statement - monthText = com.kms.katalon.core.webui.keyword.WebUiBuiltInKeywords.getText(com.kms.katalon.core.testobject.ObjectRepository.findTestObject(ReportsPage/monthText2)): Text of object 'Object Repository/ReportsPage/monthText2' is: 'April 2018'

2018-05-18 12:09:53 - [MESSAGE][PASSED] - Text of object 'Object Repository/ReportsPage/monthText2' is: 'April 2018'

2018-05-18 12:09:53 - [TEST_STEP][PASSED] - Statement - monthTextArray = monthText.split(" "): null

2018-05-18 12:09:53 - [TEST_STEP][PASSED] - Statement - month = monthTextArray[0]: null

2018-05-18 12:09:53 - [TEST_STEP][PASSED] - click: Object: 'Object Repository/ReportsPage/previousDateSelector2' is clicked on

2018-05-18 12:09:53 - [MESSAGE][PASSED] - Object: 'Object Repository/ReportsPage/previousDateSelector2' is clicked on

2018-05-18 12:09:53 - [TEST_STEP][PASSED] - Statement - monthText = com.kms.katalon.core.webui.keyword.WebUiBuiltInKeywords.getText(com.kms.katalon.core.testobject.ObjectRepository.findTestObject(ReportsPage/monthText2)): Text of object 'Object Repository/ReportsPage/monthText2' is: 'March 2018'

2018-05-18 12:09:53 - [MESSAGE][PASSED] - Text of object 'Object Repository/ReportsPage/monthText2' is: 'March 2018'

2018-05-18 12:09:53 - [TEST_STEP][PASSED] - Statement - monthTextArray = monthText.split(" "): null

2018-05-18 12:09:53 - [TEST_STEP][PASSED] - Statement - month = monthTextArray[0]: null

2018-05-18 12:09:53 - [TEST_STEP][PASSED] - Statement - endDate = CustomKeywords.projectSpecific.Reusability.getTestData("ReportsPage", "EndDate_March"): projectSpecific.Reusability.getTestData is PASSED

2018-05-18 12:09:53 - [MESSAGE][PASSED] - projectSpecific.Reusability.getTestData is PASSED

2018-05-18 12:09:53 - [TEST_STEP][PASSED] - Statement - toDate = "(//td[text()='" + endDate + "'])[2]": null

2018-05-18 12:09:53 - [TEST_STEP][PASSED] - Statement - println(toDate): null

2018-05-18 12:09:53 - [TEST_STEP][PASSED] - Statement - toDateEle = driver.findElement(org.openqa.selenium.By.xpath(toDate)): null

2018-05-18 12:09:53 - [TEST_STEP][PASSED] - Statement - toDateEle.click(): null

2018-05-18 12:09:53 - [TEST_STEP][PASSED] - delay: Delayed 5 second(s)

2018-05-18 12:09:58 - [MESSAGE][PASSED] - Delayed 5 second(s)

2018-05-18 12:09:58 - [TEST_STEP][PASSED] - Statement - dateAttr = com.kms.katalon.core.webui.keyword.WebUiBuiltInKeywords.getAttribute(com.kms.katalon.core.testobject.ObjectRepository.findTestObject(ReportsPage/selectedDate1), "value"): Attribute 'value' of object 'Object Repository/ReportsPage/selectedDate1' is: '03/09/2018'

2018-05-18 12:09:58 - [MESSAGE][PASSED] - Attribute 'value' of object 'Object Repository/ReportsPage/selectedDate1' is: '03/09/2018'

2018-05-18 12:09:58 - [TEST_STEP][PASSED] - Statement - fromDateValue = CustomKeywords.projectSpecific.Reusability.getTestData("ReportsPage", "fromDate_March"): projectSpecific.Reusability.getTestData is PASSED

2018-05-18 12:09:58 - [MESSAGE][PASSED] - projectSpecific.Reusability.getTestData is PASSED

2018-05-18 12:09:58 - [TEST_STEP][PASSED] - Statement - If (!(dateAttr.equals(fromDateValue))): null

2018-05-18 12:09:58 - [TEST_STEP][PASSED] - Statement - dateAttr = com.kms.katalon.core.webui.keyword.WebUiBuiltInKeywords.getAttribute(com.kms.katalon.core.testobject.ObjectRepository.findTestObject(ReportsPage/selectedDate2), "value"): Attribute 'value' of object 'Object Repository/ReportsPage/selectedDate2' is: '03/10/2018'

2018-05-18 12:09:58 - [MESSAGE][PASSED] - Attribute 'value' of object 'Object Repository/ReportsPage/selectedDate2' is: '03/10/2018'

2018-05-18 12:09:58 - [TEST_STEP][PASSED] - Statement - toDateValue = CustomKeywords.projectSpecific.Reusability.getTestData("ReportsPage", "toDate_March"): projectSpecific.Reusability.getTestData is PASSED

2018-05-18 12:09:58 - [MESSAGE][PASSED] - projectSpecific.Reusability.getTestData is PASSED

2018-05-18 12:09:58 - [TEST_STEP][PASSED] - Statement - If (!(dateAttr.equals(toDateValue))): null

2018-05-18 12:09:58 - [TEST_STEP][PASSED] - click: Object: 'Object Repository/ReportsPage/generateReport' is clicked on

2018-05-18 12:09:58 - [MESSAGE][PASSED] - Object: 'Object Repository/ReportsPage/generateReport' is clicked on

2018-05-18 12:09:58 - [TEST_STEP][PASSED] - delay: Delayed 5 second(s)

2018-05-18 12:10:03 - [MESSAGE][PASSED] - Delayed 5 second(s)

2018-05-18 12:10:03 - [TEST_STEP][PASSED] - Statement - printTime = CustomKeywords.uiaction.CommonUIActions.getText(com.kms.katalon.core.testobject.ObjectRepository.findTestObject(SummarizedReportPage/printTime)): uiaction.CommonUIActions.getText is PASSED

2018-05-18 12:10:14 - [MESSAGE][PASSED] - uiaction.CommonUIActions.getText is PASSED

2018-05-18 12:10:14 - [TEST_STEP][PASSED] - Statement - cal = java.util.Calendar.getInstance(): null

2018-05-18 12:10:14 - [TEST_STEP][PASSED] - Statement - sdf = new java.text.SimpleDateFormat(hh:mm a): null

2018-05-18 12:10:14 - [TEST_STEP][PASSED] - Statement - currentSystemTime = sdf.format(cal.getTime()): null

2018-05-18 12:10:14 - [TEST_STEP][PASSED] - Statement - out.println(currentSystemTime): null

2018-05-18 12:10:14 - [TEST_STEP][PASSED] - Statement - If (printTime == currentSystemTime): null

2018-05-18 12:10:14 - [TEST_STEP][PASSED] - Statement - out.println("Print Time is displayed the current local time "): null

2018-05-18 12:10:14 - [TEST_STEP][PASSED] - Statement - assert TCflag == true: null

2018-05-18 12:10:14 - [TEST_STEP][PASSED] - Start listener action : sampleAfterTestCase: Browser is closed

2018-05-18 12:10:14 - [TEST_STEP][PASSED] - Statement - println(testCaseContext.getTestCaseId()): null

2018-05-18 12:10:14 - [TEST_STEP][PASSED] - Statement - println(testCaseContext.getTestCaseStatus()): null

2018-05-18 12:10:14 - [TEST_STEP][PASSED] - closeBrowser: Browser is closed

2018-05-18 12:10:15 - [MESSAGE][PASSED] - Browser is closed]]></system-out>
         <system-err><![CDATA[]]></system-err>
      </testcase>
      <testcase name="Test Cases/TimeZoneTC/HME-Browser-Timezone-02" classname="Test Cases/TimeZoneTC/HME-Browser-Timezone-02" status="PASSED">
         <system-out><![CDATA[2018-05-18 12:10:15 - [TEST_CASE][PASSED] - Test Cases/TimeZoneTC/HME-Browser-Timezone-02: Browser is closed

2018-05-18 12:10:15 - [TEST_STEP][PASSED] - Start listener action : sampleBeforeTestCase: uiaction.CommonUIActions.deleteAllCookies is PASSED

2018-05-18 12:10:15 - [TEST_STEP][PASSED] - openBrowser: Browser is opened with url: ''

2018-05-18 12:10:17 - [MESSAGE][PASSED] - Browser is opened with url: ''

2018-05-18 12:10:17 - [TEST_STEP][PASSED] - maximizeWindow: Current window maximized

2018-05-18 12:10:18 - [MESSAGE][PASSED] - Current window maximized

2018-05-18 12:10:18 - [TEST_STEP][PASSED] - uiaction.CommonUIActions.deleteAllCookies: uiaction.CommonUIActions.deleteAllCookies is PASSED

2018-05-18 12:10:19 - [MESSAGE][PASSED] - Delete all cookies successfully

2018-05-18 12:10:19 - [MESSAGE][PASSED] - uiaction.CommonUIActions.deleteAllCookies is PASSED

2018-05-18 12:10:19 - [TEST_STEP][PASSED] - Statement - TCflag = true: null

2018-05-18 12:10:19 - [TEST_STEP][PASSED] - Statement - Try: null

2018-05-18 12:10:19 - [TEST_STEP][PASSED] - navigateToUrl: Navigate to 'https://hme-dev-public-cloud-app.azurewebsites.net/' successfully

2018-05-18 12:10:22 - [MESSAGE][PASSED] - Navigate to 'https://hme-dev-public-cloud-app.azurewebsites.net/' successfully

2018-05-18 12:10:22 - [TEST_STEP][PASSED] - projectSpecific.Reusability.login: projectSpecific.Reusability.login is PASSED

2018-05-18 12:10:22 - [MESSAGE][PASSED] - projectSpecific.Reusability.getTestData is PASSED

2018-05-18 12:10:22 - [MESSAGE][PASSED] - projectSpecific.Reusability.getTestData is PASSED

2018-05-18 12:10:22 - [MESSAGE][PASSED] - Text 'selvendrank@nousinfo.com' is set on object 'Object Repository/LoginPage/Username'

2018-05-18 12:10:22 - [MESSAGE][PASSED] - Text 'nous;123' is set on object 'Object Repository/LoginPage/Password'

2018-05-18 12:10:22 - [MESSAGE][PASSED] - Object: 'Object Repository/LoginPage/Login' is clicked on

2018-05-18 12:10:22 - [MESSAGE][PASSED] - projectSpecific.Reusability.login is PASSED

2018-05-18 12:10:22 - [TEST_STEP][PASSED] - delay: Delayed 10 second(s)

2018-05-18 12:10:32 - [MESSAGE][PASSED] - Delayed 10 second(s)

2018-05-18 12:10:32 - [TEST_STEP][PASSED] - Statement - welcomeMsg = CustomKeywords.uiaction.CommonUIActions.getText(com.kms.katalon.core.testobject.ObjectRepository.findTestObject(HomePage/welcomeMessage)): uiaction.CommonUIActions.getText is PASSED

2018-05-18 12:10:32 - [MESSAGE][PASSED] - uiaction.CommonUIActions.getText is PASSED

2018-05-18 12:10:32 - [TEST_STEP][PASSED] - Statement - expactedWelcomeMsg = CustomKeywords.projectSpecific.Reusability.getTestData("HomePage", "welcomeMessage"): projectSpecific.Reusability.getTestData is PASSED

2018-05-18 12:10:32 - [MESSAGE][PASSED] - projectSpecific.Reusability.getTestData is PASSED

2018-05-18 12:10:32 - [TEST_STEP][PASSED] - verifyMatch: Actual text 'Welcome to HME CLOUD, Selvendran!' and expected text 'Welcome to HME CLOUD, Selvendran!' are matched 

2018-05-18 12:10:32 - [MESSAGE][PASSED] - Actual text 'Welcome to HME CLOUD, Selvendran!' and expected text 'Welcome to HME CLOUD, Selvendran!' are matched 

2018-05-18 12:10:32 - [TEST_STEP][PASSED] - uiaction.CommonUIActions.click: uiaction.CommonUIActions.click is PASSED

2018-05-18 12:10:34 - [MESSAGE][PASSED] - uiaction.CommonUIActions.click is PASSED

2018-05-18 12:10:34 - [TEST_STEP][PASSED] - uiaction.CommonUIActions.click: uiaction.CommonUIActions.click is PASSED

2018-05-18 12:10:36 - [MESSAGE][PASSED] - uiaction.CommonUIActions.click is PASSED

2018-05-18 12:10:36 - [TEST_STEP][PASSED] - uiaction.CommonUIActions.click: uiaction.CommonUIActions.click is PASSED

2018-05-18 12:10:36 - [MESSAGE][PASSED] - uiaction.CommonUIActions.click is PASSED

2018-05-18 12:10:36 - [TEST_STEP][PASSED] - uiaction.CommonUIActions.click: uiaction.CommonUIActions.click is PASSED

2018-05-18 12:10:44 - [MESSAGE][PASSED] - uiaction.CommonUIActions.click is PASSED

2018-05-18 12:10:44 - [TEST_STEP][PASSED] - Statement - storeID = CustomKeywords.uiaction.CommonUIActions.getText(com.kms.katalon.core.testobject.ObjectRepository.findTestObject(StorePage/storeID)): uiaction.CommonUIActions.getText is PASSED

2018-05-18 12:10:44 - [MESSAGE][PASSED] - uiaction.CommonUIActions.getText is PASSED

2018-05-18 12:10:44 - [TEST_STEP][PASSED] - Statement - storenumber = storeID.trim(): null

2018-05-18 12:10:44 - [TEST_STEP][PASSED] - Statement - println(storenumber): null

2018-05-18 12:10:44 - [TEST_STEP][PASSED] - uiaction.CommonUIActions.click: uiaction.CommonUIActions.click is PASSED

2018-05-18 12:10:46 - [MESSAGE][PASSED] - uiaction.CommonUIActions.click is PASSED

2018-05-18 12:10:46 - [TEST_STEP][PASSED] - delay: Delayed 10 second(s)

2018-05-18 12:10:56 - [MESSAGE][PASSED] - Delayed 10 second(s)

2018-05-18 12:10:56 - [TEST_STEP][PASSED] - Statement - driver = com.kms.katalon.core.webui.driver.DriverFactory.getWebDriver(): null

2018-05-18 12:10:56 - [TEST_STEP][PASSED] - Statement - driver.findElement(org.openqa.selenium.By.xpath("//span[contains(text(),'" + storenumber.trim() + "')]")).click(): null

2018-05-18 12:10:57 - [TEST_STEP][PASSED] - click: Object: 'Object Repository/ReportsPage/timeSelection' is clicked on

2018-05-18 12:10:57 - [MESSAGE][PASSED] - Object: 'Object Repository/ReportsPage/timeSelection' is clicked on

2018-05-18 12:10:57 - [TEST_STEP][PASSED] - click: Object: 'Object Repository/ReportsPage/daypartTimeOption' is clicked on

2018-05-18 12:10:57 - [MESSAGE][PASSED] - Object: 'Object Repository/ReportsPage/daypartTimeOption' is clicked on

2018-05-18 12:10:57 - [TEST_STEP][PASSED] - click: Object: 'Object Repository/ReportsPage/summaryReportHeading' is clicked on

2018-05-18 12:10:57 - [MESSAGE][PASSED] - Object: 'Object Repository/ReportsPage/summaryReportHeading' is clicked on

2018-05-18 12:10:57 - [TEST_STEP][PASSED] - verifyElementText: Actual text and expected text of test object 'Object Repository/ReportsPage/daypartTimeOption' are matched.

2018-05-18 12:10:57 - [MESSAGE][PASSED] - projectSpecific.Reusability.getTestData is PASSED

2018-05-18 12:10:57 - [MESSAGE][PASSED] - Actual text and expected text of test object 'Object Repository/ReportsPage/daypartTimeOption' are matched.

2018-05-18 12:10:57 - [TEST_STEP][PASSED] - verifyElementText: Actual text and expected text of test object 'Object Repository/ReportsPage/criteriaTimeMeasureFordaypart' are matched.

2018-05-18 12:10:57 - [MESSAGE][PASSED] - projectSpecific.Reusability.getTestData is PASSED

2018-05-18 12:10:57 - [MESSAGE][PASSED] - Actual text and expected text of test object 'Object Repository/ReportsPage/criteriaTimeMeasureFordaypart' are matched.

2018-05-18 12:10:57 - [TEST_STEP][PASSED] - delay: Delayed 5 second(s)

2018-05-18 12:11:02 - [MESSAGE][PASSED] - Delayed 5 second(s)

2018-05-18 12:11:02 - [TEST_STEP][PASSED] - click: Object: 'Object Repository/ReportsPage/fromDateSelector' is clicked on

2018-05-18 12:11:02 - [MESSAGE][PASSED] - Object: 'Object Repository/ReportsPage/fromDateSelector' is clicked on

2018-05-18 12:11:02 - [TEST_STEP][PASSED] - delay: Delayed 5 second(s)

2018-05-18 12:11:07 - [MESSAGE][PASSED] - Delayed 5 second(s)

2018-05-18 12:11:07 - [TEST_STEP][PASSED] - Statement - monthText = com.kms.katalon.core.webui.keyword.WebUiBuiltInKeywords.getText(com.kms.katalon.core.testobject.ObjectRepository.findTestObject(ReportsPage/monthText)): Text of object 'Object Repository/ReportsPage/monthText' is: 'May 2018'

2018-05-18 12:11:07 - [MESSAGE][PASSED] - Text of object 'Object Repository/ReportsPage/monthText' is: 'May 2018'

2018-05-18 12:11:07 - [TEST_STEP][PASSED] - Statement - monthTextArray = monthText.split(" "): null

2018-05-18 12:11:07 - [TEST_STEP][PASSED] - Statement - month = monthTextArray[0]: null

2018-05-18 12:11:07 - [TEST_STEP][PASSED] - Statement - monthTextValue = CustomKeywords.projectSpecific.Reusability.getTestData("ReportsPage", "Month"): projectSpecific.Reusability.getTestData is PASSED

2018-05-18 12:11:07 - [MESSAGE][PASSED] - projectSpecific.Reusability.getTestData is PASSED

2018-05-18 12:11:07 - [TEST_STEP][PASSED] - Statement - If (!(monthTextValue.equals(month))): null

2018-05-18 12:11:07 - [TEST_STEP][PASSED] - Statement - While (!(monthTextValue.equals(month))): null

2018-05-18 12:11:07 - [TEST_STEP][PASSED] - click: Object: 'Object Repository/ReportsPage/previousDateSelector' is clicked on

2018-05-18 12:11:07 - [MESSAGE][PASSED] - Object: 'Object Repository/ReportsPage/previousDateSelector' is clicked on

2018-05-18 12:11:07 - [TEST_STEP][PASSED] - Statement - monthText = com.kms.katalon.core.webui.keyword.WebUiBuiltInKeywords.getText(com.kms.katalon.core.testobject.ObjectRepository.findTestObject(ReportsPage/monthText)): Text of object 'Object Repository/ReportsPage/monthText' is: 'April 2018'

2018-05-18 12:11:07 - [MESSAGE][PASSED] - Text of object 'Object Repository/ReportsPage/monthText' is: 'April 2018'

2018-05-18 12:11:07 - [TEST_STEP][PASSED] - Statement - monthTextArray = monthText.split(" "): null

2018-05-18 12:11:07 - [TEST_STEP][PASSED] - Statement - month = monthTextArray[0]: null

2018-05-18 12:11:07 - [TEST_STEP][PASSED] - click: Object: 'Object Repository/ReportsPage/previousDateSelector' is clicked on

2018-05-18 12:11:07 - [MESSAGE][PASSED] - Object: 'Object Repository/ReportsPage/previousDateSelector' is clicked on

2018-05-18 12:11:07 - [TEST_STEP][PASSED] - Statement - monthText = com.kms.katalon.core.webui.keyword.WebUiBuiltInKeywords.getText(com.kms.katalon.core.testobject.ObjectRepository.findTestObject(ReportsPage/monthText)): Text of object 'Object Repository/ReportsPage/monthText' is: 'March 2018'

2018-05-18 12:11:07 - [MESSAGE][PASSED] - Text of object 'Object Repository/ReportsPage/monthText' is: 'March 2018'

2018-05-18 12:11:07 - [TEST_STEP][PASSED] - Statement - monthTextArray = monthText.split(" "): null

2018-05-18 12:11:07 - [TEST_STEP][PASSED] - Statement - month = monthTextArray[0]: null

2018-05-18 12:11:07 - [TEST_STEP][PASSED] - Statement - data = CustomKeywords.projectSpecific.Reusability.getTestData("ReportsPage", "StartDate_March1"): projectSpecific.Reusability.getTestData is PASSED

2018-05-18 12:11:07 - [MESSAGE][PASSED] - projectSpecific.Reusability.getTestData is PASSED

2018-05-18 12:11:07 - [TEST_STEP][PASSED] - Statement - startDate = "(//td[text()='" + data + "'])[1]": null

2018-05-18 12:11:07 - [TEST_STEP][PASSED] - Statement - println(startDate): null

2018-05-18 12:11:07 - [TEST_STEP][PASSED] - Statement - startdateEle = driver.findElement(org.openqa.selenium.By.xpath(startDate)): null

2018-05-18 12:11:07 - [TEST_STEP][PASSED] - Statement - startdateEle.click(): null

2018-05-18 12:11:07 - [TEST_STEP][PASSED] - delay: Delayed 5 second(s)

2018-05-18 12:11:12 - [MESSAGE][PASSED] - Delayed 5 second(s)

2018-05-18 12:11:12 - [TEST_STEP][PASSED] - click: Object: 'Object Repository/ReportsPage/toDateSelector' is clicked on

2018-05-18 12:11:12 - [MESSAGE][PASSED] - Object: 'Object Repository/ReportsPage/toDateSelector' is clicked on

2018-05-18 12:11:12 - [TEST_STEP][PASSED] - Statement - monthText = com.kms.katalon.core.webui.keyword.WebUiBuiltInKeywords.getText(com.kms.katalon.core.testobject.ObjectRepository.findTestObject(ReportsPage/monthText2)): Text of object 'Object Repository/ReportsPage/monthText2' is: 'May 2018'

2018-05-18 12:11:13 - [MESSAGE][PASSED] - Text of object 'Object Repository/ReportsPage/monthText2' is: 'May 2018'

2018-05-18 12:11:13 - [TEST_STEP][PASSED] - Statement - monthTextArray = monthText.split(" "): null

2018-05-18 12:11:13 - [TEST_STEP][PASSED] - Statement - month = monthTextArray[0]: null

2018-05-18 12:11:13 - [TEST_STEP][PASSED] - Statement - monthTextValue1 = CustomKeywords.projectSpecific.Reusability.getTestData("ReportsPage", "Month"): projectSpecific.Reusability.getTestData is PASSED

2018-05-18 12:11:13 - [MESSAGE][PASSED] - projectSpecific.Reusability.getTestData is PASSED

2018-05-18 12:11:13 - [TEST_STEP][PASSED] - Statement - If (!(monthTextValue1.equals(month))): null

2018-05-18 12:11:13 - [TEST_STEP][PASSED] - Statement - While (!(monthTextValue1.equals(month))): null

2018-05-18 12:11:13 - [TEST_STEP][PASSED] - click: Object: 'Object Repository/ReportsPage/previousDateSelector2' is clicked on

2018-05-18 12:11:13 - [MESSAGE][PASSED] - Object: 'Object Repository/ReportsPage/previousDateSelector2' is clicked on

2018-05-18 12:11:13 - [TEST_STEP][PASSED] - Statement - monthText = com.kms.katalon.core.webui.keyword.WebUiBuiltInKeywords.getText(com.kms.katalon.core.testobject.ObjectRepository.findTestObject(ReportsPage/monthText2)): Text of object 'Object Repository/ReportsPage/monthText2' is: 'April 2018'

2018-05-18 12:11:13 - [MESSAGE][PASSED] - Text of object 'Object Repository/ReportsPage/monthText2' is: 'April 2018'

2018-05-18 12:11:13 - [TEST_STEP][PASSED] - Statement - monthTextArray = monthText.split(" "): null

2018-05-18 12:11:13 - [TEST_STEP][PASSED] - Statement - month = monthTextArray[0]: null

2018-05-18 12:11:13 - [TEST_STEP][PASSED] - click: Object: 'Object Repository/ReportsPage/previousDateSelector2' is clicked on

2018-05-18 12:11:13 - [MESSAGE][PASSED] - Object: 'Object Repository/ReportsPage/previousDateSelector2' is clicked on

2018-05-18 12:11:13 - [TEST_STEP][PASSED] - Statement - monthText = com.kms.katalon.core.webui.keyword.WebUiBuiltInKeywords.getText(com.kms.katalon.core.testobject.ObjectRepository.findTestObject(ReportsPage/monthText2)): Text of object 'Object Repository/ReportsPage/monthText2' is: 'March 2018'

2018-05-18 12:11:13 - [MESSAGE][PASSED] - Text of object 'Object Repository/ReportsPage/monthText2' is: 'March 2018'

2018-05-18 12:11:13 - [TEST_STEP][PASSED] - Statement - monthTextArray = monthText.split(" "): null

2018-05-18 12:11:13 - [TEST_STEP][PASSED] - Statement - month = monthTextArray[0]: null

2018-05-18 12:11:13 - [TEST_STEP][PASSED] - Statement - endDate = CustomKeywords.projectSpecific.Reusability.getTestData("ReportsPage", "EndDate_March1"): projectSpecific.Reusability.getTestData is PASSED

2018-05-18 12:11:13 - [MESSAGE][PASSED] - projectSpecific.Reusability.getTestData is PASSED

2018-05-18 12:11:13 - [TEST_STEP][PASSED] - Statement - toDate = "(//td[text()='" + endDate + "'])[2]": null

2018-05-18 12:11:13 - [TEST_STEP][PASSED] - Statement - println(toDate): null

2018-05-18 12:11:13 - [TEST_STEP][PASSED] - Statement - toDateEle = driver.findElement(org.openqa.selenium.By.xpath(toDate)): null

2018-05-18 12:11:13 - [TEST_STEP][PASSED] - Statement - toDateEle.click(): null

2018-05-18 12:11:13 - [TEST_STEP][PASSED] - delay: Delayed 5 second(s)

2018-05-18 12:11:18 - [MESSAGE][PASSED] - Delayed 5 second(s)

2018-05-18 12:11:18 - [TEST_STEP][PASSED] - Statement - dateAttr = com.kms.katalon.core.webui.keyword.WebUiBuiltInKeywords.getAttribute(com.kms.katalon.core.testobject.ObjectRepository.findTestObject(ReportsPage/selectedDate1), "value"): Attribute 'value' of object 'Object Repository/ReportsPage/selectedDate1' is: '03/12/2018'

2018-05-18 12:11:18 - [MESSAGE][PASSED] - Attribute 'value' of object 'Object Repository/ReportsPage/selectedDate1' is: '03/12/2018'

2018-05-18 12:11:18 - [TEST_STEP][PASSED] - Statement - fromDateValue = CustomKeywords.projectSpecific.Reusability.getTestData("ReportsPage", "fromDate_March1"): projectSpecific.Reusability.getTestData is PASSED

2018-05-18 12:11:18 - [MESSAGE][PASSED] - projectSpecific.Reusability.getTestData is PASSED

2018-05-18 12:11:18 - [TEST_STEP][PASSED] - Statement - If (!(dateAttr.equals(fromDateValue))): null

2018-05-18 12:11:18 - [TEST_STEP][PASSED] - Statement - dateAttr = com.kms.katalon.core.webui.keyword.WebUiBuiltInKeywords.getAttribute(com.kms.katalon.core.testobject.ObjectRepository.findTestObject(ReportsPage/selectedDate2), "value"): Attribute 'value' of object 'Object Repository/ReportsPage/selectedDate2' is: '03/13/2018'

2018-05-18 12:11:18 - [MESSAGE][PASSED] - Attribute 'value' of object 'Object Repository/ReportsPage/selectedDate2' is: '03/13/2018'

2018-05-18 12:11:18 - [TEST_STEP][PASSED] - Statement - toDateValue = CustomKeywords.projectSpecific.Reusability.getTestData("ReportsPage", "toDate_March1"): projectSpecific.Reusability.getTestData is PASSED

2018-05-18 12:11:18 - [MESSAGE][PASSED] - projectSpecific.Reusability.getTestData is PASSED

2018-05-18 12:11:18 - [TEST_STEP][PASSED] - Statement - If (!(dateAttr.equals(toDateValue))): null

2018-05-18 12:11:18 - [TEST_STEP][PASSED] - click: Object: 'Object Repository/ReportsPage/generateReport' is clicked on

2018-05-18 12:11:18 - [MESSAGE][PASSED] - Object: 'Object Repository/ReportsPage/generateReport' is clicked on

2018-05-18 12:11:18 - [TEST_STEP][PASSED] - delay: Delayed 5 second(s)

2018-05-18 12:11:23 - [MESSAGE][PASSED] - Delayed 5 second(s)

2018-05-18 12:11:23 - [TEST_STEP][PASSED] - Statement - printTime = CustomKeywords.uiaction.CommonUIActions.getText(com.kms.katalon.core.testobject.ObjectRepository.findTestObject(SummarizedReportPage/printTime)): uiaction.CommonUIActions.getText is PASSED

2018-05-18 12:11:35 - [MESSAGE][PASSED] - uiaction.CommonUIActions.getText is PASSED

2018-05-18 12:11:35 - [TEST_STEP][PASSED] - Statement - cal = java.util.Calendar.getInstance(): null

2018-05-18 12:11:35 - [TEST_STEP][PASSED] - Statement - sdf = new java.text.SimpleDateFormat(hh:mm a): null

2018-05-18 12:11:35 - [TEST_STEP][PASSED] - Statement - currentSystemTime = sdf.format(cal.getTime()): null

2018-05-18 12:11:35 - [TEST_STEP][PASSED] - Statement - out.println(currentSystemTime): null

2018-05-18 12:11:35 - [TEST_STEP][PASSED] - Statement - If (printTime == currentSystemTime): null

2018-05-18 12:11:35 - [TEST_STEP][PASSED] - Statement - out.println("Print Time is displayed the current local time "): null

2018-05-18 12:11:35 - [TEST_STEP][PASSED] - Statement - assert TCflag == true: null

2018-05-18 12:11:35 - [TEST_STEP][PASSED] - Start listener action : sampleAfterTestCase: Browser is closed

2018-05-18 12:11:35 - [TEST_STEP][PASSED] - Statement - println(testCaseContext.getTestCaseId()): null

2018-05-18 12:11:35 - [TEST_STEP][PASSED] - Statement - println(testCaseContext.getTestCaseStatus()): null

2018-05-18 12:11:35 - [TEST_STEP][PASSED] - closeBrowser: Browser is closed

2018-05-18 12:11:36 - [MESSAGE][PASSED] - Browser is closed]]></system-out>
         <system-err><![CDATA[]]></system-err>
      </testcase>
      <testcase name="Test Cases/TimeZoneTC/HME-Browser-Timezone-03" classname="Test Cases/TimeZoneTC/HME-Browser-Timezone-03" status="FAILED">
         <failure type="FAILED" message="org.codehaus.groovy.runtime.powerassert.PowerAssertionError: assert TCflag==true
       |     |
       false false"/>
         <system-out><![CDATA[2018-05-18 12:11:36 - [TEST_CASE][FAILED] - Test Cases/TimeZoneTC/HME-Browser-Timezone-03: Test Cases/TimeZoneTC/HME-Browser-Timezone-03 FAILED because (of) org.codehaus.groovy.runtime.powerassert.PowerAssertionError: assert TCflag==true
       |     |
       false false

2018-05-18 12:11:36 - [TEST_STEP][PASSED] - Start listener action : sampleBeforeTestCase: uiaction.CommonUIActions.deleteAllCookies is PASSED

2018-05-18 12:11:36 - [TEST_STEP][PASSED] - openBrowser: Browser is opened with url: ''

2018-05-18 12:11:38 - [MESSAGE][PASSED] - Browser is opened with url: ''

2018-05-18 12:11:38 - [TEST_STEP][PASSED] - maximizeWindow: Current window maximized

2018-05-18 12:11:39 - [MESSAGE][PASSED] - Current window maximized

2018-05-18 12:11:39 - [TEST_STEP][PASSED] - uiaction.CommonUIActions.deleteAllCookies: uiaction.CommonUIActions.deleteAllCookies is PASSED

2018-05-18 12:11:40 - [MESSAGE][PASSED] - Delete all cookies successfully

2018-05-18 12:11:40 - [MESSAGE][PASSED] - uiaction.CommonUIActions.deleteAllCookies is PASSED

2018-05-18 12:11:40 - [TEST_STEP][PASSED] - Statement - TCflag = true: null

2018-05-18 12:11:40 - [TEST_STEP][PASSED] - Statement - Try: Taking screenshot successfully

2018-05-18 12:11:40 - [TEST_STEP][PASSED] - navigateToUrl: Navigate to 'https://hme-dev-public-cloud-app.azurewebsites.net/' successfully

2018-05-18 12:11:43 - [MESSAGE][PASSED] - Navigate to 'https://hme-dev-public-cloud-app.azurewebsites.net/' successfully

2018-05-18 12:11:43 - [TEST_STEP][PASSED] - projectSpecific.Reusability.login: projectSpecific.Reusability.login is PASSED

2018-05-18 12:11:43 - [MESSAGE][PASSED] - projectSpecific.Reusability.getTestData is PASSED

2018-05-18 12:11:43 - [MESSAGE][PASSED] - projectSpecific.Reusability.getTestData is PASSED

2018-05-18 12:11:44 - [MESSAGE][PASSED] - Text 'selvendrank@nousinfo.com' is set on object 'Object Repository/LoginPage/Username'

2018-05-18 12:11:44 - [MESSAGE][PASSED] - Text 'nous;123' is set on object 'Object Repository/LoginPage/Password'

2018-05-18 12:11:44 - [MESSAGE][PASSED] - Object: 'Object Repository/LoginPage/Login' is clicked on

2018-05-18 12:11:44 - [MESSAGE][PASSED] - projectSpecific.Reusability.login is PASSED

2018-05-18 12:11:44 - [TEST_STEP][PASSED] - delay: Delayed 10 second(s)

2018-05-18 12:11:54 - [MESSAGE][PASSED] - Delayed 10 second(s)

2018-05-18 12:11:54 - [TEST_STEP][PASSED] - Statement - welcomeMsg = CustomKeywords.uiaction.CommonUIActions.getText(com.kms.katalon.core.testobject.ObjectRepository.findTestObject(HomePage/welcomeMessage)): uiaction.CommonUIActions.getText is PASSED

2018-05-18 12:11:54 - [MESSAGE][PASSED] - uiaction.CommonUIActions.getText is PASSED

2018-05-18 12:11:54 - [TEST_STEP][PASSED] - Statement - expactedWelcomeMsg = CustomKeywords.projectSpecific.Reusability.getTestData("HomePage", "welcomeMessage"): projectSpecific.Reusability.getTestData is PASSED

2018-05-18 12:11:54 - [MESSAGE][PASSED] - projectSpecific.Reusability.getTestData is PASSED

2018-05-18 12:11:54 - [TEST_STEP][PASSED] - verifyMatch: Actual text 'Welcome to HME CLOUD, Selvendran!' and expected text 'Welcome to HME CLOUD, Selvendran!' are matched 

2018-05-18 12:11:54 - [MESSAGE][PASSED] - Actual text 'Welcome to HME CLOUD, Selvendran!' and expected text 'Welcome to HME CLOUD, Selvendran!' are matched 

2018-05-18 12:11:54 - [TEST_STEP][PASSED] - uiaction.CommonUIActions.click: uiaction.CommonUIActions.click is PASSED

2018-05-18 12:11:56 - [MESSAGE][PASSED] - uiaction.CommonUIActions.click is PASSED

2018-05-18 12:11:56 - [TEST_STEP][PASSED] - uiaction.CommonUIActions.click: uiaction.CommonUIActions.click is PASSED

2018-05-18 12:11:59 - [MESSAGE][PASSED] - uiaction.CommonUIActions.click is PASSED

2018-05-18 12:11:59 - [TEST_STEP][PASSED] - uiaction.CommonUIActions.click: uiaction.CommonUIActions.click is PASSED

2018-05-18 12:11:59 - [MESSAGE][PASSED] - uiaction.CommonUIActions.click is PASSED

2018-05-18 12:11:59 - [TEST_STEP][PASSED] - uiaction.CommonUIActions.click: uiaction.CommonUIActions.click is PASSED

2018-05-18 12:12:01 - [MESSAGE][PASSED] - uiaction.CommonUIActions.click is PASSED

2018-05-18 12:12:01 - [TEST_STEP][PASSED] - Statement - storeID = CustomKeywords.uiaction.CommonUIActions.getText(com.kms.katalon.core.testobject.ObjectRepository.findTestObject(StorePage/storeID)): uiaction.CommonUIActions.getText is PASSED

2018-05-18 12:12:01 - [MESSAGE][PASSED] - uiaction.CommonUIActions.getText is PASSED

2018-05-18 12:12:01 - [TEST_STEP][PASSED] - Statement - storenumber = storeID.trim(): null

2018-05-18 12:12:01 - [TEST_STEP][PASSED] - Statement - println(storenumber): null

2018-05-18 12:12:01 - [TEST_STEP][PASSED] - uiaction.CommonUIActions.click: uiaction.CommonUIActions.click is PASSED

2018-05-18 12:12:02 - [MESSAGE][PASSED] - uiaction.CommonUIActions.click is PASSED

2018-05-18 12:12:02 - [TEST_STEP][PASSED] - delay: Delayed 10 second(s)

2018-05-18 12:12:12 - [MESSAGE][PASSED] - Delayed 10 second(s)

2018-05-18 12:12:12 - [TEST_STEP][PASSED] - Statement - driver = com.kms.katalon.core.webui.driver.DriverFactory.getWebDriver(): null

2018-05-18 12:12:12 - [TEST_STEP][PASSED] - Statement - driver.findElement(org.openqa.selenium.By.xpath("//span[contains(text(),'" + storenumber.trim() + "')]")).click(): null

2018-05-18 12:12:13 - [TEST_STEP][PASSED] - click: Object: 'Object Repository/ReportsPage/timeSelection' is clicked on

2018-05-18 12:12:13 - [MESSAGE][PASSED] - Object: 'Object Repository/ReportsPage/timeSelection' is clicked on

2018-05-18 12:12:13 - [TEST_STEP][PASSED] - click: Object: 'Object Repository/ReportsPage/weekTimeOption' is clicked on

2018-05-18 12:12:13 - [MESSAGE][PASSED] - Object: 'Object Repository/ReportsPage/weekTimeOption' is clicked on

2018-05-18 12:12:13 - [TEST_STEP][PASSED] - click: Object: 'Object Repository/ReportsPage/summaryReportHeading' is clicked on

2018-05-18 12:12:13 - [MESSAGE][PASSED] - Object: 'Object Repository/ReportsPage/summaryReportHeading' is clicked on

2018-05-18 12:12:13 - [TEST_STEP][PASSED] - verifyElementText: Actual text and expected text of test object 'Object Repository/ReportsPage/weekTimeOption' are matched.

2018-05-18 12:12:13 - [MESSAGE][PASSED] - projectSpecific.Reusability.getTestData is PASSED

2018-05-18 12:12:13 - [MESSAGE][PASSED] - Actual text and expected text of test object 'Object Repository/ReportsPage/weekTimeOption' are matched.

2018-05-18 12:12:13 - [TEST_STEP][PASSED] - verifyElementText: Actual text and expected text of test object 'Object Repository/ReportsPage/criteriaTimeMeasure' are matched.

2018-05-18 12:12:13 - [MESSAGE][PASSED] - projectSpecific.Reusability.getTestData is PASSED

2018-05-18 12:12:13 - [MESSAGE][PASSED] - Actual text and expected text of test object 'Object Repository/ReportsPage/criteriaTimeMeasure' are matched.

2018-05-18 12:12:13 - [TEST_STEP][PASSED] - delay: Delayed 5 second(s)

2018-05-18 12:12:18 - [MESSAGE][PASSED] - Delayed 5 second(s)

2018-05-18 12:12:18 - [TEST_STEP][PASSED] - click: Object: 'Object Repository/ReportsPage/fromDateSelector' is clicked on

2018-05-18 12:12:18 - [MESSAGE][PASSED] - Object: 'Object Repository/ReportsPage/fromDateSelector' is clicked on

2018-05-18 12:12:18 - [TEST_STEP][PASSED] - delay: Delayed 5 second(s)

2018-05-18 12:12:23 - [MESSAGE][PASSED] - Delayed 5 second(s)

2018-05-18 12:12:23 - [TEST_STEP][PASSED] - Statement - monthText = com.kms.katalon.core.webui.keyword.WebUiBuiltInKeywords.getText(com.kms.katalon.core.testobject.ObjectRepository.findTestObject(ReportsPage/monthText)): Text of object 'Object Repository/ReportsPage/monthText' is: 'May 2018'

2018-05-18 12:12:23 - [MESSAGE][PASSED] - Text of object 'Object Repository/ReportsPage/monthText' is: 'May 2018'

2018-05-18 12:12:23 - [TEST_STEP][PASSED] - Statement - monthTextArray = monthText.split(" "): null

2018-05-18 12:12:23 - [TEST_STEP][PASSED] - Statement - month = monthTextArray[0]: null

2018-05-18 12:12:23 - [TEST_STEP][PASSED] - Statement - monthTextValue = CustomKeywords.projectSpecific.Reusability.getTestData("ReportsPage", "Month"): projectSpecific.Reusability.getTestData is PASSED

2018-05-18 12:12:23 - [MESSAGE][PASSED] - projectSpecific.Reusability.getTestData is PASSED

2018-05-18 12:12:23 - [TEST_STEP][PASSED] - Statement - If (!(monthTextValue.equals(month))): null

2018-05-18 12:12:23 - [TEST_STEP][PASSED] - Statement - While (!(monthTextValue.equals(month))): null

2018-05-18 12:12:23 - [TEST_STEP][PASSED] - click: Object: 'Object Repository/ReportsPage/previousDateSelector' is clicked on

2018-05-18 12:12:23 - [MESSAGE][PASSED] - Object: 'Object Repository/ReportsPage/previousDateSelector' is clicked on

2018-05-18 12:12:23 - [TEST_STEP][PASSED] - Statement - monthText = com.kms.katalon.core.webui.keyword.WebUiBuiltInKeywords.getText(com.kms.katalon.core.testobject.ObjectRepository.findTestObject(ReportsPage/monthText)): Text of object 'Object Repository/ReportsPage/monthText' is: 'April 2018'

2018-05-18 12:12:23 - [MESSAGE][PASSED] - Text of object 'Object Repository/ReportsPage/monthText' is: 'April 2018'

2018-05-18 12:12:23 - [TEST_STEP][PASSED] - Statement - monthTextArray = monthText.split(" "): null

2018-05-18 12:12:23 - [TEST_STEP][PASSED] - Statement - month = monthTextArray[0]: null

2018-05-18 12:12:23 - [TEST_STEP][PASSED] - click: Object: 'Object Repository/ReportsPage/previousDateSelector' is clicked on

2018-05-18 12:12:23 - [MESSAGE][PASSED] - Object: 'Object Repository/ReportsPage/previousDateSelector' is clicked on

2018-05-18 12:12:23 - [TEST_STEP][PASSED] - Statement - monthText = com.kms.katalon.core.webui.keyword.WebUiBuiltInKeywords.getText(com.kms.katalon.core.testobject.ObjectRepository.findTestObject(ReportsPage/monthText)): Text of object 'Object Repository/ReportsPage/monthText' is: 'March 2018'

2018-05-18 12:12:23 - [MESSAGE][PASSED] - Text of object 'Object Repository/ReportsPage/monthText' is: 'March 2018'

2018-05-18 12:12:23 - [TEST_STEP][PASSED] - Statement - monthTextArray = monthText.split(" "): null

2018-05-18 12:12:23 - [TEST_STEP][PASSED] - Statement - month = monthTextArray[0]: null

2018-05-18 12:12:23 - [TEST_STEP][PASSED] - Statement - data = CustomKeywords.projectSpecific.Reusability.getTestData("ReportsPage", "StartDate_March2"): projectSpecific.Reusability.getTestData is PASSED

2018-05-18 12:12:23 - [MESSAGE][PASSED] - projectSpecific.Reusability.getTestData is PASSED

2018-05-18 12:12:23 - [TEST_STEP][PASSED] - Statement - startDate = "(//td[text()='" + data + "'])[1]": null

2018-05-18 12:12:23 - [TEST_STEP][PASSED] - Statement - println(startDate): null

2018-05-18 12:12:23 - [TEST_STEP][PASSED] - Statement - startdateEle = driver.findElement(org.openqa.selenium.By.xpath(startDate)): null

2018-05-18 12:12:23 - [TEST_STEP][PASSED] - Statement - startdateEle.click(): null

2018-05-18 12:12:23 - [TEST_STEP][PASSED] - delay: Delayed 5 second(s)

2018-05-18 12:12:28 - [MESSAGE][PASSED] - Delayed 5 second(s)

2018-05-18 12:12:28 - [TEST_STEP][PASSED] - click: Object: 'Object Repository/ReportsPage/toDateSelector' is clicked on

2018-05-18 12:12:28 - [MESSAGE][PASSED] - Object: 'Object Repository/ReportsPage/toDateSelector' is clicked on

2018-05-18 12:12:28 - [TEST_STEP][PASSED] - Statement - monthText = com.kms.katalon.core.webui.keyword.WebUiBuiltInKeywords.getText(com.kms.katalon.core.testobject.ObjectRepository.findTestObject(ReportsPage/monthText2)): Text of object 'Object Repository/ReportsPage/monthText2' is: 'May 2018'

2018-05-18 12:12:28 - [MESSAGE][PASSED] - Text of object 'Object Repository/ReportsPage/monthText2' is: 'May 2018'

2018-05-18 12:12:28 - [TEST_STEP][PASSED] - Statement - monthTextArray = monthText.split(" "): null

2018-05-18 12:12:28 - [TEST_STEP][PASSED] - Statement - month = monthTextArray[0]: null

2018-05-18 12:12:28 - [TEST_STEP][PASSED] - Statement - monthTextValue1 = CustomKeywords.projectSpecific.Reusability.getTestData("ReportsPage", "Month"): projectSpecific.Reusability.getTestData is PASSED

2018-05-18 12:12:28 - [MESSAGE][PASSED] - projectSpecific.Reusability.getTestData is PASSED

2018-05-18 12:12:28 - [TEST_STEP][PASSED] - Statement - If (!(monthTextValue1.equals(month))): null

2018-05-18 12:12:28 - [TEST_STEP][PASSED] - Statement - While (!(monthTextValue1.equals(month))): null

2018-05-18 12:12:28 - [TEST_STEP][PASSED] - click: Object: 'Object Repository/ReportsPage/previousDateSelector2' is clicked on

2018-05-18 12:12:29 - [MESSAGE][PASSED] - Object: 'Object Repository/ReportsPage/previousDateSelector2' is clicked on

2018-05-18 12:12:29 - [TEST_STEP][PASSED] - Statement - monthText = com.kms.katalon.core.webui.keyword.WebUiBuiltInKeywords.getText(com.kms.katalon.core.testobject.ObjectRepository.findTestObject(ReportsPage/monthText2)): Text of object 'Object Repository/ReportsPage/monthText2' is: 'April 2018'

2018-05-18 12:12:29 - [MESSAGE][PASSED] - Text of object 'Object Repository/ReportsPage/monthText2' is: 'April 2018'

2018-05-18 12:12:29 - [TEST_STEP][PASSED] - Statement - monthTextArray = monthText.split(" "): null

2018-05-18 12:12:29 - [TEST_STEP][PASSED] - Statement - month = monthTextArray[0]: null

2018-05-18 12:12:29 - [TEST_STEP][PASSED] - click: Object: 'Object Repository/ReportsPage/previousDateSelector2' is clicked on

2018-05-18 12:12:29 - [MESSAGE][PASSED] - Object: 'Object Repository/ReportsPage/previousDateSelector2' is clicked on

2018-05-18 12:12:29 - [TEST_STEP][PASSED] - Statement - monthText = com.kms.katalon.core.webui.keyword.WebUiBuiltInKeywords.getText(com.kms.katalon.core.testobject.ObjectRepository.findTestObject(ReportsPage/monthText2)): Text of object 'Object Repository/ReportsPage/monthText2' is: 'March 2018'

2018-05-18 12:12:29 - [MESSAGE][PASSED] - Text of object 'Object Repository/ReportsPage/monthText2' is: 'March 2018'

2018-05-18 12:12:29 - [TEST_STEP][PASSED] - Statement - monthTextArray = monthText.split(" "): null

2018-05-18 12:12:29 - [TEST_STEP][PASSED] - Statement - month = monthTextArray[0]: null

2018-05-18 12:12:29 - [TEST_STEP][PASSED] - Statement - endDate = CustomKeywords.projectSpecific.Reusability.getTestData("ReportsPage", "EndDate_March2"): projectSpecific.Reusability.getTestData is PASSED

2018-05-18 12:12:29 - [MESSAGE][PASSED] - projectSpecific.Reusability.getTestData is PASSED

2018-05-18 12:12:29 - [TEST_STEP][PASSED] - Statement - toDate = "(//td[text()='" + endDate + "'])[2]": null

2018-05-18 12:12:29 - [TEST_STEP][PASSED] - Statement - println(toDate): null

2018-05-18 12:12:29 - [TEST_STEP][PASSED] - Statement - toDateEle = driver.findElement(org.openqa.selenium.By.xpath(toDate)): null

2018-05-18 12:12:29 - [TEST_STEP][PASSED] - Statement - toDateEle.click(): null

2018-05-18 12:12:29 - [TEST_STEP][PASSED] - delay: Delayed 5 second(s)

2018-05-18 12:12:34 - [MESSAGE][PASSED] - Delayed 5 second(s)

2018-05-18 12:12:34 - [TEST_STEP][PASSED] - Statement - dateAttr = com.kms.katalon.core.webui.keyword.WebUiBuiltInKeywords.getAttribute(com.kms.katalon.core.testobject.ObjectRepository.findTestObject(ReportsPage/selectedDate1), "value"): Attribute 'value' of object 'Object Repository/ReportsPage/selectedDate1' is: '03/13/2018'

2018-05-18 12:12:34 - [MESSAGE][PASSED] - Attribute 'value' of object 'Object Repository/ReportsPage/selectedDate1' is: '03/13/2018'

2018-05-18 12:12:34 - [TEST_STEP][PASSED] - Statement - fromDateValue = CustomKeywords.projectSpecific.Reusability.getTestData("ReportsPage", "fromDate_March2"): projectSpecific.Reusability.getTestData is PASSED

2018-05-18 12:12:34 - [MESSAGE][PASSED] - projectSpecific.Reusability.getTestData is PASSED

2018-05-18 12:12:34 - [TEST_STEP][PASSED] - Statement - If (!(dateAttr.equals(fromDateValue))): null

2018-05-18 12:12:34 - [TEST_STEP][PASSED] - Statement - dateAttr = com.kms.katalon.core.webui.keyword.WebUiBuiltInKeywords.getAttribute(com.kms.katalon.core.testobject.ObjectRepository.findTestObject(ReportsPage/selectedDate2), "value"): Attribute 'value' of object 'Object Repository/ReportsPage/selectedDate2' is: '03/16/2018'

2018-05-18 12:12:34 - [MESSAGE][PASSED] - Attribute 'value' of object 'Object Repository/ReportsPage/selectedDate2' is: '03/16/2018'

2018-05-18 12:12:34 - [TEST_STEP][PASSED] - Statement - toDateValue = CustomKeywords.projectSpecific.Reusability.getTestData("ReportsPage", "toDate_March2"): projectSpecific.Reusability.getTestData is PASSED

2018-05-18 12:12:34 - [MESSAGE][PASSED] - projectSpecific.Reusability.getTestData is PASSED

2018-05-18 12:12:34 - [TEST_STEP][PASSED] - Statement - If (!(dateAttr.equals(toDateValue))): null

2018-05-18 12:12:34 - [TEST_STEP][PASSED] - click: Object: 'Object Repository/ReportsPage/generateReport' is clicked on

2018-05-18 12:12:34 - [MESSAGE][PASSED] - Object: 'Object Repository/ReportsPage/generateReport' is clicked on

2018-05-18 12:12:34 - [TEST_STEP][PASSED] - delay: Delayed 5 second(s)

2018-05-18 12:12:39 - [MESSAGE][PASSED] - Delayed 5 second(s)

2018-05-18 12:12:39 - [TEST_STEP][PASSED] - Statement - printTime = CustomKeywords.uiaction.CommonUIActions.getText(com.kms.katalon.core.testobject.ObjectRepository.findTestObject(SummarizedReportPage/printTime)): uiaction.CommonUIActions.getText is PASSED

2018-05-18 12:13:00 - [MESSAGE][PASSED] - uiaction.CommonUIActions.getText is PASSED

2018-05-18 12:13:00 - [TEST_STEP][PASSED] - Statement - cal = java.util.Calendar.getInstance(): null

2018-05-18 12:13:00 - [TEST_STEP][PASSED] - Statement - sdf = new java.text.SimpleDateFormat(hh:mm a): null

2018-05-18 12:13:00 - [TEST_STEP][PASSED] - Statement - currentSystemTime = sdf.format(cal.getTime()): null

2018-05-18 12:13:00 - [TEST_STEP][PASSED] - Statement - out.println(currentSystemTime): null

2018-05-18 12:13:00 - [TEST_STEP][PASSED] - Statement - If (printTime == currentSystemTime): null

2018-05-18 12:13:00 - [TEST_STEP][PASSED] - Statement - Else: Taking screenshot successfully

2018-05-18 12:13:00 - [TEST_STEP][PASSED] - Statement - If (TCflag): null

2018-05-18 12:13:00 - [TEST_STEP][PASSED] - Statement - out.println("Print Time is not displayed the current local time "): null

2018-05-18 12:13:00 - [TEST_STEP][PASSED] - takeScreenshot: Taking screenshot successfully

2018-05-18 12:13:00 - [MESSAGE][PASSED] - Taking screenshot successfully
[[ATTACHMENT|C:\\Users\\shalinin\\Katalon Studio\\HME_Scripts\\Reports\\TestSuiteDemo\\20180518_120252\\1526625780300.png]]

2018-05-18 12:13:00 - [TEST_STEP][PASSED] - Statement - assert TCflag == true: null

2018-05-18 12:13:00 - [TEST_STEP][PASSED] - Start listener action : sampleAfterTestCase: Browser is closed

2018-05-18 12:13:00 - [TEST_STEP][PASSED] - Statement - println(testCaseContext.getTestCaseId()): null

2018-05-18 12:13:00 - [TEST_STEP][PASSED] - Statement - println(testCaseContext.getTestCaseStatus()): null

2018-05-18 12:13:00 - [TEST_STEP][PASSED] - closeBrowser: Browser is closed

2018-05-18 12:13:01 - [MESSAGE][PASSED] - Browser is closed]]></system-out>
         <system-err><![CDATA[2018-05-18 12:11:36 - [TEST_CASE][FAILED] - Test Cases/TimeZoneTC/HME-Browser-Timezone-03: Test Cases/TimeZoneTC/HME-Browser-Timezone-03 FAILED because (of) org.codehaus.groovy.runtime.powerassert.PowerAssertionError: assert TCflag==true
       |     |
       false false]]></system-err>
      </testcase>
      <system-out><![CDATA[2018-05-18 12:02:53 - [TEST_SUITE][FAILED] - TestSuiteDemo: Test Cases/TimeZoneTC/HME-Account_Setting-Timezone-04 FAILED because (of) org.codehaus.groovy.runtime.powerassert.PowerAssertionError: assert TCflag==true
       |     |
       false false]]></system-out>
      <system-err><![CDATA[2018-05-18 12:02:53 - [TEST_SUITE][FAILED] - TestSuiteDemo: Test Cases/TimeZoneTC/HME-Account_Setting-Timezone-04 FAILED because (of) org.codehaus.groovy.runtime.powerassert.PowerAssertionError: assert TCflag==true
       |     |
       false false]]></system-err>
   </testsuite>
</testsuites>
