<?xml version="1.0" encoding="UTF-8"?>
<testsuites name="RegressionSuite" time="752" tests="0" failures="5" errors="0">
   <testsuite name="RegressionSuite" tests="0" failures="5" errors="0" time="752" timestamp="2018-06-04 15:15:58" hostname="shalinin - NIBC2129.nousinfo.com" id="Test Suites/RegressionSuite">
      <properties>
         <property name="deviceName" value=""/>
         <property name="devicePlatform" value=""/>
         <property name="logFolder" value="C:\\Users\\shalinin\\Katalon Studio\\HME_Scripts\\Reports\\RegressionSuite\\20180604_151556"/>
         <property name="logFiles" value="C:\\Users\\shalinin\\Katalon Studio\\HME_Scripts\\Reports\\RegressionSuite\\20180604_151556\\execution0.log"/>
         <property name="attachments" value=""/>
         <property name="hostName" value="shalinin - NIBC2129.nousinfo.com"/>
         <property name="os" value="Windows 7 64bit"/>
         <property name="katalonVersion" value="5.3.1.1"/>
         <property name="browser" value="Chrome 66.0.3359.181"/>
         <property name="hostAddress" value="10.10.50.72"/>
         <property name="sessionId" value="a982ac2dd9e88efaf1ef40448f79a8bf"/>
         <property name="seleniumVersion" value="3.7.1"/>
         <property name="proxyInformation" value="ProxyInformation{proxyOption=NO_PROXY, proxyServerType=HTTP, password=, proxyServerAddress=, proxyServerPort=0}"/>
         <property name="platform" value="Windows 7"/>
      </properties>
      <testcase name="Test Cases/SummaryReportsTC/HME-Summary Report-04" classname="Test Cases/SummaryReportsTC/HME-Summary Report-04" status="FAILED">
         <failure type="FAILED" message="org.codehaus.groovy.runtime.powerassert.PowerAssertionError: assert TCflag==true
       |     |
       false false"/>
         <system-out><![CDATA[2018-06-04 15:15:59 - [TEST_CASE][FAILED] - Test Cases/SummaryReportsTC/HME-Summary Report-04: Test Cases/SummaryReportsTC/HME-Summary Report-04 FAILED because (of) org.codehaus.groovy.runtime.powerassert.PowerAssertionError: assert TCflag==true
       |     |
       false false

2018-06-04 15:15:59 - [TEST_STEP][PASSED] - Start listener action : sampleBeforeTestCase: uiaction.CommonUIActions.deleteAllCookies is PASSED

2018-06-04 15:15:59 - [TEST_STEP][PASSED] - openBrowser: Browser is opened with url: ''

2018-06-04 15:16:02 - [MESSAGE][PASSED] - Browser is opened with url: ''

2018-06-04 15:16:02 - [TEST_STEP][PASSED] - maximizeWindow: Current window maximized

2018-06-04 15:16:03 - [MESSAGE][PASSED] - Current window maximized

2018-06-04 15:16:03 - [TEST_STEP][PASSED] - uiaction.CommonUIActions.deleteAllCookies: uiaction.CommonUIActions.deleteAllCookies is PASSED

2018-06-04 15:16:04 - [MESSAGE][PASSED] - Delete all cookies successfully

2018-06-04 15:16:04 - [MESSAGE][PASSED] - uiaction.CommonUIActions.deleteAllCookies is PASSED

2018-06-04 15:16:04 - [TEST_STEP][PASSED] - Statement - TCflag = true: null

2018-06-04 15:16:04 - [TEST_STEP][PASSED] - Statement - Try: null

2018-06-04 15:16:04 - [TEST_STEP][PASSED] - navigateToUrl: Navigate to 'https://hme-dev-public-cloud-app.azurewebsites.net/' successfully

2018-06-04 15:16:22 - [MESSAGE][PASSED] - Navigate to 'https://hme-dev-public-cloud-app.azurewebsites.net/' successfully

2018-06-04 15:16:22 - [TEST_STEP][PASSED] - projectSpecific.Reusability.login: projectSpecific.Reusability.login is PASSED

2018-06-04 15:16:23 - [MESSAGE][PASSED] - projectSpecific.Reusability.getTestData is PASSED

2018-06-04 15:16:23 - [MESSAGE][PASSED] - projectSpecific.Reusability.getTestData is PASSED

2018-06-04 15:16:23 - [MESSAGE][PASSED] - Text 'selvendrank@nousinfo.com' is set on object 'Object Repository/LoginPage/Username'

2018-06-04 15:16:23 - [MESSAGE][PASSED] - Text 'nous;123' is set on object 'Object Repository/LoginPage/Password'

2018-06-04 15:16:23 - [MESSAGE][PASSED] - Object: 'Object Repository/LoginPage/Login' is clicked on

2018-06-04 15:16:23 - [MESSAGE][PASSED] - projectSpecific.Reusability.login is PASSED

2018-06-04 15:16:23 - [TEST_STEP][PASSED] - delay: Delayed 10 second(s)

2018-06-04 15:16:33 - [MESSAGE][PASSED] - Delayed 10 second(s)

2018-06-04 15:16:33 - [TEST_STEP][PASSED] - delay: Delayed 10 second(s)

2018-06-04 15:16:43 - [MESSAGE][PASSED] - Delayed 10 second(s)

2018-06-04 15:16:43 - [TEST_STEP][PASSED] - uiaction.CommonUIActions.click: uiaction.CommonUIActions.click is PASSED

2018-06-04 15:16:45 - [MESSAGE][PASSED] - uiaction.CommonUIActions.click is PASSED

2018-06-04 15:16:45 - [TEST_STEP][PASSED] - uiaction.CommonUIActions.click: uiaction.CommonUIActions.click is PASSED

2018-06-04 15:16:47 - [MESSAGE][PASSED] - uiaction.CommonUIActions.click is PASSED

2018-06-04 15:16:47 - [TEST_STEP][PASSED] - uiaction.CommonUIActions.click: uiaction.CommonUIActions.click is PASSED

2018-06-04 15:16:48 - [MESSAGE][PASSED] - uiaction.CommonUIActions.click is PASSED

2018-06-04 15:16:48 - [TEST_STEP][PASSED] - uiaction.CommonUIActions.click: uiaction.CommonUIActions.click is PASSED

2018-06-04 15:16:48 - [MESSAGE][PASSED] - uiaction.CommonUIActions.click is PASSED

2018-06-04 15:16:48 - [TEST_STEP][PASSED] - uiaction.CommonUIActions.enter: uiaction.CommonUIActions.enter is PASSED

2018-06-04 15:16:48 - [MESSAGE][PASSED] - projectSpecific.Reusability.getTestData is PASSED

2018-06-04 15:16:48 - [MESSAGE][PASSED] - uiaction.CommonUIActions.enter is PASSED

2018-06-04 15:16:48 - [TEST_STEP][PASSED] - uiaction.CommonUIActions.enter: uiaction.CommonUIActions.enter is PASSED

2018-06-04 15:16:48 - [MESSAGE][PASSED] - projectSpecific.Reusability.getTestData is PASSED

2018-06-04 15:16:48 - [MESSAGE][PASSED] - uiaction.CommonUIActions.enter is PASSED

2018-06-04 15:16:48 - [TEST_STEP][PASSED] - delay: Delayed 10 second(s)

2018-06-04 15:16:58 - [MESSAGE][PASSED] - Delayed 10 second(s)

2018-06-04 15:16:58 - [TEST_STEP][PASSED] - Statement - groupmain = CustomKeywords.projectSpecific.Reusability.getTestData("ReportingGroupManagementPage", "Summarygrp"): projectSpecific.Reusability.getTestData is PASSED

2018-06-04 15:16:59 - [MESSAGE][PASSED] - projectSpecific.Reusability.getTestData is PASSED

2018-06-04 15:16:59 - [TEST_STEP][PASSED] - Statement - driver = com.kms.katalon.core.webui.driver.DriverFactory.getWebDriver(): null

2018-06-04 15:16:59 - [TEST_STEP][PASSED] - Statement - grouplist = driver.findElements(org.openqa.selenium.By.xpath("//ul[@class='unlinked-grouplist']/li")): null

2018-06-04 15:16:59 - [TEST_STEP][PASSED] - delay: Delayed 10 second(s)

2018-06-04 15:17:09 - [MESSAGE][PASSED] - Delayed 10 second(s)

2018-06-04 15:17:09 - [TEST_STEP][PASSED] - Statement - For ([i = 0, i < 50, (i++)]): null

2018-06-04 15:17:09 - [TEST_STEP][PASSED] - Statement - println(grouplist.get(i).getText()): null

2018-06-04 15:17:09 - [TEST_STEP][PASSED] - Statement - If (grouplist.get(i).getText().contains("0000")): null

2018-06-04 15:17:09 - [TEST_STEP][PASSED] - Statement - println(grouplist.get(i).getText()): null

2018-06-04 15:17:09 - [TEST_STEP][PASSED] - Statement - If (grouplist.get(i).getText().contains("0000")): null

2018-06-04 15:17:09 - [TEST_STEP][PASSED] - Statement - println(grouplist.get(i).getText()): null

2018-06-04 15:17:09 - [TEST_STEP][PASSED] - Statement - If (grouplist.get(i).getText().contains("0000")): null

2018-06-04 15:17:09 - [TEST_STEP][PASSED] - Statement - println(grouplist.get(i).getText()): null

2018-06-04 15:17:09 - [TEST_STEP][PASSED] - Statement - If (grouplist.get(i).getText().contains("0000")): null

2018-06-04 15:17:09 - [TEST_STEP][PASSED] - Statement - println(grouplist.get(i).getText()): null

2018-06-04 15:17:09 - [TEST_STEP][PASSED] - Statement - If (grouplist.get(i).getText().contains("0000")): null

2018-06-04 15:17:09 - [TEST_STEP][PASSED] - Statement - println(grouplist.get(i).getText()): null

2018-06-04 15:17:09 - [TEST_STEP][PASSED] - Statement - If (grouplist.get(i).getText().contains("0000")): null

2018-06-04 15:17:09 - [TEST_STEP][PASSED] - Statement - println(grouplist.get(i).getText()): null

2018-06-04 15:17:09 - [TEST_STEP][PASSED] - Statement - If (grouplist.get(i).getText().contains("0000")): null

2018-06-04 15:17:09 - [TEST_STEP][PASSED] - Statement - println(grouplist.get(i).getText()): null

2018-06-04 15:17:09 - [TEST_STEP][PASSED] - Statement - If (grouplist.get(i).getText().contains("0000")): null

2018-06-04 15:17:09 - [TEST_STEP][PASSED] - Statement - println(grouplist.get(i).getText()): null

2018-06-04 15:17:09 - [TEST_STEP][PASSED] - Statement - If (grouplist.get(i).getText().contains("0000")): null

2018-06-04 15:17:09 - [TEST_STEP][PASSED] - Statement - println(grouplist.get(i).getText()): null

2018-06-04 15:17:09 - [TEST_STEP][PASSED] - Statement - If (grouplist.get(i).getText().contains("0000")): null

2018-06-04 15:17:09 - [TEST_STEP][PASSED] - Statement - println(grouplist.get(i).getText()): null

2018-06-04 15:17:09 - [TEST_STEP][PASSED] - Statement - If (grouplist.get(i).getText().contains("0000")): null

2018-06-04 15:17:09 - [TEST_STEP][PASSED] - Statement - println(grouplist.get(i).getText()): null

2018-06-04 15:17:09 - [TEST_STEP][PASSED] - Statement - If (grouplist.get(i).getText().contains("0000")): null

2018-06-04 15:17:09 - [TEST_STEP][PASSED] - Statement - driver.findElement(org.openqa.selenium.By.xpath("(//ul[@class='unlinked-grouplist']/li/label)[" + i + 1 + "]")).click(): null

2018-06-04 15:17:09 - [TEST_STEP][PASSED] - Statement - println(grouplist.get(i).getText()): null

2018-06-04 15:17:09 - [TEST_STEP][PASSED] - Statement - If (grouplist.get(i).getText().contains("0000")): null

2018-06-04 15:17:09 - [TEST_STEP][PASSED] - Statement - driver.findElement(org.openqa.selenium.By.xpath("(//ul[@class='unlinked-grouplist']/li/label)[" + i + 1 + "]")).click(): null

2018-06-04 15:17:09 - [TEST_STEP][PASSED] - Statement - println(grouplist.get(i).getText()): null

2018-06-04 15:17:09 - [TEST_STEP][PASSED] - Statement - If (grouplist.get(i).getText().contains("0000")): null

2018-06-04 15:17:09 - [TEST_STEP][PASSED] - Statement - driver.findElement(org.openqa.selenium.By.xpath("(//ul[@class='unlinked-grouplist']/li/label)[" + i + 1 + "]")).click(): null

2018-06-04 15:17:09 - [TEST_STEP][PASSED] - Statement - println(grouplist.get(i).getText()): null

2018-06-04 15:17:09 - [TEST_STEP][PASSED] - Statement - If (grouplist.get(i).getText().contains("0000")): null

2018-06-04 15:17:09 - [TEST_STEP][PASSED] - Statement - driver.findElement(org.openqa.selenium.By.xpath("(//ul[@class='unlinked-grouplist']/li/label)[" + i + 1 + "]")).click(): null

2018-06-04 15:17:09 - [TEST_STEP][PASSED] - Statement - println(grouplist.get(i).getText()): null

2018-06-04 15:17:09 - [TEST_STEP][PASSED] - Statement - If (grouplist.get(i).getText().contains("0000")): null

2018-06-04 15:17:09 - [TEST_STEP][PASSED] - Statement - driver.findElement(org.openqa.selenium.By.xpath("(//ul[@class='unlinked-grouplist']/li/label)[" + i + 1 + "]")).click(): null

2018-06-04 15:17:09 - [TEST_STEP][PASSED] - Statement - println(grouplist.get(i).getText()): null

2018-06-04 15:17:09 - [TEST_STEP][PASSED] - Statement - If (grouplist.get(i).getText().contains("0000")): null

2018-06-04 15:17:09 - [TEST_STEP][PASSED] - Statement - driver.findElement(org.openqa.selenium.By.xpath("(//ul[@class='unlinked-grouplist']/li/label)[" + i + 1 + "]")).click(): null

2018-06-04 15:17:10 - [TEST_STEP][PASSED] - Statement - println(grouplist.get(i).getText()): null

2018-06-04 15:17:10 - [TEST_STEP][PASSED] - Statement - If (grouplist.get(i).getText().contains("0000")): null

2018-06-04 15:17:10 - [TEST_STEP][PASSED] - Statement - driver.findElement(org.openqa.selenium.By.xpath("(//ul[@class='unlinked-grouplist']/li/label)[" + i + 1 + "]")).click(): null

2018-06-04 15:17:10 - [TEST_STEP][PASSED] - Statement - println(grouplist.get(i).getText()): null

2018-06-04 15:17:10 - [TEST_STEP][PASSED] - Statement - If (grouplist.get(i).getText().contains("0000")): null

2018-06-04 15:17:10 - [TEST_STEP][PASSED] - Statement - driver.findElement(org.openqa.selenium.By.xpath("(//ul[@class='unlinked-grouplist']/li/label)[" + i + 1 + "]")).click(): null

2018-06-04 15:17:10 - [TEST_STEP][PASSED] - Statement - println(grouplist.get(i).getText()): null

2018-06-04 15:17:10 - [TEST_STEP][PASSED] - Statement - If (grouplist.get(i).getText().contains("0000")): null

2018-06-04 15:17:10 - [TEST_STEP][PASSED] - Statement - driver.findElement(org.openqa.selenium.By.xpath("(//ul[@class='unlinked-grouplist']/li/label)[" + i + 1 + "]")).click(): null

2018-06-04 15:17:10 - [TEST_STEP][PASSED] - Statement - println(grouplist.get(i).getText()): null

2018-06-04 15:17:10 - [TEST_STEP][PASSED] - Statement - If (grouplist.get(i).getText().contains("0000")): null

2018-06-04 15:17:10 - [TEST_STEP][PASSED] - Statement - driver.findElement(org.openqa.selenium.By.xpath("(//ul[@class='unlinked-grouplist']/li/label)[" + i + 1 + "]")).click(): null

2018-06-04 15:17:10 - [TEST_STEP][PASSED] - Statement - println(grouplist.get(i).getText()): null

2018-06-04 15:17:10 - [TEST_STEP][PASSED] - Statement - If (grouplist.get(i).getText().contains("0000")): null

2018-06-04 15:17:10 - [TEST_STEP][PASSED] - Statement - driver.findElement(org.openqa.selenium.By.xpath("(//ul[@class='unlinked-grouplist']/li/label)[" + i + 1 + "]")).click(): null

2018-06-04 15:17:10 - [TEST_STEP][PASSED] - Statement - println(grouplist.get(i).getText()): null

2018-06-04 15:17:10 - [TEST_STEP][PASSED] - Statement - If (grouplist.get(i).getText().contains("0000")): null

2018-06-04 15:17:10 - [TEST_STEP][PASSED] - Statement - driver.findElement(org.openqa.selenium.By.xpath("(//ul[@class='unlinked-grouplist']/li/label)[" + i + 1 + "]")).click(): null

2018-06-04 15:17:10 - [TEST_STEP][PASSED] - Statement - println(grouplist.get(i).getText()): null

2018-06-04 15:17:10 - [TEST_STEP][PASSED] - Statement - If (grouplist.get(i).getText().contains("0000")): null

2018-06-04 15:17:10 - [TEST_STEP][PASSED] - Statement - driver.findElement(org.openqa.selenium.By.xpath("(//ul[@class='unlinked-grouplist']/li/label)[" + i + 1 + "]")).click(): null

2018-06-04 15:17:10 - [TEST_STEP][PASSED] - Statement - println(grouplist.get(i).getText()): null

2018-06-04 15:17:10 - [TEST_STEP][PASSED] - Statement - If (grouplist.get(i).getText().contains("0000")): null

2018-06-04 15:17:10 - [TEST_STEP][PASSED] - Statement - driver.findElement(org.openqa.selenium.By.xpath("(//ul[@class='unlinked-grouplist']/li/label)[" + i + 1 + "]")).click(): null

2018-06-04 15:17:10 - [TEST_STEP][PASSED] - Statement - println(grouplist.get(i).getText()): null

2018-06-04 15:17:10 - [TEST_STEP][PASSED] - Statement - If (grouplist.get(i).getText().contains("0000")): null

2018-06-04 15:17:10 - [TEST_STEP][PASSED] - Statement - driver.findElement(org.openqa.selenium.By.xpath("(//ul[@class='unlinked-grouplist']/li/label)[" + i + 1 + "]")).click(): null

2018-06-04 15:17:10 - [TEST_STEP][PASSED] - Statement - println(grouplist.get(i).getText()): null

2018-06-04 15:17:10 - [TEST_STEP][PASSED] - Statement - If (grouplist.get(i).getText().contains("0000")): null

2018-06-04 15:17:10 - [TEST_STEP][PASSED] - Statement - driver.findElement(org.openqa.selenium.By.xpath("(//ul[@class='unlinked-grouplist']/li/label)[" + i + 1 + "]")).click(): null

2018-06-04 15:17:10 - [TEST_STEP][PASSED] - Statement - println(grouplist.get(i).getText()): null

2018-06-04 15:17:10 - [TEST_STEP][PASSED] - Statement - If (grouplist.get(i).getText().contains("0000")): null

2018-06-04 15:17:10 - [TEST_STEP][PASSED] - Statement - driver.findElement(org.openqa.selenium.By.xpath("(//ul[@class='unlinked-grouplist']/li/label)[" + i + 1 + "]")).click(): null

2018-06-04 15:17:11 - [TEST_STEP][PASSED] - Statement - println(grouplist.get(i).getText()): null

2018-06-04 15:17:11 - [TEST_STEP][PASSED] - Statement - If (grouplist.get(i).getText().contains("0000")): null

2018-06-04 15:17:11 - [TEST_STEP][PASSED] - Statement - driver.findElement(org.openqa.selenium.By.xpath("(//ul[@class='unlinked-grouplist']/li/label)[" + i + 1 + "]")).click(): null

2018-06-04 15:17:11 - [TEST_STEP][PASSED] - Statement - println(grouplist.get(i).getText()): null

2018-06-04 15:17:11 - [TEST_STEP][PASSED] - Statement - If (grouplist.get(i).getText().contains("0000")): null

2018-06-04 15:17:11 - [TEST_STEP][PASSED] - Statement - driver.findElement(org.openqa.selenium.By.xpath("(//ul[@class='unlinked-grouplist']/li/label)[" + i + 1 + "]")).click(): null

2018-06-04 15:17:11 - [TEST_STEP][PASSED] - Statement - println(grouplist.get(i).getText()): null

2018-06-04 15:17:11 - [TEST_STEP][PASSED] - Statement - If (grouplist.get(i).getText().contains("0000")): null

2018-06-04 15:17:11 - [TEST_STEP][PASSED] - Statement - driver.findElement(org.openqa.selenium.By.xpath("(//ul[@class='unlinked-grouplist']/li/label)[" + i + 1 + "]")).click(): null

2018-06-04 15:17:11 - [TEST_STEP][PASSED] - Statement - println(grouplist.get(i).getText()): null

2018-06-04 15:17:11 - [TEST_STEP][PASSED] - Statement - If (grouplist.get(i).getText().contains("0000")): null

2018-06-04 15:17:11 - [TEST_STEP][PASSED] - Statement - driver.findElement(org.openqa.selenium.By.xpath("(//ul[@class='unlinked-grouplist']/li/label)[" + i + 1 + "]")).click(): null

2018-06-04 15:17:11 - [TEST_STEP][PASSED] - Statement - println(grouplist.get(i).getText()): null

2018-06-04 15:17:11 - [TEST_STEP][PASSED] - Statement - If (grouplist.get(i).getText().contains("0000")): null

2018-06-04 15:17:11 - [TEST_STEP][PASSED] - Statement - driver.findElement(org.openqa.selenium.By.xpath("(//ul[@class='unlinked-grouplist']/li/label)[" + i + 1 + "]")).click(): null

2018-06-04 15:17:11 - [TEST_STEP][PASSED] - Statement - println(grouplist.get(i).getText()): null

2018-06-04 15:17:11 - [TEST_STEP][PASSED] - Statement - If (grouplist.get(i).getText().contains("0000")): null

2018-06-04 15:17:11 - [TEST_STEP][PASSED] - Statement - driver.findElement(org.openqa.selenium.By.xpath("(//ul[@class='unlinked-grouplist']/li/label)[" + i + 1 + "]")).click(): null

2018-06-04 15:17:11 - [TEST_STEP][PASSED] - Statement - println(grouplist.get(i).getText()): null

2018-06-04 15:17:11 - [TEST_STEP][PASSED] - Statement - If (grouplist.get(i).getText().contains("0000")): null

2018-06-04 15:17:11 - [TEST_STEP][PASSED] - Statement - driver.findElement(org.openqa.selenium.By.xpath("(//ul[@class='unlinked-grouplist']/li/label)[" + i + 1 + "]")).click(): null

2018-06-04 15:17:11 - [TEST_STEP][PASSED] - Statement - println(grouplist.get(i).getText()): null

2018-06-04 15:17:11 - [TEST_STEP][PASSED] - Statement - If (grouplist.get(i).getText().contains("0000")): null

2018-06-04 15:17:11 - [TEST_STEP][PASSED] - Statement - driver.findElement(org.openqa.selenium.By.xpath("(//ul[@class='unlinked-grouplist']/li/label)[" + i + 1 + "]")).click(): null

2018-06-04 15:17:11 - [TEST_STEP][PASSED] - Statement - println(grouplist.get(i).getText()): null

2018-06-04 15:17:11 - [TEST_STEP][PASSED] - Statement - If (grouplist.get(i).getText().contains("0000")): null

2018-06-04 15:17:11 - [TEST_STEP][PASSED] - Statement - driver.findElement(org.openqa.selenium.By.xpath("(//ul[@class='unlinked-grouplist']/li/label)[" + i + 1 + "]")).click(): null

2018-06-04 15:17:11 - [TEST_STEP][PASSED] - Statement - println(grouplist.get(i).getText()): null

2018-06-04 15:17:11 - [TEST_STEP][PASSED] - Statement - If (grouplist.get(i).getText().contains("0000")): null

2018-06-04 15:17:11 - [TEST_STEP][PASSED] - Statement - driver.findElement(org.openqa.selenium.By.xpath("(//ul[@class='unlinked-grouplist']/li/label)[" + i + 1 + "]")).click(): null

2018-06-04 15:17:11 - [TEST_STEP][PASSED] - Statement - println(grouplist.get(i).getText()): null

2018-06-04 15:17:11 - [TEST_STEP][PASSED] - Statement - If (grouplist.get(i).getText().contains("0000")): null

2018-06-04 15:17:11 - [TEST_STEP][PASSED] - Statement - driver.findElement(org.openqa.selenium.By.xpath("(//ul[@class='unlinked-grouplist']/li/label)[" + i + 1 + "]")).click(): null

2018-06-04 15:17:12 - [TEST_STEP][PASSED] - Statement - println(grouplist.get(i).getText()): null

2018-06-04 15:17:12 - [TEST_STEP][PASSED] - Statement - If (grouplist.get(i).getText().contains("0000")): null

2018-06-04 15:17:12 - [TEST_STEP][PASSED] - Statement - driver.findElement(org.openqa.selenium.By.xpath("(//ul[@class='unlinked-grouplist']/li/label)[" + i + 1 + "]")).click(): null

2018-06-04 15:17:12 - [TEST_STEP][PASSED] - Statement - println(grouplist.get(i).getText()): null

2018-06-04 15:17:12 - [TEST_STEP][PASSED] - Statement - If (grouplist.get(i).getText().contains("0000")): null

2018-06-04 15:17:12 - [TEST_STEP][PASSED] - Statement - driver.findElement(org.openqa.selenium.By.xpath("(//ul[@class='unlinked-grouplist']/li/label)[" + i + 1 + "]")).click(): null

2018-06-04 15:17:12 - [TEST_STEP][PASSED] - Statement - println(grouplist.get(i).getText()): null

2018-06-04 15:17:12 - [TEST_STEP][PASSED] - Statement - If (grouplist.get(i).getText().contains("0000")): null

2018-06-04 15:17:12 - [TEST_STEP][PASSED] - Statement - driver.findElement(org.openqa.selenium.By.xpath("(//ul[@class='unlinked-grouplist']/li/label)[" + i + 1 + "]")).click(): null

2018-06-04 15:17:12 - [TEST_STEP][PASSED] - Statement - println(grouplist.get(i).getText()): null

2018-06-04 15:17:12 - [TEST_STEP][PASSED] - Statement - If (grouplist.get(i).getText().contains("0000")): null

2018-06-04 15:17:12 - [TEST_STEP][PASSED] - Statement - driver.findElement(org.openqa.selenium.By.xpath("(//ul[@class='unlinked-grouplist']/li/label)[" + i + 1 + "]")).click(): null

2018-06-04 15:17:12 - [TEST_STEP][PASSED] - Statement - println(grouplist.get(i).getText()): null

2018-06-04 15:17:12 - [TEST_STEP][PASSED] - Statement - If (grouplist.get(i).getText().contains("0000")): null

2018-06-04 15:17:12 - [TEST_STEP][PASSED] - Statement - driver.findElement(org.openqa.selenium.By.xpath("(//ul[@class='unlinked-grouplist']/li/label)[" + i + 1 + "]")).click(): null

2018-06-04 15:17:12 - [TEST_STEP][PASSED] - Statement - println(grouplist.get(i).getText()): null

2018-06-04 15:17:12 - [TEST_STEP][PASSED] - Statement - If (grouplist.get(i).getText().contains("0000")): null

2018-06-04 15:17:12 - [TEST_STEP][PASSED] - Statement - driver.findElement(org.openqa.selenium.By.xpath("(//ul[@class='unlinked-grouplist']/li/label)[" + i + 1 + "]")).click(): null

2018-06-04 15:17:12 - [TEST_STEP][PASSED] - Statement - println(grouplist.get(i).getText()): null

2018-06-04 15:17:12 - [TEST_STEP][PASSED] - Statement - If (grouplist.get(i).getText().contains("0000")): null

2018-06-04 15:17:12 - [TEST_STEP][PASSED] - Statement - driver.findElement(org.openqa.selenium.By.xpath("(//ul[@class='unlinked-grouplist']/li/label)[" + i + 1 + "]")).click(): null

2018-06-04 15:17:12 - [TEST_STEP][PASSED] - Statement - println(grouplist.get(i).getText()): null

2018-06-04 15:17:12 - [TEST_STEP][PASSED] - Statement - If (grouplist.get(i).getText().contains("0000")): null

2018-06-04 15:17:12 - [TEST_STEP][PASSED] - Statement - driver.findElement(org.openqa.selenium.By.xpath("(//ul[@class='unlinked-grouplist']/li/label)[" + i + 1 + "]")).click(): null

2018-06-04 15:17:12 - [TEST_STEP][PASSED] - Statement - println(grouplist.get(i).getText()): null

2018-06-04 15:17:12 - [TEST_STEP][PASSED] - Statement - If (grouplist.get(i).getText().contains("0000")): null

2018-06-04 15:17:12 - [TEST_STEP][PASSED] - Statement - driver.findElement(org.openqa.selenium.By.xpath("(//ul[@class='unlinked-grouplist']/li/label)[" + i + 1 + "]")).click(): null

2018-06-04 15:17:12 - [TEST_STEP][PASSED] - Statement - println(grouplist.get(i).getText()): null

2018-06-04 15:17:12 - [TEST_STEP][PASSED] - Statement - If (grouplist.get(i).getText().contains("0000")): null

2018-06-04 15:17:12 - [TEST_STEP][PASSED] - Statement - driver.findElement(org.openqa.selenium.By.xpath("(//ul[@class='unlinked-grouplist']/li/label)[" + i + 1 + "]")).click(): null

2018-06-04 15:17:12 - [TEST_STEP][PASSED] - Statement - println(grouplist.get(i).getText()): null

2018-06-04 15:17:12 - [TEST_STEP][PASSED] - Statement - If (grouplist.get(i).getText().contains("0000")): null

2018-06-04 15:17:12 - [TEST_STEP][PASSED] - Statement - driver.findElement(org.openqa.selenium.By.xpath("(//ul[@class='unlinked-grouplist']/li/label)[" + i + 1 + "]")).click(): null

2018-06-04 15:17:13 - [TEST_STEP][PASSED] - Statement - driver.findElement(org.openqa.selenium.By.xpath("//button[contains(text(),'>')]")).click(): null

2018-06-04 15:17:13 - [TEST_STEP][PASSED] - delay: Delayed 10 second(s)

2018-06-04 15:17:23 - [MESSAGE][PASSED] - Delayed 10 second(s)

2018-06-04 15:17:23 - [TEST_STEP][PASSED] - uiaction.CommonUIActions.click: uiaction.CommonUIActions.click is PASSED

2018-06-04 15:17:23 - [MESSAGE][PASSED] - uiaction.CommonUIActions.click is PASSED

2018-06-04 15:17:23 - [TEST_STEP][PASSED] - uiaction.CommonUIActions.click: uiaction.CommonUIActions.click is PASSED

2018-06-04 15:17:23 - [MESSAGE][PASSED] - uiaction.CommonUIActions.click is PASSED

2018-06-04 15:17:23 - [TEST_STEP][PASSED] - delay: Delayed 10 second(s)

2018-06-04 15:17:33 - [MESSAGE][PASSED] - Delayed 10 second(s)

2018-06-04 15:17:33 - [TEST_STEP][PASSED] - uiaction.CommonUIActions.click: uiaction.CommonUIActions.click is PASSED

2018-06-04 15:17:33 - [MESSAGE][PASSED] - uiaction.CommonUIActions.click is PASSED

2018-06-04 15:17:33 - [TEST_STEP][PASSED] - delay: Delayed 10 second(s)

2018-06-04 15:17:43 - [MESSAGE][PASSED] - Delayed 10 second(s)

2018-06-04 15:17:43 - [TEST_STEP][PASSED] - Statement - driver.findElement(org.openqa.selenium.By.xpath("//span[contains(text(),'" + groupmain + "')]/../../../../span[2]")).click(): null

2018-06-04 15:17:43 - [TEST_STEP][PASSED] - Statement - Catch (Exception e): null

2018-06-04 15:17:43 - [TEST_STEP][PASSED] - Statement - e.printStackTrace(): null

2018-06-04 15:17:43 - [TEST_STEP][PASSED] - Statement - println("Exception of element not found"): null

2018-06-04 15:17:43 - [TEST_STEP][PASSED] - Statement - If (TCflag): null

2018-06-04 15:17:43 - [TEST_STEP][PASSED] - Statement - assert TCflag == true: null

2018-06-04 15:17:43 - [TEST_STEP][PASSED] - Start listener action : sampleAfterTestCase: Browser is closed

2018-06-04 15:17:43 - [TEST_STEP][PASSED] - Statement - println(testCaseContext.getTestCaseId()): null

2018-06-04 15:17:43 - [TEST_STEP][PASSED] - Statement - println(testCaseContext.getTestCaseStatus()): null

2018-06-04 15:17:43 - [TEST_STEP][PASSED] - closeBrowser: Browser is closed

2018-06-04 15:17:44 - [MESSAGE][PASSED] - Browser is closed]]></system-out>
         <system-err><![CDATA[2018-06-04 15:15:59 - [TEST_CASE][FAILED] - Test Cases/SummaryReportsTC/HME-Summary Report-04: Test Cases/SummaryReportsTC/HME-Summary Report-04 FAILED because (of) org.codehaus.groovy.runtime.powerassert.PowerAssertionError: assert TCflag==true
       |     |
       false false]]></system-err>
      </testcase>
      <testcase name="Test Cases/SummaryReportsTC/HME-Summary Report-05" classname="Test Cases/SummaryReportsTC/HME-Summary Report-05" status="FAILED">
         <failure type="FAILED" message="Unable to verify match between actual text 'Menu Board' and expected text 'Menu Board1' (Root cause: Actual text 'Menu Board' and expected text 'Menu Board1' are not matched)"/>
         <system-out><![CDATA[2018-06-04 15:17:44 - [TEST_CASE][FAILED] - Test Cases/SummaryReportsTC/HME-Summary Report-05: Test Cases/SummaryReportsTC/HME-Summary Report-05 FAILED because (of) Unable to verify match between actual text 'Menu Board' and expected text 'Menu Board1' (Root cause: Actual text 'Menu Board' and expected text 'Menu Board1' are not matched)

2018-06-04 15:17:44 - [TEST_STEP][PASSED] - Start listener action : sampleBeforeTestCase: uiaction.CommonUIActions.deleteAllCookies is PASSED

2018-06-04 15:17:44 - [TEST_STEP][PASSED] - openBrowser: Browser is opened with url: ''

2018-06-04 15:17:46 - [MESSAGE][PASSED] - Browser is opened with url: ''

2018-06-04 15:17:46 - [TEST_STEP][PASSED] - maximizeWindow: Current window maximized

2018-06-04 15:17:47 - [MESSAGE][PASSED] - Current window maximized

2018-06-04 15:17:47 - [TEST_STEP][PASSED] - uiaction.CommonUIActions.deleteAllCookies: uiaction.CommonUIActions.deleteAllCookies is PASSED

2018-06-04 15:17:47 - [MESSAGE][PASSED] - Delete all cookies successfully

2018-06-04 15:17:47 - [MESSAGE][PASSED] - uiaction.CommonUIActions.deleteAllCookies is PASSED

2018-06-04 15:17:48 - [TEST_STEP][PASSED] - Statement - TCflag = true: null

2018-06-04 15:17:48 - [TEST_STEP][FAILED] - Statement - Try: uiaction.CommonUIActions.click is PASSED

2018-06-04 15:17:48 - [TEST_STEP][PASSED] - navigateToUrl: Navigate to 'https://hme-dev-public-cloud-app.azurewebsites.net/' successfully

2018-06-04 15:17:51 - [MESSAGE][PASSED] - Navigate to 'https://hme-dev-public-cloud-app.azurewebsites.net/' successfully

2018-06-04 15:17:51 - [TEST_STEP][PASSED] - projectSpecific.Reusability.login: projectSpecific.Reusability.login is PASSED

2018-06-04 15:17:51 - [MESSAGE][PASSED] - projectSpecific.Reusability.getTestData is PASSED

2018-06-04 15:17:51 - [MESSAGE][PASSED] - projectSpecific.Reusability.getTestData is PASSED

2018-06-04 15:17:51 - [MESSAGE][PASSED] - Text 'selvendrank@nousinfo.com' is set on object 'Object Repository/LoginPage/Username'

2018-06-04 15:17:51 - [MESSAGE][PASSED] - Text 'nous;123' is set on object 'Object Repository/LoginPage/Password'

2018-06-04 15:17:51 - [MESSAGE][PASSED] - Object: 'Object Repository/LoginPage/Login' is clicked on

2018-06-04 15:17:51 - [MESSAGE][PASSED] - projectSpecific.Reusability.login is PASSED

2018-06-04 15:17:51 - [TEST_STEP][PASSED] - delay: Delayed 15 second(s)

2018-06-04 15:18:06 - [MESSAGE][PASSED] - Delayed 15 second(s)

2018-06-04 15:18:06 - [TEST_STEP][PASSED] - uiaction.CommonUIActions.click: uiaction.CommonUIActions.click is PASSED

2018-06-04 15:18:13 - [MESSAGE][PASSED] - uiaction.CommonUIActions.click is PASSED

2018-06-04 15:18:13 - [TEST_STEP][PASSED] - delay: Delayed 10 second(s)

2018-06-04 15:18:23 - [MESSAGE][PASSED] - Delayed 10 second(s)

2018-06-04 15:18:23 - [TEST_STEP][PASSED] - uiaction.CommonUIActions.click: uiaction.CommonUIActions.click is PASSED

2018-06-04 15:18:24 - [MESSAGE][PASSED] - uiaction.CommonUIActions.click is PASSED

2018-06-04 15:18:24 - [TEST_STEP][PASSED] - delay: Delayed 15 second(s)

2018-06-04 15:18:39 - [MESSAGE][PASSED] - Delayed 15 second(s)

2018-06-04 15:18:39 - [TEST_STEP][PASSED] - Statement - driver = com.kms.katalon.core.webui.driver.DriverFactory.getWebDriver(): null

2018-06-04 15:18:39 - [TEST_STEP][PASSED] - Statement - storeGrpList = driver.findElements(org.openqa.selenium.By.xpath(com.kms.katalon.core.testdata.TestDataFactory.findTestData(OR_file).getValue(2, 26))): Reading excel file with source file 'C:\Users\shalinin\Katalon Studio\HME_Scripts\Data Files\HME_OR.xlsx' and sheet name 'Sheet1'

2018-06-04 15:18:39 - [TEST_STEP][PASSED] - Statement - size = storeGrpList.size(): null

2018-06-04 15:18:39 - [TEST_STEP][PASSED] - Statement - index = 0: null

2018-06-04 15:18:39 - [TEST_STEP][PASSED] - Statement - pattern = java.util.regex.Pattern.compile("[0-9]+"): null

2018-06-04 15:18:39 - [TEST_STEP][PASSED] - Statement - For ([i = 0, i < size, (i++)]): null

2018-06-04 15:18:39 - [TEST_STEP][PASSED] - Statement - txt = storeGrpList.get(i).getText(): null

2018-06-04 15:18:39 - [TEST_STEP][PASSED] - Statement - index = i + 1: null

2018-06-04 15:18:39 - [TEST_STEP][PASSED] - Statement - matched = pattern.matcher(txt).matches(): null

2018-06-04 15:18:39 - [TEST_STEP][PASSED] - Statement - If (matched): null

2018-06-04 15:18:39 - [TEST_STEP][PASSED] - Statement - txt = storeGrpList.get(i).getText(): null

2018-06-04 15:18:39 - [TEST_STEP][PASSED] - Statement - index = i + 1: null

2018-06-04 15:18:39 - [TEST_STEP][PASSED] - Statement - matched = pattern.matcher(txt).matches(): null

2018-06-04 15:18:39 - [TEST_STEP][PASSED] - Statement - If (matched): null

2018-06-04 15:18:39 - [TEST_STEP][PASSED] - Statement - txt = storeGrpList.get(i).getText(): null

2018-06-04 15:18:39 - [TEST_STEP][PASSED] - Statement - index = i + 1: null

2018-06-04 15:18:39 - [TEST_STEP][PASSED] - Statement - matched = pattern.matcher(txt).matches(): null

2018-06-04 15:18:39 - [TEST_STEP][PASSED] - Statement - If (matched): null

2018-06-04 15:18:39 - [TEST_STEP][PASSED] - Statement - txt = storeGrpList.get(i).getText(): null

2018-06-04 15:18:39 - [TEST_STEP][PASSED] - Statement - index = i + 1: null

2018-06-04 15:18:39 - [TEST_STEP][PASSED] - Statement - matched = pattern.matcher(txt).matches(): null

2018-06-04 15:18:39 - [TEST_STEP][PASSED] - Statement - If (matched): null

2018-06-04 15:18:39 - [TEST_STEP][PASSED] - Statement - txt = storeGrpList.get(i).getText(): null

2018-06-04 15:18:40 - [TEST_STEP][PASSED] - Statement - index = i + 1: null

2018-06-04 15:18:40 - [TEST_STEP][PASSED] - Statement - matched = pattern.matcher(txt).matches(): null

2018-06-04 15:18:40 - [TEST_STEP][PASSED] - Statement - If (matched): null

2018-06-04 15:18:40 - [TEST_STEP][PASSED] - Statement - txt = storeGrpList.get(i).getText(): null

2018-06-04 15:18:40 - [TEST_STEP][PASSED] - Statement - index = i + 1: null

2018-06-04 15:18:40 - [TEST_STEP][PASSED] - Statement - matched = pattern.matcher(txt).matches(): null

2018-06-04 15:18:40 - [TEST_STEP][PASSED] - Statement - If (matched): null

2018-06-04 15:18:40 - [TEST_STEP][PASSED] - Statement - txt = storeGrpList.get(i).getText(): null

2018-06-04 15:18:40 - [TEST_STEP][PASSED] - Statement - index = i + 1: null

2018-06-04 15:18:40 - [TEST_STEP][PASSED] - Statement - matched = pattern.matcher(txt).matches(): null

2018-06-04 15:18:40 - [TEST_STEP][PASSED] - Statement - If (matched): null

2018-06-04 15:18:40 - [TEST_STEP][PASSED] - Statement - driver.findElement(org.openqa.selenium.By.xpath("//ul[@role='tree-node']/li[" + index + "]/span[2]")).click(): null

2018-06-04 15:18:40 - [TEST_STEP][PASSED] - Statement - Break: null

2018-06-04 15:18:40 - [TEST_STEP][PASSED] - delay: Delayed 5 second(s)

2018-06-04 15:18:45 - [MESSAGE][PASSED] - Delayed 5 second(s)

2018-06-04 15:18:45 - [TEST_STEP][PASSED] - click: Object: 'Object Repository/ReportsPage/timeSelection' is clicked on

2018-06-04 15:18:45 - [MESSAGE][PASSED] - Object: 'Object Repository/ReportsPage/timeSelection' is clicked on

2018-06-04 15:18:45 - [TEST_STEP][PASSED] - click: Object: 'Object Repository/ReportsPage/dayTimeOption' is clicked on

2018-06-04 15:18:45 - [MESSAGE][PASSED] - Object: 'Object Repository/ReportsPage/dayTimeOption' is clicked on

2018-06-04 15:18:45 - [TEST_STEP][PASSED] - verifyElementText: Actual text and expected text of test object 'Object Repository/ReportsPage/dayTimeOption' are matched.

2018-06-04 15:18:45 - [MESSAGE][PASSED] - projectSpecific.Reusability.getTestData is PASSED

2018-06-04 15:18:45 - [MESSAGE][PASSED] - Actual text and expected text of test object 'Object Repository/ReportsPage/dayTimeOption' are matched.

2018-06-04 15:18:45 - [TEST_STEP][PASSED] - delay: Delayed 5 second(s)

2018-06-04 15:18:50 - [MESSAGE][PASSED] - Delayed 5 second(s)

2018-06-04 15:18:50 - [TEST_STEP][PASSED] - click: Object: 'Object Repository/ReportsPage/fromDateSelector' is clicked on

2018-06-04 15:18:50 - [MESSAGE][PASSED] - Object: 'Object Repository/ReportsPage/fromDateSelector' is clicked on

2018-06-04 15:18:50 - [TEST_STEP][PASSED] - delay: Delayed 5 second(s)

2018-06-04 15:18:55 - [MESSAGE][PASSED] - Delayed 5 second(s)

2018-06-04 15:18:55 - [TEST_STEP][PASSED] - Statement - monthText = com.kms.katalon.core.webui.keyword.WebUiBuiltInKeywords.getText(com.kms.katalon.core.testobject.ObjectRepository.findTestObject(ReportsPage/monthText)): Text of object 'Object Repository/ReportsPage/monthText' is: 'June 2018'

2018-06-04 15:18:55 - [MESSAGE][PASSED] - Text of object 'Object Repository/ReportsPage/monthText' is: 'June 2018'

2018-06-04 15:18:55 - [TEST_STEP][PASSED] - Statement - monthTextArray = monthText.split(" "): null

2018-06-04 15:18:55 - [TEST_STEP][PASSED] - Statement - month = monthTextArray[0]: null

2018-06-04 15:18:55 - [TEST_STEP][PASSED] - Statement - monthTextValue = CustomKeywords.projectSpecific.Reusability.getTestData("ReportsPage", "Month"): projectSpecific.Reusability.getTestData is PASSED

2018-06-04 15:18:55 - [MESSAGE][PASSED] - projectSpecific.Reusability.getTestData is PASSED

2018-06-04 15:18:55 - [TEST_STEP][PASSED] - Statement - If (!(monthTextValue.equals(month))): null

2018-06-04 15:18:55 - [TEST_STEP][PASSED] - Statement - While (!(monthTextValue.equals(month))): null

2018-06-04 15:18:55 - [TEST_STEP][PASSED] - click: Object: 'Object Repository/ReportsPage/previousDateSelector' is clicked on

2018-06-04 15:18:55 - [MESSAGE][PASSED] - Object: 'Object Repository/ReportsPage/previousDateSelector' is clicked on

2018-06-04 15:18:55 - [TEST_STEP][PASSED] - Statement - monthText = com.kms.katalon.core.webui.keyword.WebUiBuiltInKeywords.getText(com.kms.katalon.core.testobject.ObjectRepository.findTestObject(ReportsPage/monthText)): Text of object 'Object Repository/ReportsPage/monthText' is: 'May 2018'

2018-06-04 15:18:55 - [MESSAGE][PASSED] - Text of object 'Object Repository/ReportsPage/monthText' is: 'May 2018'

2018-06-04 15:18:55 - [TEST_STEP][PASSED] - Statement - monthTextArray = monthText.split(" "): null

2018-06-04 15:18:55 - [TEST_STEP][PASSED] - Statement - month = monthTextArray[0]: null

2018-06-04 15:18:55 - [TEST_STEP][PASSED] - click: Object: 'Object Repository/ReportsPage/previousDateSelector' is clicked on

2018-06-04 15:18:55 - [MESSAGE][PASSED] - Object: 'Object Repository/ReportsPage/previousDateSelector' is clicked on

2018-06-04 15:18:55 - [TEST_STEP][PASSED] - Statement - monthText = com.kms.katalon.core.webui.keyword.WebUiBuiltInKeywords.getText(com.kms.katalon.core.testobject.ObjectRepository.findTestObject(ReportsPage/monthText)): Text of object 'Object Repository/ReportsPage/monthText' is: 'April 2018'

2018-06-04 15:18:55 - [MESSAGE][PASSED] - Text of object 'Object Repository/ReportsPage/monthText' is: 'April 2018'

2018-06-04 15:18:55 - [TEST_STEP][PASSED] - Statement - monthTextArray = monthText.split(" "): null

2018-06-04 15:18:55 - [TEST_STEP][PASSED] - Statement - month = monthTextArray[0]: null

2018-06-04 15:18:55 - [TEST_STEP][PASSED] - click: Object: 'Object Repository/ReportsPage/previousDateSelector' is clicked on

2018-06-04 15:18:55 - [MESSAGE][PASSED] - Object: 'Object Repository/ReportsPage/previousDateSelector' is clicked on

2018-06-04 15:18:55 - [TEST_STEP][PASSED] - Statement - monthText = com.kms.katalon.core.webui.keyword.WebUiBuiltInKeywords.getText(com.kms.katalon.core.testobject.ObjectRepository.findTestObject(ReportsPage/monthText)): Text of object 'Object Repository/ReportsPage/monthText' is: 'March 2018'

2018-06-04 15:18:55 - [MESSAGE][PASSED] - Text of object 'Object Repository/ReportsPage/monthText' is: 'March 2018'

2018-06-04 15:18:55 - [TEST_STEP][PASSED] - Statement - monthTextArray = monthText.split(" "): null

2018-06-04 15:18:55 - [TEST_STEP][PASSED] - Statement - month = monthTextArray[0]: null

2018-06-04 15:18:55 - [TEST_STEP][PASSED] - Statement - data = CustomKeywords.projectSpecific.Reusability.getTestData("ReportsPage", "StartDate"): projectSpecific.Reusability.getTestData is PASSED

2018-06-04 15:18:55 - [MESSAGE][PASSED] - projectSpecific.Reusability.getTestData is PASSED

2018-06-04 15:18:55 - [TEST_STEP][PASSED] - Statement - startDate = "(//td[text()='" + data + "'])[1]": null

2018-06-04 15:18:55 - [TEST_STEP][PASSED] - Statement - println(startDate): null

2018-06-04 15:18:55 - [TEST_STEP][PASSED] - Statement - startdateEle = driver.findElement(org.openqa.selenium.By.xpath(startDate)): null

2018-06-04 15:18:55 - [TEST_STEP][PASSED] - Statement - startdateEle.click(): null

2018-06-04 15:18:56 - [TEST_STEP][PASSED] - delay: Delayed 10 second(s)

2018-06-04 15:19:06 - [MESSAGE][PASSED] - Delayed 10 second(s)

2018-06-04 15:19:06 - [TEST_STEP][PASSED] - click: Object: 'Object Repository/ReportsPage/toDateSelector' is clicked on

2018-06-04 15:19:06 - [MESSAGE][PASSED] - Object: 'Object Repository/ReportsPage/toDateSelector' is clicked on

2018-06-04 15:19:06 - [TEST_STEP][PASSED] - Statement - monthText = com.kms.katalon.core.webui.keyword.WebUiBuiltInKeywords.getText(com.kms.katalon.core.testobject.ObjectRepository.findTestObject(ReportsPage/monthText2)): Text of object 'Object Repository/ReportsPage/monthText2' is: 'June 2018'

2018-06-04 15:19:06 - [MESSAGE][PASSED] - Text of object 'Object Repository/ReportsPage/monthText2' is: 'June 2018'

2018-06-04 15:19:06 - [TEST_STEP][PASSED] - Statement - monthTextArray = monthText.split(" "): null

2018-06-04 15:19:06 - [TEST_STEP][PASSED] - Statement - month = monthTextArray[0]: null

2018-06-04 15:19:06 - [TEST_STEP][PASSED] - Statement - monthTextValue1 = CustomKeywords.projectSpecific.Reusability.getTestData("ReportsPage", "Month"): projectSpecific.Reusability.getTestData is PASSED

2018-06-04 15:19:06 - [MESSAGE][PASSED] - projectSpecific.Reusability.getTestData is PASSED

2018-06-04 15:19:06 - [TEST_STEP][PASSED] - Statement - If (!(monthTextValue1.equals(month))): null

2018-06-04 15:19:06 - [TEST_STEP][PASSED] - Statement - While (!(monthTextValue1.equals(month))): null

2018-06-04 15:19:06 - [TEST_STEP][PASSED] - click: Object: 'Object Repository/ReportsPage/previousDateSelector2' is clicked on

2018-06-04 15:19:06 - [MESSAGE][PASSED] - Object: 'Object Repository/ReportsPage/previousDateSelector2' is clicked on

2018-06-04 15:19:06 - [TEST_STEP][PASSED] - Statement - monthText = com.kms.katalon.core.webui.keyword.WebUiBuiltInKeywords.getText(com.kms.katalon.core.testobject.ObjectRepository.findTestObject(ReportsPage/monthText2)): Text of object 'Object Repository/ReportsPage/monthText2' is: 'May 2018'

2018-06-04 15:19:06 - [MESSAGE][PASSED] - Text of object 'Object Repository/ReportsPage/monthText2' is: 'May 2018'

2018-06-04 15:19:06 - [TEST_STEP][PASSED] - Statement - monthTextArray = monthText.split(" "): null

2018-06-04 15:19:06 - [TEST_STEP][PASSED] - Statement - month = monthTextArray[0]: null

2018-06-04 15:19:06 - [TEST_STEP][PASSED] - click: Object: 'Object Repository/ReportsPage/previousDateSelector2' is clicked on

2018-06-04 15:19:06 - [MESSAGE][PASSED] - Object: 'Object Repository/ReportsPage/previousDateSelector2' is clicked on

2018-06-04 15:19:06 - [TEST_STEP][PASSED] - Statement - monthText = com.kms.katalon.core.webui.keyword.WebUiBuiltInKeywords.getText(com.kms.katalon.core.testobject.ObjectRepository.findTestObject(ReportsPage/monthText2)): Text of object 'Object Repository/ReportsPage/monthText2' is: 'April 2018'

2018-06-04 15:19:06 - [MESSAGE][PASSED] - Text of object 'Object Repository/ReportsPage/monthText2' is: 'April 2018'

2018-06-04 15:19:06 - [TEST_STEP][PASSED] - Statement - monthTextArray = monthText.split(" "): null

2018-06-04 15:19:06 - [TEST_STEP][PASSED] - Statement - month = monthTextArray[0]: null

2018-06-04 15:19:06 - [TEST_STEP][PASSED] - click: Object: 'Object Repository/ReportsPage/previousDateSelector2' is clicked on

2018-06-04 15:19:06 - [MESSAGE][PASSED] - Object: 'Object Repository/ReportsPage/previousDateSelector2' is clicked on

2018-06-04 15:19:06 - [TEST_STEP][PASSED] - Statement - monthText = com.kms.katalon.core.webui.keyword.WebUiBuiltInKeywords.getText(com.kms.katalon.core.testobject.ObjectRepository.findTestObject(ReportsPage/monthText2)): Text of object 'Object Repository/ReportsPage/monthText2' is: 'March 2018'

2018-06-04 15:19:06 - [MESSAGE][PASSED] - Text of object 'Object Repository/ReportsPage/monthText2' is: 'March 2018'

2018-06-04 15:19:06 - [TEST_STEP][PASSED] - Statement - monthTextArray = monthText.split(" "): null

2018-06-04 15:19:06 - [TEST_STEP][PASSED] - Statement - month = monthTextArray[0]: null

2018-06-04 15:19:06 - [TEST_STEP][PASSED] - Statement - endDate = CustomKeywords.projectSpecific.Reusability.getTestData("ReportsPage", "StartDate"): projectSpecific.Reusability.getTestData is PASSED

2018-06-04 15:19:06 - [MESSAGE][PASSED] - projectSpecific.Reusability.getTestData is PASSED

2018-06-04 15:19:06 - [TEST_STEP][PASSED] - Statement - toDate = "(//div[@class='rdt date-time rdtOpen']/div[@class='rdtPicker']/div/table/tbody/tr/td[text()='" + endDate + "'])[1]": null

2018-06-04 15:19:06 - [TEST_STEP][PASSED] - Statement - println(toDate): null

2018-06-04 15:19:06 - [TEST_STEP][PASSED] - Statement - toDateEle = driver.findElement(org.openqa.selenium.By.xpath(toDate)): null

2018-06-04 15:19:06 - [TEST_STEP][PASSED] - Statement - toDateEle.click(): null

2018-06-04 15:19:06 - [TEST_STEP][PASSED] - delay: Delayed 5 second(s)

2018-06-04 15:19:11 - [MESSAGE][PASSED] - Delayed 5 second(s)

2018-06-04 15:19:11 - [TEST_STEP][PASSED] - Statement - dateAttr = com.kms.katalon.core.webui.keyword.WebUiBuiltInKeywords.getAttribute(com.kms.katalon.core.testobject.ObjectRepository.findTestObject(ReportsPage/selectedDate1), "value"): Attribute 'value' of object 'Object Repository/ReportsPage/selectedDate1' is: '03/01/2018'

2018-06-04 15:19:11 - [MESSAGE][PASSED] - Attribute 'value' of object 'Object Repository/ReportsPage/selectedDate1' is: '03/01/2018'

2018-06-04 15:19:11 - [TEST_STEP][PASSED] - Statement - fromDateValue = CustomKeywords.projectSpecific.Reusability.getTestData("ReportsPage", "fromDate_march"): projectSpecific.Reusability.getTestData is PASSED

2018-06-04 15:19:11 - [MESSAGE][PASSED] - projectSpecific.Reusability.getTestData is PASSED

2018-06-04 15:19:11 - [TEST_STEP][PASSED] - Statement - If (!(dateAttr.equals(fromDateValue))): null

2018-06-04 15:19:11 - [TEST_STEP][PASSED] - Statement - dateAttr = com.kms.katalon.core.webui.keyword.WebUiBuiltInKeywords.getAttribute(com.kms.katalon.core.testobject.ObjectRepository.findTestObject(ReportsPage/selectedDate2), "value"): Attribute 'value' of object 'Object Repository/ReportsPage/selectedDate2' is: '03/01/2018'

2018-06-04 15:19:11 - [MESSAGE][PASSED] - Attribute 'value' of object 'Object Repository/ReportsPage/selectedDate2' is: '03/01/2018'

2018-06-04 15:19:11 - [TEST_STEP][PASSED] - Statement - toDateValue = CustomKeywords.projectSpecific.Reusability.getTestData("ReportsPage", "fromDate_march"): projectSpecific.Reusability.getTestData is PASSED

2018-06-04 15:19:11 - [MESSAGE][PASSED] - projectSpecific.Reusability.getTestData is PASSED

2018-06-04 15:19:11 - [TEST_STEP][PASSED] - Statement - If (!(dateAttr.equals(toDateValue))): null

2018-06-04 15:19:11 - [TEST_STEP][PASSED] - verifyElementText: Actual text and expected text of test object 'Object Repository/ReportsPage/includeText' are matched.

2018-06-04 15:19:11 - [MESSAGE][PASSED] - projectSpecific.Reusability.getTestData is PASSED

2018-06-04 15:19:11 - [MESSAGE][PASSED] - Actual text and expected text of test object 'Object Repository/ReportsPage/includeText' are matched.

2018-06-04 15:19:11 - [TEST_STEP][PASSED] - verifyElementText: Actual text and expected text of test object 'Object Repository/ReportsPage/formatText' are matched.

2018-06-04 15:19:11 - [MESSAGE][PASSED] - projectSpecific.Reusability.getTestData is PASSED

2018-06-04 15:19:11 - [MESSAGE][PASSED] - Actual text and expected text of test object 'Object Repository/ReportsPage/formatText' are matched.

2018-06-04 15:19:11 - [TEST_STEP][PASSED] - click: Object: 'Object Repository/ReportsPage/generateReport' is clicked on

2018-06-04 15:19:11 - [MESSAGE][PASSED] - Object: 'Object Repository/ReportsPage/generateReport' is clicked on

2018-06-04 15:19:11 - [TEST_STEP][PASSED] - delay: Delayed 15 second(s)

2018-06-04 15:19:26 - [MESSAGE][PASSED] - Delayed 15 second(s)

2018-06-04 15:19:26 - [TEST_STEP][PASSED] - delay: Delayed 15 second(s)

2018-06-04 15:19:41 - [MESSAGE][PASSED] - Delayed 15 second(s)

2018-06-04 15:19:41 - [TEST_STEP][PASSED] - Statement - startTime = CustomKeywords.projectSpecific.Reusability.getTestData("SummarizedReportPage", "reportstartTime1"): projectSpecific.Reusability.getTestData is PASSED

2018-06-04 15:19:41 - [MESSAGE][PASSED] - projectSpecific.Reusability.getTestData is PASSED

2018-06-04 15:19:41 - [TEST_STEP][PASSED] - Statement - startTimeText = CustomKeywords.uiaction.CommonUIActions.getText(com.kms.katalon.core.testobject.ObjectRepository.findTestObject(SummarizedReportPage/startTimeText)): uiaction.CommonUIActions.getText is PASSED

2018-06-04 15:19:41 - [MESSAGE][PASSED] - uiaction.CommonUIActions.getText is PASSED

2018-06-04 15:19:41 - [TEST_STEP][PASSED] - Statement - startTime = startTime.trim(): null

2018-06-04 15:19:41 - [TEST_STEP][PASSED] - Statement - startTimeText = startTimeText.trim(): null

2018-06-04 15:19:41 - [TEST_STEP][PASSED] - verifyMatch: Actual text 'Mar 1, 2018 OPEN' and expected text 'Mar 1, 2018 OPEN' are matched 

2018-06-04 15:19:41 - [MESSAGE][PASSED] - Actual text 'Mar 1, 2018 OPEN' and expected text 'Mar 1, 2018 OPEN' are matched 

2018-06-04 15:19:41 - [TEST_STEP][PASSED] - Statement - endTime = CustomKeywords.projectSpecific.Reusability.getTestData("SummarizedReportPage", "reportendTime1"): projectSpecific.Reusability.getTestData is PASSED

2018-06-04 15:19:41 - [MESSAGE][PASSED] - projectSpecific.Reusability.getTestData is PASSED

2018-06-04 15:19:41 - [TEST_STEP][PASSED] - Statement - endTimeText = CustomKeywords.uiaction.CommonUIActions.getText(com.kms.katalon.core.testobject.ObjectRepository.findTestObject(SummarizedReportPage/stopTimeText)): uiaction.CommonUIActions.getText is PASSED

2018-06-04 15:19:42 - [MESSAGE][PASSED] - uiaction.CommonUIActions.getText is PASSED

2018-06-04 15:19:42 - [TEST_STEP][PASSED] - Statement - endTime = endTime.trim(): null

2018-06-04 15:19:42 - [TEST_STEP][PASSED] - Statement - endTimeText = endTimeText.trim(): null

2018-06-04 15:19:42 - [TEST_STEP][PASSED] - verifyMatch: Actual text 'Mar 1, 2018 CLOSE' and expected text 'Mar 1, 2018 CLOSE' are matched 

2018-06-04 15:19:42 - [MESSAGE][PASSED] - Actual text 'Mar 1, 2018 CLOSE' and expected text 'Mar 1, 2018 CLOSE' are matched 

2018-06-04 15:19:42 - [TEST_STEP][PASSED] - verifyElementPresent: Object 'Object Repository/SummarizedReportPage/printDateHeading' is present

2018-06-04 15:19:42 - [MESSAGE][PASSED] - Object 'Object Repository/SummarizedReportPage/printDateHeading' is present

2018-06-04 15:19:42 - [TEST_STEP][PASSED] - Statement - today = new java.util.Date(): null

2018-06-04 15:19:42 - [TEST_STEP][PASSED] - Statement - todayDate = today.format("MMMMM dd yyyy"): null

2018-06-04 15:19:42 - [TEST_STEP][PASSED] - Statement - date1 = CustomKeywords.uiaction.CommonUIActions.getText(com.kms.katalon.core.testobject.ObjectRepository.findTestObject(SummarizedReportPage/printDateText)): uiaction.CommonUIActions.getText is PASSED

2018-06-04 15:20:02 - [MESSAGE][PASSED] - uiaction.CommonUIActions.getText is PASSED

2018-06-04 15:20:02 - [TEST_STEP][PASSED] - Statement - If (date1.contains(todayDate)): null

2018-06-04 15:20:02 - [TEST_STEP][PASSED] - Statement - reportHeaders = CustomKeywords.projectSpecific.Reusability.getTestData("SummarizedReportPage", "summaryReportHeader"): projectSpecific.Reusability.getTestData is PASSED

2018-06-04 15:20:02 - [MESSAGE][PASSED] - projectSpecific.Reusability.getTestData is PASSED

2018-06-04 15:20:02 - [TEST_STEP][PASSED] - delay: Delayed 10 second(s)

2018-06-04 15:20:12 - [MESSAGE][PASSED] - Delayed 10 second(s)

2018-06-04 15:20:12 - [TEST_STEP][PASSED] - Statement - reportsArray = reportHeaders.split(","): null

2018-06-04 15:20:12 - [TEST_STEP][PASSED] - Statement - reportsHeaderList = new java.util.ArrayList(java.util.Arrays.asList(reportsArray)): null

2018-06-04 15:20:12 - [TEST_STEP][PASSED] - Statement - reportsHeaderList.unique(): null

2018-06-04 15:20:12 - [TEST_STEP][PASSED] - Statement - out.println(reportsHeaderList): null

2018-06-04 15:20:12 - [TEST_STEP][PASSED] - Statement - columnHeaderList = driver.findElements(org.openqa.selenium.By.xpath(com.kms.katalon.core.testdata.TestDataFactory.findTestData(OR_file).getValue(2, 5))): Reading excel file with source file 'C:\Users\shalinin\Katalon Studio\HME_Scripts\Data Files\HME_OR.xlsx' and sheet name 'Sheet1'

2018-06-04 15:20:12 - [TEST_STEP][PASSED] - Statement - actualList = new java.util.ArrayList(): null

2018-06-04 15:20:12 - [TEST_STEP][PASSED] - Statement - For ([i = 0, i < columnHeaderList.size(), (i++)]): null

2018-06-04 15:20:12 - [TEST_STEP][PASSED] - Statement - actualList.add(i, columnHeaderList.get(i).getText()): null

2018-06-04 15:20:12 - [TEST_STEP][PASSED] - Statement - actualList.add(i, columnHeaderList.get(i).getText()): null

2018-06-04 15:20:12 - [TEST_STEP][PASSED] - Statement - actualList.add(i, columnHeaderList.get(i).getText()): null

2018-06-04 15:20:12 - [TEST_STEP][PASSED] - Statement - actualList.add(i, columnHeaderList.get(i).getText()): null

2018-06-04 15:20:12 - [TEST_STEP][PASSED] - Statement - actualList.add(i, columnHeaderList.get(i).getText()): null

2018-06-04 15:20:12 - [TEST_STEP][PASSED] - Statement - actualList.add(i, columnHeaderList.get(i).getText()): null

2018-06-04 15:20:12 - [TEST_STEP][PASSED] - Statement - actualList.add(i, columnHeaderList.get(i).getText()): null

2018-06-04 15:20:12 - [TEST_STEP][PASSED] - Statement - actualList.add(i, columnHeaderList.get(i).getText()): null

2018-06-04 15:20:12 - [TEST_STEP][PASSED] - Statement - actualList.add(i, columnHeaderList.get(i).getText()): null

2018-06-04 15:20:12 - [TEST_STEP][PASSED] - Statement - actualList.add(i, columnHeaderList.get(i).getText()): null

2018-06-04 15:20:12 - [TEST_STEP][PASSED] - Statement - out.println(actualList): null

2018-06-04 15:20:12 - [TEST_STEP][PASSED] - Statement - execFlag1 = true: null

2018-06-04 15:20:12 - [TEST_STEP][FAILED] - Statement - For ([j = 0, j < actualList.size(), (j++)]): null

2018-06-04 15:20:12 - [TEST_STEP][PASSED] - Statement - execFlag1 = com.kms.katalon.core.webui.keyword.WebUiBuiltInKeywords.verifyMatch(reportsHeaderList.get(j).toString().trim(), actualList.get(j).toString().trim(), false): Actual text 'Day' and expected text 'Day' are matched 

2018-06-04 15:20:12 - [MESSAGE][PASSED] - Actual text 'Day' and expected text 'Day' are matched 

2018-06-04 15:20:12 - [TEST_STEP][PASSED] - Statement - If (!(execFlag1)): null

2018-06-04 15:20:12 - [TEST_STEP][FAILED] - Statement - execFlag1 = com.kms.katalon.core.webui.keyword.WebUiBuiltInKeywords.verifyMatch(reportsHeaderList.get(j).toString().trim(), actualList.get(j).toString().trim(), false): Unable to verify match between actual text 'Menu Board' and expected text 'Menu Board1' (Root cause: Actual text 'Menu Board' and expected text 'Menu Board1' are not matched)

2018-06-04 15:20:12 - [MESSAGE][FAILED] - Unable to verify match between actual text 'Menu Board' and expected text 'Menu Board1' (Root cause: Actual text 'Menu Board' and expected text 'Menu Board1' are not matched)

2018-06-04 15:20:12 - [TEST_STEP][PASSED] - Statement - If (!(execFlag1)): null

2018-06-04 15:20:12 - [TEST_STEP][PASSED] - Statement - out.println("Reports Column headers are not verified "): null

2018-06-04 15:20:12 - [TEST_STEP][PASSED] - Statement - Break: null

2018-06-04 15:20:12 - [TEST_STEP][PASSED] - Statement - If (execFlag1): null

2018-06-04 15:20:12 - [TEST_STEP][PASSED] - Statement - Else: null

2018-06-04 15:20:12 - [TEST_STEP][PASSED] - Statement - If (TCflag): null

2018-06-04 15:20:12 - [TEST_STEP][PASSED] - Statement - out.println("Failed to verify  Reports Column headers"): null

2018-06-04 15:20:12 - [TEST_STEP][PASSED] - uiaction.CommonUIActions.click: uiaction.CommonUIActions.click is PASSED

2018-06-04 15:20:12 - [MESSAGE][PASSED] - uiaction.CommonUIActions.click is PASSED

2018-06-04 15:20:12 - [TEST_STEP][PASSED] - uiaction.CommonUIActions.click: uiaction.CommonUIActions.click is PASSED

2018-06-04 15:20:12 - [MESSAGE][PASSED] - uiaction.CommonUIActions.click is PASSED

2018-06-04 15:20:12 - [TEST_STEP][PASSED] - delay: Delayed 10 second(s)

2018-06-04 15:20:22 - [MESSAGE][PASSED] - Delayed 10 second(s)

2018-06-04 15:20:22 - [TEST_STEP][PASSED] - Statement - confirmationText = CustomKeywords.projectSpecific.Reusability.getTestData("SummarizedReportPage", "confirmationText1"): projectSpecific.Reusability.getTestData is PASSED

2018-06-04 15:20:22 - [MESSAGE][PASSED] - projectSpecific.Reusability.getTestData is PASSED

2018-06-04 15:20:22 - [TEST_STEP][PASSED] - Statement - actualconfirmationText = CustomKeywords.uiaction.CommonUIActions.getText(com.kms.katalon.core.testobject.ObjectRepository.findTestObject(SummarizedReportPage/emailConfirmation)): uiaction.CommonUIActions.getText is PASSED

2018-06-04 15:20:29 - [MESSAGE][PASSED] - uiaction.CommonUIActions.getText is PASSED

2018-06-04 15:20:29 - [TEST_STEP][PASSED] - Statement - confirm = com.kms.katalon.core.webui.keyword.WebUiBuiltInKeywords.verifyMatch(confirmationText, actualconfirmationText, false): Actual text 'Please check your email. Your Report has been sent to selvendrank@nousinfo.com.' and expected text 'Please check your email. Your Report has been sent to selvendrank@nousinfo.com.' are matched 

2018-06-04 15:20:29 - [MESSAGE][PASSED] - Actual text 'Please check your email. Your Report has been sent to selvendrank@nousinfo.com.' and expected text 'Please check your email. Your Report has been sent to selvendrank@nousinfo.com.' are matched 

2018-06-04 15:20:29 - [TEST_STEP][PASSED] - Statement - If (confirm): null

2018-06-04 15:20:29 - [TEST_STEP][PASSED] - Statement - out.println("Email Verification received"): null

2018-06-04 15:20:29 - [TEST_STEP][PASSED] - back: Navigate back successfully

2018-06-04 15:20:29 - [MESSAGE][PASSED] - Navigate back successfully

2018-06-04 15:20:29 - [TEST_STEP][PASSED] - delay: Delayed 10 second(s)

2018-06-04 15:20:39 - [MESSAGE][PASSED] - Delayed 10 second(s)

2018-06-04 15:20:39 - [TEST_STEP][PASSED] - uiaction.CommonUIActions.click: uiaction.CommonUIActions.click is PASSED

2018-06-04 15:21:00 - [MESSAGE][PASSED] - uiaction.CommonUIActions.click is PASSED

2018-06-04 15:21:00 - [TEST_STEP][PASSED] - Start listener action : sampleAfterTestCase: Browser is closed

2018-06-04 15:21:00 - [TEST_STEP][PASSED] - Statement - println(testCaseContext.getTestCaseId()): null

2018-06-04 15:21:00 - [TEST_STEP][PASSED] - Statement - println(testCaseContext.getTestCaseStatus()): null

2018-06-04 15:21:00 - [TEST_STEP][PASSED] - closeBrowser: Browser is closed

2018-06-04 15:21:01 - [MESSAGE][PASSED] - Browser is closed]]></system-out>
         <system-err><![CDATA[2018-06-04 15:17:44 - [TEST_CASE][FAILED] - Test Cases/SummaryReportsTC/HME-Summary Report-05: Test Cases/SummaryReportsTC/HME-Summary Report-05 FAILED because (of) Unable to verify match between actual text 'Menu Board' and expected text 'Menu Board1' (Root cause: Actual text 'Menu Board' and expected text 'Menu Board1' are not matched)]]></system-err>
      </testcase>
      <testcase name="Test Cases/SummaryReportsTC/HME-Summary Report-06" classname="Test Cases/SummaryReportsTC/HME-Summary Report-06" status="FAILED">
         <failure type="FAILED" message="org.codehaus.groovy.runtime.powerassert.PowerAssertionError: assert TCflag==true
       |     |
       false false"/>
         <system-out><![CDATA[2018-06-04 15:21:01 - [TEST_CASE][FAILED] - Test Cases/SummaryReportsTC/HME-Summary Report-06: Test Cases/SummaryReportsTC/HME-Summary Report-06 FAILED because (of) org.codehaus.groovy.runtime.powerassert.PowerAssertionError: assert TCflag==true
       |     |
       false false

2018-06-04 15:21:01 - [TEST_STEP][PASSED] - Start listener action : sampleBeforeTestCase: uiaction.CommonUIActions.deleteAllCookies is PASSED

2018-06-04 15:21:01 - [TEST_STEP][PASSED] - openBrowser: Browser is opened with url: ''

2018-06-04 15:21:03 - [MESSAGE][PASSED] - Browser is opened with url: ''

2018-06-04 15:21:03 - [TEST_STEP][PASSED] - maximizeWindow: Current window maximized

2018-06-04 15:21:04 - [MESSAGE][PASSED] - Current window maximized

2018-06-04 15:21:04 - [TEST_STEP][PASSED] - uiaction.CommonUIActions.deleteAllCookies: uiaction.CommonUIActions.deleteAllCookies is PASSED

2018-06-04 15:21:04 - [MESSAGE][PASSED] - Delete all cookies successfully

2018-06-04 15:21:04 - [MESSAGE][PASSED] - uiaction.CommonUIActions.deleteAllCookies is PASSED

2018-06-04 15:21:04 - [TEST_STEP][PASSED] - Statement - TCflag = true: null

2018-06-04 15:21:04 - [TEST_STEP][PASSED] - Statement - Try: null

2018-06-04 15:21:04 - [TEST_STEP][PASSED] - navigateToUrl: Navigate to 'https://hme-dev-public-cloud-app.azurewebsites.net/' successfully

2018-06-04 15:21:26 - [MESSAGE][PASSED] - Navigate to 'https://hme-dev-public-cloud-app.azurewebsites.net/' successfully

2018-06-04 15:21:26 - [TEST_STEP][PASSED] - projectSpecific.Reusability.login: projectSpecific.Reusability.login is PASSED

2018-06-04 15:21:26 - [MESSAGE][PASSED] - projectSpecific.Reusability.getTestData is PASSED

2018-06-04 15:21:26 - [MESSAGE][PASSED] - projectSpecific.Reusability.getTestData is PASSED

2018-06-04 15:21:36 - [MESSAGE][PASSED] - Text 'selvendrank@nousinfo.com' is set on object 'Object Repository/LoginPage/Username'

2018-06-04 15:21:36 - [MESSAGE][PASSED] - Text 'nous;123' is set on object 'Object Repository/LoginPage/Password'

2018-06-04 15:21:36 - [MESSAGE][PASSED] - Object: 'Object Repository/LoginPage/Login' is clicked on

2018-06-04 15:21:36 - [MESSAGE][PASSED] - projectSpecific.Reusability.login is PASSED

2018-06-04 15:21:36 - [TEST_STEP][PASSED] - delay: Delayed 10 second(s)

2018-06-04 15:21:46 - [MESSAGE][PASSED] - Delayed 10 second(s)

2018-06-04 15:21:46 - [TEST_STEP][PASSED] - uiaction.CommonUIActions.click: uiaction.CommonUIActions.click is PASSED

2018-06-04 15:21:58 - [MESSAGE][PASSED] - uiaction.CommonUIActions.click is PASSED

2018-06-04 15:21:58 - [TEST_STEP][PASSED] - Statement - storenumber = CustomKeywords.uiaction.CommonUIActions.getText(com.kms.katalon.core.testobject.ObjectRepository.findTestObject(StorePage/storepage_storenumber)): uiaction.CommonUIActions.getText is PASSED

2018-06-04 15:22:00 - [MESSAGE][PASSED] - uiaction.CommonUIActions.getText is PASSED

2018-06-04 15:22:00 - [TEST_STEP][PASSED] - Statement - out.println(" the store number is--" + storenumber.trim()): null

2018-06-04 15:22:00 - [TEST_STEP][PASSED] - uiaction.CommonUIActions.click: uiaction.CommonUIActions.click is PASSED

2018-06-04 15:22:04 - [MESSAGE][PASSED] - uiaction.CommonUIActions.click is PASSED

2018-06-04 15:22:04 - [TEST_STEP][PASSED] - uiaction.CommonUIActions.click: uiaction.CommonUIActions.click is PASSED

2018-06-04 15:22:05 - [MESSAGE][PASSED] - uiaction.CommonUIActions.click is PASSED

2018-06-04 15:22:05 - [TEST_STEP][PASSED] - uiaction.CommonUIActions.click: uiaction.CommonUIActions.click is PASSED

2018-06-04 15:22:05 - [MESSAGE][PASSED] - uiaction.CommonUIActions.click is PASSED

2018-06-04 15:22:05 - [TEST_STEP][PASSED] - delay: Delayed 10 second(s)

2018-06-04 15:22:15 - [MESSAGE][PASSED] - Delayed 10 second(s)

2018-06-04 15:22:15 - [TEST_STEP][PASSED] - uiaction.CommonUIActions.click: uiaction.CommonUIActions.click is PASSED

2018-06-04 15:22:15 - [MESSAGE][PASSED] - uiaction.CommonUIActions.click is PASSED

2018-06-04 15:22:15 - [TEST_STEP][PASSED] - uiaction.CommonUIActions.enter: uiaction.CommonUIActions.enter is PASSED

2018-06-04 15:22:15 - [MESSAGE][PASSED] - projectSpecific.Reusability.getTestData is PASSED

2018-06-04 15:22:16 - [MESSAGE][PASSED] - uiaction.CommonUIActions.enter is PASSED

2018-06-04 15:22:16 - [TEST_STEP][PASSED] - uiaction.CommonUIActions.enter: uiaction.CommonUIActions.enter is PASSED

2018-06-04 15:22:16 - [MESSAGE][PASSED] - projectSpecific.Reusability.getTestData is PASSED

2018-06-04 15:22:16 - [MESSAGE][PASSED] - uiaction.CommonUIActions.enter is PASSED

2018-06-04 15:22:16 - [TEST_STEP][PASSED] - delay: Delayed 10 second(s)

2018-06-04 15:22:26 - [MESSAGE][PASSED] - Delayed 10 second(s)

2018-06-04 15:22:26 - [TEST_STEP][PASSED] - Statement - groupmain = CustomKeywords.projectSpecific.Reusability.getTestData("ReportingGroupManagementPage", "Summarygrp"): projectSpecific.Reusability.getTestData is PASSED

2018-06-04 15:22:26 - [MESSAGE][PASSED] - projectSpecific.Reusability.getTestData is PASSED

2018-06-04 15:22:26 - [TEST_STEP][PASSED] - Statement - driver = com.kms.katalon.core.webui.driver.DriverFactory.getWebDriver(): null

2018-06-04 15:22:26 - [TEST_STEP][PASSED] - Statement - grouplist = driver.findElements(org.openqa.selenium.By.xpath("//ul[@class='unlinked-grouplist']/li")): null

2018-06-04 15:22:26 - [TEST_STEP][PASSED] - delay: Delayed 10 second(s)

2018-06-04 15:22:36 - [MESSAGE][PASSED] - Delayed 10 second(s)

2018-06-04 15:22:36 - [TEST_STEP][PASSED] - Statement - For ([i = 0, i < grouplist.size(), (i++)]): null

2018-06-04 15:22:36 - [TEST_STEP][PASSED] - Statement - println(grouplist.get(i).getText()): null

2018-06-04 15:22:36 - [TEST_STEP][PASSED] - Statement - If (grouplist.get(i).getText().contains(storenumber.trim())): null

2018-06-04 15:22:36 - [TEST_STEP][PASSED] - Statement - println(grouplist.get(i).getText()): null

2018-06-04 15:22:36 - [TEST_STEP][PASSED] - Statement - If (grouplist.get(i).getText().contains(storenumber.trim())): null

2018-06-04 15:22:36 - [TEST_STEP][PASSED] - Statement - println(grouplist.get(i).getText()): null

2018-06-04 15:22:36 - [TEST_STEP][PASSED] - Statement - If (grouplist.get(i).getText().contains(storenumber.trim())): null

2018-06-04 15:22:36 - [TEST_STEP][PASSED] - Statement - println(grouplist.get(i).getText()): null

2018-06-04 15:22:36 - [TEST_STEP][PASSED] - Statement - If (grouplist.get(i).getText().contains(storenumber.trim())): null

2018-06-04 15:22:36 - [TEST_STEP][PASSED] - Statement - println(grouplist.get(i).getText()): null

2018-06-04 15:22:36 - [TEST_STEP][PASSED] - Statement - If (grouplist.get(i).getText().contains(storenumber.trim())): null

2018-06-04 15:22:36 - [TEST_STEP][PASSED] - Statement - println(grouplist.get(i).getText()): null

2018-06-04 15:22:36 - [TEST_STEP][PASSED] - Statement - If (grouplist.get(i).getText().contains(storenumber.trim())): null

2018-06-04 15:22:36 - [TEST_STEP][PASSED] - Statement - println(grouplist.get(i).getText()): null

2018-06-04 15:22:36 - [TEST_STEP][PASSED] - Statement - If (grouplist.get(i).getText().contains(storenumber.trim())): null

2018-06-04 15:22:36 - [TEST_STEP][PASSED] - Statement - println(grouplist.get(i).getText()): null

2018-06-04 15:22:36 - [TEST_STEP][PASSED] - Statement - If (grouplist.get(i).getText().contains(storenumber.trim())): null

2018-06-04 15:22:36 - [TEST_STEP][PASSED] - Statement - println(grouplist.get(i).getText()): null

2018-06-04 15:22:36 - [TEST_STEP][PASSED] - Statement - If (grouplist.get(i).getText().contains(storenumber.trim())): null

2018-06-04 15:22:36 - [TEST_STEP][PASSED] - Statement - println(grouplist.get(i).getText()): null

2018-06-04 15:22:36 - [TEST_STEP][PASSED] - Statement - If (grouplist.get(i).getText().contains(storenumber.trim())): null

2018-06-04 15:22:36 - [TEST_STEP][PASSED] - Statement - println(grouplist.get(i).getText()): null

2018-06-04 15:22:36 - [TEST_STEP][PASSED] - Statement - If (grouplist.get(i).getText().contains(storenumber.trim())): null

2018-06-04 15:22:36 - [TEST_STEP][PASSED] - Statement - println(grouplist.get(i).getText()): null

2018-06-04 15:22:36 - [TEST_STEP][PASSED] - Statement - If (grouplist.get(i).getText().contains(storenumber.trim())): null

2018-06-04 15:22:36 - [TEST_STEP][PASSED] - Statement - driver.findElement(org.openqa.selenium.By.xpath("(//ul[@class='unlinked-grouplist']/li/label)[" + i + 1 + "]")).click(): null

2018-06-04 15:22:36 - [TEST_STEP][PASSED] - Statement - driver.findElement(org.openqa.selenium.By.xpath("//button[contains(text(),'>')]")).click(): null

2018-06-04 15:22:36 - [TEST_STEP][PASSED] - Statement - Break: null

2018-06-04 15:22:36 - [TEST_STEP][PASSED] - delay: Delayed 10 second(s)

2018-06-04 15:22:46 - [MESSAGE][PASSED] - Delayed 10 second(s)

2018-06-04 15:22:46 - [TEST_STEP][PASSED] - uiaction.CommonUIActions.click: uiaction.CommonUIActions.click is PASSED

2018-06-04 15:22:46 - [MESSAGE][PASSED] - uiaction.CommonUIActions.click is PASSED

2018-06-04 15:22:46 - [TEST_STEP][PASSED] - uiaction.CommonUIActions.click: uiaction.CommonUIActions.click is PASSED

2018-06-04 15:22:46 - [MESSAGE][PASSED] - uiaction.CommonUIActions.click is PASSED

2018-06-04 15:22:46 - [TEST_STEP][PASSED] - delay: Delayed 10 second(s)

2018-06-04 15:22:56 - [MESSAGE][PASSED] - Delayed 10 second(s)

2018-06-04 15:22:56 - [TEST_STEP][PASSED] - uiaction.CommonUIActions.click: uiaction.CommonUIActions.click is PASSED

2018-06-04 15:22:57 - [MESSAGE][PASSED] - uiaction.CommonUIActions.click is PASSED

2018-06-04 15:22:57 - [TEST_STEP][PASSED] - delay: Delayed 10 second(s)

2018-06-04 15:23:07 - [MESSAGE][PASSED] - Delayed 10 second(s)

2018-06-04 15:23:07 - [TEST_STEP][PASSED] - Statement - driver.findElement(org.openqa.selenium.By.xpath("//span[contains(text(),'" + groupmain + "')]/../../../../span[1]")).click(): null

2018-06-04 15:23:07 - [TEST_STEP][PASSED] - Statement - Catch (Exception e): null

2018-06-04 15:23:07 - [TEST_STEP][PASSED] - Statement - e.printStackTrace(): null

2018-06-04 15:23:07 - [TEST_STEP][PASSED] - Statement - println("Exception of element not found"): null

2018-06-04 15:23:07 - [TEST_STEP][PASSED] - Statement - If (TCflag): null

2018-06-04 15:23:07 - [TEST_STEP][PASSED] - Statement - assert TCflag == true: null

2018-06-04 15:23:07 - [TEST_STEP][PASSED] - Start listener action : sampleAfterTestCase: Browser is closed

2018-06-04 15:23:07 - [TEST_STEP][PASSED] - Statement - println(testCaseContext.getTestCaseId()): null

2018-06-04 15:23:07 - [TEST_STEP][PASSED] - Statement - println(testCaseContext.getTestCaseStatus()): null

2018-06-04 15:23:07 - [TEST_STEP][PASSED] - closeBrowser: Browser is closed

2018-06-04 15:23:07 - [MESSAGE][PASSED] - Browser is closed]]></system-out>
         <system-err><![CDATA[2018-06-04 15:21:01 - [TEST_CASE][FAILED] - Test Cases/SummaryReportsTC/HME-Summary Report-06: Test Cases/SummaryReportsTC/HME-Summary Report-06 FAILED because (of) org.codehaus.groovy.runtime.powerassert.PowerAssertionError: assert TCflag==true
       |     |
       false false]]></system-err>
      </testcase>
      <testcase name="Test Cases/SummaryReportsTC/HME-Summary Report-16" classname="Test Cases/SummaryReportsTC/HME-Summary Report-16" status="FAILED">
         <failure type="FAILED" message="org.codehaus.groovy.runtime.powerassert.PowerAssertionError: assert TCflag==true
       |     |
       false false"/>
         <system-out><![CDATA[2018-06-04 15:23:07 - [TEST_CASE][FAILED] - Test Cases/SummaryReportsTC/HME-Summary Report-16: Test Cases/SummaryReportsTC/HME-Summary Report-16 FAILED because (of) org.codehaus.groovy.runtime.powerassert.PowerAssertionError: assert TCflag==true
       |     |
       false false

2018-06-04 15:23:07 - [TEST_STEP][PASSED] - Start listener action : sampleBeforeTestCase: uiaction.CommonUIActions.deleteAllCookies is PASSED

2018-06-04 15:23:07 - [TEST_STEP][PASSED] - openBrowser: Browser is opened with url: ''

2018-06-04 15:23:09 - [MESSAGE][PASSED] - Browser is opened with url: ''

2018-06-04 15:23:09 - [TEST_STEP][PASSED] - maximizeWindow: Current window maximized

2018-06-04 15:23:10 - [MESSAGE][PASSED] - Current window maximized

2018-06-04 15:23:10 - [TEST_STEP][PASSED] - uiaction.CommonUIActions.deleteAllCookies: uiaction.CommonUIActions.deleteAllCookies is PASSED

2018-06-04 15:23:11 - [MESSAGE][PASSED] - Delete all cookies successfully

2018-06-04 15:23:11 - [MESSAGE][PASSED] - uiaction.CommonUIActions.deleteAllCookies is PASSED

2018-06-04 15:23:11 - [TEST_STEP][PASSED] - Statement - TCflag = true: null

2018-06-04 15:23:11 - [TEST_STEP][PASSED] - Statement - Try: null

2018-06-04 15:23:11 - [TEST_STEP][PASSED] - navigateToUrl: Navigate to 'https://hme-dev-public-cloud-app.azurewebsites.net/' successfully

2018-06-04 15:23:32 - [MESSAGE][PASSED] - Navigate to 'https://hme-dev-public-cloud-app.azurewebsites.net/' successfully

2018-06-04 15:23:32 - [TEST_STEP][PASSED] - delay: Delayed 15 second(s)

2018-06-04 15:23:47 - [MESSAGE][PASSED] - Delayed 15 second(s)

2018-06-04 15:23:47 - [TEST_STEP][PASSED] - projectSpecific.Reusability.login: projectSpecific.Reusability.login is PASSED

2018-06-04 15:23:47 - [MESSAGE][PASSED] - projectSpecific.Reusability.getTestData is PASSED

2018-06-04 15:23:47 - [MESSAGE][PASSED] - projectSpecific.Reusability.getTestData is PASSED

2018-06-04 15:23:47 - [MESSAGE][PASSED] - Text 'selvendrank@nousinfo.com' is set on object 'Object Repository/LoginPage/Username'

2018-06-04 15:23:48 - [MESSAGE][PASSED] - Text 'nous;123' is set on object 'Object Repository/LoginPage/Password'

2018-06-04 15:23:48 - [MESSAGE][PASSED] - Object: 'Object Repository/LoginPage/Login' is clicked on

2018-06-04 15:23:48 - [MESSAGE][PASSED] - projectSpecific.Reusability.login is PASSED

2018-06-04 15:23:48 - [TEST_STEP][PASSED] - delay: Delayed 10 second(s)

2018-06-04 15:23:58 - [MESSAGE][PASSED] - Delayed 10 second(s)

2018-06-04 15:23:58 - [TEST_STEP][PASSED] - Statement - driver = com.kms.katalon.core.webui.driver.DriverFactory.getWebDriver(): null

2018-06-04 15:23:58 - [TEST_STEP][PASSED] - delay: Delayed 10 second(s)

2018-06-04 15:24:08 - [MESSAGE][PASSED] - Delayed 10 second(s)

2018-06-04 15:24:08 - [TEST_STEP][PASSED] - uiaction.CommonUIActions.click: uiaction.CommonUIActions.click is PASSED

2018-06-04 15:24:15 - [MESSAGE][PASSED] - uiaction.CommonUIActions.click is PASSED

2018-06-04 15:24:15 - [TEST_STEP][PASSED] - uiaction.CommonUIActions.click: uiaction.CommonUIActions.click is PASSED

2018-06-04 15:24:19 - [MESSAGE][PASSED] - uiaction.CommonUIActions.click is PASSED

2018-06-04 15:24:19 - [TEST_STEP][PASSED] - delay: Delayed 10 second(s)

2018-06-04 15:24:29 - [MESSAGE][PASSED] - Delayed 10 second(s)

2018-06-04 15:24:29 - [TEST_STEP][PASSED] - uiaction.CommonUIActions.click: uiaction.CommonUIActions.click is PASSED

2018-06-04 15:24:50 - [MESSAGE][PASSED] - uiaction.CommonUIActions.click is PASSED

2018-06-04 15:24:50 - [TEST_STEP][PASSED] - delay: Delayed 5 second(s)

2018-06-04 15:24:55 - [MESSAGE][PASSED] - Delayed 5 second(s)

2018-06-04 15:24:55 - [TEST_STEP][PASSED] - uiaction.CommonUIActions.click: uiaction.CommonUIActions.click is PASSED

2018-06-04 15:25:16 - [MESSAGE][PASSED] - uiaction.CommonUIActions.click is PASSED

2018-06-04 15:25:16 - [TEST_STEP][PASSED] - delay: Delayed 5 second(s)

2018-06-04 15:25:21 - [MESSAGE][PASSED] - Delayed 5 second(s)

2018-06-04 15:25:21 - [TEST_STEP][PASSED] - Statement - grpName = "Grp250_TC16": null

2018-06-04 15:25:21 - [TEST_STEP][PASSED] - uiaction.CommonUIActions.enter: uiaction.CommonUIActions.enter is PASSED

2018-06-04 15:25:41 - [MESSAGE][PASSED] - uiaction.CommonUIActions.enter is PASSED

2018-06-04 15:25:41 - [TEST_STEP][PASSED] - uiaction.CommonUIActions.enter: uiaction.CommonUIActions.enter is PASSED

2018-06-04 15:25:41 - [MESSAGE][PASSED] - projectSpecific.Reusability.getTestData is PASSED

2018-06-04 15:26:02 - [MESSAGE][PASSED] - uiaction.CommonUIActions.enter is PASSED

2018-06-04 15:26:02 - [TEST_STEP][PASSED] - delay: Delayed 10 second(s)

2018-06-04 15:26:12 - [MESSAGE][PASSED] - Delayed 10 second(s)

2018-06-04 15:26:12 - [TEST_STEP][PASSED] - Statement - storesLabel = driver.findElements(org.openqa.selenium.By.xpath(com.kms.katalon.core.testdata.TestDataFactory.findTestData(OR_file).getValue(2, 10))): Reading excel file with source file 'C:\Users\shalinin\Katalon Studio\HME_Scripts\Data Files\HME_OR.xlsx' and sheet name 'Sheet1'

2018-06-04 15:26:12 - [TEST_STEP][PASSED] - Statement - groupStoresList = new java.util.ArrayList(): null

2018-06-04 15:26:12 - [TEST_STEP][PASSED] - Statement - out.println(storesLabel.size()): null

2018-06-04 15:26:12 - [TEST_STEP][PASSED] - Statement - size = storesLabel.size(): null

2018-06-04 15:26:12 - [TEST_STEP][PASSED] - Statement - index = 0: null

2018-06-04 15:26:12 - [TEST_STEP][PASSED] - Statement - pattern = java.util.regex.Pattern.compile("[0-9]+"): null

2018-06-04 15:26:12 - [TEST_STEP][PASSED] - Statement - count = 0: null

2018-06-04 15:26:12 - [TEST_STEP][PASSED] - Statement - For ([i = 0, i < storesLabel.size(), (i++)]): null

2018-06-04 15:26:12 - [TEST_STEP][PASSED] - Statement - driver.findElement(org.openqa.selenium.By.xpath("//button[contains(text(),'>')]")).click(): null

2018-06-04 15:26:12 - [TEST_STEP][PASSED] - Statement - Catch (Exception e): null

2018-06-04 15:26:12 - [TEST_STEP][PASSED] - Statement - e.printStackTrace(): null

2018-06-04 15:26:12 - [TEST_STEP][PASSED] - Statement - println("Exception of element not found"): null

2018-06-04 15:26:12 - [TEST_STEP][PASSED] - Statement - If (TCflag): null

2018-06-04 15:26:12 - [TEST_STEP][PASSED] - Statement - assert TCflag == true: null

2018-06-04 15:26:12 - [TEST_STEP][PASSED] - Start listener action : sampleAfterTestCase: Browser is closed

2018-06-04 15:26:12 - [TEST_STEP][PASSED] - Statement - println(testCaseContext.getTestCaseId()): null

2018-06-04 15:26:12 - [TEST_STEP][PASSED] - Statement - println(testCaseContext.getTestCaseStatus()): null

2018-06-04 15:26:12 - [TEST_STEP][PASSED] - closeBrowser: Browser is closed

2018-06-04 15:26:13 - [MESSAGE][PASSED] - Browser is closed]]></system-out>
         <system-err><![CDATA[2018-06-04 15:23:07 - [TEST_CASE][FAILED] - Test Cases/SummaryReportsTC/HME-Summary Report-16: Test Cases/SummaryReportsTC/HME-Summary Report-16 FAILED because (of) org.codehaus.groovy.runtime.powerassert.PowerAssertionError: assert TCflag==true
       |     |
       false false]]></system-err>
      </testcase>
      <testcase name="Test Cases/SummaryReportsTC/HME-Summary Report-02" classname="Test Cases/SummaryReportsTC/HME-Summary Report-02" status="FAILED">
         <failure type="FAILED" message="org.codehaus.groovy.runtime.powerassert.PowerAssertionError: assert TCflag==true
       |     |
       false false"/>
         <system-out><![CDATA[2018-06-04 15:26:13 - [TEST_CASE][FAILED] - Test Cases/SummaryReportsTC/HME-Summary Report-02: Test Cases/SummaryReportsTC/HME-Summary Report-02 FAILED because (of) org.codehaus.groovy.runtime.powerassert.PowerAssertionError: assert TCflag==true
       |     |
       false false

2018-06-04 15:26:13 - [TEST_STEP][PASSED] - Start listener action : sampleBeforeTestCase: uiaction.CommonUIActions.deleteAllCookies is PASSED

2018-06-04 15:26:13 - [TEST_STEP][PASSED] - openBrowser: Browser is opened with url: ''

2018-06-04 15:26:15 - [MESSAGE][PASSED] - Browser is opened with url: ''

2018-06-04 15:26:15 - [TEST_STEP][PASSED] - maximizeWindow: Current window maximized

2018-06-04 15:26:16 - [MESSAGE][PASSED] - Current window maximized

2018-06-04 15:26:16 - [TEST_STEP][PASSED] - uiaction.CommonUIActions.deleteAllCookies: uiaction.CommonUIActions.deleteAllCookies is PASSED

2018-06-04 15:26:17 - [MESSAGE][PASSED] - Delete all cookies successfully

2018-06-04 15:26:17 - [MESSAGE][PASSED] - uiaction.CommonUIActions.deleteAllCookies is PASSED

2018-06-04 15:26:17 - [TEST_STEP][PASSED] - Statement - TCflag = true: null

2018-06-04 15:26:17 - [TEST_STEP][PASSED] - Statement - Try: null

2018-06-04 15:26:17 - [TEST_STEP][PASSED] - navigateToUrl: Navigate to 'https://hme-dev-public-cloud-app.azurewebsites.net/' successfully

2018-06-04 15:26:20 - [MESSAGE][PASSED] - Navigate to 'https://hme-dev-public-cloud-app.azurewebsites.net/' successfully

2018-06-04 15:26:20 - [TEST_STEP][PASSED] - projectSpecific.Reusability.login: projectSpecific.Reusability.login is PASSED

2018-06-04 15:26:20 - [MESSAGE][PASSED] - projectSpecific.Reusability.getTestData is PASSED

2018-06-04 15:26:20 - [MESSAGE][PASSED] - projectSpecific.Reusability.getTestData is PASSED

2018-06-04 15:26:20 - [MESSAGE][PASSED] - Text 'selvendrank@nousinfo.com' is set on object 'Object Repository/LoginPage/Username'

2018-06-04 15:26:20 - [MESSAGE][PASSED] - Text 'nous;123' is set on object 'Object Repository/LoginPage/Password'

2018-06-04 15:26:20 - [MESSAGE][PASSED] - Object: 'Object Repository/LoginPage/Login' is clicked on

2018-06-04 15:26:20 - [MESSAGE][PASSED] - projectSpecific.Reusability.login is PASSED

2018-06-04 15:26:20 - [TEST_STEP][PASSED] - delay: Delayed 15 second(s)

2018-06-04 15:26:35 - [MESSAGE][PASSED] - Delayed 15 second(s)

2018-06-04 15:26:35 - [TEST_STEP][PASSED] - delay: Delayed 15 second(s)

2018-06-04 15:26:50 - [MESSAGE][PASSED] - Delayed 15 second(s)

2018-06-04 15:26:50 - [TEST_STEP][PASSED] - uiaction.CommonUIActions.click: uiaction.CommonUIActions.click is PASSED

2018-06-04 15:27:12 - [MESSAGE][PASSED] - uiaction.CommonUIActions.click is PASSED

2018-06-04 15:27:12 - [TEST_STEP][PASSED] - uiaction.CommonUIActions.click: uiaction.CommonUIActions.click is PASSED

2018-06-04 15:27:33 - [MESSAGE][PASSED] - uiaction.CommonUIActions.click is PASSED

2018-06-04 15:27:33 - [TEST_STEP][PASSED] - uiaction.CommonUIActions.click: uiaction.CommonUIActions.click is PASSED

2018-06-04 15:27:54 - [MESSAGE][PASSED] - uiaction.CommonUIActions.click is PASSED

2018-06-04 15:27:54 - [TEST_STEP][PASSED] - uiaction.CommonUIActions.enter: uiaction.CommonUIActions.enter is PASSED

2018-06-04 15:27:54 - [MESSAGE][PASSED] - projectSpecific.Reusability.getTestData is PASSED

2018-06-04 15:27:54 - [MESSAGE][PASSED] - uiaction.CommonUIActions.enter is PASSED

2018-06-04 15:27:54 - [TEST_STEP][PASSED] - uiaction.CommonUIActions.enter: uiaction.CommonUIActions.enter is PASSED

2018-06-04 15:27:54 - [MESSAGE][PASSED] - projectSpecific.Reusability.getTestData is PASSED

2018-06-04 15:28:14 - [MESSAGE][PASSED] - uiaction.CommonUIActions.enter is PASSED

2018-06-04 15:28:14 - [TEST_STEP][PASSED] - delay: Delayed 10 second(s)

2018-06-04 15:28:24 - [MESSAGE][PASSED] - Delayed 10 second(s)

2018-06-04 15:28:24 - [TEST_STEP][PASSED] - Statement - driver = com.kms.katalon.core.webui.driver.DriverFactory.getWebDriver(): null

2018-06-04 15:28:24 - [TEST_STEP][PASSED] - Statement - grouplist = driver.findElements(org.openqa.selenium.By.xpath("//ul[@class='unlinked-grouplist']/li")): null

2018-06-04 15:28:24 - [TEST_STEP][PASSED] - delay: Delayed 5 second(s)

2018-06-04 15:28:29 - [MESSAGE][PASSED] - Delayed 5 second(s)

2018-06-04 15:28:29 - [TEST_STEP][PASSED] - Statement - pattern = java.util.regex.Pattern.compile("[0-9]+"): null

2018-06-04 15:28:29 - [TEST_STEP][PASSED] - Statement - store_count = 1: null

2018-06-04 15:28:29 - [TEST_STEP][PASSED] - Statement - For ([i = 0, i < 20, (i++)]): null

2018-06-04 15:28:29 - [TEST_STEP][PASSED] - Statement - println(grouplist.get(i).getText()): null

2018-06-04 15:28:29 - [TEST_STEP][PASSED] - Statement - Catch (Exception e): null

2018-06-04 15:28:29 - [TEST_STEP][PASSED] - Statement - e.printStackTrace(): null

2018-06-04 15:28:29 - [TEST_STEP][PASSED] - Statement - println("Exception of element not found"): null

2018-06-04 15:28:29 - [TEST_STEP][PASSED] - Statement - If (TCflag): null

2018-06-04 15:28:29 - [TEST_STEP][PASSED] - Statement - assert TCflag == true: null

2018-06-04 15:28:29 - [TEST_STEP][PASSED] - Start listener action : sampleAfterTestCase: Browser is closed

2018-06-04 15:28:29 - [TEST_STEP][PASSED] - Statement - println(testCaseContext.getTestCaseId()): null

2018-06-04 15:28:29 - [TEST_STEP][PASSED] - Statement - println(testCaseContext.getTestCaseStatus()): null

2018-06-04 15:28:29 - [TEST_STEP][PASSED] - closeBrowser: Browser is closed

2018-06-04 15:28:30 - [MESSAGE][PASSED] - Browser is closed]]></system-out>
         <system-err><![CDATA[2018-06-04 15:26:13 - [TEST_CASE][FAILED] - Test Cases/SummaryReportsTC/HME-Summary Report-02: Test Cases/SummaryReportsTC/HME-Summary Report-02 FAILED because (of) org.codehaus.groovy.runtime.powerassert.PowerAssertionError: assert TCflag==true
       |     |
       false false]]></system-err>
      </testcase>
      <system-out><![CDATA[2018-06-04 15:15:58 - [TEST_SUITE][FAILED] - RegressionSuite: Test Cases/SummaryReportsTC/HME-Summary Report-04 FAILED because (of) org.codehaus.groovy.runtime.powerassert.PowerAssertionError: assert TCflag==true
       |     |
       false false]]></system-out>
      <system-err><![CDATA[2018-06-04 15:15:58 - [TEST_SUITE][FAILED] - RegressionSuite: Test Cases/SummaryReportsTC/HME-Summary Report-04 FAILED because (of) org.codehaus.groovy.runtime.powerassert.PowerAssertionError: assert TCflag==true
       |     |
       false false]]></system-err>
   </testsuite>
</testsuites>
