<?xml version="1.0" encoding="UTF-8"?>
<testsuites name="RegressionSuite" time="187" tests="0" failures="2" errors="0">
   <testsuite name="RegressionSuite" tests="0" failures="2" errors="0" time="187" timestamp="2018-04-24 11:27:34" hostname="shalinin - NIBC2129.nousinfo.com" id="Test Suites/RegressionSuite">
      <properties>
         <property name="deviceName" value=""/>
         <property name="devicePlatform" value=""/>
         <property name="logFolder" value="C:\\Users\\shalinin\\Katalon Studio\\HME\\Reports\\RegressionSuite\\20180424_112731"/>
         <property name="logFiles" value="C:\\Users\\shalinin\\Katalon Studio\\HME\\Reports\\RegressionSuite\\20180424_112731\\execution0.log"/>
         <property name="attachments" value="C:\\Users\\shalinin\\Katalon Studio\\HME\\Reports\\RegressionSuite\\20180424_112731\\1524549505035.png, C:\\Users\\shalinin\\Katalon Studio\\HME\\Reports\\RegressionSuite\\20180424_112731\\1524549531557.png, C:\\Users\\shalinin\\Katalon Studio\\HME\\Reports\\RegressionSuite\\20180424_112731\\1524549537144.png"/>
         <property name="hostName" value="shalinin - NIBC2129.nousinfo.com"/>
         <property name="os" value="Windows 7 64bit"/>
         <property name="katalonVersion" value="5.3.1.1"/>
         <property name="browser" value="Chrome 65.0.3325.181"/>
         <property name="hostAddress" value="192.168.24.72"/>
         <property name="sessionId" value="f68f232280b59f3118c39422413766be"/>
         <property name="seleniumVersion" value="3.7.1"/>
         <property name="proxyInformation" value="ProxyInformation{proxyOption=NO_PROXY, proxyServerType=HTTP, password=, proxyServerAddress=, proxyServerPort=0}"/>
         <property name="platform" value="Windows 7"/>
      </properties>
      <testcase name="Test Cases/CreateGroupTC/HME-StoreListPage-01" classname="Test Cases/CreateGroupTC/HME-StoreListPage-01" status="FAILED">
         <failure type="FAILED" message="com.kms.katalon.core.webui.exception.WebElementNotFoundException: Web element with id: 'Object Repository/StorePage/StoreListHeading' located by 'By.xpath: //div[@class='settings_search clear']/h3' not found"/>
         <system-out><![CDATA[2018-04-24 11:27:35 - [TEST_CASE][FAILED] - Test Cases/CreateGroupTC/HME-StoreListPage-01: Test Cases/CreateGroupTC/HME-StoreListPage-01 FAILED because (of) com.kms.katalon.core.webui.exception.WebElementNotFoundException: Web element with id: 'Object Repository/StorePage/StoreListHeading' located by 'By.xpath: //div[@class='settings_search clear']/h3' not found

2018-04-24 11:27:35 - [TEST_STEP][PASSED] - Start listener action : sampleBeforeTestCase: Current window maximized

2018-04-24 11:27:35 - [TEST_STEP][PASSED] - openBrowser: Browser is opened with url: ''

2018-04-24 11:27:40 - [MESSAGE][PASSED] - Browser is opened with url: ''

2018-04-24 11:27:40 - [TEST_STEP][PASSED] - maximizeWindow: Current window maximized

2018-04-24 11:27:41 - [MESSAGE][PASSED] - Current window maximized

2018-04-24 11:27:41 - [TEST_STEP][PASSED] - Statement - TCflag = true: null

2018-04-24 11:27:41 - [TEST_STEP][FAILED] - Statement - Try: uiaction.CommonUIActions.click is PASSED

2018-04-24 11:27:41 - [TEST_STEP][PASSED] - navigateToUrl: Navigate to 'https://hme-dev-public-cloud-app.azurewebsites.net/' successfully

2018-04-24 11:27:45 - [MESSAGE][PASSED] - Navigate to 'https://hme-dev-public-cloud-app.azurewebsites.net/' successfully

2018-04-24 11:27:45 - [TEST_STEP][PASSED] - Statement - driver = com.kms.katalon.core.webui.driver.DriverFactory.getWebDriver(): null

2018-04-24 11:27:45 - [TEST_STEP][PASSED] - projectSpecific.Reusability.login: projectSpecific.Reusability.login is PASSED

2018-04-24 11:27:46 - [MESSAGE][PASSED] - projectSpecific.Reusability.getTestData is PASSED

2018-04-24 11:27:46 - [MESSAGE][PASSED] - projectSpecific.Reusability.getTestData is PASSED

2018-04-24 11:27:46 - [MESSAGE][PASSED] - Text 'selvendrank@nousinfo.com' is set on object 'Object Repository/LoginPage/Username'

2018-04-24 11:27:46 - [MESSAGE][PASSED] - Text 'nous;123' is set on object 'Object Repository/LoginPage/Password'

2018-04-24 11:27:46 - [MESSAGE][PASSED] - Object: 'Object Repository/LoginPage/Login' is clicked on

2018-04-24 11:27:46 - [MESSAGE][PASSED] - projectSpecific.Reusability.login is PASSED

2018-04-24 11:27:46 - [TEST_STEP][PASSED] - uiaction.CommonUIActions.click: uiaction.CommonUIActions.click is PASSED

2018-04-24 11:27:48 - [MESSAGE][PASSED] - uiaction.CommonUIActions.click is PASSED

2018-04-24 11:27:48 - [TEST_STEP][PASSED] - delay: Delayed 10 second(s)

2018-04-24 11:27:58 - [MESSAGE][PASSED] - Delayed 10 second(s)

2018-04-24 11:27:58 - [TEST_STEP][PASSED] - uiaction.CommonUIActions.click: uiaction.CommonUIActions.click is PASSED

2018-04-24 11:28:19 - [MESSAGE][PASSED] - uiaction.CommonUIActions.click is PASSED

2018-04-24 11:28:19 - [TEST_STEP][FAILED] - verifyElementPresent: com.kms.katalon.core.webui.exception.WebElementNotFoundException: Web element with id: 'Object Repository/StorePage/StoreListHeading' located by 'By.xpath: //div[@class='settings_search clear']/h3' not found

2018-04-24 11:28:25 - [MESSAGE][FAILED] - com.kms.katalon.core.webui.exception.WebElementNotFoundException: Web element with id: 'Object Repository/StorePage/StoreListHeading' located by 'By.xpath: //div[@class='settings_search clear']/h3' not found
[[ATTACHMENT|C:\\Users\\shalinin\\Katalon Studio\\HME\\Reports\\RegressionSuite\\20180424_112731\\1524549505035.png]]

2018-04-24 11:28:25 - [TEST_STEP][PASSED] - uiaction.CommonUIActions.click: uiaction.CommonUIActions.click is PASSED

2018-04-24 11:28:46 - [MESSAGE][PASSED] - uiaction.CommonUIActions.click is PASSED

2018-04-24 11:28:46 - [TEST_STEP][FAILED] - verifyElementPresent: com.kms.katalon.core.webui.exception.WebElementNotFoundException: Web element with id: 'Object Repository/StorePage/ManageLeaderGroupsButton' located by 'By.xpath: //span[text()='Manage Leaderboard Groups']/..' not found

2018-04-24 11:28:51 - [MESSAGE][FAILED] - com.kms.katalon.core.webui.exception.WebElementNotFoundException: Web element with id: 'Object Repository/StorePage/ManageLeaderGroupsButton' located by 'By.xpath: //span[text()='Manage Leaderboard Groups']/..' not found
[[ATTACHMENT|C:\\Users\\shalinin\\Katalon Studio\\HME\\Reports\\RegressionSuite\\20180424_112731\\1524549531557.png]]

2018-04-24 11:28:51 - [TEST_STEP][FAILED] - verifyElementPresent: com.kms.katalon.core.webui.exception.WebElementNotFoundException: Web element with id: 'Object Repository/StorePage/ManageReportGroupsButtton' located by 'By.xpath: //span[text()='Manage Report Groups']/..' not found

2018-04-24 11:28:57 - [MESSAGE][FAILED] - com.kms.katalon.core.webui.exception.WebElementNotFoundException: Web element with id: 'Object Repository/StorePage/ManageReportGroupsButtton' located by 'By.xpath: //span[text()='Manage Report Groups']/..' not found
[[ATTACHMENT|C:\\Users\\shalinin\\Katalon Studio\\HME\\Reports\\RegressionSuite\\20180424_112731\\1524549537144.png]]

2018-04-24 11:28:57 - [TEST_STEP][PASSED] - uiaction.CommonUIActions.click: uiaction.CommonUIActions.click is PASSED

2018-04-24 11:29:17 - [MESSAGE][PASSED] - uiaction.CommonUIActions.click is PASSED

2018-04-24 11:29:17 - [TEST_STEP][PASSED] - Statement - assert TCflag == true: null

2018-04-24 11:29:17 - [TEST_STEP][PASSED] - Start listener action : sampleAfterTestCase: Browser is closed

2018-04-24 11:29:17 - [TEST_STEP][PASSED] - Statement - println(testCaseContext.getTestCaseId()): null

2018-04-24 11:29:17 - [TEST_STEP][PASSED] - Statement - println(testCaseContext.getTestCaseStatus()): null

2018-04-24 11:29:17 - [TEST_STEP][PASSED] - closeBrowser: Browser is closed

2018-04-24 11:29:18 - [MESSAGE][PASSED] - Browser is closed]]></system-out>
         <system-err><![CDATA[2018-04-24 11:27:35 - [TEST_CASE][FAILED] - Test Cases/CreateGroupTC/HME-StoreListPage-01: Test Cases/CreateGroupTC/HME-StoreListPage-01 FAILED because (of) com.kms.katalon.core.webui.exception.WebElementNotFoundException: Web element with id: 'Object Repository/StorePage/StoreListHeading' located by 'By.xpath: //div[@class='settings_search clear']/h3' not found]]></system-err>
      </testcase>
      <testcase name="Test Cases/CreateGroupTC/HME-ReportingGroupManagement-03" classname="Test Cases/CreateGroupTC/HME-ReportingGroupManagement-03" status="FAILED">
         <failure type="FAILED" message="org.codehaus.groovy.runtime.powerassert.PowerAssertionError: assert TCflag==true
       |     |
       false false"/>
         <system-out><![CDATA[2018-04-24 11:29:18 - [TEST_CASE][FAILED] - Test Cases/CreateGroupTC/HME-ReportingGroupManagement-03: Test Cases/CreateGroupTC/HME-ReportingGroupManagement-03 FAILED because (of) org.codehaus.groovy.runtime.powerassert.PowerAssertionError: assert TCflag==true
       |     |
       false false

2018-04-24 11:29:18 - [TEST_STEP][PASSED] - Start listener action : sampleBeforeTestCase: Current window maximized

2018-04-24 11:29:18 - [TEST_STEP][PASSED] - openBrowser: Browser is opened with url: ''

2018-04-24 11:29:20 - [MESSAGE][PASSED] - Browser is opened with url: ''

2018-04-24 11:29:20 - [TEST_STEP][PASSED] - maximizeWindow: Current window maximized

2018-04-24 11:29:21 - [MESSAGE][PASSED] - Current window maximized

2018-04-24 11:29:21 - [TEST_STEP][PASSED] - Statement - TCflag = true: null

2018-04-24 11:29:21 - [TEST_STEP][PASSED] - Statement - Try: uiaction.CommonUIActions.click is PASSED

2018-04-24 11:29:21 - [TEST_STEP][PASSED] - navigateToUrl: Navigate to 'https://hme-dev-public-cloud-app.azurewebsites.net/' successfully

2018-04-24 11:29:24 - [MESSAGE][PASSED] - Navigate to 'https://hme-dev-public-cloud-app.azurewebsites.net/' successfully

2018-04-24 11:29:24 - [TEST_STEP][PASSED] - Statement - driver = com.kms.katalon.core.webui.driver.DriverFactory.getWebDriver(): null

2018-04-24 11:29:24 - [TEST_STEP][PASSED] - projectSpecific.Reusability.login: projectSpecific.Reusability.login is PASSED

2018-04-24 11:29:24 - [MESSAGE][PASSED] - projectSpecific.Reusability.getTestData is PASSED

2018-04-24 11:29:25 - [MESSAGE][PASSED] - projectSpecific.Reusability.getTestData is PASSED

2018-04-24 11:29:25 - [MESSAGE][PASSED] - Text 'selvendrank@nousinfo.com' is set on object 'Object Repository/LoginPage/Username'

2018-04-24 11:29:25 - [MESSAGE][PASSED] - Text 'nous;123' is set on object 'Object Repository/LoginPage/Password'

2018-04-24 11:29:25 - [MESSAGE][PASSED] - Object: 'Object Repository/LoginPage/Login' is clicked on

2018-04-24 11:29:25 - [MESSAGE][PASSED] - projectSpecific.Reusability.login is PASSED

2018-04-24 11:29:25 - [TEST_STEP][PASSED] - uiaction.CommonUIActions.click: uiaction.CommonUIActions.click is PASSED

2018-04-24 11:29:33 - [MESSAGE][PASSED] - uiaction.CommonUIActions.click is PASSED

2018-04-24 11:29:33 - [TEST_STEP][PASSED] - delay: Delayed 10 second(s)

2018-04-24 11:29:43 - [MESSAGE][PASSED] - Delayed 10 second(s)

2018-04-24 11:29:43 - [TEST_STEP][PASSED] - uiaction.CommonUIActions.click: uiaction.CommonUIActions.click is PASSED

2018-04-24 11:29:46 - [MESSAGE][PASSED] - uiaction.CommonUIActions.click is PASSED

2018-04-24 11:29:46 - [TEST_STEP][PASSED] - verifyElementPresent: Object 'Object Repository/StorePage/StoreListHeading' is present

2018-04-24 11:29:46 - [MESSAGE][PASSED] - Object 'Object Repository/StorePage/StoreListHeading' is present

2018-04-24 11:29:46 - [TEST_STEP][PASSED] - uiaction.CommonUIActions.click: uiaction.CommonUIActions.click is PASSED

2018-04-24 11:29:48 - [MESSAGE][PASSED] - uiaction.CommonUIActions.click is PASSED

2018-04-24 11:29:48 - [TEST_STEP][PASSED] - verifyElementPresent: Object 'Object Repository/StorePage/ManageLeaderGroupsButton' is present

2018-04-24 11:29:48 - [MESSAGE][PASSED] - Object 'Object Repository/StorePage/ManageLeaderGroupsButton' is present

2018-04-24 11:29:48 - [TEST_STEP][PASSED] - verifyElementPresent: Object 'Object Repository/StorePage/ManageReportGroupsButtton' is present

2018-04-24 11:29:48 - [MESSAGE][PASSED] - Object 'Object Repository/StorePage/ManageReportGroupsButtton' is present

2018-04-24 11:29:48 - [TEST_STEP][PASSED] - uiaction.CommonUIActions.click: uiaction.CommonUIActions.click is PASSED

2018-04-24 11:29:49 - [MESSAGE][PASSED] - uiaction.CommonUIActions.click is PASSED

2018-04-24 11:29:49 - [TEST_STEP][PASSED] - verifyElementPresent: Object 'Object Repository/ReportingGroupManagement/addNewGroup' is present

2018-04-24 11:29:49 - [MESSAGE][PASSED] - Object 'Object Repository/ReportingGroupManagement/addNewGroup' is present

2018-04-24 11:29:49 - [TEST_STEP][PASSED] - uiaction.CommonUIActions.click: uiaction.CommonUIActions.click is PASSED

2018-04-24 11:29:49 - [MESSAGE][PASSED] - uiaction.CommonUIActions.click is PASSED

2018-04-24 11:29:49 - [TEST_STEP][PASSED] - uiaction.CommonUIActions.click: uiaction.CommonUIActions.click is PASSED

2018-04-24 11:29:50 - [MESSAGE][PASSED] - uiaction.CommonUIActions.click is PASSED

2018-04-24 11:29:50 - [TEST_STEP][PASSED] - uiaction.CommonUIActions.enter: uiaction.CommonUIActions.enter is PASSED

2018-04-24 11:29:50 - [MESSAGE][PASSED] - projectSpecific.Reusability.getTestData is PASSED

2018-04-24 11:29:50 - [MESSAGE][PASSED] - uiaction.CommonUIActions.enter is PASSED

2018-04-24 11:29:50 - [TEST_STEP][PASSED] - uiaction.CommonUIActions.click: uiaction.CommonUIActions.click is PASSED

2018-04-24 11:29:50 - [MESSAGE][PASSED] - uiaction.CommonUIActions.click is PASSED

2018-04-24 11:29:50 - [TEST_STEP][PASSED] - uiaction.CommonUIActions.enter: uiaction.CommonUIActions.enter is PASSED

2018-04-24 11:29:50 - [MESSAGE][PASSED] - projectSpecific.Reusability.getTestData is PASSED

2018-04-24 11:29:50 - [MESSAGE][PASSED] - uiaction.CommonUIActions.enter is PASSED

2018-04-24 11:29:50 - [TEST_STEP][PASSED] - uiaction.CommonUIActions.click: uiaction.CommonUIActions.click is PASSED

2018-04-24 11:29:50 - [MESSAGE][PASSED] - uiaction.CommonUIActions.click is PASSED

2018-04-24 11:29:50 - [TEST_STEP][PASSED] - delay: Delayed 10 second(s)

2018-04-24 11:30:00 - [MESSAGE][PASSED] - Delayed 10 second(s)

2018-04-24 11:30:00 - [TEST_STEP][PASSED] - back: Navigate back successfully

2018-04-24 11:30:00 - [MESSAGE][PASSED] - Navigate back successfully

2018-04-24 11:30:00 - [TEST_STEP][PASSED] - delay: Delayed 10 second(s)

2018-04-24 11:30:10 - [MESSAGE][PASSED] - Delayed 10 second(s)

2018-04-24 11:30:10 - [TEST_STEP][PASSED] - Statement - index = 0: null

2018-04-24 11:30:10 - [TEST_STEP][PASSED] - Statement - groupName = CustomKeywords.projectSpecific.Reusability.getTestData("ReportingGroupManagementPage", "groupNameTC3"): projectSpecific.Reusability.getTestData is PASSED

2018-04-24 11:30:10 - [MESSAGE][PASSED] - projectSpecific.Reusability.getTestData is PASSED

2018-04-24 11:30:10 - [TEST_STEP][PASSED] - Statement - groupHierarchyList = driver.findElements(org.openqa.selenium.By.xpath(com.kms.katalon.core.testdata.TestDataFactory.findTestData(OR_file).getValue(2, 13))): Reading excel file with source file 'C:\Users\shalinin\Katalon Studio\HME\Data Files\HME_OR.xlsx' and sheet name 'Sheet1'

2018-04-24 11:30:10 - [TEST_STEP][PASSED] - Statement - For ([i = 0, i < groupHierarchyList.size(), (i++)]): null

2018-04-24 11:30:10 - [TEST_STEP][PASSED] - delay: Delayed 10 second(s)

2018-04-24 11:30:20 - [MESSAGE][PASSED] - Delayed 10 second(s)

2018-04-24 11:30:20 - [TEST_STEP][PASSED] - Statement - If (index != 0): null

2018-04-24 11:30:20 - [TEST_STEP][PASSED] - Statement - Else: null

2018-04-24 11:30:20 - [TEST_STEP][PASSED] - Statement - println("Required group is not available in group hierarchy"): null

2018-04-24 11:30:20 - [TEST_STEP][PASSED] - Statement - If (TCflag): null

2018-04-24 11:30:20 - [TEST_STEP][PASSED] - uiaction.CommonUIActions.click: uiaction.CommonUIActions.click is PASSED

2018-04-24 11:30:41 - [MESSAGE][PASSED] - uiaction.CommonUIActions.click is PASSED

2018-04-24 11:30:41 - [TEST_STEP][PASSED] - Statement - assert TCflag == true: null

2018-04-24 11:30:41 - [TEST_STEP][PASSED] - Start listener action : sampleAfterTestCase: Browser is closed

2018-04-24 11:30:41 - [TEST_STEP][PASSED] - Statement - println(testCaseContext.getTestCaseId()): null

2018-04-24 11:30:41 - [TEST_STEP][PASSED] - Statement - println(testCaseContext.getTestCaseStatus()): null

2018-04-24 11:30:41 - [TEST_STEP][PASSED] - closeBrowser: Browser is closed

2018-04-24 11:30:42 - [MESSAGE][PASSED] - Browser is closed]]></system-out>
         <system-err><![CDATA[2018-04-24 11:29:18 - [TEST_CASE][FAILED] - Test Cases/CreateGroupTC/HME-ReportingGroupManagement-03: Test Cases/CreateGroupTC/HME-ReportingGroupManagement-03 FAILED because (of) org.codehaus.groovy.runtime.powerassert.PowerAssertionError: assert TCflag==true
       |     |
       false false]]></system-err>
      </testcase>
      <system-out><![CDATA[2018-04-24 11:27:34 - [TEST_SUITE][FAILED] - RegressionSuite: Test Cases/CreateGroupTC/HME-StoreListPage-01 FAILED because (of) com.kms.katalon.core.webui.exception.WebElementNotFoundException: Web element with id: 'Object Repository/StorePage/StoreListHeading' located by 'By.xpath: //div[@class='settings_search clear']/h3' not found]]></system-out>
      <system-err><![CDATA[2018-04-24 11:27:34 - [TEST_SUITE][FAILED] - RegressionSuite: Test Cases/CreateGroupTC/HME-StoreListPage-01 FAILED because (of) com.kms.katalon.core.webui.exception.WebElementNotFoundException: Web element with id: 'Object Repository/StorePage/StoreListHeading' located by 'By.xpath: //div[@class='settings_search clear']/h3' not found]]></system-err>
   </testsuite>
</testsuites>
