<?xml version="1.0" encoding="UTF-8"?>
<testsuites name="RegressionSuite" time="356" tests="0" failures="2" errors="0">
   <testsuite name="RegressionSuite" tests="0" failures="2" errors="0" time="356" timestamp="2018-06-04 18:17:28" hostname="shalinin - NIBC2129.nousinfo.com" id="Test Suites/RegressionSuite">
      <properties>
         <property name="deviceName" value=""/>
         <property name="devicePlatform" value=""/>
         <property name="logFolder" value="C:\\Users\\shalinin\\Katalon Studio\\HME_Scripts\\Reports\\RegressionSuite\\20180604_181726"/>
         <property name="logFiles" value="C:\\Users\\shalinin\\Katalon Studio\\HME_Scripts\\Reports\\RegressionSuite\\20180604_181726\\execution0.log"/>
         <property name="attachments" value=""/>
         <property name="hostName" value="shalinin - NIBC2129.nousinfo.com"/>
         <property name="os" value="Windows 7 64bit"/>
         <property name="katalonVersion" value="5.3.1.1"/>
         <property name="browser" value="Chrome 66.0.3359.181"/>
         <property name="hostAddress" value="10.10.50.72"/>
         <property name="sessionId" value="ef29d1d225266d53f9bfa0fd89fd0629"/>
         <property name="seleniumVersion" value="3.7.1"/>
         <property name="proxyInformation" value="ProxyInformation{proxyOption=NO_PROXY, proxyServerType=HTTP, password=, proxyServerAddress=, proxyServerPort=0}"/>
         <property name="platform" value="Windows 7"/>
      </properties>
      <testcase name="Test Cases/SummaryReportsTC/HME-Summary Report-02" classname="Test Cases/SummaryReportsTC/HME-Summary Report-02" status="FAILED">
         <failure type="FAILED" message="Unable to verify match between actual text 'Menu 1' and expected text 'Menu Board' (Root cause: Actual text 'Menu 1' and expected text 'Menu Board' are not matched)"/>
         <system-out><![CDATA[2018-06-04 18:17:29 - [TEST_CASE][FAILED] - Test Cases/SummaryReportsTC/HME-Summary Report-02: Test Cases/SummaryReportsTC/HME-Summary Report-02 FAILED because (of) Unable to verify match between actual text 'Menu 1' and expected text 'Menu Board' (Root cause: Actual text 'Menu 1' and expected text 'Menu Board' are not matched)

2018-06-04 18:17:29 - [TEST_STEP][PASSED] - Start listener action : sampleBeforeTestCase: uiaction.CommonUIActions.deleteAllCookies is PASSED

2018-06-04 18:17:29 - [TEST_STEP][PASSED] - openBrowser: Browser is opened with url: ''

2018-06-04 18:17:32 - [MESSAGE][PASSED] - Browser is opened with url: ''

2018-06-04 18:17:32 - [TEST_STEP][PASSED] - maximizeWindow: Current window maximized

2018-06-04 18:17:33 - [MESSAGE][PASSED] - Current window maximized

2018-06-04 18:17:33 - [TEST_STEP][PASSED] - uiaction.CommonUIActions.deleteAllCookies: uiaction.CommonUIActions.deleteAllCookies is PASSED

2018-06-04 18:17:33 - [MESSAGE][PASSED] - Delete all cookies successfully

2018-06-04 18:17:33 - [MESSAGE][PASSED] - uiaction.CommonUIActions.deleteAllCookies is PASSED

2018-06-04 18:17:33 - [TEST_STEP][PASSED] - Statement - TCflag = true: null

2018-06-04 18:17:33 - [TEST_STEP][FAILED] - Statement - Try: uiaction.CommonUIActions.click is PASSED

2018-06-04 18:17:33 - [TEST_STEP][PASSED] - navigateToUrl: Navigate to 'https://hme-dev-public-cloud-app.azurewebsites.net/' successfully

2018-06-04 18:17:55 - [MESSAGE][PASSED] - Navigate to 'https://hme-dev-public-cloud-app.azurewebsites.net/' successfully

2018-06-04 18:17:55 - [TEST_STEP][PASSED] - delay: Delayed 10 second(s)

2018-06-04 18:18:05 - [MESSAGE][PASSED] - Delayed 10 second(s)

2018-06-04 18:18:05 - [TEST_STEP][PASSED] - navigateToUrl: Navigate to 'https://hme-dev-public-cloud-app.azurewebsites.net/' successfully

2018-06-04 18:18:18 - [MESSAGE][PASSED] - Navigate to 'https://hme-dev-public-cloud-app.azurewebsites.net/' successfully

2018-06-04 18:18:18 - [TEST_STEP][PASSED] - projectSpecific.Reusability.login: projectSpecific.Reusability.login is PASSED

2018-06-04 18:18:19 - [MESSAGE][PASSED] - projectSpecific.Reusability.getTestData is PASSED

2018-06-04 18:18:19 - [MESSAGE][PASSED] - projectSpecific.Reusability.getTestData is PASSED

2018-06-04 18:18:19 - [MESSAGE][PASSED] - Text 'selvendrank@nousinfo.com' is set on object 'Object Repository/LoginPage/Username'

2018-06-04 18:18:19 - [MESSAGE][PASSED] - Text 'nous;123' is set on object 'Object Repository/LoginPage/Password'

2018-06-04 18:18:19 - [MESSAGE][PASSED] - Object: 'Object Repository/LoginPage/Login' is clicked on

2018-06-04 18:18:19 - [MESSAGE][PASSED] - projectSpecific.Reusability.login is PASSED

2018-06-04 18:18:19 - [TEST_STEP][PASSED] - delay: Delayed 15 second(s)

2018-06-04 18:18:34 - [MESSAGE][PASSED] - Delayed 15 second(s)

2018-06-04 18:18:34 - [TEST_STEP][PASSED] - delay: Delayed 15 second(s)

2018-06-04 18:18:49 - [MESSAGE][PASSED] - Delayed 15 second(s)

2018-06-04 18:18:49 - [TEST_STEP][PASSED] - uiaction.CommonUIActions.click: uiaction.CommonUIActions.click is PASSED

2018-06-04 18:18:52 - [MESSAGE][PASSED] - uiaction.CommonUIActions.click is PASSED

2018-06-04 18:18:52 - [TEST_STEP][PASSED] - uiaction.CommonUIActions.click: uiaction.CommonUIActions.click is PASSED

2018-06-04 18:18:52 - [MESSAGE][PASSED] - uiaction.CommonUIActions.click is PASSED

2018-06-04 18:18:52 - [TEST_STEP][PASSED] - uiaction.CommonUIActions.click: uiaction.CommonUIActions.click is PASSED

2018-06-04 18:18:52 - [MESSAGE][PASSED] - uiaction.CommonUIActions.click is PASSED

2018-06-04 18:18:52 - [TEST_STEP][PASSED] - uiaction.CommonUIActions.enter: uiaction.CommonUIActions.enter is PASSED

2018-06-04 18:18:52 - [MESSAGE][PASSED] - projectSpecific.Reusability.getTestData is PASSED

2018-06-04 18:18:53 - [MESSAGE][PASSED] - uiaction.CommonUIActions.enter is PASSED

2018-06-04 18:18:53 - [TEST_STEP][PASSED] - uiaction.CommonUIActions.enter: uiaction.CommonUIActions.enter is PASSED

2018-06-04 18:18:53 - [MESSAGE][PASSED] - projectSpecific.Reusability.getTestData is PASSED

2018-06-04 18:18:53 - [MESSAGE][PASSED] - uiaction.CommonUIActions.enter is PASSED

2018-06-04 18:18:53 - [TEST_STEP][PASSED] - delay: Delayed 10 second(s)

2018-06-04 18:19:03 - [MESSAGE][PASSED] - Delayed 10 second(s)

2018-06-04 18:19:03 - [TEST_STEP][PASSED] - Statement - driver = com.kms.katalon.core.webui.driver.DriverFactory.getWebDriver(): null

2018-06-04 18:19:03 - [TEST_STEP][PASSED] - Statement - grouplist = driver.findElements(org.openqa.selenium.By.xpath("//ul[@class='unlinked-grouplist']/li")): null

2018-06-04 18:19:03 - [TEST_STEP][PASSED] - delay: Delayed 5 second(s)

2018-06-04 18:19:08 - [MESSAGE][PASSED] - Delayed 5 second(s)

2018-06-04 18:19:08 - [TEST_STEP][PASSED] - Statement - pattern = java.util.regex.Pattern.compile("[0-9]+"): null

2018-06-04 18:19:08 - [TEST_STEP][PASSED] - Statement - store_count = 1: null

2018-06-04 18:19:08 - [TEST_STEP][PASSED] - Statement - For ([i = 0, i < 20, (i++)]): null

2018-06-04 18:19:08 - [TEST_STEP][PASSED] - Statement - println(grouplist.get(i).getText()): null

2018-06-04 18:19:08 - [TEST_STEP][PASSED] - Statement - txt = grouplist.get(i).getText(): null

2018-06-04 18:19:08 - [TEST_STEP][PASSED] - Statement - matched = pattern.matcher(txt).matches(): null

2018-06-04 18:19:08 - [TEST_STEP][PASSED] - Statement - If (matched): null

2018-06-04 18:19:08 - [TEST_STEP][PASSED] - Statement - println(grouplist.get(i).getText()): null

2018-06-04 18:19:08 - [TEST_STEP][PASSED] - Statement - txt = grouplist.get(i).getText(): null

2018-06-04 18:19:08 - [TEST_STEP][PASSED] - Statement - matched = pattern.matcher(txt).matches(): null

2018-06-04 18:19:08 - [TEST_STEP][PASSED] - Statement - If (matched): null

2018-06-04 18:19:08 - [TEST_STEP][PASSED] - Statement - println(grouplist.get(i).getText()): null

2018-06-04 18:19:08 - [TEST_STEP][PASSED] - Statement - txt = grouplist.get(i).getText(): null

2018-06-04 18:19:08 - [TEST_STEP][PASSED] - Statement - matched = pattern.matcher(txt).matches(): null

2018-06-04 18:19:08 - [TEST_STEP][PASSED] - Statement - If (matched): null

2018-06-04 18:19:08 - [TEST_STEP][PASSED] - Statement - println(grouplist.get(i).getText()): null

2018-06-04 18:19:08 - [TEST_STEP][PASSED] - Statement - txt = grouplist.get(i).getText(): null

2018-06-04 18:19:08 - [TEST_STEP][PASSED] - Statement - matched = pattern.matcher(txt).matches(): null

2018-06-04 18:19:08 - [TEST_STEP][PASSED] - Statement - If (matched): null

2018-06-04 18:19:08 - [TEST_STEP][PASSED] - Statement - println(grouplist.get(i).getText()): null

2018-06-04 18:19:08 - [TEST_STEP][PASSED] - Statement - txt = grouplist.get(i).getText(): null

2018-06-04 18:19:08 - [TEST_STEP][PASSED] - Statement - matched = pattern.matcher(txt).matches(): null

2018-06-04 18:19:08 - [TEST_STEP][PASSED] - Statement - If (matched): null

2018-06-04 18:19:08 - [TEST_STEP][PASSED] - Statement - println(grouplist.get(i).getText()): null

2018-06-04 18:19:08 - [TEST_STEP][PASSED] - Statement - txt = grouplist.get(i).getText(): null

2018-06-04 18:19:08 - [TEST_STEP][PASSED] - Statement - matched = pattern.matcher(txt).matches(): null

2018-06-04 18:19:08 - [TEST_STEP][PASSED] - Statement - If (matched): null

2018-06-04 18:19:08 - [TEST_STEP][PASSED] - Statement - println(grouplist.get(i).getText()): null

2018-06-04 18:19:08 - [TEST_STEP][PASSED] - Statement - txt = grouplist.get(i).getText(): null

2018-06-04 18:19:08 - [TEST_STEP][PASSED] - Statement - matched = pattern.matcher(txt).matches(): null

2018-06-04 18:19:08 - [TEST_STEP][PASSED] - Statement - If (matched): null

2018-06-04 18:19:08 - [TEST_STEP][PASSED] - Statement - println(grouplist.get(i).getText()): null

2018-06-04 18:19:08 - [TEST_STEP][PASSED] - Statement - txt = grouplist.get(i).getText(): null

2018-06-04 18:19:08 - [TEST_STEP][PASSED] - Statement - matched = pattern.matcher(txt).matches(): null

2018-06-04 18:19:08 - [TEST_STEP][PASSED] - Statement - If (matched): null

2018-06-04 18:19:08 - [TEST_STEP][PASSED] - Statement - println(grouplist.get(i).getText()): null

2018-06-04 18:19:08 - [TEST_STEP][PASSED] - Statement - txt = grouplist.get(i).getText(): null

2018-06-04 18:19:08 - [TEST_STEP][PASSED] - Statement - matched = pattern.matcher(txt).matches(): null

2018-06-04 18:19:08 - [TEST_STEP][PASSED] - Statement - If (matched): null

2018-06-04 18:19:08 - [TEST_STEP][PASSED] - Statement - println(grouplist.get(i).getText()): null

2018-06-04 18:19:08 - [TEST_STEP][PASSED] - Statement - txt = grouplist.get(i).getText(): null

2018-06-04 18:19:08 - [TEST_STEP][PASSED] - Statement - matched = pattern.matcher(txt).matches(): null

2018-06-04 18:19:08 - [TEST_STEP][PASSED] - Statement - If (matched): null

2018-06-04 18:19:08 - [TEST_STEP][PASSED] - Statement - println(grouplist.get(i).getText()): null

2018-06-04 18:19:08 - [TEST_STEP][PASSED] - Statement - txt = grouplist.get(i).getText(): null

2018-06-04 18:19:08 - [TEST_STEP][PASSED] - Statement - matched = pattern.matcher(txt).matches(): null

2018-06-04 18:19:08 - [TEST_STEP][PASSED] - Statement - If (matched): null

2018-06-04 18:19:08 - [TEST_STEP][PASSED] - Statement - driver.findElement(org.openqa.selenium.By.xpath("(//ul[@class='unlinked-grouplist']/li/label)[" + i + 1 + "]")).click(): null

2018-06-04 18:19:08 - [TEST_STEP][PASSED] - Statement - (store_count++): null

2018-06-04 18:19:08 - [TEST_STEP][PASSED] - Statement - println(grouplist.get(i).getText()): null

2018-06-04 18:19:08 - [TEST_STEP][PASSED] - Statement - txt = grouplist.get(i).getText(): null

2018-06-04 18:19:08 - [TEST_STEP][PASSED] - Statement - matched = pattern.matcher(txt).matches(): null

2018-06-04 18:19:08 - [TEST_STEP][PASSED] - Statement - If (matched): null

2018-06-04 18:19:08 - [TEST_STEP][PASSED] - Statement - driver.findElement(org.openqa.selenium.By.xpath("(//ul[@class='unlinked-grouplist']/li/label)[" + i + 1 + "]")).click(): null

2018-06-04 18:19:08 - [TEST_STEP][PASSED] - Statement - (store_count++): null

2018-06-04 18:19:08 - [TEST_STEP][PASSED] - Statement - println(grouplist.get(i).getText()): null

2018-06-04 18:19:08 - [TEST_STEP][PASSED] - Statement - txt = grouplist.get(i).getText(): null

2018-06-04 18:19:08 - [TEST_STEP][PASSED] - Statement - matched = pattern.matcher(txt).matches(): null

2018-06-04 18:19:08 - [TEST_STEP][PASSED] - Statement - If (matched): null

2018-06-04 18:19:08 - [TEST_STEP][PASSED] - Statement - driver.findElement(org.openqa.selenium.By.xpath("(//ul[@class='unlinked-grouplist']/li/label)[" + i + 1 + "]")).click(): null

2018-06-04 18:19:08 - [TEST_STEP][PASSED] - Statement - (store_count++): null

2018-06-04 18:19:08 - [TEST_STEP][PASSED] - Statement - println(grouplist.get(i).getText()): null

2018-06-04 18:19:08 - [TEST_STEP][PASSED] - Statement - txt = grouplist.get(i).getText(): null

2018-06-04 18:19:08 - [TEST_STEP][PASSED] - Statement - matched = pattern.matcher(txt).matches(): null

2018-06-04 18:19:08 - [TEST_STEP][PASSED] - Statement - If (matched): null

2018-06-04 18:19:08 - [TEST_STEP][PASSED] - Statement - driver.findElement(org.openqa.selenium.By.xpath("(//ul[@class='unlinked-grouplist']/li/label)[" + i + 1 + "]")).click(): null

2018-06-04 18:19:09 - [TEST_STEP][PASSED] - Statement - (store_count++): null

2018-06-04 18:19:09 - [TEST_STEP][PASSED] - Statement - println(grouplist.get(i).getText()): null

2018-06-04 18:19:09 - [TEST_STEP][PASSED] - Statement - txt = grouplist.get(i).getText(): null

2018-06-04 18:19:09 - [TEST_STEP][PASSED] - Statement - matched = pattern.matcher(txt).matches(): null

2018-06-04 18:19:09 - [TEST_STEP][PASSED] - Statement - If (matched): null

2018-06-04 18:19:09 - [TEST_STEP][PASSED] - Statement - driver.findElement(org.openqa.selenium.By.xpath("(//ul[@class='unlinked-grouplist']/li/label)[" + i + 1 + "]")).click(): null

2018-06-04 18:19:09 - [TEST_STEP][PASSED] - Statement - (store_count++): null

2018-06-04 18:19:09 - [TEST_STEP][PASSED] - Statement - println(grouplist.get(i).getText()): null

2018-06-04 18:19:09 - [TEST_STEP][PASSED] - Statement - txt = grouplist.get(i).getText(): null

2018-06-04 18:19:09 - [TEST_STEP][PASSED] - Statement - matched = pattern.matcher(txt).matches(): null

2018-06-04 18:19:09 - [TEST_STEP][PASSED] - Statement - If (matched): null

2018-06-04 18:19:09 - [TEST_STEP][PASSED] - Statement - driver.findElement(org.openqa.selenium.By.xpath("(//ul[@class='unlinked-grouplist']/li/label)[" + i + 1 + "]")).click(): null

2018-06-04 18:19:09 - [TEST_STEP][PASSED] - Statement - (store_count++): null

2018-06-04 18:19:09 - [TEST_STEP][PASSED] - Statement - println(grouplist.get(i).getText()): null

2018-06-04 18:19:09 - [TEST_STEP][PASSED] - Statement - txt = grouplist.get(i).getText(): null

2018-06-04 18:19:09 - [TEST_STEP][PASSED] - Statement - matched = pattern.matcher(txt).matches(): null

2018-06-04 18:19:09 - [TEST_STEP][PASSED] - Statement - If (matched): null

2018-06-04 18:19:09 - [TEST_STEP][PASSED] - Statement - driver.findElement(org.openqa.selenium.By.xpath("(//ul[@class='unlinked-grouplist']/li/label)[" + i + 1 + "]")).click(): null

2018-06-04 18:19:09 - [TEST_STEP][PASSED] - Statement - (store_count++): null

2018-06-04 18:19:09 - [TEST_STEP][PASSED] - Statement - println(grouplist.get(i).getText()): null

2018-06-04 18:19:09 - [TEST_STEP][PASSED] - Statement - txt = grouplist.get(i).getText(): null

2018-06-04 18:19:09 - [TEST_STEP][PASSED] - Statement - matched = pattern.matcher(txt).matches(): null

2018-06-04 18:19:09 - [TEST_STEP][PASSED] - Statement - If (matched): null

2018-06-04 18:19:09 - [TEST_STEP][PASSED] - Statement - driver.findElement(org.openqa.selenium.By.xpath("(//ul[@class='unlinked-grouplist']/li/label)[" + i + 1 + "]")).click(): null

2018-06-04 18:19:09 - [TEST_STEP][PASSED] - Statement - (store_count++): null

2018-06-04 18:19:09 - [TEST_STEP][PASSED] - Statement - println(grouplist.get(i).getText()): null

2018-06-04 18:19:09 - [TEST_STEP][PASSED] - Statement - txt = grouplist.get(i).getText(): null

2018-06-04 18:19:09 - [TEST_STEP][PASSED] - Statement - matched = pattern.matcher(txt).matches(): null

2018-06-04 18:19:09 - [TEST_STEP][PASSED] - Statement - If (matched): null

2018-06-04 18:19:09 - [TEST_STEP][PASSED] - Statement - driver.findElement(org.openqa.selenium.By.xpath("(//ul[@class='unlinked-grouplist']/li/label)[" + i + 1 + "]")).click(): null

2018-06-04 18:19:09 - [TEST_STEP][PASSED] - Statement - (store_count++): null

2018-06-04 18:19:09 - [TEST_STEP][PASSED] - Statement - println(grouplist.get(i).getText()): null

2018-06-04 18:19:09 - [TEST_STEP][PASSED] - Statement - txt = grouplist.get(i).getText(): null

2018-06-04 18:19:09 - [TEST_STEP][PASSED] - Statement - matched = pattern.matcher(txt).matches(): null

2018-06-04 18:19:09 - [TEST_STEP][PASSED] - Statement - If (matched): null

2018-06-04 18:19:09 - [TEST_STEP][PASSED] - Statement - driver.findElement(org.openqa.selenium.By.xpath("(//ul[@class='unlinked-grouplist']/li/label)[" + i + 1 + "]")).click(): null

2018-06-04 18:19:09 - [TEST_STEP][PASSED] - Statement - (store_count++): null

2018-06-04 18:19:09 - [TEST_STEP][PASSED] - Statement - driver.findElement(org.openqa.selenium.By.xpath("//button[contains(text(),'>')]")).click(): null

2018-06-04 18:19:09 - [TEST_STEP][PASSED] - uiaction.CommonUIActions.click: uiaction.CommonUIActions.click is PASSED

2018-06-04 18:19:09 - [MESSAGE][PASSED] - uiaction.CommonUIActions.click is PASSED

2018-06-04 18:19:09 - [TEST_STEP][PASSED] - delay: Delayed 5 second(s)

2018-06-04 18:19:14 - [MESSAGE][PASSED] - Delayed 5 second(s)

2018-06-04 18:19:14 - [TEST_STEP][PASSED] - uiaction.CommonUIActions.click: uiaction.CommonUIActions.click is PASSED

2018-06-04 18:19:14 - [MESSAGE][PASSED] - uiaction.CommonUIActions.click is PASSED

2018-06-04 18:19:14 - [TEST_STEP][PASSED] - delay: Delayed 10 second(s)

2018-06-04 18:19:24 - [MESSAGE][PASSED] - Delayed 10 second(s)

2018-06-04 18:19:24 - [TEST_STEP][PASSED] - Statement - groupmain = CustomKeywords.projectSpecific.Reusability.getTestData("ReportingGroupManagementPage", "dummyGroupName1"): projectSpecific.Reusability.getTestData is PASSED

2018-06-04 18:19:24 - [MESSAGE][PASSED] - projectSpecific.Reusability.getTestData is PASSED

2018-06-04 18:19:24 - [TEST_STEP][PASSED] - Statement - driver.findElement(org.openqa.selenium.By.xpath("//span[contains(text(),'" + groupmain + "')]/../../../../span[2]")).click(): null

2018-06-04 18:19:25 - [TEST_STEP][PASSED] - delay: Delayed 10 second(s)

2018-06-04 18:19:35 - [MESSAGE][PASSED] - Delayed 10 second(s)

2018-06-04 18:19:35 - [TEST_STEP][PASSED] - mouseOver: Object: 'Object Repository/ReportsPage/mouseOver' is hovered

2018-06-04 18:19:35 - [MESSAGE][PASSED] - Object: 'Object Repository/ReportsPage/mouseOver' is hovered

2018-06-04 18:19:35 - [TEST_STEP][PASSED] - Statement - criteriaStoreList = driver.findElements(org.openqa.selenium.By.xpath(com.kms.katalon.core.testdata.TestDataFactory.findTestData(OR_file).getValue(2, 15))): Reading excel file with source file 'C:\Users\shalinin\Katalon Studio\HME_Scripts\Data Files\HME_OR.xlsx' and sheet name 'Sheet1'

2018-06-04 18:19:35 - [TEST_STEP][PASSED] - Statement - criteriaSTList = new java.util.ArrayList(): null

2018-06-04 18:19:35 - [TEST_STEP][PASSED] - Statement - For ([i = 0, i < criteriaStoreList.size(), (i++)]): null

2018-06-04 18:19:35 - [TEST_STEP][PASSED] - Statement - value = criteriaStoreList[i].getText(): null

2018-06-04 18:19:35 - [TEST_STEP][PASSED] - Statement - println(value): null

2018-06-04 18:19:35 - [TEST_STEP][PASSED] - Statement - value = value.replace(",", ""): null

2018-06-04 18:19:35 - [TEST_STEP][PASSED] - Statement - value = value.trim(): null

2018-06-04 18:19:35 - [TEST_STEP][PASSED] - Statement - criteriaSTList[i] = value: null

2018-06-04 18:19:35 - [TEST_STEP][PASSED] - Statement - value = criteriaStoreList[i].getText(): null

2018-06-04 18:19:35 - [TEST_STEP][PASSED] - Statement - println(value): null

2018-06-04 18:19:35 - [TEST_STEP][PASSED] - Statement - value = value.replace(",", ""): null

2018-06-04 18:19:35 - [TEST_STEP][PASSED] - Statement - value = value.trim(): null

2018-06-04 18:19:35 - [TEST_STEP][PASSED] - Statement - criteriaSTList[i] = value: null

2018-06-04 18:19:35 - [TEST_STEP][PASSED] - Statement - value = criteriaStoreList[i].getText(): null

2018-06-04 18:19:35 - [TEST_STEP][PASSED] - Statement - println(value): null

2018-06-04 18:19:35 - [TEST_STEP][PASSED] - Statement - value = value.replace(",", ""): null

2018-06-04 18:19:35 - [TEST_STEP][PASSED] - Statement - value = value.trim(): null

2018-06-04 18:19:35 - [TEST_STEP][PASSED] - Statement - criteriaSTList[i] = value: null

2018-06-04 18:19:35 - [TEST_STEP][PASSED] - Statement - value = criteriaStoreList[i].getText(): null

2018-06-04 18:19:35 - [TEST_STEP][PASSED] - Statement - println(value): null

2018-06-04 18:19:35 - [TEST_STEP][PASSED] - Statement - value = value.replace(",", ""): null

2018-06-04 18:19:35 - [TEST_STEP][PASSED] - Statement - value = value.trim(): null

2018-06-04 18:19:35 - [TEST_STEP][PASSED] - Statement - criteriaSTList[i] = value: null

2018-06-04 18:19:35 - [TEST_STEP][PASSED] - Statement - value = criteriaStoreList[i].getText(): null

2018-06-04 18:19:35 - [TEST_STEP][PASSED] - Statement - println(value): null

2018-06-04 18:19:35 - [TEST_STEP][PASSED] - Statement - value = value.replace(",", ""): null

2018-06-04 18:19:35 - [TEST_STEP][PASSED] - Statement - value = value.trim(): null

2018-06-04 18:19:35 - [TEST_STEP][PASSED] - Statement - criteriaSTList[i] = value: null

2018-06-04 18:19:35 - [TEST_STEP][PASSED] - Statement - value = criteriaStoreList[i].getText(): null

2018-06-04 18:19:35 - [TEST_STEP][PASSED] - Statement - println(value): null

2018-06-04 18:19:35 - [TEST_STEP][PASSED] - Statement - value = value.replace(",", ""): null

2018-06-04 18:19:35 - [TEST_STEP][PASSED] - Statement - value = value.trim(): null

2018-06-04 18:19:35 - [TEST_STEP][PASSED] - Statement - criteriaSTList[i] = value: null

2018-06-04 18:19:35 - [TEST_STEP][PASSED] - Statement - value = criteriaStoreList[i].getText(): null

2018-06-04 18:19:35 - [TEST_STEP][PASSED] - Statement - println(value): null

2018-06-04 18:19:35 - [TEST_STEP][PASSED] - Statement - value = value.replace(",", ""): null

2018-06-04 18:19:35 - [TEST_STEP][PASSED] - Statement - value = value.trim(): null

2018-06-04 18:19:35 - [TEST_STEP][PASSED] - Statement - criteriaSTList[i] = value: null

2018-06-04 18:19:35 - [TEST_STEP][PASSED] - Statement - value = criteriaStoreList[i].getText(): null

2018-06-04 18:19:35 - [TEST_STEP][PASSED] - Statement - println(value): null

2018-06-04 18:19:35 - [TEST_STEP][PASSED] - Statement - value = value.replace(",", ""): null

2018-06-04 18:19:35 - [TEST_STEP][PASSED] - Statement - value = value.trim(): null

2018-06-04 18:19:35 - [TEST_STEP][PASSED] - Statement - criteriaSTList[i] = value: null

2018-06-04 18:19:35 - [TEST_STEP][PASSED] - Statement - value = criteriaStoreList[i].getText(): null

2018-06-04 18:19:35 - [TEST_STEP][PASSED] - Statement - println(value): null

2018-06-04 18:19:35 - [TEST_STEP][PASSED] - Statement - value = value.replace(",", ""): null

2018-06-04 18:19:35 - [TEST_STEP][PASSED] - Statement - value = value.trim(): null

2018-06-04 18:19:35 - [TEST_STEP][PASSED] - Statement - criteriaSTList[i] = value: null

2018-06-04 18:19:35 - [TEST_STEP][PASSED] - Statement - value = criteriaStoreList[i].getText(): null

2018-06-04 18:19:35 - [TEST_STEP][PASSED] - Statement - println(value): null

2018-06-04 18:19:35 - [TEST_STEP][PASSED] - Statement - value = value.replace(",", ""): null

2018-06-04 18:19:35 - [TEST_STEP][PASSED] - Statement - value = value.trim(): null

2018-06-04 18:19:35 - [TEST_STEP][PASSED] - Statement - criteriaSTList[i] = value: null

2018-06-04 18:19:35 - [TEST_STEP][PASSED] - Statement - value = criteriaStoreList[i].getText(): null

2018-06-04 18:19:35 - [TEST_STEP][PASSED] - Statement - println(value): null

2018-06-04 18:19:35 - [TEST_STEP][PASSED] - Statement - value = value.replace(",", ""): null

2018-06-04 18:19:35 - [TEST_STEP][PASSED] - Statement - value = value.trim(): null

2018-06-04 18:19:35 - [TEST_STEP][PASSED] - Statement - criteriaSTList[i] = value: null

2018-06-04 18:19:35 - [TEST_STEP][PASSED] - Statement - println(criteriaSTList): null

2018-06-04 18:19:35 - [TEST_STEP][PASSED] - click: Object: 'Object Repository/ReportsPage/timeSelection' is clicked on

2018-06-04 18:19:35 - [MESSAGE][PASSED] - Object: 'Object Repository/ReportsPage/timeSelection' is clicked on

2018-06-04 18:19:35 - [TEST_STEP][PASSED] - click: Object: 'Object Repository/ReportsPage/weekTimeOption' is clicked on

2018-06-04 18:19:35 - [MESSAGE][PASSED] - Object: 'Object Repository/ReportsPage/weekTimeOption' is clicked on

2018-06-04 18:19:35 - [TEST_STEP][PASSED] - click: Object: 'Object Repository/ReportsPage/summaryReportHeading' is clicked on

2018-06-04 18:19:35 - [MESSAGE][PASSED] - Object: 'Object Repository/ReportsPage/summaryReportHeading' is clicked on

2018-06-04 18:19:35 - [TEST_STEP][PASSED] - verifyElementText: Actual text and expected text of test object 'Object Repository/ReportsPage/weekTimeOption' are matched.

2018-06-04 18:19:35 - [MESSAGE][PASSED] - projectSpecific.Reusability.getTestData is PASSED

2018-06-04 18:19:35 - [MESSAGE][PASSED] - Actual text and expected text of test object 'Object Repository/ReportsPage/weekTimeOption' are matched.

2018-06-04 18:19:35 - [TEST_STEP][PASSED] - verifyElementText: Actual text and expected text of test object 'Object Repository/ReportsPage/criteriaTimeMeasure' are matched.

2018-06-04 18:19:36 - [MESSAGE][PASSED] - projectSpecific.Reusability.getTestData is PASSED

2018-06-04 18:19:36 - [MESSAGE][PASSED] - Actual text and expected text of test object 'Object Repository/ReportsPage/criteriaTimeMeasure' are matched.

2018-06-04 18:19:36 - [TEST_STEP][PASSED] - delay: Delayed 5 second(s)

2018-06-04 18:19:41 - [MESSAGE][PASSED] - Delayed 5 second(s)

2018-06-04 18:19:41 - [TEST_STEP][PASSED] - click: Object: 'Object Repository/ReportsPage/fromDateSelector' is clicked on

2018-06-04 18:19:41 - [MESSAGE][PASSED] - Object: 'Object Repository/ReportsPage/fromDateSelector' is clicked on

2018-06-04 18:19:41 - [TEST_STEP][PASSED] - delay: Delayed 5 second(s)

2018-06-04 18:19:46 - [MESSAGE][PASSED] - Delayed 5 second(s)

2018-06-04 18:19:46 - [TEST_STEP][PASSED] - Statement - monthText = com.kms.katalon.core.webui.keyword.WebUiBuiltInKeywords.getText(com.kms.katalon.core.testobject.ObjectRepository.findTestObject(ReportsPage/monthText)): Text of object 'Object Repository/ReportsPage/monthText' is: 'June 2018'

2018-06-04 18:19:46 - [MESSAGE][PASSED] - Text of object 'Object Repository/ReportsPage/monthText' is: 'June 2018'

2018-06-04 18:19:46 - [TEST_STEP][PASSED] - Statement - monthTextArray = monthText.split(" "): null

2018-06-04 18:19:46 - [TEST_STEP][PASSED] - Statement - month = monthTextArray[0]: null

2018-06-04 18:19:46 - [TEST_STEP][PASSED] - Statement - monthTextValue = CustomKeywords.projectSpecific.Reusability.getTestData("ReportsPage", "Month"): projectSpecific.Reusability.getTestData is PASSED

2018-06-04 18:19:46 - [MESSAGE][PASSED] - projectSpecific.Reusability.getTestData is PASSED

2018-06-04 18:19:46 - [TEST_STEP][PASSED] - Statement - If (!(monthTextValue.equals(month))): null

2018-06-04 18:19:46 - [TEST_STEP][PASSED] - Statement - While (!(monthTextValue.equals(month))): null

2018-06-04 18:19:46 - [TEST_STEP][PASSED] - click: Object: 'Object Repository/ReportsPage/previousDateSelector' is clicked on

2018-06-04 18:19:46 - [MESSAGE][PASSED] - Object: 'Object Repository/ReportsPage/previousDateSelector' is clicked on

2018-06-04 18:19:46 - [TEST_STEP][PASSED] - Statement - monthText = com.kms.katalon.core.webui.keyword.WebUiBuiltInKeywords.getText(com.kms.katalon.core.testobject.ObjectRepository.findTestObject(ReportsPage/monthText)): Text of object 'Object Repository/ReportsPage/monthText' is: 'May 2018'

2018-06-04 18:19:46 - [MESSAGE][PASSED] - Text of object 'Object Repository/ReportsPage/monthText' is: 'May 2018'

2018-06-04 18:19:46 - [TEST_STEP][PASSED] - Statement - monthTextArray = monthText.split(" "): null

2018-06-04 18:19:46 - [TEST_STEP][PASSED] - Statement - month = monthTextArray[0]: null

2018-06-04 18:19:46 - [TEST_STEP][PASSED] - click: Object: 'Object Repository/ReportsPage/previousDateSelector' is clicked on

2018-06-04 18:19:46 - [MESSAGE][PASSED] - Object: 'Object Repository/ReportsPage/previousDateSelector' is clicked on

2018-06-04 18:19:46 - [TEST_STEP][PASSED] - Statement - monthText = com.kms.katalon.core.webui.keyword.WebUiBuiltInKeywords.getText(com.kms.katalon.core.testobject.ObjectRepository.findTestObject(ReportsPage/monthText)): Text of object 'Object Repository/ReportsPage/monthText' is: 'April 2018'

2018-06-04 18:19:46 - [MESSAGE][PASSED] - Text of object 'Object Repository/ReportsPage/monthText' is: 'April 2018'

2018-06-04 18:19:46 - [TEST_STEP][PASSED] - Statement - monthTextArray = monthText.split(" "): null

2018-06-04 18:19:46 - [TEST_STEP][PASSED] - Statement - month = monthTextArray[0]: null

2018-06-04 18:19:46 - [TEST_STEP][PASSED] - click: Object: 'Object Repository/ReportsPage/previousDateSelector' is clicked on

2018-06-04 18:19:46 - [MESSAGE][PASSED] - Object: 'Object Repository/ReportsPage/previousDateSelector' is clicked on

2018-06-04 18:19:46 - [TEST_STEP][PASSED] - Statement - monthText = com.kms.katalon.core.webui.keyword.WebUiBuiltInKeywords.getText(com.kms.katalon.core.testobject.ObjectRepository.findTestObject(ReportsPage/monthText)): Text of object 'Object Repository/ReportsPage/monthText' is: 'March 2018'

2018-06-04 18:19:46 - [MESSAGE][PASSED] - Text of object 'Object Repository/ReportsPage/monthText' is: 'March 2018'

2018-06-04 18:19:46 - [TEST_STEP][PASSED] - Statement - monthTextArray = monthText.split(" "): null

2018-06-04 18:19:46 - [TEST_STEP][PASSED] - Statement - month = monthTextArray[0]: null

2018-06-04 18:19:46 - [TEST_STEP][PASSED] - Statement - data = CustomKeywords.projectSpecific.Reusability.getTestData("ReportsPage", "StartDate"): projectSpecific.Reusability.getTestData is PASSED

2018-06-04 18:19:46 - [MESSAGE][PASSED] - projectSpecific.Reusability.getTestData is PASSED

2018-06-04 18:19:46 - [TEST_STEP][PASSED] - Statement - startDate = "(//td[text()='" + data + "'])[1]": null

2018-06-04 18:19:46 - [TEST_STEP][PASSED] - Statement - println(startDate): null

2018-06-04 18:19:46 - [TEST_STEP][PASSED] - Statement - startdateEle = driver.findElement(org.openqa.selenium.By.xpath(startDate)): null

2018-06-04 18:19:46 - [TEST_STEP][PASSED] - Statement - startdateEle.click(): null

2018-06-04 18:19:46 - [TEST_STEP][PASSED] - delay: Delayed 5 second(s)

2018-06-04 18:19:51 - [MESSAGE][PASSED] - Delayed 5 second(s)

2018-06-04 18:19:51 - [TEST_STEP][PASSED] - click: Object: 'Object Repository/ReportsPage/toDateSelector' is clicked on

2018-06-04 18:19:51 - [MESSAGE][PASSED] - Object: 'Object Repository/ReportsPage/toDateSelector' is clicked on

2018-06-04 18:19:51 - [TEST_STEP][PASSED] - Statement - monthText = com.kms.katalon.core.webui.keyword.WebUiBuiltInKeywords.getText(com.kms.katalon.core.testobject.ObjectRepository.findTestObject(ReportsPage/monthText2)): Text of object 'Object Repository/ReportsPage/monthText2' is: 'June 2018'

2018-06-04 18:19:51 - [MESSAGE][PASSED] - Text of object 'Object Repository/ReportsPage/monthText2' is: 'June 2018'

2018-06-04 18:19:51 - [TEST_STEP][PASSED] - Statement - monthTextArray = monthText.split(" "): null

2018-06-04 18:19:51 - [TEST_STEP][PASSED] - Statement - month = monthTextArray[0]: null

2018-06-04 18:19:51 - [TEST_STEP][PASSED] - Statement - If (!(monthTextValue.equals(month))): null

2018-06-04 18:19:51 - [TEST_STEP][PASSED] - Statement - While (!(monthTextValue.equals(month))): null

2018-06-04 18:19:51 - [TEST_STEP][PASSED] - click: Object: 'Object Repository/ReportsPage/previousDateSelector2' is clicked on

2018-06-04 18:19:51 - [MESSAGE][PASSED] - Object: 'Object Repository/ReportsPage/previousDateSelector2' is clicked on

2018-06-04 18:19:51 - [TEST_STEP][PASSED] - Statement - monthText = com.kms.katalon.core.webui.keyword.WebUiBuiltInKeywords.getText(com.kms.katalon.core.testobject.ObjectRepository.findTestObject(ReportsPage/monthText2)): Text of object 'Object Repository/ReportsPage/monthText2' is: 'May 2018'

2018-06-04 18:19:51 - [MESSAGE][PASSED] - Text of object 'Object Repository/ReportsPage/monthText2' is: 'May 2018'

2018-06-04 18:19:51 - [TEST_STEP][PASSED] - Statement - monthTextArray = monthText.split(" "): null

2018-06-04 18:19:51 - [TEST_STEP][PASSED] - Statement - month = monthTextArray[0]: null

2018-06-04 18:19:51 - [TEST_STEP][PASSED] - click: Object: 'Object Repository/ReportsPage/previousDateSelector2' is clicked on

2018-06-04 18:19:51 - [MESSAGE][PASSED] - Object: 'Object Repository/ReportsPage/previousDateSelector2' is clicked on

2018-06-04 18:19:51 - [TEST_STEP][PASSED] - Statement - monthText = com.kms.katalon.core.webui.keyword.WebUiBuiltInKeywords.getText(com.kms.katalon.core.testobject.ObjectRepository.findTestObject(ReportsPage/monthText2)): Text of object 'Object Repository/ReportsPage/monthText2' is: 'April 2018'

2018-06-04 18:19:51 - [MESSAGE][PASSED] - Text of object 'Object Repository/ReportsPage/monthText2' is: 'April 2018'

2018-06-04 18:19:51 - [TEST_STEP][PASSED] - Statement - monthTextArray = monthText.split(" "): null

2018-06-04 18:19:51 - [TEST_STEP][PASSED] - Statement - month = monthTextArray[0]: null

2018-06-04 18:19:51 - [TEST_STEP][PASSED] - click: Object: 'Object Repository/ReportsPage/previousDateSelector2' is clicked on

2018-06-04 18:19:51 - [MESSAGE][PASSED] - Object: 'Object Repository/ReportsPage/previousDateSelector2' is clicked on

2018-06-04 18:19:51 - [TEST_STEP][PASSED] - Statement - monthText = com.kms.katalon.core.webui.keyword.WebUiBuiltInKeywords.getText(com.kms.katalon.core.testobject.ObjectRepository.findTestObject(ReportsPage/monthText2)): Text of object 'Object Repository/ReportsPage/monthText2' is: 'March 2018'

2018-06-04 18:19:52 - [MESSAGE][PASSED] - Text of object 'Object Repository/ReportsPage/monthText2' is: 'March 2018'

2018-06-04 18:19:52 - [TEST_STEP][PASSED] - Statement - monthTextArray = monthText.split(" "): null

2018-06-04 18:19:52 - [TEST_STEP][PASSED] - Statement - month = monthTextArray[0]: null

2018-06-04 18:19:52 - [TEST_STEP][PASSED] - Statement - endDate = CustomKeywords.projectSpecific.Reusability.getTestData("ReportsPage", "EndDate"): projectSpecific.Reusability.getTestData is PASSED

2018-06-04 18:19:52 - [MESSAGE][PASSED] - projectSpecific.Reusability.getTestData is PASSED

2018-06-04 18:19:52 - [TEST_STEP][PASSED] - Statement - toDate = "(//td[text()='" + endDate + "'])[2]": null

2018-06-04 18:19:52 - [TEST_STEP][PASSED] - Statement - toDateEle = driver.findElement(org.openqa.selenium.By.xpath(toDate)): null

2018-06-04 18:19:52 - [TEST_STEP][PASSED] - Statement - toDateEle.click(): null

2018-06-04 18:19:52 - [TEST_STEP][PASSED] - delay: Delayed 5 second(s)

2018-06-04 18:19:57 - [MESSAGE][PASSED] - Delayed 5 second(s)

2018-06-04 18:19:57 - [TEST_STEP][PASSED] - Statement - dateAttr = com.kms.katalon.core.webui.keyword.WebUiBuiltInKeywords.getAttribute(com.kms.katalon.core.testobject.ObjectRepository.findTestObject(ReportsPage/selectedDate1), "value"): Attribute 'value' of object 'Object Repository/ReportsPage/selectedDate1' is: '03/01/2018'

2018-06-04 18:19:57 - [MESSAGE][PASSED] - Attribute 'value' of object 'Object Repository/ReportsPage/selectedDate1' is: '03/01/2018'

2018-06-04 18:19:57 - [TEST_STEP][PASSED] - Statement - fromDateValue = CustomKeywords.projectSpecific.Reusability.getTestData("ReportsPage", "fromDate"): projectSpecific.Reusability.getTestData is PASSED

2018-06-04 18:19:57 - [MESSAGE][PASSED] - projectSpecific.Reusability.getTestData is PASSED

2018-06-04 18:19:57 - [TEST_STEP][PASSED] - Statement - If (!(dateAttr.equals(fromDateValue))): null

2018-06-04 18:19:57 - [TEST_STEP][PASSED] - Statement - dateAttr = com.kms.katalon.core.webui.keyword.WebUiBuiltInKeywords.getAttribute(com.kms.katalon.core.testobject.ObjectRepository.findTestObject(ReportsPage/selectedDate2), "value"): Attribute 'value' of object 'Object Repository/ReportsPage/selectedDate2' is: '03/14/2018'

2018-06-04 18:19:57 - [MESSAGE][PASSED] - Attribute 'value' of object 'Object Repository/ReportsPage/selectedDate2' is: '03/14/2018'

2018-06-04 18:19:57 - [TEST_STEP][PASSED] - Statement - toDateValue = CustomKeywords.projectSpecific.Reusability.getTestData("ReportsPage", "toDate"): projectSpecific.Reusability.getTestData is PASSED

2018-06-04 18:19:57 - [MESSAGE][PASSED] - projectSpecific.Reusability.getTestData is PASSED

2018-06-04 18:19:57 - [TEST_STEP][PASSED] - Statement - If (!(dateAttr.equals(toDateValue))): null

2018-06-04 18:19:57 - [TEST_STEP][PASSED] - verifyElementText: Actual text and expected text of test object 'Object Repository/ReportsPage/includeText' are matched.

2018-06-04 18:19:57 - [MESSAGE][PASSED] - projectSpecific.Reusability.getTestData is PASSED

2018-06-04 18:19:57 - [MESSAGE][PASSED] - Actual text and expected text of test object 'Object Repository/ReportsPage/includeText' are matched.

2018-06-04 18:19:57 - [TEST_STEP][PASSED] - verifyElementText: Actual text and expected text of test object 'Object Repository/ReportsPage/formatText' are matched.

2018-06-04 18:19:57 - [MESSAGE][PASSED] - projectSpecific.Reusability.getTestData is PASSED

2018-06-04 18:19:57 - [MESSAGE][PASSED] - Actual text and expected text of test object 'Object Repository/ReportsPage/formatText' are matched.

2018-06-04 18:19:57 - [TEST_STEP][PASSED] - Statement - Try: null

2018-06-04 18:19:57 - [TEST_STEP][PASSED] - Statement - templateHeading = CustomKeywords.projectSpecific.Reusability.getTestData("ReportsPage", "templateHeading"): projectSpecific.Reusability.getTestData is PASSED

2018-06-04 18:19:57 - [MESSAGE][PASSED] - projectSpecific.Reusability.getTestData is PASSED

2018-06-04 18:19:57 - [TEST_STEP][PASSED] - Statement - existingTemplatexpath = "//div[text()='" + templateHeading + "']/../div[2]": null

2018-06-04 18:19:57 - [TEST_STEP][PASSED] - Statement - existingTemplatedeleteLink = driver.findElement(org.openqa.selenium.By.xpath(existingTemplatexpath)): null

2018-06-04 18:19:57 - [TEST_STEP][PASSED] - Statement - If (existingTemplatedeleteLink.isDisplayed() == true): null

2018-06-04 18:19:57 - [TEST_STEP][PASSED] - click: Object: 'Object Repository/ReportsPage/saveTemplateChkBox' is clicked on

2018-06-04 18:19:57 - [MESSAGE][PASSED] - Object: 'Object Repository/ReportsPage/saveTemplateChkBox' is clicked on

2018-06-04 18:19:57 - [TEST_STEP][PASSED] - verifyElementChecked: Object 'Object Repository/ReportsPage/saveTemplateChkBox' is checked

2018-06-04 18:19:57 - [MESSAGE][PASSED] - Object 'Object Repository/ReportsPage/saveTemplateChkBox' is checked

2018-06-04 18:19:57 - [TEST_STEP][PASSED] - click: Object: 'Object Repository/ReportsPage/templateName' is clicked on

2018-06-04 18:19:57 - [MESSAGE][PASSED] - Object: 'Object Repository/ReportsPage/templateName' is clicked on

2018-06-04 18:19:57 - [TEST_STEP][PASSED] - uiaction.CommonUIActions.enter: uiaction.CommonUIActions.enter is PASSED

2018-06-04 18:19:57 - [MESSAGE][PASSED] - projectSpecific.Reusability.getTestData is PASSED

2018-06-04 18:19:58 - [MESSAGE][PASSED] - uiaction.CommonUIActions.enter is PASSED

2018-06-04 18:19:58 - [TEST_STEP][PASSED] - Statement - s1 = com.kms.katalon.core.webui.keyword.WebUiBuiltInKeywords.getAttribute(com.kms.katalon.core.testobject.ObjectRepository.findTestObject(ReportsPage/templateName), "value"): Attribute 'value' of object 'Object Repository/ReportsPage/templateName' is: 'March Weekly Report'

2018-06-04 18:19:58 - [MESSAGE][PASSED] - Attribute 'value' of object 'Object Repository/ReportsPage/templateName' is: 'March Weekly Report'

2018-06-04 18:19:58 - [TEST_STEP][PASSED] - Statement - execFlag = com.kms.katalon.core.webui.keyword.WebUiBuiltInKeywords.verifyMatch(s1, CustomKeywords.projectSpecific.Reusability.getTestData("ReportsPage", "templateHeading"), false): Actual text 'March Weekly Report' and expected text 'March Weekly Report' are matched 

2018-06-04 18:19:58 - [MESSAGE][PASSED] - projectSpecific.Reusability.getTestData is PASSED

2018-06-04 18:19:58 - [MESSAGE][PASSED] - Actual text 'March Weekly Report' and expected text 'March Weekly Report' are matched 

2018-06-04 18:19:58 - [TEST_STEP][PASSED] - Statement - If (!(execFlag)): null

2018-06-04 18:19:58 - [TEST_STEP][PASSED] - delay: Delayed 5 second(s)

2018-06-04 18:20:03 - [MESSAGE][PASSED] - Delayed 5 second(s)

2018-06-04 18:20:03 - [TEST_STEP][PASSED] - click: Object: 'Object Repository/ReportsPage/generateReport' is clicked on

2018-06-04 18:20:03 - [MESSAGE][PASSED] - Object: 'Object Repository/ReportsPage/generateReport' is clicked on

2018-06-04 18:20:03 - [TEST_STEP][PASSED] - delay: Delayed 15 second(s)

2018-06-04 18:20:18 - [MESSAGE][PASSED] - Delayed 15 second(s)

2018-06-04 18:20:18 - [TEST_STEP][PASSED] - Statement - summHeading = CustomKeywords.projectSpecific.Reusability.getTestData("SummarizedReportPage", "summaryHeading"): projectSpecific.Reusability.getTestData is PASSED

2018-06-04 18:20:18 - [MESSAGE][PASSED] - projectSpecific.Reusability.getTestData is PASSED

2018-06-04 18:20:18 - [TEST_STEP][PASSED] - verifyElementText: Actual text and expected text of test object 'Object Repository/SummarizedReportPage/summaryReport' are matched.

2018-06-04 18:20:18 - [MESSAGE][PASSED] - Actual text and expected text of test object 'Object Repository/SummarizedReportPage/summaryReport' are matched.

2018-06-04 18:20:18 - [TEST_STEP][PASSED] - Statement - startTime = CustomKeywords.projectSpecific.Reusability.getTestData("SummarizedReportPage", "reportstartTime"): projectSpecific.Reusability.getTestData is PASSED

2018-06-04 18:20:18 - [MESSAGE][PASSED] - projectSpecific.Reusability.getTestData is PASSED

2018-06-04 18:20:18 - [TEST_STEP][PASSED] - verifyElementText: Actual text and expected text of test object 'Object Repository/SummarizedReportPage/startDateText' are matched.

2018-06-04 18:20:18 - [MESSAGE][PASSED] - Actual text and expected text of test object 'Object Repository/SummarizedReportPage/startDateText' are matched.

2018-06-04 18:20:18 - [TEST_STEP][PASSED] - Statement - endTime = CustomKeywords.projectSpecific.Reusability.getTestData("SummarizedReportPage", "reportendTime"): projectSpecific.Reusability.getTestData is PASSED

2018-06-04 18:20:18 - [MESSAGE][PASSED] - projectSpecific.Reusability.getTestData is PASSED

2018-06-04 18:20:18 - [TEST_STEP][PASSED] - verifyElementText: Actual text and expected text of test object 'Object Repository/SummarizedReportPage/endDateText' are matched.

2018-06-04 18:20:18 - [MESSAGE][PASSED] - Actual text and expected text of test object 'Object Repository/SummarizedReportPage/endDateText' are matched.

2018-06-04 18:20:18 - [TEST_STEP][PASSED] - verifyElementPresent: Object 'Object Repository/SummarizedReportPage/printDateTextHeading' is present

2018-06-04 18:20:18 - [MESSAGE][PASSED] - Object 'Object Repository/SummarizedReportPage/printDateTextHeading' is present

2018-06-04 18:20:18 - [TEST_STEP][PASSED] - Statement - today = new java.util.Date(): null

2018-06-04 18:20:18 - [TEST_STEP][PASSED] - Statement - println(today.format("MMMMM dd yyyy")): null

2018-06-04 18:20:18 - [TEST_STEP][PASSED] - Statement - todayDate = today.format("MMMMM dd yyyy"): null

2018-06-04 18:20:18 - [TEST_STEP][PASSED] - Statement - date1 = CustomKeywords.uiaction.CommonUIActions.getText(com.kms.katalon.core.testobject.ObjectRepository.findTestObject(SummarizedReportPage/printDateText)): uiaction.CommonUIActions.getText is PASSED

2018-06-04 18:20:18 - [MESSAGE][PASSED] - uiaction.CommonUIActions.getText is PASSED

2018-06-04 18:20:18 - [TEST_STEP][PASSED] - Statement - If (date1.contains(todayDate)): null

2018-06-04 18:20:18 - [TEST_STEP][PASSED] - delay: Delayed 5 second(s)

2018-06-04 18:20:23 - [MESSAGE][PASSED] - Delayed 5 second(s)

2018-06-04 18:20:23 - [TEST_STEP][PASSED] - Statement - firstDateRange = CustomKeywords.projectSpecific.Reusability.getTestData("SummarizedReportPage", "firstDateRange"): projectSpecific.Reusability.getTestData is PASSED

2018-06-04 18:20:23 - [MESSAGE][PASSED] - projectSpecific.Reusability.getTestData is PASSED

2018-06-04 18:20:23 - [TEST_STEP][PASSED] - verifyElementText: Actual text and expected text of test object 'Object Repository/SummarizedReportPage/firstWeekDateRange' are matched.

2018-06-04 18:20:23 - [MESSAGE][PASSED] - Actual text and expected text of test object 'Object Repository/SummarizedReportPage/firstWeekDateRange' are matched.

2018-06-04 18:20:23 - [TEST_STEP][PASSED] - delay: Delayed 5 second(s)

2018-06-04 18:20:28 - [MESSAGE][PASSED] - Delayed 5 second(s)

2018-06-04 18:20:28 - [TEST_STEP][PASSED] - Statement - storeNames = driver.findElements(org.openqa.selenium.By.xpath(com.kms.katalon.core.testdata.TestDataFactory.findTestData(OR_file).getValue(2, 9))): Reading excel file with source file 'C:\Users\shalinin\Katalon Studio\HME_Scripts\Data Files\HME_OR.xlsx' and sheet name 'Sheet1'

2018-06-04 18:20:28 - [TEST_STEP][PASSED] - Statement - storeNamesList = new java.util.ArrayList(): null

2018-06-04 18:20:28 - [TEST_STEP][PASSED] - Statement - For ([i = 0, i < storeNames.size(), (i++)]): null

2018-06-04 18:20:28 - [TEST_STEP][PASSED] - Statement - storeNamesList[i] = storeNames[i].getText(): null

2018-06-04 18:20:28 - [TEST_STEP][PASSED] - Statement - storeNamesList[i] = storeNames[i].getText(): null

2018-06-04 18:20:28 - [TEST_STEP][PASSED] - Statement - storeNamesList[i] = storeNames[i].getText(): null

2018-06-04 18:20:28 - [TEST_STEP][PASSED] - Statement - storeNamesList[i] = storeNames[i].getText(): null

2018-06-04 18:20:28 - [TEST_STEP][PASSED] - Statement - storeNamesList[i] = storeNames[i].getText(): null

2018-06-04 18:20:28 - [TEST_STEP][PASSED] - Statement - storeNamesList[i] = storeNames[i].getText(): null

2018-06-04 18:20:29 - [TEST_STEP][PASSED] - Statement - storeNamesList[i] = storeNames[i].getText(): null

2018-06-04 18:20:29 - [TEST_STEP][PASSED] - Statement - storeNamesList[i] = storeNames[i].getText(): null

2018-06-04 18:20:29 - [TEST_STEP][PASSED] - Statement - storeNamesList[i] = storeNames[i].getText(): null

2018-06-04 18:20:29 - [TEST_STEP][PASSED] - Statement - storeNamesList[i] = storeNames[i].getText(): null

2018-06-04 18:20:29 - [TEST_STEP][PASSED] - Statement - storeNamesList[i] = storeNames[i].getText(): null

2018-06-04 18:20:29 - [TEST_STEP][PASSED] - Statement - storeNamesList[i] = storeNames[i].getText(): null

2018-06-04 18:20:29 - [TEST_STEP][PASSED] - Statement - storeNamesList[i] = storeNames[i].getText(): null

2018-06-04 18:20:29 - [TEST_STEP][PASSED] - Statement - storeNamesList[i] = storeNames[i].getText(): null

2018-06-04 18:20:29 - [TEST_STEP][PASSED] - Statement - storeNamesList[i] = storeNames[i].getText(): null

2018-06-04 18:20:29 - [TEST_STEP][PASSED] - Statement - storeNamesList[i] = storeNames[i].getText(): null

2018-06-04 18:20:29 - [TEST_STEP][PASSED] - Statement - storeNamesList[i] = storeNames[i].getText(): null

2018-06-04 18:20:29 - [TEST_STEP][PASSED] - Statement - storeNamesList[i] = storeNames[i].getText(): null

2018-06-04 18:20:29 - [TEST_STEP][PASSED] - Statement - storeNamesList[i] = storeNames[i].getText(): null

2018-06-04 18:20:29 - [TEST_STEP][PASSED] - Statement - storeNamesList[i] = storeNames[i].getText(): null

2018-06-04 18:20:29 - [TEST_STEP][PASSED] - Statement - storeNamesList[i] = storeNames[i].getText(): null

2018-06-04 18:20:29 - [TEST_STEP][PASSED] - Statement - storeNamesList[i] = storeNames[i].getText(): null

2018-06-04 18:20:29 - [TEST_STEP][PASSED] - Statement - storeNamesList[i] = storeNames[i].getText(): null

2018-06-04 18:20:29 - [TEST_STEP][PASSED] - Statement - storeNamesList[i] = storeNames[i].getText(): null

2018-06-04 18:20:29 - [TEST_STEP][PASSED] - Statement - hs = new java.util.HashSet(): null

2018-06-04 18:20:29 - [TEST_STEP][PASSED] - Statement - hs.addAll(storeNamesList): null

2018-06-04 18:20:29 - [TEST_STEP][PASSED] - Statement - storeNamesList = new java.util.ArrayList(): null

2018-06-04 18:20:29 - [TEST_STEP][PASSED] - Statement - iter = hs.iterator(): null

2018-06-04 18:20:29 - [TEST_STEP][PASSED] - Statement - index = 0: null

2018-06-04 18:20:29 - [TEST_STEP][PASSED] - Statement - While (iter.hasNext()): null

2018-06-04 18:20:29 - [TEST_STEP][PASSED] - Statement - val = iter.next(): null

2018-06-04 18:20:29 - [TEST_STEP][PASSED] - Statement - valArray = val.split("-"): null

2018-06-04 18:20:29 - [TEST_STEP][PASSED] - Statement - storeNamesList[index] = valArray[0].trim(): null

2018-06-04 18:20:29 - [TEST_STEP][PASSED] - Statement - (index++): null

2018-06-04 18:20:29 - [TEST_STEP][PASSED] - Statement - val = iter.next(): null

2018-06-04 18:20:29 - [TEST_STEP][PASSED] - Statement - valArray = val.split("-"): null

2018-06-04 18:20:29 - [TEST_STEP][PASSED] - Statement - storeNamesList[index] = valArray[0].trim(): null

2018-06-04 18:20:29 - [TEST_STEP][PASSED] - Statement - (index++): null

2018-06-04 18:20:29 - [TEST_STEP][PASSED] - Statement - val = iter.next(): null

2018-06-04 18:20:29 - [TEST_STEP][PASSED] - Statement - valArray = val.split("-"): null

2018-06-04 18:20:29 - [TEST_STEP][PASSED] - Statement - storeNamesList[index] = valArray[0].trim(): null

2018-06-04 18:20:29 - [TEST_STEP][PASSED] - Statement - (index++): null

2018-06-04 18:20:29 - [TEST_STEP][PASSED] - Statement - val = iter.next(): null

2018-06-04 18:20:29 - [TEST_STEP][PASSED] - Statement - valArray = val.split("-"): null

2018-06-04 18:20:29 - [TEST_STEP][PASSED] - Statement - storeNamesList[index] = valArray[0].trim(): null

2018-06-04 18:20:29 - [TEST_STEP][PASSED] - Statement - (index++): null

2018-06-04 18:20:29 - [TEST_STEP][PASSED] - Statement - val = iter.next(): null

2018-06-04 18:20:29 - [TEST_STEP][PASSED] - Statement - valArray = val.split("-"): null

2018-06-04 18:20:29 - [TEST_STEP][PASSED] - Statement - storeNamesList[index] = valArray[0].trim(): null

2018-06-04 18:20:29 - [TEST_STEP][PASSED] - Statement - (index++): null

2018-06-04 18:20:29 - [TEST_STEP][PASSED] - Statement - val = iter.next(): null

2018-06-04 18:20:29 - [TEST_STEP][PASSED] - Statement - valArray = val.split("-"): null

2018-06-04 18:20:29 - [TEST_STEP][PASSED] - Statement - storeNamesList[index] = valArray[0].trim(): null

2018-06-04 18:20:29 - [TEST_STEP][PASSED] - Statement - (index++): null

2018-06-04 18:20:29 - [TEST_STEP][PASSED] - Statement - val = iter.next(): null

2018-06-04 18:20:29 - [TEST_STEP][PASSED] - Statement - valArray = val.split("-"): null

2018-06-04 18:20:29 - [TEST_STEP][PASSED] - Statement - storeNamesList[index] = valArray[0].trim(): null

2018-06-04 18:20:29 - [TEST_STEP][PASSED] - Statement - (index++): null

2018-06-04 18:20:29 - [TEST_STEP][PASSED] - Statement - val = iter.next(): null

2018-06-04 18:20:29 - [TEST_STEP][PASSED] - Statement - valArray = val.split("-"): null

2018-06-04 18:20:29 - [TEST_STEP][PASSED] - Statement - storeNamesList[index] = valArray[0].trim(): null

2018-06-04 18:20:29 - [TEST_STEP][PASSED] - Statement - (index++): null

2018-06-04 18:20:29 - [TEST_STEP][PASSED] - Statement - val = iter.next(): null

2018-06-04 18:20:29 - [TEST_STEP][PASSED] - Statement - valArray = val.split("-"): null

2018-06-04 18:20:29 - [TEST_STEP][PASSED] - Statement - storeNamesList[index] = valArray[0].trim(): null

2018-06-04 18:20:29 - [TEST_STEP][PASSED] - Statement - (index++): null

2018-06-04 18:20:29 - [TEST_STEP][PASSED] - Statement - val = iter.next(): null

2018-06-04 18:20:29 - [TEST_STEP][PASSED] - Statement - valArray = val.split("-"): null

2018-06-04 18:20:29 - [TEST_STEP][PASSED] - Statement - storeNamesList[index] = valArray[0].trim(): null

2018-06-04 18:20:29 - [TEST_STEP][PASSED] - Statement - (index++): null

2018-06-04 18:20:29 - [TEST_STEP][PASSED] - Statement - val = iter.next(): null

2018-06-04 18:20:29 - [TEST_STEP][PASSED] - Statement - valArray = val.split("-"): null

2018-06-04 18:20:29 - [TEST_STEP][PASSED] - Statement - storeNamesList[index] = valArray[0].trim(): null

2018-06-04 18:20:29 - [TEST_STEP][PASSED] - Statement - (index++): null

2018-06-04 18:20:29 - [TEST_STEP][PASSED] - Statement - val = iter.next(): null

2018-06-04 18:20:29 - [TEST_STEP][PASSED] - Statement - valArray = val.split("-"): null

2018-06-04 18:20:29 - [TEST_STEP][PASSED] - Statement - storeNamesList[index] = valArray[0].trim(): null

2018-06-04 18:20:29 - [TEST_STEP][PASSED] - Statement - (index++): null

2018-06-04 18:20:29 - [TEST_STEP][PASSED] - Statement - println(storeNamesList): null

2018-06-04 18:20:29 - [TEST_STEP][PASSED] - Statement - java.util.Collections.sort(storeNamesList): null

2018-06-04 18:20:29 - [TEST_STEP][PASSED] - Statement - storeNamesList.remove(""): null

2018-06-04 18:20:29 - [TEST_STEP][PASSED] - Statement - println(storeNamesList): null

2018-06-04 18:20:29 - [TEST_STEP][PASSED] - Statement - contains = true: null

2018-06-04 18:20:29 - [TEST_STEP][PASSED] - Statement - For ([i = 0, i < criteriaSTList.size(), (i++)]): null

2018-06-04 18:20:29 - [TEST_STEP][PASSED] - Statement - If (storeNamesList.contains(criteriaSTList[i])): null

2018-06-04 18:20:29 - [TEST_STEP][PASSED] - Statement - println("Store names are listed"): null

2018-06-04 18:20:29 - [TEST_STEP][PASSED] - Statement - If (storeNamesList.contains(criteriaSTList[i])): null

2018-06-04 18:20:29 - [TEST_STEP][PASSED] - Statement - println("Store names are listed"): null

2018-06-04 18:20:29 - [TEST_STEP][PASSED] - Statement - If (storeNamesList.contains(criteriaSTList[i])): null

2018-06-04 18:20:29 - [TEST_STEP][PASSED] - Statement - println("Store names are listed"): null

2018-06-04 18:20:29 - [TEST_STEP][PASSED] - Statement - If (storeNamesList.contains(criteriaSTList[i])): null

2018-06-04 18:20:29 - [TEST_STEP][PASSED] - Statement - println("Store names are listed"): null

2018-06-04 18:20:29 - [TEST_STEP][PASSED] - Statement - If (storeNamesList.contains(criteriaSTList[i])): null

2018-06-04 18:20:29 - [TEST_STEP][PASSED] - Statement - println("Store names are listed"): null

2018-06-04 18:20:29 - [TEST_STEP][PASSED] - Statement - If (storeNamesList.contains(criteriaSTList[i])): null

2018-06-04 18:20:29 - [TEST_STEP][PASSED] - Statement - println("Store names are listed"): null

2018-06-04 18:20:29 - [TEST_STEP][PASSED] - Statement - If (storeNamesList.contains(criteriaSTList[i])): null

2018-06-04 18:20:29 - [TEST_STEP][PASSED] - Statement - println("Store names are listed"): null

2018-06-04 18:20:29 - [TEST_STEP][PASSED] - Statement - If (storeNamesList.contains(criteriaSTList[i])): null

2018-06-04 18:20:29 - [TEST_STEP][PASSED] - Statement - println("Store names are listed"): null

2018-06-04 18:20:29 - [TEST_STEP][PASSED] - Statement - If (storeNamesList.contains(criteriaSTList[i])): null

2018-06-04 18:20:29 - [TEST_STEP][PASSED] - Statement - println("Store names are listed"): null

2018-06-04 18:20:29 - [TEST_STEP][PASSED] - Statement - If (storeNamesList.contains(criteriaSTList[i])): null

2018-06-04 18:20:29 - [TEST_STEP][PASSED] - Statement - println("Store names are listed"): null

2018-06-04 18:20:29 - [TEST_STEP][PASSED] - Statement - If (storeNamesList.contains(criteriaSTList[i])): null

2018-06-04 18:20:29 - [TEST_STEP][PASSED] - Statement - println("Store names are listed"): null

2018-06-04 18:20:29 - [TEST_STEP][PASSED] - Statement - reportHeaders = CustomKeywords.projectSpecific.Reusability.getTestData("ReportsPage", "ReportsColumnHeader"): projectSpecific.Reusability.getTestData is PASSED

2018-06-04 18:20:29 - [MESSAGE][PASSED] - projectSpecific.Reusability.getTestData is PASSED

2018-06-04 18:20:29 - [TEST_STEP][PASSED] - Statement - reportsArray = reportHeaders.split(","): null

2018-06-04 18:20:29 - [TEST_STEP][PASSED] - Statement - reportsHeaderList = new java.util.ArrayList(java.util.Arrays.asList(reportsArray)): null

2018-06-04 18:20:29 - [TEST_STEP][PASSED] - Statement - reportsHeaderList.unique(): null

2018-06-04 18:20:29 - [TEST_STEP][PASSED] - Statement - out.println(reportsHeaderList): null

2018-06-04 18:20:29 - [TEST_STEP][PASSED] - Statement - columnHeaderList = driver.findElements(org.openqa.selenium.By.xpath(com.kms.katalon.core.testdata.TestDataFactory.findTestData(OR_file).getValue(2, 5))): Reading excel file with source file 'C:\Users\shalinin\Katalon Studio\HME_Scripts\Data Files\HME_OR.xlsx' and sheet name 'Sheet1'

2018-06-04 18:20:29 - [TEST_STEP][PASSED] - Statement - actualList = new java.util.ArrayList(): null

2018-06-04 18:20:29 - [TEST_STEP][PASSED] - Statement - For ([i = 0, i < columnHeaderList.size(), (i++)]): null

2018-06-04 18:20:29 - [TEST_STEP][PASSED] - Statement - actualList.add(i, columnHeaderList.get(i).getText()): null

2018-06-04 18:20:29 - [TEST_STEP][PASSED] - Statement - actualList.add(i, columnHeaderList.get(i).getText()): null

2018-06-04 18:20:29 - [TEST_STEP][PASSED] - Statement - actualList.add(i, columnHeaderList.get(i).getText()): null

2018-06-04 18:20:29 - [TEST_STEP][PASSED] - Statement - actualList.add(i, columnHeaderList.get(i).getText()): null

2018-06-04 18:20:29 - [TEST_STEP][PASSED] - Statement - actualList.add(i, columnHeaderList.get(i).getText()): null

2018-06-04 18:20:29 - [TEST_STEP][PASSED] - Statement - actualList.add(i, columnHeaderList.get(i).getText()): null

2018-06-04 18:20:29 - [TEST_STEP][PASSED] - Statement - actualList.add(i, columnHeaderList.get(i).getText()): null

2018-06-04 18:20:29 - [TEST_STEP][PASSED] - Statement - actualList.add(i, columnHeaderList.get(i).getText()): null

2018-06-04 18:20:29 - [TEST_STEP][PASSED] - Statement - out.println(actualList): null

2018-06-04 18:20:29 - [TEST_STEP][PASSED] - Statement - execFlag1 = true: null

2018-06-04 18:20:29 - [TEST_STEP][FAILED] - Statement - For ([j = 0, j < actualList.size(), (j++)]): null

2018-06-04 18:20:29 - [TEST_STEP][PASSED] - Statement - execFlag1 = com.kms.katalon.core.webui.keyword.WebUiBuiltInKeywords.verifyMatch(reportsHeaderList.get(j).toString().trim(), actualList.get(j).toString().trim(), false): Actual text 'Groups' and expected text 'Groups' are matched 

2018-06-04 18:20:29 - [MESSAGE][PASSED] - Actual text 'Groups' and expected text 'Groups' are matched 

2018-06-04 18:20:29 - [TEST_STEP][PASSED] - Statement - If (!(execFlag1)): null

2018-06-04 18:20:29 - [TEST_STEP][PASSED] - Statement - execFlag1 = com.kms.katalon.core.webui.keyword.WebUiBuiltInKeywords.verifyMatch(reportsHeaderList.get(j).toString().trim(), actualList.get(j).toString().trim(), false): Actual text 'Stores' and expected text 'Stores' are matched 

2018-06-04 18:20:29 - [MESSAGE][PASSED] - Actual text 'Stores' and expected text 'Stores' are matched 

2018-06-04 18:20:29 - [TEST_STEP][PASSED] - Statement - If (!(execFlag1)): null

2018-06-04 18:20:29 - [TEST_STEP][FAILED] - Statement - execFlag1 = com.kms.katalon.core.webui.keyword.WebUiBuiltInKeywords.verifyMatch(reportsHeaderList.get(j).toString().trim(), actualList.get(j).toString().trim(), false): Unable to verify match between actual text 'Menu 1' and expected text 'Menu Board' (Root cause: Actual text 'Menu 1' and expected text 'Menu Board' are not matched)

2018-06-04 18:20:29 - [MESSAGE][FAILED] - Unable to verify match between actual text 'Menu 1' and expected text 'Menu Board' (Root cause: Actual text 'Menu 1' and expected text 'Menu Board' are not matched)

2018-06-04 18:20:29 - [TEST_STEP][PASSED] - Statement - If (!(execFlag1)): null

2018-06-04 18:20:29 - [TEST_STEP][PASSED] - Statement - out.println("Reports Column headers are not verified "): null

2018-06-04 18:20:29 - [TEST_STEP][PASSED] - Statement - Break: null

2018-06-04 18:20:29 - [TEST_STEP][PASSED] - Statement - If (execFlag1): null

2018-06-04 18:20:29 - [TEST_STEP][PASSED] - Statement - Else: null

2018-06-04 18:20:29 - [TEST_STEP][PASSED] - Statement - If (TCflag): null

2018-06-04 18:20:29 - [TEST_STEP][PASSED] - Statement - out.println("Failed to verify the Store details labels"): null

2018-06-04 18:20:29 - [TEST_STEP][PASSED] - Statement - reportTotalWeek = driver.findElements(org.openqa.selenium.By.xpath(com.kms.katalon.core.testdata.TestDataFactory.findTestData(OR_file).getValue(2, 6))): Reading excel file with source file 'C:\Users\shalinin\Katalon Studio\HME_Scripts\Data Files\HME_OR.xlsx' and sheet name 'Sheet1'

2018-06-04 18:20:29 - [TEST_STEP][PASSED] - Statement - totalweekrownumber = 0: null

2018-06-04 18:20:29 - [TEST_STEP][PASSED] - Statement - totalWeek = null: null

2018-06-04 18:20:29 - [TEST_STEP][PASSED] - Statement - For ([totalrows = 2, totalrows < reportTotalWeek.size(), (totalrows++)]): null

2018-06-04 18:20:29 - [TEST_STEP][PASSED] - Statement - If (reportTotalWeek.get(totalrows).getText().contains("Total Week")): null

2018-06-04 18:20:29 - [TEST_STEP][PASSED] - Statement - Else: null

2018-06-04 18:20:29 - [TEST_STEP][PASSED] - Statement - If (reportTotalWeek.get(totalrows).getText().contains("Total Week")): null

2018-06-04 18:20:29 - [TEST_STEP][PASSED] - Statement - Else: null

2018-06-04 18:20:29 - [TEST_STEP][PASSED] - Statement - If (reportTotalWeek.get(totalrows).getText().contains("Total Week")): null

2018-06-04 18:20:29 - [TEST_STEP][PASSED] - Statement - Else: null

2018-06-04 18:20:29 - [TEST_STEP][PASSED] - Statement - If (reportTotalWeek.get(totalrows).getText().contains("Total Week")): null

2018-06-04 18:20:29 - [TEST_STEP][PASSED] - Statement - Else: null

2018-06-04 18:20:29 - [TEST_STEP][PASSED] - Statement - If (reportTotalWeek.get(totalrows).getText().contains("Total Week")): null

2018-06-04 18:20:29 - [TEST_STEP][PASSED] - Statement - Else: null

2018-06-04 18:20:29 - [TEST_STEP][PASSED] - Statement - If (reportTotalWeek.get(totalrows).getText().contains("Total Week")): null

2018-06-04 18:20:29 - [TEST_STEP][PASSED] - Statement - Else: null

2018-06-04 18:20:29 - [TEST_STEP][PASSED] - Statement - If (reportTotalWeek.get(totalrows).getText().contains("Total Week")): null

2018-06-04 18:20:29 - [TEST_STEP][PASSED] - Statement - Else: null

2018-06-04 18:20:29 - [TEST_STEP][PASSED] - Statement - If (reportTotalWeek.get(totalrows).getText().contains("Total Week")): null

2018-06-04 18:20:29 - [TEST_STEP][PASSED] - Statement - Else: null

2018-06-04 18:20:29 - [TEST_STEP][PASSED] - Statement - If (reportTotalWeek.get(totalrows).getText().contains("Total Week")): null

2018-06-04 18:20:29 - [TEST_STEP][PASSED] - Statement - Else: null

2018-06-04 18:20:29 - [TEST_STEP][PASSED] - Statement - If (reportTotalWeek.get(totalrows).getText().contains("Total Week")): null

2018-06-04 18:20:29 - [TEST_STEP][PASSED] - Statement - Else: null

2018-06-04 18:20:29 - [TEST_STEP][PASSED] - Statement - If (reportTotalWeek.get(totalrows).getText().contains("Total Week")): null

2018-06-04 18:20:29 - [TEST_STEP][PASSED] - Statement - Else: null

2018-06-04 18:20:29 - [TEST_STEP][PASSED] - Statement - If (reportTotalWeek.get(totalrows).getText().contains("Total Week")): null

2018-06-04 18:20:29 - [TEST_STEP][PASSED] - Statement - totalWeek = driver.findElement(org.openqa.selenium.By.xpath("(//table[@class='summaryreport-table']/tbody/tr[" + totalrows + 1 + "]/td)[1]")).getText(): null

2018-06-04 18:20:29 - [TEST_STEP][PASSED] - Statement - Break: null

2018-06-04 18:20:29 - [TEST_STEP][PASSED] - Statement - totalWeekValue = CustomKeywords.projectSpecific.Reusability.getTestData("SummarizedReportPage", "TotalWeek"): projectSpecific.Reusability.getTestData is PASSED

2018-06-04 18:20:29 - [MESSAGE][PASSED] - projectSpecific.Reusability.getTestData is PASSED

2018-06-04 18:20:29 - [TEST_STEP][PASSED] - Statement - If (totalWeek.trim().equals(totalWeekValue)): null

2018-06-04 18:20:29 - [TEST_STEP][PASSED] - Statement - out.println("Total week is displayed in last row"): null

2018-06-04 18:20:29 - [TEST_STEP][PASSED] - delay: Delayed 5 second(s)

2018-06-04 18:20:34 - [MESSAGE][PASSED] - Delayed 5 second(s)

2018-06-04 18:20:34 - [TEST_STEP][PASSED] - Statement - secondDateRange = CustomKeywords.projectSpecific.Reusability.getTestData("SummarizedReportPage", "secondDateRange"): projectSpecific.Reusability.getTestData is PASSED

2018-06-04 18:20:34 - [MESSAGE][PASSED] - projectSpecific.Reusability.getTestData is PASSED

2018-06-04 18:20:34 - [TEST_STEP][PASSED] - verifyElementText: Actual text and expected text of test object 'Object Repository/SummarizedReportPage/secondWeekDateRange' are matched.

2018-06-04 18:20:35 - [MESSAGE][PASSED] - Actual text and expected text of test object 'Object Repository/SummarizedReportPage/secondWeekDateRange' are matched.

2018-06-04 18:20:35 - [TEST_STEP][PASSED] - uiaction.CommonUIActions.click: uiaction.CommonUIActions.click is PASSED

2018-06-04 18:20:35 - [MESSAGE][PASSED] - uiaction.CommonUIActions.click is PASSED

2018-06-04 18:20:35 - [TEST_STEP][PASSED] - delay: Delayed 10 second(s)

2018-06-04 18:20:45 - [MESSAGE][PASSED] - Delayed 10 second(s)

2018-06-04 18:20:45 - [TEST_STEP][PASSED] - Statement - summheadingforSingleStore = CustomKeywords.projectSpecific.Reusability.getTestData("SummarizedReportPage", "summaryHeading"): projectSpecific.Reusability.getTestData is PASSED

2018-06-04 18:20:45 - [MESSAGE][PASSED] - projectSpecific.Reusability.getTestData is PASSED

2018-06-04 18:20:45 - [TEST_STEP][PASSED] - verifyElementText: Actual text and expected text of test object 'Object Repository/SummarizedReportPage/summaryReport' are matched.

2018-06-04 18:20:45 - [MESSAGE][PASSED] - Actual text and expected text of test object 'Object Repository/SummarizedReportPage/summaryReport' are matched.

2018-06-04 18:20:45 - [TEST_STEP][PASSED] - Statement - header1 = CustomKeywords.projectSpecific.Reusability.getTestData("SummarizedReportPage", "WeekReportHeader1"): projectSpecific.Reusability.getTestData is PASSED

2018-06-04 18:20:45 - [MESSAGE][PASSED] - projectSpecific.Reusability.getTestData is PASSED

2018-06-04 18:20:45 - [TEST_STEP][PASSED] - Statement - weekReportHeader1 = header1.split(","): null

2018-06-04 18:20:45 - [TEST_STEP][PASSED] - Statement - weekReportHeaderList1 = new java.util.ArrayList(java.util.Arrays.asList(weekReportHeader1)): null

2018-06-04 18:20:45 - [TEST_STEP][PASSED] - Statement - weekReportHeaderList1.unique(): null

2018-06-04 18:20:45 - [TEST_STEP][PASSED] - Statement - out.println(weekReportHeaderList1): null

2018-06-04 18:20:45 - [TEST_STEP][PASSED] - Statement - weekHeaderList = driver.findElements(org.openqa.selenium.By.xpath(com.kms.katalon.core.testdata.TestDataFactory.findTestData(OR_file).getValue(2, 7))): Reading excel file with source file 'C:\Users\shalinin\Katalon Studio\HME_Scripts\Data Files\HME_OR.xlsx' and sheet name 'Sheet1'

2018-06-04 18:20:45 - [TEST_STEP][PASSED] - Statement - actualList1 = new java.util.ArrayList(): null

2018-06-04 18:20:45 - [TEST_STEP][PASSED] - Statement - For ([i = 0, i < weekHeaderList.size(), (i++)]): null

2018-06-04 18:20:45 - [TEST_STEP][PASSED] - Statement - actualList1.add(i, weekHeaderList.get(i).getText()): null

2018-06-04 18:20:45 - [TEST_STEP][PASSED] - Statement - actualList1.add(i, weekHeaderList.get(i).getText()): null

2018-06-04 18:20:45 - [TEST_STEP][PASSED] - Statement - actualList1.add(i, weekHeaderList.get(i).getText()): null

2018-06-04 18:20:45 - [TEST_STEP][PASSED] - Statement - actualList1.add(i, weekHeaderList.get(i).getText()): null

2018-06-04 18:20:45 - [TEST_STEP][PASSED] - Statement - actualList1.add(i, weekHeaderList.get(i).getText()): null

2018-06-04 18:20:45 - [TEST_STEP][PASSED] - Statement - actualList1.add(i, weekHeaderList.get(i).getText()): null

2018-06-04 18:20:45 - [TEST_STEP][PASSED] - Statement - out.println(actualList1): null

2018-06-04 18:20:45 - [TEST_STEP][PASSED] - Statement - execFlag2 = true: null

2018-06-04 18:20:45 - [TEST_STEP][PASSED] - Statement - For ([j = 0, j < actualList1.size(), (j++)]): null

2018-06-04 18:20:45 - [TEST_STEP][PASSED] - Statement - execFlag2 = com.kms.katalon.core.webui.keyword.WebUiBuiltInKeywords.verifyMatch(weekReportHeaderList1.get(j).toString().trim(), actualList1.get(j).toString().trim(), false): Actual text 'Store:' and expected text 'Store:' are matched 

2018-06-04 18:20:45 - [MESSAGE][PASSED] - Actual text 'Store:' and expected text 'Store:' are matched 

2018-06-04 18:20:45 - [TEST_STEP][PASSED] - Statement - If (!(execFlag2)): null

2018-06-04 18:20:45 - [TEST_STEP][PASSED] - Statement - execFlag2 = com.kms.katalon.core.webui.keyword.WebUiBuiltInKeywords.verifyMatch(weekReportHeaderList1.get(j).toString().trim(), actualList1.get(j).toString().trim(), false): Actual text 'Start Time:' and expected text 'Start Time:' are matched 

2018-06-04 18:20:45 - [MESSAGE][PASSED] - Actual text 'Start Time:' and expected text 'Start Time:' are matched 

2018-06-04 18:20:45 - [TEST_STEP][PASSED] - Statement - If (!(execFlag2)): null

2018-06-04 18:20:45 - [TEST_STEP][PASSED] - Statement - execFlag2 = com.kms.katalon.core.webui.keyword.WebUiBuiltInKeywords.verifyMatch(weekReportHeaderList1.get(j).toString().trim(), actualList1.get(j).toString().trim(), false): Actual text 'Print Date:' and expected text 'Print Date:' are matched 

2018-06-04 18:20:45 - [MESSAGE][PASSED] - Actual text 'Print Date:' and expected text 'Print Date:' are matched 

2018-06-04 18:20:45 - [TEST_STEP][PASSED] - Statement - If (!(execFlag2)): null

2018-06-04 18:20:45 - [TEST_STEP][PASSED] - Statement - execFlag2 = com.kms.katalon.core.webui.keyword.WebUiBuiltInKeywords.verifyMatch(weekReportHeaderList1.get(j).toString().trim(), actualList1.get(j).toString().trim(), false): Actual text 'Description:' and expected text 'Description:' are matched 

2018-06-04 18:20:45 - [MESSAGE][PASSED] - Actual text 'Description:' and expected text 'Description:' are matched 

2018-06-04 18:20:45 - [TEST_STEP][PASSED] - Statement - If (!(execFlag2)): null

2018-06-04 18:20:45 - [TEST_STEP][PASSED] - Statement - execFlag2 = com.kms.katalon.core.webui.keyword.WebUiBuiltInKeywords.verifyMatch(weekReportHeaderList1.get(j).toString().trim(), actualList1.get(j).toString().trim(), false): Actual text 'Stop Time:' and expected text 'Stop Time:' are matched 

2018-06-04 18:20:45 - [MESSAGE][PASSED] - Actual text 'Stop Time:' and expected text 'Stop Time:' are matched 

2018-06-04 18:20:45 - [TEST_STEP][PASSED] - Statement - If (!(execFlag2)): null

2018-06-04 18:20:45 - [TEST_STEP][PASSED] - Statement - execFlag2 = com.kms.katalon.core.webui.keyword.WebUiBuiltInKeywords.verifyMatch(weekReportHeaderList1.get(j).toString().trim(), actualList1.get(j).toString().trim(), false): Actual text 'Print Time:' and expected text 'Print Time:' are matched 

2018-06-04 18:20:45 - [MESSAGE][PASSED] - Actual text 'Print Time:' and expected text 'Print Time:' are matched 

2018-06-04 18:20:45 - [TEST_STEP][PASSED] - Statement - If (!(execFlag2)): null

2018-06-04 18:20:45 - [TEST_STEP][PASSED] - Statement - If (execFlag2): null

2018-06-04 18:20:45 - [TEST_STEP][PASSED] - Statement - out.println("Week Report headers are verified"): null

2018-06-04 18:20:45 - [TEST_STEP][PASSED] - Statement - avgTimeHeader = CustomKeywords.projectSpecific.Reusability.getTestData("SummarizedReportPage", "averageTimeHeader"): projectSpecific.Reusability.getTestData is PASSED

2018-06-04 18:20:45 - [MESSAGE][PASSED] - projectSpecific.Reusability.getTestData is PASSED

2018-06-04 18:20:45 - [TEST_STEP][PASSED] - Statement - avgTimeHeader1 = avgTimeHeader.split(","): null

2018-06-04 18:20:45 - [TEST_STEP][PASSED] - Statement - avgTimeHeaderExpectedList = new java.util.ArrayList(java.util.Arrays.asList(avgTimeHeader1)): null

2018-06-04 18:20:45 - [TEST_STEP][PASSED] - Statement - avgTimeHeaderExpectedList.unique(): null

2018-06-04 18:20:45 - [TEST_STEP][PASSED] - Statement - out.println(avgTimeHeaderExpectedList): null

2018-06-04 18:20:45 - [TEST_STEP][PASSED] - Statement - avgTimeHeaderList = driver.findElements(org.openqa.selenium.By.xpath(com.kms.katalon.core.testdata.TestDataFactory.findTestData(OR_file).getValue(2, 8))): Reading excel file with source file 'C:\Users\shalinin\Katalon Studio\HME_Scripts\Data Files\HME_OR.xlsx' and sheet name 'Sheet1'

2018-06-04 18:20:45 - [TEST_STEP][PASSED] - Statement - actualList2 = new java.util.ArrayList(): null

2018-06-04 18:20:45 - [TEST_STEP][PASSED] - Statement - For ([i = 0, i < avgTimeHeaderList.size(), (i++)]): null

2018-06-04 18:20:45 - [TEST_STEP][PASSED] - Statement - actualList2.add(i, avgTimeHeaderList.get(i).getText()): null

2018-06-04 18:20:45 - [TEST_STEP][PASSED] - Statement - actualList2.add(i, avgTimeHeaderList.get(i).getText()): null

2018-06-04 18:20:45 - [TEST_STEP][PASSED] - Statement - actualList2.add(i, avgTimeHeaderList.get(i).getText()): null

2018-06-04 18:20:45 - [TEST_STEP][PASSED] - Statement - actualList2.add(i, avgTimeHeaderList.get(i).getText()): null

2018-06-04 18:20:45 - [TEST_STEP][PASSED] - Statement - actualList2.add(i, avgTimeHeaderList.get(i).getText()): null

2018-06-04 18:20:45 - [TEST_STEP][PASSED] - Statement - actualList2.add(i, avgTimeHeaderList.get(i).getText()): null

2018-06-04 18:20:45 - [TEST_STEP][PASSED] - Statement - actualList2.add(i, avgTimeHeaderList.get(i).getText()): null

2018-06-04 18:20:45 - [TEST_STEP][PASSED] - Statement - out.println(actualList2): null

2018-06-04 18:20:45 - [TEST_STEP][PASSED] - Statement - execFlag3 = true: null

2018-06-04 18:20:45 - [TEST_STEP][PASSED] - Statement - For ([j = 0, j < actualList2.size(), (j++)]): null

2018-06-04 18:20:45 - [TEST_STEP][PASSED] - Statement - execFlag3 = com.kms.katalon.core.webui.keyword.WebUiBuiltInKeywords.verifyMatch(avgTimeHeaderExpectedList.get(j).toString().trim(), actualList2.get(j).toString().trim(), false): Actual text 'Week' and expected text 'Week' are matched 

2018-06-04 18:20:45 - [MESSAGE][PASSED] - Actual text 'Week' and expected text 'Week' are matched 

2018-06-04 18:20:45 - [TEST_STEP][PASSED] - Statement - If (!(execFlag3)): null

2018-06-04 18:20:45 - [TEST_STEP][PASSED] - Statement - execFlag3 = com.kms.katalon.core.webui.keyword.WebUiBuiltInKeywords.verifyMatch(avgTimeHeaderExpectedList.get(j).toString().trim(), actualList2.get(j).toString().trim(), false): Actual text 'Menu Board' and expected text 'Menu Board' are matched 

2018-06-04 18:20:45 - [MESSAGE][PASSED] - Actual text 'Menu Board' and expected text 'Menu Board' are matched 

2018-06-04 18:20:45 - [TEST_STEP][PASSED] - Statement - If (!(execFlag3)): null

2018-06-04 18:20:45 - [TEST_STEP][PASSED] - Statement - execFlag3 = com.kms.katalon.core.webui.keyword.WebUiBuiltInKeywords.verifyMatch(avgTimeHeaderExpectedList.get(j).toString().trim(), actualList2.get(j).toString().trim(), false): Actual text 'Greet' and expected text 'Greet' are matched 

2018-06-04 18:20:45 - [MESSAGE][PASSED] - Actual text 'Greet' and expected text 'Greet' are matched 

2018-06-04 18:20:45 - [TEST_STEP][PASSED] - Statement - If (!(execFlag3)): null

2018-06-04 18:20:45 - [TEST_STEP][PASSED] - Statement - execFlag3 = com.kms.katalon.core.webui.keyword.WebUiBuiltInKeywords.verifyMatch(avgTimeHeaderExpectedList.get(j).toString().trim(), actualList2.get(j).toString().trim(), false): Actual text 'Service' and expected text 'Service' are matched 

2018-06-04 18:20:45 - [MESSAGE][PASSED] - Actual text 'Service' and expected text 'Service' are matched 

2018-06-04 18:20:45 - [TEST_STEP][PASSED] - Statement - If (!(execFlag3)): null

2018-06-04 18:20:45 - [TEST_STEP][PASSED] - Statement - execFlag3 = com.kms.katalon.core.webui.keyword.WebUiBuiltInKeywords.verifyMatch(avgTimeHeaderExpectedList.get(j).toString().trim(), actualList2.get(j).toString().trim(), false): Actual text 'Lane Queue' and expected text 'Lane Queue' are matched 

2018-06-04 18:20:45 - [MESSAGE][PASSED] - Actual text 'Lane Queue' and expected text 'Lane Queue' are matched 

2018-06-04 18:20:45 - [TEST_STEP][PASSED] - Statement - If (!(execFlag3)): null

2018-06-04 18:20:45 - [TEST_STEP][PASSED] - Statement - execFlag3 = com.kms.katalon.core.webui.keyword.WebUiBuiltInKeywords.verifyMatch(avgTimeHeaderExpectedList.get(j).toString().trim(), actualList2.get(j).toString().trim(), false): Actual text 'Lane Total' and expected text 'Lane Total' are matched 

2018-06-04 18:20:45 - [MESSAGE][PASSED] - Actual text 'Lane Total' and expected text 'Lane Total' are matched 

2018-06-04 18:20:45 - [TEST_STEP][PASSED] - Statement - If (!(execFlag3)): null

2018-06-04 18:20:45 - [TEST_STEP][PASSED] - Statement - execFlag3 = com.kms.katalon.core.webui.keyword.WebUiBuiltInKeywords.verifyMatch(avgTimeHeaderExpectedList.get(j).toString().trim(), actualList2.get(j).toString().trim(), false): Actual text 'Total Cars' and expected text 'Total Cars' are matched 

2018-06-04 18:20:45 - [MESSAGE][PASSED] - Actual text 'Total Cars' and expected text 'Total Cars' are matched 

2018-06-04 18:20:45 - [TEST_STEP][PASSED] - Statement - If (!(execFlag3)): null

2018-06-04 18:20:45 - [TEST_STEP][PASSED] - Statement - If (execFlag3): null

2018-06-04 18:20:45 - [TEST_STEP][PASSED] - Statement - out.println("Average Time headers are verified"): null

2018-06-04 18:20:45 - [TEST_STEP][PASSED] - Statement - row1 = CustomKeywords.projectSpecific.Reusability.getTestData("SummarizedReportPage", "row1belowWeekHeader"): projectSpecific.Reusability.getTestData is PASSED

2018-06-04 18:20:45 - [MESSAGE][PASSED] - projectSpecific.Reusability.getTestData is PASSED

2018-06-04 18:20:45 - [TEST_STEP][PASSED] - verifyElementText: Actual text and expected text of test object 'Object Repository/SummarizedReportPage/row1BelowWeekHeader' are matched.

2018-06-04 18:20:45 - [MESSAGE][PASSED] - Actual text and expected text of test object 'Object Repository/SummarizedReportPage/row1BelowWeekHeader' are matched.

2018-06-04 18:20:45 - [TEST_STEP][PASSED] - Statement - row2 = CustomKeywords.projectSpecific.Reusability.getTestData("SummarizedReportPage", "row2belowWeekHeader"): projectSpecific.Reusability.getTestData is PASSED

2018-06-04 18:20:45 - [MESSAGE][PASSED] - projectSpecific.Reusability.getTestData is PASSED

2018-06-04 18:20:45 - [TEST_STEP][PASSED] - verifyElementText: Actual text and expected text of test object 'Object Repository/SummarizedReportPage/row2BelowWeekHeader' are matched.

2018-06-04 18:20:45 - [MESSAGE][PASSED] - Actual text and expected text of test object 'Object Repository/SummarizedReportPage/row2BelowWeekHeader' are matched.

2018-06-04 18:20:45 - [TEST_STEP][PASSED] - uiaction.CommonUIActions.click: uiaction.CommonUIActions.click is PASSED

2018-06-04 18:20:45 - [MESSAGE][PASSED] - uiaction.CommonUIActions.click is PASSED

2018-06-04 18:20:45 - [TEST_STEP][PASSED] - uiaction.CommonUIActions.click: uiaction.CommonUIActions.click is PASSED

2018-06-04 18:20:45 - [MESSAGE][PASSED] - uiaction.CommonUIActions.click is PASSED

2018-06-04 18:20:45 - [TEST_STEP][PASSED] - uiaction.CommonUIActions.click: uiaction.CommonUIActions.click is PASSED

2018-06-04 18:21:03 - [MESSAGE][PASSED] - uiaction.CommonUIActions.click is PASSED

2018-06-04 18:21:03 - [TEST_STEP][PASSED] - delay: Delayed 5 second(s)

2018-06-04 18:21:08 - [MESSAGE][PASSED] - Delayed 5 second(s)

2018-06-04 18:21:08 - [TEST_STEP][PASSED] - uiaction.CommonUIActions.click: uiaction.CommonUIActions.click is PASSED

2018-06-04 18:21:09 - [MESSAGE][PASSED] - uiaction.CommonUIActions.click is PASSED

2018-06-04 18:21:09 - [TEST_STEP][PASSED] - delay: Delayed 5 second(s)

2018-06-04 18:21:14 - [MESSAGE][PASSED] - Delayed 5 second(s)

2018-06-04 18:21:14 - [TEST_STEP][PASSED] - uiaction.CommonUIActions.click: uiaction.CommonUIActions.click is PASSED

2018-06-04 18:21:15 - [MESSAGE][PASSED] - uiaction.CommonUIActions.click is PASSED

2018-06-04 18:21:15 - [TEST_STEP][PASSED] - delay: Delayed 10 second(s)

2018-06-04 18:21:25 - [MESSAGE][PASSED] - Delayed 10 second(s)

2018-06-04 18:21:25 - [TEST_STEP][PASSED] - uiaction.CommonUIActions.click: uiaction.CommonUIActions.click is PASSED

2018-06-04 18:21:25 - [MESSAGE][PASSED] - uiaction.CommonUIActions.click is PASSED

2018-06-04 18:21:25 - [TEST_STEP][PASSED] - delay: Delayed 5 second(s)

2018-06-04 18:21:30 - [MESSAGE][PASSED] - Delayed 5 second(s)

2018-06-04 18:21:30 - [TEST_STEP][PASSED] - uiaction.CommonUIActions.click: uiaction.CommonUIActions.click is PASSED

2018-06-04 18:21:30 - [MESSAGE][PASSED] - uiaction.CommonUIActions.click is PASSED

2018-06-04 18:21:30 - [TEST_STEP][PASSED] - uiaction.CommonUIActions.click: uiaction.CommonUIActions.click is PASSED

2018-06-04 18:21:30 - [MESSAGE][PASSED] - uiaction.CommonUIActions.click is PASSED

2018-06-04 18:21:30 - [TEST_STEP][PASSED] - uiaction.CommonUIActions.click: uiaction.CommonUIActions.click is PASSED

2018-06-04 18:21:34 - [MESSAGE][PASSED] - uiaction.CommonUIActions.click is PASSED

2018-06-04 18:21:34 - [TEST_STEP][PASSED] - Statement - assert TCflag == true: null

2018-06-04 18:21:34 - [TEST_STEP][PASSED] - Start listener action : sampleAfterTestCase: Browser is closed

2018-06-04 18:21:34 - [TEST_STEP][PASSED] - Statement - println(testCaseContext.getTestCaseId()): null

2018-06-04 18:21:34 - [TEST_STEP][PASSED] - Statement - println(testCaseContext.getTestCaseStatus()): null

2018-06-04 18:21:34 - [TEST_STEP][PASSED] - closeBrowser: Browser is closed

2018-06-04 18:21:35 - [MESSAGE][PASSED] - Browser is closed]]></system-out>
         <system-err><![CDATA[2018-06-04 18:17:29 - [TEST_CASE][FAILED] - Test Cases/SummaryReportsTC/HME-Summary Report-02: Test Cases/SummaryReportsTC/HME-Summary Report-02 FAILED because (of) Unable to verify match between actual text 'Menu 1' and expected text 'Menu Board' (Root cause: Actual text 'Menu 1' and expected text 'Menu Board' are not matched)]]></system-err>
      </testcase>
      <testcase name="Test Cases/SummaryReportsTC/HME-Summary Report-04" classname="Test Cases/SummaryReportsTC/HME-Summary Report-04" status="FAILED">
         <failure type="FAILED" message="org.codehaus.groovy.runtime.powerassert.PowerAssertionError: assert TCflag==true
       |     |
       false false"/>
         <system-out><![CDATA[2018-06-04 18:21:35 - [TEST_CASE][FAILED] - Test Cases/SummaryReportsTC/HME-Summary Report-04: Test Cases/SummaryReportsTC/HME-Summary Report-04 FAILED because (of) org.codehaus.groovy.runtime.powerassert.PowerAssertionError: assert TCflag==true
       |     |
       false false

2018-06-04 18:21:35 - [TEST_STEP][PASSED] - Start listener action : sampleBeforeTestCase: uiaction.CommonUIActions.deleteAllCookies is PASSED

2018-06-04 18:21:35 - [TEST_STEP][PASSED] - openBrowser: Browser is opened with url: ''

2018-06-04 18:21:38 - [MESSAGE][PASSED] - Browser is opened with url: ''

2018-06-04 18:21:38 - [TEST_STEP][PASSED] - maximizeWindow: Current window maximized

2018-06-04 18:21:39 - [MESSAGE][PASSED] - Current window maximized

2018-06-04 18:21:39 - [TEST_STEP][PASSED] - uiaction.CommonUIActions.deleteAllCookies: uiaction.CommonUIActions.deleteAllCookies is PASSED

2018-06-04 18:21:39 - [MESSAGE][PASSED] - Delete all cookies successfully

2018-06-04 18:21:39 - [MESSAGE][PASSED] - uiaction.CommonUIActions.deleteAllCookies is PASSED

2018-06-04 18:21:39 - [TEST_STEP][PASSED] - Statement - TCflag = true: null

2018-06-04 18:21:39 - [TEST_STEP][PASSED] - Statement - Try: null

2018-06-04 18:21:39 - [TEST_STEP][PASSED] - navigateToUrl: Navigate to 'https://hme-dev-public-cloud-app.azurewebsites.net/' successfully

2018-06-04 18:21:42 - [MESSAGE][PASSED] - Navigate to 'https://hme-dev-public-cloud-app.azurewebsites.net/' successfully

2018-06-04 18:21:42 - [TEST_STEP][PASSED] - delay: Delayed 10 second(s)

2018-06-04 18:21:52 - [MESSAGE][PASSED] - Delayed 10 second(s)

2018-06-04 18:21:52 - [TEST_STEP][PASSED] - navigateToUrl: Navigate to 'https://hme-dev-public-cloud-app.azurewebsites.net/' successfully

2018-06-04 18:21:53 - [MESSAGE][PASSED] - Navigate to 'https://hme-dev-public-cloud-app.azurewebsites.net/' successfully

2018-06-04 18:21:53 - [TEST_STEP][PASSED] - projectSpecific.Reusability.login: projectSpecific.Reusability.login is PASSED

2018-06-04 18:21:53 - [MESSAGE][PASSED] - projectSpecific.Reusability.getTestData is PASSED

2018-06-04 18:21:53 - [MESSAGE][PASSED] - projectSpecific.Reusability.getTestData is PASSED

2018-06-04 18:21:53 - [MESSAGE][PASSED] - Text 'selvendrank@nousinfo.com' is set on object 'Object Repository/LoginPage/Username'

2018-06-04 18:21:53 - [MESSAGE][PASSED] - Text 'nous;123' is set on object 'Object Repository/LoginPage/Password'

2018-06-04 18:21:53 - [MESSAGE][PASSED] - Object: 'Object Repository/LoginPage/Login' is clicked on

2018-06-04 18:21:53 - [MESSAGE][PASSED] - projectSpecific.Reusability.login is PASSED

2018-06-04 18:21:53 - [TEST_STEP][PASSED] - delay: Delayed 10 second(s)

2018-06-04 18:22:03 - [MESSAGE][PASSED] - Delayed 10 second(s)

2018-06-04 18:22:03 - [TEST_STEP][PASSED] - delay: Delayed 10 second(s)

2018-06-04 18:22:13 - [MESSAGE][PASSED] - Delayed 10 second(s)

2018-06-04 18:22:13 - [TEST_STEP][PASSED] - uiaction.CommonUIActions.click: uiaction.CommonUIActions.click is PASSED

2018-06-04 18:22:26 - [MESSAGE][PASSED] - uiaction.CommonUIActions.click is PASSED

2018-06-04 18:22:26 - [TEST_STEP][PASSED] - uiaction.CommonUIActions.click: uiaction.CommonUIActions.click is PASSED

2018-06-04 18:22:29 - [MESSAGE][PASSED] - uiaction.CommonUIActions.click is PASSED

2018-06-04 18:22:29 - [TEST_STEP][PASSED] - uiaction.CommonUIActions.click: uiaction.CommonUIActions.click is PASSED

2018-06-04 18:22:30 - [MESSAGE][PASSED] - uiaction.CommonUIActions.click is PASSED

2018-06-04 18:22:30 - [TEST_STEP][PASSED] - uiaction.CommonUIActions.click: uiaction.CommonUIActions.click is PASSED

2018-06-04 18:22:30 - [MESSAGE][PASSED] - uiaction.CommonUIActions.click is PASSED

2018-06-04 18:22:30 - [TEST_STEP][PASSED] - uiaction.CommonUIActions.enter: uiaction.CommonUIActions.enter is PASSED

2018-06-04 18:22:30 - [MESSAGE][PASSED] - projectSpecific.Reusability.getTestData is PASSED

2018-06-04 18:22:30 - [MESSAGE][PASSED] - uiaction.CommonUIActions.enter is PASSED

2018-06-04 18:22:30 - [TEST_STEP][PASSED] - uiaction.CommonUIActions.enter: uiaction.CommonUIActions.enter is PASSED

2018-06-04 18:22:30 - [MESSAGE][PASSED] - projectSpecific.Reusability.getTestData is PASSED

2018-06-04 18:22:30 - [MESSAGE][PASSED] - uiaction.CommonUIActions.enter is PASSED

2018-06-04 18:22:30 - [TEST_STEP][PASSED] - delay: Delayed 10 second(s)

2018-06-04 18:22:40 - [MESSAGE][PASSED] - Delayed 10 second(s)

2018-06-04 18:22:40 - [TEST_STEP][PASSED] - Statement - groupmain = CustomKeywords.projectSpecific.Reusability.getTestData("ReportingGroupManagementPage", "Summarygrp"): projectSpecific.Reusability.getTestData is PASSED

2018-06-04 18:22:40 - [MESSAGE][PASSED] - projectSpecific.Reusability.getTestData is PASSED

2018-06-04 18:22:40 - [TEST_STEP][PASSED] - Statement - driver = com.kms.katalon.core.webui.driver.DriverFactory.getWebDriver(): null

2018-06-04 18:22:40 - [TEST_STEP][PASSED] - Statement - grouplist = driver.findElements(org.openqa.selenium.By.xpath("//ul[@class='unlinked-grouplist']/li")): null

2018-06-04 18:22:40 - [TEST_STEP][PASSED] - delay: Delayed 10 second(s)

2018-06-04 18:22:50 - [MESSAGE][PASSED] - Delayed 10 second(s)

2018-06-04 18:22:50 - [TEST_STEP][PASSED] - Statement - For ([i = 0, i < 50, (i++)]): null

2018-06-04 18:22:50 - [TEST_STEP][PASSED] - Statement - println(grouplist.get(i).getText()): null

2018-06-04 18:22:50 - [TEST_STEP][PASSED] - Statement - If (grouplist.get(i).getText().contains("0000")): null

2018-06-04 18:22:50 - [TEST_STEP][PASSED] - Statement - println(grouplist.get(i).getText()): null

2018-06-04 18:22:50 - [TEST_STEP][PASSED] - Statement - If (grouplist.get(i).getText().contains("0000")): null

2018-06-04 18:22:50 - [TEST_STEP][PASSED] - Statement - println(grouplist.get(i).getText()): null

2018-06-04 18:22:50 - [TEST_STEP][PASSED] - Statement - If (grouplist.get(i).getText().contains("0000")): null

2018-06-04 18:22:50 - [TEST_STEP][PASSED] - Statement - println(grouplist.get(i).getText()): null

2018-06-04 18:22:50 - [TEST_STEP][PASSED] - Statement - If (grouplist.get(i).getText().contains("0000")): null

2018-06-04 18:22:50 - [TEST_STEP][PASSED] - Statement - println(grouplist.get(i).getText()): null

2018-06-04 18:22:50 - [TEST_STEP][PASSED] - Statement - If (grouplist.get(i).getText().contains("0000")): null

2018-06-04 18:22:50 - [TEST_STEP][PASSED] - Statement - println(grouplist.get(i).getText()): null

2018-06-04 18:22:50 - [TEST_STEP][PASSED] - Statement - If (grouplist.get(i).getText().contains("0000")): null

2018-06-04 18:22:50 - [TEST_STEP][PASSED] - Statement - println(grouplist.get(i).getText()): null

2018-06-04 18:22:50 - [TEST_STEP][PASSED] - Statement - If (grouplist.get(i).getText().contains("0000")): null

2018-06-04 18:22:50 - [TEST_STEP][PASSED] - Statement - println(grouplist.get(i).getText()): null

2018-06-04 18:22:50 - [TEST_STEP][PASSED] - Statement - If (grouplist.get(i).getText().contains("0000")): null

2018-06-04 18:22:50 - [TEST_STEP][PASSED] - Statement - println(grouplist.get(i).getText()): null

2018-06-04 18:22:50 - [TEST_STEP][PASSED] - Statement - If (grouplist.get(i).getText().contains("0000")): null

2018-06-04 18:22:50 - [TEST_STEP][PASSED] - Statement - println(grouplist.get(i).getText()): null

2018-06-04 18:22:50 - [TEST_STEP][PASSED] - Statement - If (grouplist.get(i).getText().contains("0000")): null

2018-06-04 18:22:50 - [TEST_STEP][PASSED] - Statement - driver.findElement(org.openqa.selenium.By.xpath("(//ul[@class='unlinked-grouplist']/li/label)[" + i + 1 + "]")).click(): null

2018-06-04 18:22:50 - [TEST_STEP][PASSED] - Statement - println(grouplist.get(i).getText()): null

2018-06-04 18:22:50 - [TEST_STEP][PASSED] - Statement - If (grouplist.get(i).getText().contains("0000")): null

2018-06-04 18:22:50 - [TEST_STEP][PASSED] - Statement - driver.findElement(org.openqa.selenium.By.xpath("(//ul[@class='unlinked-grouplist']/li/label)[" + i + 1 + "]")).click(): null

2018-06-04 18:22:51 - [TEST_STEP][PASSED] - Statement - println(grouplist.get(i).getText()): null

2018-06-04 18:22:51 - [TEST_STEP][PASSED] - Statement - If (grouplist.get(i).getText().contains("0000")): null

2018-06-04 18:22:51 - [TEST_STEP][PASSED] - Statement - driver.findElement(org.openqa.selenium.By.xpath("(//ul[@class='unlinked-grouplist']/li/label)[" + i + 1 + "]")).click(): null

2018-06-04 18:22:51 - [TEST_STEP][PASSED] - Statement - println(grouplist.get(i).getText()): null

2018-06-04 18:22:51 - [TEST_STEP][PASSED] - Statement - If (grouplist.get(i).getText().contains("0000")): null

2018-06-04 18:22:51 - [TEST_STEP][PASSED] - Statement - driver.findElement(org.openqa.selenium.By.xpath("(//ul[@class='unlinked-grouplist']/li/label)[" + i + 1 + "]")).click(): null

2018-06-04 18:22:51 - [TEST_STEP][PASSED] - Statement - println(grouplist.get(i).getText()): null

2018-06-04 18:22:51 - [TEST_STEP][PASSED] - Statement - If (grouplist.get(i).getText().contains("0000")): null

2018-06-04 18:22:51 - [TEST_STEP][PASSED] - Statement - driver.findElement(org.openqa.selenium.By.xpath("(//ul[@class='unlinked-grouplist']/li/label)[" + i + 1 + "]")).click(): null

2018-06-04 18:22:51 - [TEST_STEP][PASSED] - Statement - println(grouplist.get(i).getText()): null

2018-06-04 18:22:51 - [TEST_STEP][PASSED] - Statement - If (grouplist.get(i).getText().contains("0000")): null

2018-06-04 18:22:51 - [TEST_STEP][PASSED] - Statement - driver.findElement(org.openqa.selenium.By.xpath("(//ul[@class='unlinked-grouplist']/li/label)[" + i + 1 + "]")).click(): null

2018-06-04 18:22:51 - [TEST_STEP][PASSED] - Statement - println(grouplist.get(i).getText()): null

2018-06-04 18:22:51 - [TEST_STEP][PASSED] - Statement - If (grouplist.get(i).getText().contains("0000")): null

2018-06-04 18:22:51 - [TEST_STEP][PASSED] - Statement - driver.findElement(org.openqa.selenium.By.xpath("(//ul[@class='unlinked-grouplist']/li/label)[" + i + 1 + "]")).click(): null

2018-06-04 18:22:51 - [TEST_STEP][PASSED] - Statement - println(grouplist.get(i).getText()): null

2018-06-04 18:22:51 - [TEST_STEP][PASSED] - Statement - If (grouplist.get(i).getText().contains("0000")): null

2018-06-04 18:22:51 - [TEST_STEP][PASSED] - Statement - driver.findElement(org.openqa.selenium.By.xpath("(//ul[@class='unlinked-grouplist']/li/label)[" + i + 1 + "]")).click(): null

2018-06-04 18:22:51 - [TEST_STEP][PASSED] - Statement - println(grouplist.get(i).getText()): null

2018-06-04 18:22:51 - [TEST_STEP][PASSED] - Statement - If (grouplist.get(i).getText().contains("0000")): null

2018-06-04 18:22:51 - [TEST_STEP][PASSED] - Statement - driver.findElement(org.openqa.selenium.By.xpath("(//ul[@class='unlinked-grouplist']/li/label)[" + i + 1 + "]")).click(): null

2018-06-04 18:22:51 - [TEST_STEP][PASSED] - Statement - println(grouplist.get(i).getText()): null

2018-06-04 18:22:51 - [TEST_STEP][PASSED] - Statement - If (grouplist.get(i).getText().contains("0000")): null

2018-06-04 18:22:51 - [TEST_STEP][PASSED] - Statement - driver.findElement(org.openqa.selenium.By.xpath("(//ul[@class='unlinked-grouplist']/li/label)[" + i + 1 + "]")).click(): null

2018-06-04 18:22:51 - [TEST_STEP][PASSED] - Statement - println(grouplist.get(i).getText()): null

2018-06-04 18:22:51 - [TEST_STEP][PASSED] - Statement - If (grouplist.get(i).getText().contains("0000")): null

2018-06-04 18:22:51 - [TEST_STEP][PASSED] - Statement - driver.findElement(org.openqa.selenium.By.xpath("(//ul[@class='unlinked-grouplist']/li/label)[" + i + 1 + "]")).click(): null

2018-06-04 18:22:51 - [TEST_STEP][PASSED] - Statement - println(grouplist.get(i).getText()): null

2018-06-04 18:22:51 - [TEST_STEP][PASSED] - Statement - If (grouplist.get(i).getText().contains("0000")): null

2018-06-04 18:22:51 - [TEST_STEP][PASSED] - Statement - driver.findElement(org.openqa.selenium.By.xpath("(//ul[@class='unlinked-grouplist']/li/label)[" + i + 1 + "]")).click(): null

2018-06-04 18:22:52 - [TEST_STEP][PASSED] - Statement - println(grouplist.get(i).getText()): null

2018-06-04 18:22:52 - [TEST_STEP][PASSED] - Statement - If (grouplist.get(i).getText().contains("0000")): null

2018-06-04 18:22:52 - [TEST_STEP][PASSED] - Statement - driver.findElement(org.openqa.selenium.By.xpath("(//ul[@class='unlinked-grouplist']/li/label)[" + i + 1 + "]")).click(): null

2018-06-04 18:22:52 - [TEST_STEP][PASSED] - Statement - println(grouplist.get(i).getText()): null

2018-06-04 18:22:52 - [TEST_STEP][PASSED] - Statement - If (grouplist.get(i).getText().contains("0000")): null

2018-06-04 18:22:52 - [TEST_STEP][PASSED] - Statement - driver.findElement(org.openqa.selenium.By.xpath("(//ul[@class='unlinked-grouplist']/li/label)[" + i + 1 + "]")).click(): null

2018-06-04 18:22:52 - [TEST_STEP][PASSED] - Statement - println(grouplist.get(i).getText()): null

2018-06-04 18:22:52 - [TEST_STEP][PASSED] - Statement - If (grouplist.get(i).getText().contains("0000")): null

2018-06-04 18:22:52 - [TEST_STEP][PASSED] - Statement - driver.findElement(org.openqa.selenium.By.xpath("(//ul[@class='unlinked-grouplist']/li/label)[" + i + 1 + "]")).click(): null

2018-06-04 18:22:52 - [TEST_STEP][PASSED] - Statement - println(grouplist.get(i).getText()): null

2018-06-04 18:22:52 - [TEST_STEP][PASSED] - Statement - If (grouplist.get(i).getText().contains("0000")): null

2018-06-04 18:22:52 - [TEST_STEP][PASSED] - Statement - driver.findElement(org.openqa.selenium.By.xpath("(//ul[@class='unlinked-grouplist']/li/label)[" + i + 1 + "]")).click(): null

2018-06-04 18:22:52 - [TEST_STEP][PASSED] - Statement - println(grouplist.get(i).getText()): null

2018-06-04 18:22:52 - [TEST_STEP][PASSED] - Statement - If (grouplist.get(i).getText().contains("0000")): null

2018-06-04 18:22:52 - [TEST_STEP][PASSED] - Statement - driver.findElement(org.openqa.selenium.By.xpath("(//ul[@class='unlinked-grouplist']/li/label)[" + i + 1 + "]")).click(): null

2018-06-04 18:22:52 - [TEST_STEP][PASSED] - Statement - println(grouplist.get(i).getText()): null

2018-06-04 18:22:52 - [TEST_STEP][PASSED] - Statement - If (grouplist.get(i).getText().contains("0000")): null

2018-06-04 18:22:52 - [TEST_STEP][PASSED] - Statement - driver.findElement(org.openqa.selenium.By.xpath("(//ul[@class='unlinked-grouplist']/li/label)[" + i + 1 + "]")).click(): null

2018-06-04 18:22:52 - [TEST_STEP][PASSED] - Statement - println(grouplist.get(i).getText()): null

2018-06-04 18:22:52 - [TEST_STEP][PASSED] - Statement - If (grouplist.get(i).getText().contains("0000")): null

2018-06-04 18:22:52 - [TEST_STEP][PASSED] - Statement - driver.findElement(org.openqa.selenium.By.xpath("(//ul[@class='unlinked-grouplist']/li/label)[" + i + 1 + "]")).click(): null

2018-06-04 18:22:52 - [TEST_STEP][PASSED] - Statement - println(grouplist.get(i).getText()): null

2018-06-04 18:22:52 - [TEST_STEP][PASSED] - Statement - If (grouplist.get(i).getText().contains("0000")): null

2018-06-04 18:22:52 - [TEST_STEP][PASSED] - Statement - driver.findElement(org.openqa.selenium.By.xpath("(//ul[@class='unlinked-grouplist']/li/label)[" + i + 1 + "]")).click(): null

2018-06-04 18:22:52 - [TEST_STEP][PASSED] - Statement - println(grouplist.get(i).getText()): null

2018-06-04 18:22:52 - [TEST_STEP][PASSED] - Statement - If (grouplist.get(i).getText().contains("0000")): null

2018-06-04 18:22:52 - [TEST_STEP][PASSED] - Statement - driver.findElement(org.openqa.selenium.By.xpath("(//ul[@class='unlinked-grouplist']/li/label)[" + i + 1 + "]")).click(): null

2018-06-04 18:22:52 - [TEST_STEP][PASSED] - Statement - println(grouplist.get(i).getText()): null

2018-06-04 18:22:52 - [TEST_STEP][PASSED] - Statement - If (grouplist.get(i).getText().contains("0000")): null

2018-06-04 18:22:52 - [TEST_STEP][PASSED] - Statement - driver.findElement(org.openqa.selenium.By.xpath("(//ul[@class='unlinked-grouplist']/li/label)[" + i + 1 + "]")).click(): null

2018-06-04 18:22:52 - [TEST_STEP][PASSED] - Statement - println(grouplist.get(i).getText()): null

2018-06-04 18:22:52 - [TEST_STEP][PASSED] - Statement - If (grouplist.get(i).getText().contains("0000")): null

2018-06-04 18:22:52 - [TEST_STEP][PASSED] - Statement - driver.findElement(org.openqa.selenium.By.xpath("(//ul[@class='unlinked-grouplist']/li/label)[" + i + 1 + "]")).click(): null

2018-06-04 18:22:52 - [TEST_STEP][PASSED] - Statement - println(grouplist.get(i).getText()): null

2018-06-04 18:22:53 - [TEST_STEP][PASSED] - Statement - If (grouplist.get(i).getText().contains("0000")): null

2018-06-04 18:22:53 - [TEST_STEP][PASSED] - Statement - driver.findElement(org.openqa.selenium.By.xpath("(//ul[@class='unlinked-grouplist']/li/label)[" + i + 1 + "]")).click(): null

2018-06-04 18:22:53 - [TEST_STEP][PASSED] - Statement - println(grouplist.get(i).getText()): null

2018-06-04 18:22:53 - [TEST_STEP][PASSED] - Statement - If (grouplist.get(i).getText().contains("0000")): null

2018-06-04 18:22:53 - [TEST_STEP][PASSED] - Statement - driver.findElement(org.openqa.selenium.By.xpath("(//ul[@class='unlinked-grouplist']/li/label)[" + i + 1 + "]")).click(): null

2018-06-04 18:22:53 - [TEST_STEP][PASSED] - Statement - println(grouplist.get(i).getText()): null

2018-06-04 18:22:53 - [TEST_STEP][PASSED] - Statement - If (grouplist.get(i).getText().contains("0000")): null

2018-06-04 18:22:53 - [TEST_STEP][PASSED] - Statement - driver.findElement(org.openqa.selenium.By.xpath("(//ul[@class='unlinked-grouplist']/li/label)[" + i + 1 + "]")).click(): null

2018-06-04 18:22:53 - [TEST_STEP][PASSED] - Statement - println(grouplist.get(i).getText()): null

2018-06-04 18:22:53 - [TEST_STEP][PASSED] - Statement - If (grouplist.get(i).getText().contains("0000")): null

2018-06-04 18:22:53 - [TEST_STEP][PASSED] - Statement - driver.findElement(org.openqa.selenium.By.xpath("(//ul[@class='unlinked-grouplist']/li/label)[" + i + 1 + "]")).click(): null

2018-06-04 18:22:53 - [TEST_STEP][PASSED] - Statement - println(grouplist.get(i).getText()): null

2018-06-04 18:22:53 - [TEST_STEP][PASSED] - Statement - If (grouplist.get(i).getText().contains("0000")): null

2018-06-04 18:22:53 - [TEST_STEP][PASSED] - Statement - driver.findElement(org.openqa.selenium.By.xpath("(//ul[@class='unlinked-grouplist']/li/label)[" + i + 1 + "]")).click(): null

2018-06-04 18:22:53 - [TEST_STEP][PASSED] - Statement - println(grouplist.get(i).getText()): null

2018-06-04 18:22:53 - [TEST_STEP][PASSED] - Statement - If (grouplist.get(i).getText().contains("0000")): null

2018-06-04 18:22:53 - [TEST_STEP][PASSED] - Statement - driver.findElement(org.openqa.selenium.By.xpath("(//ul[@class='unlinked-grouplist']/li/label)[" + i + 1 + "]")).click(): null

2018-06-04 18:22:53 - [TEST_STEP][PASSED] - Statement - println(grouplist.get(i).getText()): null

2018-06-04 18:22:53 - [TEST_STEP][PASSED] - Statement - If (grouplist.get(i).getText().contains("0000")): null

2018-06-04 18:22:53 - [TEST_STEP][PASSED] - Statement - driver.findElement(org.openqa.selenium.By.xpath("(//ul[@class='unlinked-grouplist']/li/label)[" + i + 1 + "]")).click(): null

2018-06-04 18:22:53 - [TEST_STEP][PASSED] - Statement - println(grouplist.get(i).getText()): null

2018-06-04 18:22:53 - [TEST_STEP][PASSED] - Statement - If (grouplist.get(i).getText().contains("0000")): null

2018-06-04 18:22:53 - [TEST_STEP][PASSED] - Statement - driver.findElement(org.openqa.selenium.By.xpath("(//ul[@class='unlinked-grouplist']/li/label)[" + i + 1 + "]")).click(): null

2018-06-04 18:22:53 - [TEST_STEP][PASSED] - Statement - println(grouplist.get(i).getText()): null

2018-06-04 18:22:53 - [TEST_STEP][PASSED] - Statement - If (grouplist.get(i).getText().contains("0000")): null

2018-06-04 18:22:53 - [TEST_STEP][PASSED] - Statement - driver.findElement(org.openqa.selenium.By.xpath("(//ul[@class='unlinked-grouplist']/li/label)[" + i + 1 + "]")).click(): null

2018-06-04 18:22:53 - [TEST_STEP][PASSED] - Statement - println(grouplist.get(i).getText()): null

2018-06-04 18:22:53 - [TEST_STEP][PASSED] - Statement - If (grouplist.get(i).getText().contains("0000")): null

2018-06-04 18:22:53 - [TEST_STEP][PASSED] - Statement - driver.findElement(org.openqa.selenium.By.xpath("(//ul[@class='unlinked-grouplist']/li/label)[" + i + 1 + "]")).click(): null

2018-06-04 18:22:53 - [TEST_STEP][PASSED] - Statement - println(grouplist.get(i).getText()): null

2018-06-04 18:22:53 - [TEST_STEP][PASSED] - Statement - If (grouplist.get(i).getText().contains("0000")): null

2018-06-04 18:22:53 - [TEST_STEP][PASSED] - Statement - driver.findElement(org.openqa.selenium.By.xpath("(//ul[@class='unlinked-grouplist']/li/label)[" + i + 1 + "]")).click(): null

2018-06-04 18:22:53 - [TEST_STEP][PASSED] - Statement - println(grouplist.get(i).getText()): null

2018-06-04 18:22:53 - [TEST_STEP][PASSED] - Statement - If (grouplist.get(i).getText().contains("0000")): null

2018-06-04 18:22:53 - [TEST_STEP][PASSED] - Statement - driver.findElement(org.openqa.selenium.By.xpath("(//ul[@class='unlinked-grouplist']/li/label)[" + i + 1 + "]")).click(): null

2018-06-04 18:22:54 - [TEST_STEP][PASSED] - Statement - println(grouplist.get(i).getText()): null

2018-06-04 18:22:54 - [TEST_STEP][PASSED] - Statement - If (grouplist.get(i).getText().contains("0000")): null

2018-06-04 18:22:54 - [TEST_STEP][PASSED] - Statement - driver.findElement(org.openqa.selenium.By.xpath("(//ul[@class='unlinked-grouplist']/li/label)[" + i + 1 + "]")).click(): null

2018-06-04 18:22:54 - [TEST_STEP][PASSED] - Statement - println(grouplist.get(i).getText()): null

2018-06-04 18:22:54 - [TEST_STEP][PASSED] - Statement - If (grouplist.get(i).getText().contains("0000")): null

2018-06-04 18:22:54 - [TEST_STEP][PASSED] - Statement - driver.findElement(org.openqa.selenium.By.xpath("(//ul[@class='unlinked-grouplist']/li/label)[" + i + 1 + "]")).click(): null

2018-06-04 18:22:54 - [TEST_STEP][PASSED] - Statement - println(grouplist.get(i).getText()): null

2018-06-04 18:22:54 - [TEST_STEP][PASSED] - Statement - If (grouplist.get(i).getText().contains("0000")): null

2018-06-04 18:22:54 - [TEST_STEP][PASSED] - Statement - driver.findElement(org.openqa.selenium.By.xpath("(//ul[@class='unlinked-grouplist']/li/label)[" + i + 1 + "]")).click(): null

2018-06-04 18:22:54 - [TEST_STEP][PASSED] - Statement - println(grouplist.get(i).getText()): null

2018-06-04 18:22:54 - [TEST_STEP][PASSED] - Statement - If (grouplist.get(i).getText().contains("0000")): null

2018-06-04 18:22:54 - [TEST_STEP][PASSED] - Statement - driver.findElement(org.openqa.selenium.By.xpath("(//ul[@class='unlinked-grouplist']/li/label)[" + i + 1 + "]")).click(): null

2018-06-04 18:22:54 - [TEST_STEP][PASSED] - Statement - println(grouplist.get(i).getText()): null

2018-06-04 18:22:54 - [TEST_STEP][PASSED] - Statement - If (grouplist.get(i).getText().contains("0000")): null

2018-06-04 18:22:54 - [TEST_STEP][PASSED] - Statement - driver.findElement(org.openqa.selenium.By.xpath("(//ul[@class='unlinked-grouplist']/li/label)[" + i + 1 + "]")).click(): null

2018-06-04 18:22:54 - [TEST_STEP][PASSED] - Statement - println(grouplist.get(i).getText()): null

2018-06-04 18:22:54 - [TEST_STEP][PASSED] - Statement - If (grouplist.get(i).getText().contains("0000")): null

2018-06-04 18:22:54 - [TEST_STEP][PASSED] - Statement - driver.findElement(org.openqa.selenium.By.xpath("(//ul[@class='unlinked-grouplist']/li/label)[" + i + 1 + "]")).click(): null

2018-06-04 18:22:54 - [TEST_STEP][PASSED] - Statement - driver.findElement(org.openqa.selenium.By.xpath("//button[contains(text(),'>')]")).click(): null

2018-06-04 18:22:54 - [TEST_STEP][PASSED] - delay: Delayed 10 second(s)

2018-06-04 18:23:04 - [MESSAGE][PASSED] - Delayed 10 second(s)

2018-06-04 18:23:04 - [TEST_STEP][PASSED] - uiaction.CommonUIActions.click: uiaction.CommonUIActions.click is PASSED

2018-06-04 18:23:04 - [MESSAGE][PASSED] - uiaction.CommonUIActions.click is PASSED

2018-06-04 18:23:04 - [TEST_STEP][PASSED] - uiaction.CommonUIActions.click: uiaction.CommonUIActions.click is PASSED

2018-06-04 18:23:04 - [MESSAGE][PASSED] - uiaction.CommonUIActions.click is PASSED

2018-06-04 18:23:04 - [TEST_STEP][PASSED] - delay: Delayed 10 second(s)

2018-06-04 18:23:14 - [MESSAGE][PASSED] - Delayed 10 second(s)

2018-06-04 18:23:14 - [TEST_STEP][PASSED] - uiaction.CommonUIActions.click: uiaction.CommonUIActions.click is PASSED

2018-06-04 18:23:14 - [MESSAGE][PASSED] - uiaction.CommonUIActions.click is PASSED

2018-06-04 18:23:14 - [TEST_STEP][PASSED] - delay: Delayed 10 second(s)

2018-06-04 18:23:24 - [MESSAGE][PASSED] - Delayed 10 second(s)

2018-06-04 18:23:24 - [TEST_STEP][PASSED] - Statement - driver.findElement(org.openqa.selenium.By.xpath("//span[contains(text(),'" + groupmain + "')]/../../../../span[2]")).click(): null

2018-06-04 18:23:24 - [TEST_STEP][PASSED] - Statement - Catch (Exception e): null

2018-06-04 18:23:24 - [TEST_STEP][PASSED] - Statement - e.printStackTrace(): null

2018-06-04 18:23:24 - [TEST_STEP][PASSED] - Statement - println("Exception of element not found"): null

2018-06-04 18:23:24 - [TEST_STEP][PASSED] - Statement - If (TCflag): null

2018-06-04 18:23:24 - [TEST_STEP][PASSED] - Statement - assert TCflag == true: null

2018-06-04 18:23:24 - [TEST_STEP][PASSED] - Start listener action : sampleAfterTestCase: Browser is closed

2018-06-04 18:23:24 - [TEST_STEP][PASSED] - Statement - println(testCaseContext.getTestCaseId()): null

2018-06-04 18:23:24 - [TEST_STEP][PASSED] - Statement - println(testCaseContext.getTestCaseStatus()): null

2018-06-04 18:23:24 - [TEST_STEP][PASSED] - closeBrowser: Browser is closed

2018-06-04 18:23:25 - [MESSAGE][PASSED] - Browser is closed]]></system-out>
         <system-err><![CDATA[2018-06-04 18:21:35 - [TEST_CASE][FAILED] - Test Cases/SummaryReportsTC/HME-Summary Report-04: Test Cases/SummaryReportsTC/HME-Summary Report-04 FAILED because (of) org.codehaus.groovy.runtime.powerassert.PowerAssertionError: assert TCflag==true
       |     |
       false false]]></system-err>
      </testcase>
      <system-out><![CDATA[2018-06-04 18:17:28 - [TEST_SUITE][FAILED] - RegressionSuite: Test Cases/SummaryReportsTC/HME-Summary Report-02 FAILED because (of) Unable to verify match between actual text 'Menu 1' and expected text 'Menu Board' (Root cause: Actual text 'Menu 1' and expected text 'Menu Board' are not matched)]]></system-out>
      <system-err><![CDATA[2018-06-04 18:17:28 - [TEST_SUITE][FAILED] - RegressionSuite: Test Cases/SummaryReportsTC/HME-Summary Report-02 FAILED because (of) Unable to verify match between actual text 'Menu 1' and expected text 'Menu Board' (Root cause: Actual text 'Menu 1' and expected text 'Menu Board' are not matched)]]></system-err>
   </testsuite>
</testsuites>
