<?xml version="1.0" encoding="UTF-8"?>
<testsuites name="RegressionSuite" time="894" tests="0" failures="5" errors="0">
   <testsuite name="RegressionSuite" tests="0" failures="5" errors="0" time="894" timestamp="2018-06-04 17:39:16" hostname="shalinin - NIBC2129.nousinfo.com" id="Test Suites/RegressionSuite">
      <properties>
         <property name="deviceName" value=""/>
         <property name="devicePlatform" value=""/>
         <property name="logFolder" value="C:\\Users\\shalinin\\Katalon Studio\\HME_Scripts\\Reports\\RegressionSuite\\20180604_173914"/>
         <property name="logFiles" value="C:\\Users\\shalinin\\Katalon Studio\\HME_Scripts\\Reports\\RegressionSuite\\20180604_173914\\execution0.log"/>
         <property name="attachments" value="C:\\Users\\shalinin\\Katalon Studio\\HME_Scripts\\Reports\\RegressionSuite\\20180604_173914\\1528114486028.png, C:\\Users\\shalinin\\Katalon Studio\\HME_Scripts\\Reports\\RegressionSuite\\20180604_173914\\1528114658751.png"/>
         <property name="hostName" value="shalinin - NIBC2129.nousinfo.com"/>
         <property name="os" value="Windows 7 64bit"/>
         <property name="katalonVersion" value="5.3.1.1"/>
         <property name="browser" value="Chrome 66.0.3359.181"/>
         <property name="hostAddress" value="10.10.50.72"/>
         <property name="sessionId" value="787c91548b1e1cf332a2234a2dce7a39"/>
         <property name="seleniumVersion" value="3.7.1"/>
         <property name="proxyInformation" value="ProxyInformation{proxyOption=NO_PROXY, proxyServerType=HTTP, password=, proxyServerAddress=, proxyServerPort=0}"/>
         <property name="platform" value="Windows 7"/>
      </properties>
      <testcase name="Test Cases/SummaryReportsTC/HME-Summary Report-04" classname="Test Cases/SummaryReportsTC/HME-Summary Report-04" status="FAILED">
         <failure type="FAILED" message="org.codehaus.groovy.runtime.powerassert.PowerAssertionError: assert TCflag==true
       |     |
       false false"/>
         <system-out><![CDATA[2018-06-04 17:39:17 - [TEST_CASE][FAILED] - Test Cases/SummaryReportsTC/HME-Summary Report-04: Test Cases/SummaryReportsTC/HME-Summary Report-04 FAILED because (of) org.codehaus.groovy.runtime.powerassert.PowerAssertionError: assert TCflag==true
       |     |
       false false

2018-06-04 17:39:17 - [TEST_STEP][PASSED] - Start listener action : sampleBeforeTestCase: Current window maximized

2018-06-04 17:39:17 - [TEST_STEP][PASSED] - openBrowser: Browser is opened with url: ''

2018-06-04 17:39:22 - [MESSAGE][PASSED] - Browser is opened with url: ''

2018-06-04 17:39:22 - [TEST_STEP][PASSED] - maximizeWindow: Current window maximized

2018-06-04 17:39:23 - [MESSAGE][PASSED] - Current window maximized

2018-06-04 17:39:23 - [TEST_STEP][PASSED] - Statement - TCflag = true: null

2018-06-04 17:39:23 - [TEST_STEP][PASSED] - Statement - Try: null

2018-06-04 17:39:23 - [TEST_STEP][PASSED] - navigateToUrl: Navigate to 'https://hme-dev-public-cloud-app.azurewebsites.net/' successfully

2018-06-04 17:39:27 - [MESSAGE][PASSED] - Navigate to 'https://hme-dev-public-cloud-app.azurewebsites.net/' successfully

2018-06-04 17:39:27 - [TEST_STEP][PASSED] - projectSpecific.Reusability.login: projectSpecific.Reusability.login is PASSED

2018-06-04 17:39:27 - [MESSAGE][PASSED] - projectSpecific.Reusability.getTestData is PASSED

2018-06-04 17:39:28 - [MESSAGE][PASSED] - projectSpecific.Reusability.getTestData is PASSED

2018-06-04 17:39:28 - [MESSAGE][PASSED] - Text 'selvendrank@nousinfo.com' is set on object 'Object Repository/LoginPage/Username'

2018-06-04 17:39:28 - [MESSAGE][PASSED] - Text 'nous;123' is set on object 'Object Repository/LoginPage/Password'

2018-06-04 17:39:28 - [MESSAGE][PASSED] - Object: 'Object Repository/LoginPage/Login' is clicked on

2018-06-04 17:39:28 - [MESSAGE][PASSED] - projectSpecific.Reusability.login is PASSED

2018-06-04 17:39:28 - [TEST_STEP][PASSED] - delay: Delayed 10 second(s)

2018-06-04 17:39:38 - [MESSAGE][PASSED] - Delayed 10 second(s)

2018-06-04 17:39:38 - [TEST_STEP][PASSED] - delay: Delayed 10 second(s)

2018-06-04 17:39:48 - [MESSAGE][PASSED] - Delayed 10 second(s)

2018-06-04 17:39:48 - [TEST_STEP][PASSED] - uiaction.CommonUIActions.click: uiaction.CommonUIActions.click is PASSED

2018-06-04 17:39:51 - [MESSAGE][PASSED] - uiaction.CommonUIActions.click is PASSED

2018-06-04 17:39:51 - [TEST_STEP][PASSED] - uiaction.CommonUIActions.click: uiaction.CommonUIActions.click is PASSED

2018-06-04 17:39:53 - [MESSAGE][PASSED] - uiaction.CommonUIActions.click is PASSED

2018-06-04 17:39:53 - [TEST_STEP][PASSED] - uiaction.CommonUIActions.click: uiaction.CommonUIActions.click is PASSED

2018-06-04 17:39:54 - [MESSAGE][PASSED] - uiaction.CommonUIActions.click is PASSED

2018-06-04 17:39:54 - [TEST_STEP][PASSED] - uiaction.CommonUIActions.click: uiaction.CommonUIActions.click is PASSED

2018-06-04 17:39:54 - [MESSAGE][PASSED] - uiaction.CommonUIActions.click is PASSED

2018-06-04 17:39:54 - [TEST_STEP][PASSED] - uiaction.CommonUIActions.enter: uiaction.CommonUIActions.enter is PASSED

2018-06-04 17:39:54 - [MESSAGE][PASSED] - projectSpecific.Reusability.getTestData is PASSED

2018-06-04 17:39:54 - [MESSAGE][PASSED] - uiaction.CommonUIActions.enter is PASSED

2018-06-04 17:39:54 - [TEST_STEP][PASSED] - uiaction.CommonUIActions.enter: uiaction.CommonUIActions.enter is PASSED

2018-06-04 17:39:54 - [MESSAGE][PASSED] - projectSpecific.Reusability.getTestData is PASSED

2018-06-04 17:39:54 - [MESSAGE][PASSED] - uiaction.CommonUIActions.enter is PASSED

2018-06-04 17:39:54 - [TEST_STEP][PASSED] - delay: Delayed 10 second(s)

2018-06-04 17:40:04 - [MESSAGE][PASSED] - Delayed 10 second(s)

2018-06-04 17:40:04 - [TEST_STEP][PASSED] - Statement - groupmain = CustomKeywords.projectSpecific.Reusability.getTestData("ReportingGroupManagementPage", "Summarygrp"): projectSpecific.Reusability.getTestData is PASSED

2018-06-04 17:40:04 - [MESSAGE][PASSED] - projectSpecific.Reusability.getTestData is PASSED

2018-06-04 17:40:04 - [TEST_STEP][PASSED] - Statement - driver = com.kms.katalon.core.webui.driver.DriverFactory.getWebDriver(): null

2018-06-04 17:40:04 - [TEST_STEP][PASSED] - Statement - grouplist = driver.findElements(org.openqa.selenium.By.xpath("//ul[@class='unlinked-grouplist']/li")): null

2018-06-04 17:40:04 - [TEST_STEP][PASSED] - delay: Delayed 10 second(s)

2018-06-04 17:40:14 - [MESSAGE][PASSED] - Delayed 10 second(s)

2018-06-04 17:40:14 - [TEST_STEP][PASSED] - Statement - For ([i = 0, i < 50, (i++)]): null

2018-06-04 17:40:14 - [TEST_STEP][PASSED] - Statement - println(grouplist.get(i).getText()): null

2018-06-04 17:40:14 - [TEST_STEP][PASSED] - Statement - If (grouplist.get(i).getText().contains("0000")): null

2018-06-04 17:40:14 - [TEST_STEP][PASSED] - Statement - println(grouplist.get(i).getText()): null

2018-06-04 17:40:15 - [TEST_STEP][PASSED] - Statement - If (grouplist.get(i).getText().contains("0000")): null

2018-06-04 17:40:15 - [TEST_STEP][PASSED] - Statement - println(grouplist.get(i).getText()): null

2018-06-04 17:40:15 - [TEST_STEP][PASSED] - Statement - If (grouplist.get(i).getText().contains("0000")): null

2018-06-04 17:40:15 - [TEST_STEP][PASSED] - Statement - println(grouplist.get(i).getText()): null

2018-06-04 17:40:15 - [TEST_STEP][PASSED] - Statement - If (grouplist.get(i).getText().contains("0000")): null

2018-06-04 17:40:15 - [TEST_STEP][PASSED] - Statement - println(grouplist.get(i).getText()): null

2018-06-04 17:40:15 - [TEST_STEP][PASSED] - Statement - If (grouplist.get(i).getText().contains("0000")): null

2018-06-04 17:40:15 - [TEST_STEP][PASSED] - Statement - println(grouplist.get(i).getText()): null

2018-06-04 17:40:15 - [TEST_STEP][PASSED] - Statement - If (grouplist.get(i).getText().contains("0000")): null

2018-06-04 17:40:15 - [TEST_STEP][PASSED] - Statement - println(grouplist.get(i).getText()): null

2018-06-04 17:40:15 - [TEST_STEP][PASSED] - Statement - If (grouplist.get(i).getText().contains("0000")): null

2018-06-04 17:40:15 - [TEST_STEP][PASSED] - Statement - println(grouplist.get(i).getText()): null

2018-06-04 17:40:15 - [TEST_STEP][PASSED] - Statement - If (grouplist.get(i).getText().contains("0000")): null

2018-06-04 17:40:15 - [TEST_STEP][PASSED] - Statement - println(grouplist.get(i).getText()): null

2018-06-04 17:40:15 - [TEST_STEP][PASSED] - Statement - If (grouplist.get(i).getText().contains("0000")): null

2018-06-04 17:40:15 - [TEST_STEP][PASSED] - Statement - println(grouplist.get(i).getText()): null

2018-06-04 17:40:15 - [TEST_STEP][PASSED] - Statement - If (grouplist.get(i).getText().contains("0000")): null

2018-06-04 17:40:15 - [TEST_STEP][PASSED] - Statement - driver.findElement(org.openqa.selenium.By.xpath("(//ul[@class='unlinked-grouplist']/li/label)[" + i + 1 + "]")).click(): null

2018-06-04 17:40:15 - [TEST_STEP][PASSED] - Statement - println(grouplist.get(i).getText()): null

2018-06-04 17:40:15 - [TEST_STEP][PASSED] - Statement - If (grouplist.get(i).getText().contains("0000")): null

2018-06-04 17:40:15 - [TEST_STEP][PASSED] - Statement - driver.findElement(org.openqa.selenium.By.xpath("(//ul[@class='unlinked-grouplist']/li/label)[" + i + 1 + "]")).click(): null

2018-06-04 17:40:15 - [TEST_STEP][PASSED] - Statement - println(grouplist.get(i).getText()): null

2018-06-04 17:40:15 - [TEST_STEP][PASSED] - Statement - If (grouplist.get(i).getText().contains("0000")): null

2018-06-04 17:40:15 - [TEST_STEP][PASSED] - Statement - driver.findElement(org.openqa.selenium.By.xpath("(//ul[@class='unlinked-grouplist']/li/label)[" + i + 1 + "]")).click(): null

2018-06-04 17:40:15 - [TEST_STEP][PASSED] - Statement - println(grouplist.get(i).getText()): null

2018-06-04 17:40:15 - [TEST_STEP][PASSED] - Statement - If (grouplist.get(i).getText().contains("0000")): null

2018-06-04 17:40:15 - [TEST_STEP][PASSED] - Statement - driver.findElement(org.openqa.selenium.By.xpath("(//ul[@class='unlinked-grouplist']/li/label)[" + i + 1 + "]")).click(): null

2018-06-04 17:40:15 - [TEST_STEP][PASSED] - Statement - println(grouplist.get(i).getText()): null

2018-06-04 17:40:15 - [TEST_STEP][PASSED] - Statement - If (grouplist.get(i).getText().contains("0000")): null

2018-06-04 17:40:15 - [TEST_STEP][PASSED] - Statement - driver.findElement(org.openqa.selenium.By.xpath("(//ul[@class='unlinked-grouplist']/li/label)[" + i + 1 + "]")).click(): null

2018-06-04 17:40:15 - [TEST_STEP][PASSED] - Statement - println(grouplist.get(i).getText()): null

2018-06-04 17:40:15 - [TEST_STEP][PASSED] - Statement - If (grouplist.get(i).getText().contains("0000")): null

2018-06-04 17:40:15 - [TEST_STEP][PASSED] - Statement - driver.findElement(org.openqa.selenium.By.xpath("(//ul[@class='unlinked-grouplist']/li/label)[" + i + 1 + "]")).click(): null

2018-06-04 17:40:15 - [TEST_STEP][PASSED] - Statement - println(grouplist.get(i).getText()): null

2018-06-04 17:40:15 - [TEST_STEP][PASSED] - Statement - If (grouplist.get(i).getText().contains("0000")): null

2018-06-04 17:40:15 - [TEST_STEP][PASSED] - Statement - driver.findElement(org.openqa.selenium.By.xpath("(//ul[@class='unlinked-grouplist']/li/label)[" + i + 1 + "]")).click(): null

2018-06-04 17:40:15 - [TEST_STEP][PASSED] - Statement - println(grouplist.get(i).getText()): null

2018-06-04 17:40:15 - [TEST_STEP][PASSED] - Statement - If (grouplist.get(i).getText().contains("0000")): null

2018-06-04 17:40:15 - [TEST_STEP][PASSED] - Statement - driver.findElement(org.openqa.selenium.By.xpath("(//ul[@class='unlinked-grouplist']/li/label)[" + i + 1 + "]")).click(): null

2018-06-04 17:40:15 - [TEST_STEP][PASSED] - Statement - println(grouplist.get(i).getText()): null

2018-06-04 17:40:15 - [TEST_STEP][PASSED] - Statement - If (grouplist.get(i).getText().contains("0000")): null

2018-06-04 17:40:15 - [TEST_STEP][PASSED] - Statement - driver.findElement(org.openqa.selenium.By.xpath("(//ul[@class='unlinked-grouplist']/li/label)[" + i + 1 + "]")).click(): null

2018-06-04 17:40:16 - [TEST_STEP][PASSED] - Statement - println(grouplist.get(i).getText()): null

2018-06-04 17:40:16 - [TEST_STEP][PASSED] - Statement - If (grouplist.get(i).getText().contains("0000")): null

2018-06-04 17:40:16 - [TEST_STEP][PASSED] - Statement - driver.findElement(org.openqa.selenium.By.xpath("(//ul[@class='unlinked-grouplist']/li/label)[" + i + 1 + "]")).click(): null

2018-06-04 17:40:16 - [TEST_STEP][PASSED] - Statement - println(grouplist.get(i).getText()): null

2018-06-04 17:40:16 - [TEST_STEP][PASSED] - Statement - If (grouplist.get(i).getText().contains("0000")): null

2018-06-04 17:40:16 - [TEST_STEP][PASSED] - Statement - driver.findElement(org.openqa.selenium.By.xpath("(//ul[@class='unlinked-grouplist']/li/label)[" + i + 1 + "]")).click(): null

2018-06-04 17:40:16 - [TEST_STEP][PASSED] - Statement - println(grouplist.get(i).getText()): null

2018-06-04 17:40:16 - [TEST_STEP][PASSED] - Statement - If (grouplist.get(i).getText().contains("0000")): null

2018-06-04 17:40:16 - [TEST_STEP][PASSED] - Statement - driver.findElement(org.openqa.selenium.By.xpath("(//ul[@class='unlinked-grouplist']/li/label)[" + i + 1 + "]")).click(): null

2018-06-04 17:40:16 - [TEST_STEP][PASSED] - Statement - println(grouplist.get(i).getText()): null

2018-06-04 17:40:16 - [TEST_STEP][PASSED] - Statement - If (grouplist.get(i).getText().contains("0000")): null

2018-06-04 17:40:16 - [TEST_STEP][PASSED] - Statement - driver.findElement(org.openqa.selenium.By.xpath("(//ul[@class='unlinked-grouplist']/li/label)[" + i + 1 + "]")).click(): null

2018-06-04 17:40:16 - [TEST_STEP][PASSED] - Statement - println(grouplist.get(i).getText()): null

2018-06-04 17:40:16 - [TEST_STEP][PASSED] - Statement - If (grouplist.get(i).getText().contains("0000")): null

2018-06-04 17:40:16 - [TEST_STEP][PASSED] - Statement - driver.findElement(org.openqa.selenium.By.xpath("(//ul[@class='unlinked-grouplist']/li/label)[" + i + 1 + "]")).click(): null

2018-06-04 17:40:16 - [TEST_STEP][PASSED] - Statement - println(grouplist.get(i).getText()): null

2018-06-04 17:40:16 - [TEST_STEP][PASSED] - Statement - If (grouplist.get(i).getText().contains("0000")): null

2018-06-04 17:40:16 - [TEST_STEP][PASSED] - Statement - driver.findElement(org.openqa.selenium.By.xpath("(//ul[@class='unlinked-grouplist']/li/label)[" + i + 1 + "]")).click(): null

2018-06-04 17:40:16 - [TEST_STEP][PASSED] - Statement - println(grouplist.get(i).getText()): null

2018-06-04 17:40:16 - [TEST_STEP][PASSED] - Statement - If (grouplist.get(i).getText().contains("0000")): null

2018-06-04 17:40:16 - [TEST_STEP][PASSED] - Statement - driver.findElement(org.openqa.selenium.By.xpath("(//ul[@class='unlinked-grouplist']/li/label)[" + i + 1 + "]")).click(): null

2018-06-04 17:40:16 - [TEST_STEP][PASSED] - Statement - println(grouplist.get(i).getText()): null

2018-06-04 17:40:16 - [TEST_STEP][PASSED] - Statement - If (grouplist.get(i).getText().contains("0000")): null

2018-06-04 17:40:16 - [TEST_STEP][PASSED] - Statement - driver.findElement(org.openqa.selenium.By.xpath("(//ul[@class='unlinked-grouplist']/li/label)[" + i + 1 + "]")).click(): null

2018-06-04 17:40:16 - [TEST_STEP][PASSED] - Statement - println(grouplist.get(i).getText()): null

2018-06-04 17:40:16 - [TEST_STEP][PASSED] - Statement - If (grouplist.get(i).getText().contains("0000")): null

2018-06-04 17:40:16 - [TEST_STEP][PASSED] - Statement - driver.findElement(org.openqa.selenium.By.xpath("(//ul[@class='unlinked-grouplist']/li/label)[" + i + 1 + "]")).click(): null

2018-06-04 17:40:16 - [TEST_STEP][PASSED] - Statement - println(grouplist.get(i).getText()): null

2018-06-04 17:40:16 - [TEST_STEP][PASSED] - Statement - If (grouplist.get(i).getText().contains("0000")): null

2018-06-04 17:40:16 - [TEST_STEP][PASSED] - Statement - driver.findElement(org.openqa.selenium.By.xpath("(//ul[@class='unlinked-grouplist']/li/label)[" + i + 1 + "]")).click(): null

2018-06-04 17:40:16 - [TEST_STEP][PASSED] - Statement - println(grouplist.get(i).getText()): null

2018-06-04 17:40:16 - [TEST_STEP][PASSED] - Statement - If (grouplist.get(i).getText().contains("0000")): null

2018-06-04 17:40:16 - [TEST_STEP][PASSED] - Statement - driver.findElement(org.openqa.selenium.By.xpath("(//ul[@class='unlinked-grouplist']/li/label)[" + i + 1 + "]")).click(): null

2018-06-04 17:40:16 - [TEST_STEP][PASSED] - Statement - println(grouplist.get(i).getText()): null

2018-06-04 17:40:16 - [TEST_STEP][PASSED] - Statement - If (grouplist.get(i).getText().contains("0000")): null

2018-06-04 17:40:17 - [TEST_STEP][PASSED] - Statement - driver.findElement(org.openqa.selenium.By.xpath("(//ul[@class='unlinked-grouplist']/li/label)[" + i + 1 + "]")).click(): null

2018-06-04 17:40:17 - [TEST_STEP][PASSED] - Statement - println(grouplist.get(i).getText()): null

2018-06-04 17:40:17 - [TEST_STEP][PASSED] - Statement - If (grouplist.get(i).getText().contains("0000")): null

2018-06-04 17:40:17 - [TEST_STEP][PASSED] - Statement - driver.findElement(org.openqa.selenium.By.xpath("(//ul[@class='unlinked-grouplist']/li/label)[" + i + 1 + "]")).click(): null

2018-06-04 17:40:17 - [TEST_STEP][PASSED] - Statement - println(grouplist.get(i).getText()): null

2018-06-04 17:40:17 - [TEST_STEP][PASSED] - Statement - If (grouplist.get(i).getText().contains("0000")): null

2018-06-04 17:40:17 - [TEST_STEP][PASSED] - Statement - driver.findElement(org.openqa.selenium.By.xpath("(//ul[@class='unlinked-grouplist']/li/label)[" + i + 1 + "]")).click(): null

2018-06-04 17:40:17 - [TEST_STEP][PASSED] - Statement - println(grouplist.get(i).getText()): null

2018-06-04 17:40:17 - [TEST_STEP][PASSED] - Statement - If (grouplist.get(i).getText().contains("0000")): null

2018-06-04 17:40:17 - [TEST_STEP][PASSED] - Statement - driver.findElement(org.openqa.selenium.By.xpath("(//ul[@class='unlinked-grouplist']/li/label)[" + i + 1 + "]")).click(): null

2018-06-04 17:40:17 - [TEST_STEP][PASSED] - Statement - println(grouplist.get(i).getText()): null

2018-06-04 17:40:17 - [TEST_STEP][PASSED] - Statement - If (grouplist.get(i).getText().contains("0000")): null

2018-06-04 17:40:17 - [TEST_STEP][PASSED] - Statement - driver.findElement(org.openqa.selenium.By.xpath("(//ul[@class='unlinked-grouplist']/li/label)[" + i + 1 + "]")).click(): null

2018-06-04 17:40:17 - [TEST_STEP][PASSED] - Statement - println(grouplist.get(i).getText()): null

2018-06-04 17:40:17 - [TEST_STEP][PASSED] - Statement - If (grouplist.get(i).getText().contains("0000")): null

2018-06-04 17:40:17 - [TEST_STEP][PASSED] - Statement - driver.findElement(org.openqa.selenium.By.xpath("(//ul[@class='unlinked-grouplist']/li/label)[" + i + 1 + "]")).click(): null

2018-06-04 17:40:17 - [TEST_STEP][PASSED] - Statement - println(grouplist.get(i).getText()): null

2018-06-04 17:40:17 - [TEST_STEP][PASSED] - Statement - If (grouplist.get(i).getText().contains("0000")): null

2018-06-04 17:40:17 - [TEST_STEP][PASSED] - Statement - driver.findElement(org.openqa.selenium.By.xpath("(//ul[@class='unlinked-grouplist']/li/label)[" + i + 1 + "]")).click(): null

2018-06-04 17:40:17 - [TEST_STEP][PASSED] - Statement - println(grouplist.get(i).getText()): null

2018-06-04 17:40:17 - [TEST_STEP][PASSED] - Statement - If (grouplist.get(i).getText().contains("0000")): null

2018-06-04 17:40:17 - [TEST_STEP][PASSED] - Statement - driver.findElement(org.openqa.selenium.By.xpath("(//ul[@class='unlinked-grouplist']/li/label)[" + i + 1 + "]")).click(): null

2018-06-04 17:40:17 - [TEST_STEP][PASSED] - Statement - println(grouplist.get(i).getText()): null

2018-06-04 17:40:17 - [TEST_STEP][PASSED] - Statement - If (grouplist.get(i).getText().contains("0000")): null

2018-06-04 17:40:17 - [TEST_STEP][PASSED] - Statement - driver.findElement(org.openqa.selenium.By.xpath("(//ul[@class='unlinked-grouplist']/li/label)[" + i + 1 + "]")).click(): null

2018-06-04 17:40:17 - [TEST_STEP][PASSED] - Statement - println(grouplist.get(i).getText()): null

2018-06-04 17:40:17 - [TEST_STEP][PASSED] - Statement - If (grouplist.get(i).getText().contains("0000")): null

2018-06-04 17:40:17 - [TEST_STEP][PASSED] - Statement - driver.findElement(org.openqa.selenium.By.xpath("(//ul[@class='unlinked-grouplist']/li/label)[" + i + 1 + "]")).click(): null

2018-06-04 17:40:17 - [TEST_STEP][PASSED] - Statement - println(grouplist.get(i).getText()): null

2018-06-04 17:40:17 - [TEST_STEP][PASSED] - Statement - If (grouplist.get(i).getText().contains("0000")): null

2018-06-04 17:40:17 - [TEST_STEP][PASSED] - Statement - driver.findElement(org.openqa.selenium.By.xpath("(//ul[@class='unlinked-grouplist']/li/label)[" + i + 1 + "]")).click(): null

2018-06-04 17:40:17 - [TEST_STEP][PASSED] - Statement - println(grouplist.get(i).getText()): null

2018-06-04 17:40:17 - [TEST_STEP][PASSED] - Statement - If (grouplist.get(i).getText().contains("0000")): null

2018-06-04 17:40:17 - [TEST_STEP][PASSED] - Statement - driver.findElement(org.openqa.selenium.By.xpath("(//ul[@class='unlinked-grouplist']/li/label)[" + i + 1 + "]")).click(): null

2018-06-04 17:40:18 - [TEST_STEP][PASSED] - Statement - println(grouplist.get(i).getText()): null

2018-06-04 17:40:18 - [TEST_STEP][PASSED] - Statement - If (grouplist.get(i).getText().contains("0000")): null

2018-06-04 17:40:18 - [TEST_STEP][PASSED] - Statement - driver.findElement(org.openqa.selenium.By.xpath("(//ul[@class='unlinked-grouplist']/li/label)[" + i + 1 + "]")).click(): null

2018-06-04 17:40:18 - [TEST_STEP][PASSED] - Statement - println(grouplist.get(i).getText()): null

2018-06-04 17:40:18 - [TEST_STEP][PASSED] - Statement - If (grouplist.get(i).getText().contains("0000")): null

2018-06-04 17:40:18 - [TEST_STEP][PASSED] - Statement - driver.findElement(org.openqa.selenium.By.xpath("(//ul[@class='unlinked-grouplist']/li/label)[" + i + 1 + "]")).click(): null

2018-06-04 17:40:18 - [TEST_STEP][PASSED] - Statement - println(grouplist.get(i).getText()): null

2018-06-04 17:40:18 - [TEST_STEP][PASSED] - Statement - If (grouplist.get(i).getText().contains("0000")): null

2018-06-04 17:40:18 - [TEST_STEP][PASSED] - Statement - driver.findElement(org.openqa.selenium.By.xpath("(//ul[@class='unlinked-grouplist']/li/label)[" + i + 1 + "]")).click(): null

2018-06-04 17:40:18 - [TEST_STEP][PASSED] - Statement - println(grouplist.get(i).getText()): null

2018-06-04 17:40:18 - [TEST_STEP][PASSED] - Statement - If (grouplist.get(i).getText().contains("0000")): null

2018-06-04 17:40:18 - [TEST_STEP][PASSED] - Statement - driver.findElement(org.openqa.selenium.By.xpath("(//ul[@class='unlinked-grouplist']/li/label)[" + i + 1 + "]")).click(): null

2018-06-04 17:40:18 - [TEST_STEP][PASSED] - Statement - println(grouplist.get(i).getText()): null

2018-06-04 17:40:18 - [TEST_STEP][PASSED] - Statement - If (grouplist.get(i).getText().contains("0000")): null

2018-06-04 17:40:18 - [TEST_STEP][PASSED] - Statement - driver.findElement(org.openqa.selenium.By.xpath("(//ul[@class='unlinked-grouplist']/li/label)[" + i + 1 + "]")).click(): null

2018-06-04 17:40:18 - [TEST_STEP][PASSED] - Statement - println(grouplist.get(i).getText()): null

2018-06-04 17:40:18 - [TEST_STEP][PASSED] - Statement - If (grouplist.get(i).getText().contains("0000")): null

2018-06-04 17:40:18 - [TEST_STEP][PASSED] - Statement - driver.findElement(org.openqa.selenium.By.xpath("(//ul[@class='unlinked-grouplist']/li/label)[" + i + 1 + "]")).click(): null

2018-06-04 17:40:18 - [TEST_STEP][PASSED] - Statement - println(grouplist.get(i).getText()): null

2018-06-04 17:40:18 - [TEST_STEP][PASSED] - Statement - If (grouplist.get(i).getText().contains("0000")): null

2018-06-04 17:40:18 - [TEST_STEP][PASSED] - Statement - driver.findElement(org.openqa.selenium.By.xpath("(//ul[@class='unlinked-grouplist']/li/label)[" + i + 1 + "]")).click(): null

2018-06-04 17:40:18 - [TEST_STEP][PASSED] - Statement - println(grouplist.get(i).getText()): null

2018-06-04 17:40:18 - [TEST_STEP][PASSED] - Statement - If (grouplist.get(i).getText().contains("0000")): null

2018-06-04 17:40:18 - [TEST_STEP][PASSED] - Statement - driver.findElement(org.openqa.selenium.By.xpath("(//ul[@class='unlinked-grouplist']/li/label)[" + i + 1 + "]")).click(): null

2018-06-04 17:40:18 - [TEST_STEP][PASSED] - Statement - println(grouplist.get(i).getText()): null

2018-06-04 17:40:18 - [TEST_STEP][PASSED] - Statement - If (grouplist.get(i).getText().contains("0000")): null

2018-06-04 17:40:18 - [TEST_STEP][PASSED] - Statement - driver.findElement(org.openqa.selenium.By.xpath("(//ul[@class='unlinked-grouplist']/li/label)[" + i + 1 + "]")).click(): null

2018-06-04 17:40:18 - [TEST_STEP][PASSED] - Statement - driver.findElement(org.openqa.selenium.By.xpath("//button[contains(text(),'>')]")).click(): null

2018-06-04 17:40:18 - [TEST_STEP][PASSED] - delay: Delayed 10 second(s)

2018-06-04 17:40:28 - [MESSAGE][PASSED] - Delayed 10 second(s)

2018-06-04 17:40:28 - [TEST_STEP][PASSED] - uiaction.CommonUIActions.click: uiaction.CommonUIActions.click is PASSED

2018-06-04 17:40:28 - [MESSAGE][PASSED] - uiaction.CommonUIActions.click is PASSED

2018-06-04 17:40:28 - [TEST_STEP][PASSED] - uiaction.CommonUIActions.click: uiaction.CommonUIActions.click is PASSED

2018-06-04 17:40:28 - [MESSAGE][PASSED] - uiaction.CommonUIActions.click is PASSED

2018-06-04 17:40:28 - [TEST_STEP][PASSED] - delay: Delayed 10 second(s)

2018-06-04 17:40:38 - [MESSAGE][PASSED] - Delayed 10 second(s)

2018-06-04 17:40:38 - [TEST_STEP][PASSED] - uiaction.CommonUIActions.click: uiaction.CommonUIActions.click is PASSED

2018-06-04 17:40:39 - [MESSAGE][PASSED] - uiaction.CommonUIActions.click is PASSED

2018-06-04 17:40:39 - [TEST_STEP][PASSED] - delay: Delayed 10 second(s)

2018-06-04 17:40:49 - [MESSAGE][PASSED] - Delayed 10 second(s)

2018-06-04 17:40:49 - [TEST_STEP][PASSED] - Statement - driver.findElement(org.openqa.selenium.By.xpath("//span[contains(text(),'" + groupmain + "')]/../../../../span[2]")).click(): null

2018-06-04 17:40:49 - [TEST_STEP][PASSED] - Statement - timemeasureoptions = driver.findElements(org.openqa.selenium.By.xpath("//select[@class='time-measures']/option")): null

2018-06-04 17:40:49 - [TEST_STEP][PASSED] - Statement - count = 0: null

2018-06-04 17:40:49 - [TEST_STEP][PASSED] - Statement - For ([i = 0, i < timemeasureoptions.size(), (i++)]): null

2018-06-04 17:40:49 - [TEST_STEP][PASSED] - Statement - println(timemeasureoptions.get(i).getText()): null

2018-06-04 17:40:49 - [TEST_STEP][PASSED] - Statement - If (timemeasureoptions.get(i).getText() == "Daypart"): null

2018-06-04 17:40:49 - [TEST_STEP][PASSED] - Statement - println(timemeasureoptions.get(i).getText()): null

2018-06-04 17:40:49 - [TEST_STEP][PASSED] - Statement - If (timemeasureoptions.get(i).getText() == "Daypart"): null

2018-06-04 17:40:49 - [TEST_STEP][PASSED] - Statement - timemeasureoptions[i].click(): null

2018-06-04 17:40:49 - [TEST_STEP][PASSED] - Statement - (count++): null

2018-06-04 17:40:49 - [TEST_STEP][PASSED] - Statement - Break: null

2018-06-04 17:40:49 - [TEST_STEP][PASSED] - Statement - If (count < 4): null

2018-06-04 17:40:49 - [TEST_STEP][PASSED] - Statement - out.println("Daypart option is selected"): null

2018-06-04 17:40:49 - [TEST_STEP][PASSED] - delay: Delayed 5 second(s)

2018-06-04 17:40:54 - [MESSAGE][PASSED] - Delayed 5 second(s)

2018-06-04 17:40:54 - [TEST_STEP][PASSED] - click: Object: 'Object Repository/ReportsPage/fromDateSelector' is clicked on

2018-06-04 17:40:54 - [MESSAGE][PASSED] - Object: 'Object Repository/ReportsPage/fromDateSelector' is clicked on

2018-06-04 17:40:54 - [TEST_STEP][PASSED] - delay: Delayed 5 second(s)

2018-06-04 17:40:59 - [MESSAGE][PASSED] - Delayed 5 second(s)

2018-06-04 17:40:59 - [TEST_STEP][PASSED] - Statement - monthText = com.kms.katalon.core.webui.keyword.WebUiBuiltInKeywords.getText(com.kms.katalon.core.testobject.ObjectRepository.findTestObject(ReportsPage/monthText)): Text of object 'Object Repository/ReportsPage/monthText' is: 'June 2018'

2018-06-04 17:40:59 - [MESSAGE][PASSED] - Text of object 'Object Repository/ReportsPage/monthText' is: 'June 2018'

2018-06-04 17:40:59 - [TEST_STEP][PASSED] - Statement - monthTextArray = monthText.split(" "): null

2018-06-04 17:40:59 - [TEST_STEP][PASSED] - Statement - month = monthTextArray[0]: null

2018-06-04 17:40:59 - [TEST_STEP][PASSED] - Statement - monthTextValue = CustomKeywords.projectSpecific.Reusability.getTestData("ReportsPage", "Month"): projectSpecific.Reusability.getTestData is PASSED

2018-06-04 17:40:59 - [MESSAGE][PASSED] - projectSpecific.Reusability.getTestData is PASSED

2018-06-04 17:40:59 - [TEST_STEP][PASSED] - Statement - If (!(monthTextValue.equals(month))): null

2018-06-04 17:40:59 - [TEST_STEP][PASSED] - Statement - While (!(monthTextValue.equals(month))): null

2018-06-04 17:40:59 - [TEST_STEP][PASSED] - click: Object: 'Object Repository/ReportsPage/previousDateSelector' is clicked on

2018-06-04 17:40:59 - [MESSAGE][PASSED] - Object: 'Object Repository/ReportsPage/previousDateSelector' is clicked on

2018-06-04 17:40:59 - [TEST_STEP][PASSED] - Statement - monthText = com.kms.katalon.core.webui.keyword.WebUiBuiltInKeywords.getText(com.kms.katalon.core.testobject.ObjectRepository.findTestObject(ReportsPage/monthText)): Text of object 'Object Repository/ReportsPage/monthText' is: 'May 2018'

2018-06-04 17:40:59 - [MESSAGE][PASSED] - Text of object 'Object Repository/ReportsPage/monthText' is: 'May 2018'

2018-06-04 17:40:59 - [TEST_STEP][PASSED] - Statement - monthTextArray = monthText.split(" "): null

2018-06-04 17:40:59 - [TEST_STEP][PASSED] - Statement - month = monthTextArray[0]: null

2018-06-04 17:40:59 - [TEST_STEP][PASSED] - click: Object: 'Object Repository/ReportsPage/previousDateSelector' is clicked on

2018-06-04 17:40:59 - [MESSAGE][PASSED] - Object: 'Object Repository/ReportsPage/previousDateSelector' is clicked on

2018-06-04 17:40:59 - [TEST_STEP][PASSED] - Statement - monthText = com.kms.katalon.core.webui.keyword.WebUiBuiltInKeywords.getText(com.kms.katalon.core.testobject.ObjectRepository.findTestObject(ReportsPage/monthText)): Text of object 'Object Repository/ReportsPage/monthText' is: 'April 2018'

2018-06-04 17:40:59 - [MESSAGE][PASSED] - Text of object 'Object Repository/ReportsPage/monthText' is: 'April 2018'

2018-06-04 17:40:59 - [TEST_STEP][PASSED] - Statement - monthTextArray = monthText.split(" "): null

2018-06-04 17:40:59 - [TEST_STEP][PASSED] - Statement - month = monthTextArray[0]: null

2018-06-04 17:40:59 - [TEST_STEP][PASSED] - click: Object: 'Object Repository/ReportsPage/previousDateSelector' is clicked on

2018-06-04 17:40:59 - [MESSAGE][PASSED] - Object: 'Object Repository/ReportsPage/previousDateSelector' is clicked on

2018-06-04 17:40:59 - [TEST_STEP][PASSED] - Statement - monthText = com.kms.katalon.core.webui.keyword.WebUiBuiltInKeywords.getText(com.kms.katalon.core.testobject.ObjectRepository.findTestObject(ReportsPage/monthText)): Text of object 'Object Repository/ReportsPage/monthText' is: 'March 2018'

2018-06-04 17:40:59 - [MESSAGE][PASSED] - Text of object 'Object Repository/ReportsPage/monthText' is: 'March 2018'

2018-06-04 17:40:59 - [TEST_STEP][PASSED] - Statement - monthTextArray = monthText.split(" "): null

2018-06-04 17:40:59 - [TEST_STEP][PASSED] - Statement - month = monthTextArray[0]: null

2018-06-04 17:40:59 - [TEST_STEP][PASSED] - Statement - data = CustomKeywords.projectSpecific.Reusability.getTestData("ReportsPage", "StartDate"): projectSpecific.Reusability.getTestData is PASSED

2018-06-04 17:40:59 - [MESSAGE][PASSED] - projectSpecific.Reusability.getTestData is PASSED

2018-06-04 17:40:59 - [TEST_STEP][PASSED] - Statement - startDate = "(//td[text()='" + data + "'])[1]": null

2018-06-04 17:40:59 - [TEST_STEP][PASSED] - Statement - println(startDate): null

2018-06-04 17:40:59 - [TEST_STEP][PASSED] - Statement - startdateEle = driver.findElement(org.openqa.selenium.By.xpath(startDate)): null

2018-06-04 17:40:59 - [TEST_STEP][PASSED] - Statement - startdateEle.click(): null

2018-06-04 17:40:59 - [TEST_STEP][PASSED] - delay: Delayed 5 second(s)

2018-06-04 17:41:04 - [MESSAGE][PASSED] - Delayed 5 second(s)

2018-06-04 17:41:04 - [TEST_STEP][PASSED] - click: Object: 'Object Repository/ReportsPage/toDateSelector' is clicked on

2018-06-04 17:41:04 - [MESSAGE][PASSED] - Object: 'Object Repository/ReportsPage/toDateSelector' is clicked on

2018-06-04 17:41:04 - [TEST_STEP][PASSED] - Statement - monthText = com.kms.katalon.core.webui.keyword.WebUiBuiltInKeywords.getText(com.kms.katalon.core.testobject.ObjectRepository.findTestObject(ReportsPage/monthText2)): Text of object 'Object Repository/ReportsPage/monthText2' is: 'June 2018'

2018-06-04 17:41:05 - [MESSAGE][PASSED] - Text of object 'Object Repository/ReportsPage/monthText2' is: 'June 2018'

2018-06-04 17:41:05 - [TEST_STEP][PASSED] - Statement - monthTextArray = monthText.split(" "): null

2018-06-04 17:41:05 - [TEST_STEP][PASSED] - Statement - month = monthTextArray[0]: null

2018-06-04 17:41:05 - [TEST_STEP][PASSED] - Statement - If (!(monthTextValue.equals(month))): null

2018-06-04 17:41:05 - [TEST_STEP][PASSED] - Statement - While (!(monthTextValue.equals(month))): null

2018-06-04 17:41:05 - [TEST_STEP][PASSED] - click: Object: 'Object Repository/ReportsPage/previousDateSelector2' is clicked on

2018-06-04 17:41:05 - [MESSAGE][PASSED] - Object: 'Object Repository/ReportsPage/previousDateSelector2' is clicked on

2018-06-04 17:41:05 - [TEST_STEP][PASSED] - Statement - monthText = com.kms.katalon.core.webui.keyword.WebUiBuiltInKeywords.getText(com.kms.katalon.core.testobject.ObjectRepository.findTestObject(ReportsPage/monthText2)): Text of object 'Object Repository/ReportsPage/monthText2' is: 'May 2018'

2018-06-04 17:41:05 - [MESSAGE][PASSED] - Text of object 'Object Repository/ReportsPage/monthText2' is: 'May 2018'

2018-06-04 17:41:05 - [TEST_STEP][PASSED] - Statement - monthTextArray = monthText.split(" "): null

2018-06-04 17:41:05 - [TEST_STEP][PASSED] - Statement - month = monthTextArray[0]: null

2018-06-04 17:41:05 - [TEST_STEP][PASSED] - click: Object: 'Object Repository/ReportsPage/previousDateSelector2' is clicked on

2018-06-04 17:41:05 - [MESSAGE][PASSED] - Object: 'Object Repository/ReportsPage/previousDateSelector2' is clicked on

2018-06-04 17:41:05 - [TEST_STEP][PASSED] - Statement - monthText = com.kms.katalon.core.webui.keyword.WebUiBuiltInKeywords.getText(com.kms.katalon.core.testobject.ObjectRepository.findTestObject(ReportsPage/monthText2)): Text of object 'Object Repository/ReportsPage/monthText2' is: 'April 2018'

2018-06-04 17:41:05 - [MESSAGE][PASSED] - Text of object 'Object Repository/ReportsPage/monthText2' is: 'April 2018'

2018-06-04 17:41:05 - [TEST_STEP][PASSED] - Statement - monthTextArray = monthText.split(" "): null

2018-06-04 17:41:05 - [TEST_STEP][PASSED] - Statement - month = monthTextArray[0]: null

2018-06-04 17:41:05 - [TEST_STEP][PASSED] - click: Object: 'Object Repository/ReportsPage/previousDateSelector2' is clicked on

2018-06-04 17:41:05 - [MESSAGE][PASSED] - Object: 'Object Repository/ReportsPage/previousDateSelector2' is clicked on

2018-06-04 17:41:05 - [TEST_STEP][PASSED] - Statement - monthText = com.kms.katalon.core.webui.keyword.WebUiBuiltInKeywords.getText(com.kms.katalon.core.testobject.ObjectRepository.findTestObject(ReportsPage/monthText2)): Text of object 'Object Repository/ReportsPage/monthText2' is: 'March 2018'

2018-06-04 17:41:05 - [MESSAGE][PASSED] - Text of object 'Object Repository/ReportsPage/monthText2' is: 'March 2018'

2018-06-04 17:41:05 - [TEST_STEP][PASSED] - Statement - monthTextArray = monthText.split(" "): null

2018-06-04 17:41:05 - [TEST_STEP][PASSED] - Statement - month = monthTextArray[0]: null

2018-06-04 17:41:05 - [TEST_STEP][PASSED] - Statement - endDate = CustomKeywords.projectSpecific.Reusability.getTestData("ReportsPage", "StartDate"): projectSpecific.Reusability.getTestData is PASSED

2018-06-04 17:41:05 - [MESSAGE][PASSED] - projectSpecific.Reusability.getTestData is PASSED

2018-06-04 17:41:05 - [TEST_STEP][PASSED] - Statement - toDate = "(//div[@class='rdtPicker']/div/table/tbody/tr/td[text()='" + endDate + "'])[3]": null

2018-06-04 17:41:05 - [TEST_STEP][PASSED] - Statement - toDateEle = driver.findElement(org.openqa.selenium.By.xpath(toDate)): null

2018-06-04 17:41:05 - [TEST_STEP][PASSED] - Statement - toDateEle.click(): null

2018-06-04 17:41:05 - [TEST_STEP][PASSED] - delay: Delayed 5 second(s)

2018-06-04 17:41:10 - [MESSAGE][PASSED] - Delayed 5 second(s)

2018-06-04 17:41:10 - [TEST_STEP][PASSED] - Statement - dateAttr = com.kms.katalon.core.webui.keyword.WebUiBuiltInKeywords.getAttribute(com.kms.katalon.core.testobject.ObjectRepository.findTestObject(ReportsPage/selectedDate1), "value"): Attribute 'value' of object 'Object Repository/ReportsPage/selectedDate1' is: '03/01/2018'

2018-06-04 17:41:10 - [MESSAGE][PASSED] - Attribute 'value' of object 'Object Repository/ReportsPage/selectedDate1' is: '03/01/2018'

2018-06-04 17:41:10 - [TEST_STEP][PASSED] - Statement - fromDateValue = CustomKeywords.projectSpecific.Reusability.getTestData("ReportsPage", "fromDate"): projectSpecific.Reusability.getTestData is PASSED

2018-06-04 17:41:10 - [MESSAGE][PASSED] - projectSpecific.Reusability.getTestData is PASSED

2018-06-04 17:41:10 - [TEST_STEP][PASSED] - Statement - If (!(dateAttr.equals(fromDateValue))): null

2018-06-04 17:41:10 - [TEST_STEP][PASSED] - Statement - dateAttr = com.kms.katalon.core.webui.keyword.WebUiBuiltInKeywords.getAttribute(com.kms.katalon.core.testobject.ObjectRepository.findTestObject(ReportsPage/selectedDate2), "value"): Attribute 'value' of object 'Object Repository/ReportsPage/selectedDate2' is: '03/01/2018'

2018-06-04 17:41:10 - [MESSAGE][PASSED] - Attribute 'value' of object 'Object Repository/ReportsPage/selectedDate2' is: '03/01/2018'

2018-06-04 17:41:10 - [TEST_STEP][PASSED] - Statement - toDateValue = CustomKeywords.projectSpecific.Reusability.getTestData("ReportsPage", "fromDate"): projectSpecific.Reusability.getTestData is PASSED

2018-06-04 17:41:10 - [MESSAGE][PASSED] - projectSpecific.Reusability.getTestData is PASSED

2018-06-04 17:41:10 - [TEST_STEP][PASSED] - Statement - If (!(dateAttr.equals(toDateValue))): null

2018-06-04 17:41:10 - [TEST_STEP][PASSED] - click: Object: 'Object Repository/ReportsPage/generateReport' is clicked on

2018-06-04 17:41:10 - [MESSAGE][PASSED] - Object: 'Object Repository/ReportsPage/generateReport' is clicked on

2018-06-04 17:41:10 - [TEST_STEP][PASSED] - delay: Delayed 10 second(s)

2018-06-04 17:41:20 - [MESSAGE][PASSED] - Delayed 10 second(s)

2018-06-04 17:41:20 - [TEST_STEP][PASSED] - verifyElementPresent: Object 'Object Repository/SummarizedReportPage/summaryReport' is present

2018-06-04 17:41:20 - [MESSAGE][PASSED] - Object 'Object Repository/SummarizedReportPage/summaryReport' is present

2018-06-04 17:41:20 - [TEST_STEP][PASSED] - Statement - startTime = CustomKeywords.projectSpecific.Reusability.getTestData("SummarizedReportPage", "reportstartTime"): projectSpecific.Reusability.getTestData is PASSED

2018-06-04 17:41:20 - [MESSAGE][PASSED] - projectSpecific.Reusability.getTestData is PASSED

2018-06-04 17:41:20 - [TEST_STEP][PASSED] - verifyElementText: Actual text and expected text of test object 'Object Repository/SummarizedReportPage/report_starttime' are matched.

2018-06-04 17:41:20 - [MESSAGE][PASSED] - Actual text and expected text of test object 'Object Repository/SummarizedReportPage/report_starttime' are matched.

2018-06-04 17:41:20 - [TEST_STEP][PASSED] - Statement - dateFormat = new java.text.SimpleDateFormat(dd): null

2018-06-04 17:41:20 - [TEST_STEP][PASSED] - Statement - date = new java.util.Date(): null

2018-06-04 17:41:20 - [TEST_STEP][PASSED] - Statement - dateapp = dateFormat.format(date): null

2018-06-04 17:41:20 - [TEST_STEP][PASSED] - delay: Delayed 10 second(s)

2018-06-04 17:41:30 - [MESSAGE][PASSED] - Delayed 10 second(s)

2018-06-04 17:41:30 - [TEST_STEP][PASSED] - Statement - printtimefromreport = driver.findElement(org.openqa.selenium.By.xpath("//span[@class='report-print-time-value']")).getText(): null

2018-06-04 17:41:30 - [TEST_STEP][PASSED] - Statement - s1 = printtimefromreport.split(","): null

2018-06-04 17:41:30 - [TEST_STEP][PASSED] - Statement - s2 = s1[0].split(" "): null

2018-06-04 17:41:30 - [TEST_STEP][PASSED] - Statement - If (dateapp.contains(s2[1])): null

2018-06-04 17:41:30 - [TEST_STEP][PASSED] - Statement - println("Print time is displayed"): null

2018-06-04 17:41:30 - [TEST_STEP][PASSED] - verifyElementPresent: Object 'Object Repository/SummarizedReportPage/summary_avaragetimemin_sec' is present

2018-06-04 17:41:30 - [MESSAGE][PASSED] - Object 'Object Repository/SummarizedReportPage/summary_avaragetimemin_sec' is present

2018-06-04 17:41:30 - [TEST_STEP][PASSED] - uiaction.CommonUIActions.click: uiaction.CommonUIActions.click is PASSED

2018-06-04 17:41:30 - [MESSAGE][PASSED] - uiaction.CommonUIActions.click is PASSED

2018-06-04 17:41:30 - [TEST_STEP][PASSED] - delay: Delayed 15 second(s)

2018-06-04 17:41:45 - [MESSAGE][PASSED] - Delayed 15 second(s)

2018-06-04 17:41:45 - [TEST_STEP][PASSED] - Statement - daypart = CustomKeywords.projectSpecific.Reusability.getTestData("SummarizedReportPage", "daypart"): projectSpecific.Reusability.getTestData is PASSED

2018-06-04 17:41:45 - [MESSAGE][PASSED] - projectSpecific.Reusability.getTestData is PASSED

2018-06-04 17:41:45 - [TEST_STEP][PASSED] - Statement - daypart_report = driver.findElement(org.openqa.selenium.By.xpath("//span[@class='timeSpan show']")).getText(): null

2018-06-04 17:41:45 - [TEST_STEP][PASSED] - Statement - Catch (Exception e): null

2018-06-04 17:41:45 - [TEST_STEP][PASSED] - Statement - e.printStackTrace(): null

2018-06-04 17:41:46 - [TEST_STEP][PASSED] - Statement - println("Exception of element not found"): null

2018-06-04 17:41:46 - [TEST_STEP][PASSED] - Statement - If (TCflag): null

2018-06-04 17:41:46 - [TEST_STEP][PASSED] - Statement - assert TCflag == true: null

2018-06-04 17:41:46 - [TEST_STEP][PASSED] - Start listener action : sampleAfterTestCase: Browser is closed

2018-06-04 17:41:46 - [TEST_STEP][PASSED] - Statement - println(testCaseContext.getTestCaseId()): null

2018-06-04 17:41:46 - [TEST_STEP][PASSED] - Statement - println(testCaseContext.getTestCaseStatus()): null

2018-06-04 17:41:46 - [TEST_STEP][PASSED] - closeBrowser: Browser is closed

2018-06-04 17:41:46 - [MESSAGE][PASSED] - Browser is closed]]></system-out>
         <system-err><![CDATA[2018-06-04 17:39:17 - [TEST_CASE][FAILED] - Test Cases/SummaryReportsTC/HME-Summary Report-04: Test Cases/SummaryReportsTC/HME-Summary Report-04 FAILED because (of) org.codehaus.groovy.runtime.powerassert.PowerAssertionError: assert TCflag==true
       |     |
       false false]]></system-err>
      </testcase>
      <testcase name="Test Cases/SummaryReportsTC/HME-Summary Report-05" classname="Test Cases/SummaryReportsTC/HME-Summary Report-05" status="FAILED">
         <failure type="FAILED" message="Unable to verify match between actual text 'Web element with id: 'Object Repository/SummarizedReportPage/startTimeText' located by 'By.xpath: //table[@class='rawcar-header-labels clear']/tbody/tr[1]/td[2]' not found' and expected text 'Mar 1, 2018 OPEN' (Root cause: Actual text 'Web element with id: 'Object Repository/SummarizedReportPage/startTimeText' located by 'By.xpath: //table[@class='rawcar-header-labels clear']/tbody/tr[1]/td[2]' not found' and expected text 'Mar 1, 2018 OPEN' are not matched)"/>
         <system-out><![CDATA[2018-06-04 17:41:46 - [TEST_CASE][FAILED] - Test Cases/SummaryReportsTC/HME-Summary Report-05: Test Cases/SummaryReportsTC/HME-Summary Report-05 FAILED because (of) Unable to verify match between actual text 'Web element with id: 'Object Repository/SummarizedReportPage/startTimeText' located by 'By.xpath: //table[@class='rawcar-header-labels clear']/tbody/tr[1]/td[2]' not found' and expected text 'Mar 1, 2018 OPEN' (Root cause: Actual text 'Web element with id: 'Object Repository/SummarizedReportPage/startTimeText' located by 'By.xpath: //table[@class='rawcar-header-labels clear']/tbody/tr[1]/td[2]' not found' and expected text 'Mar 1, 2018 OPEN' are not matched)

2018-06-04 17:41:46 - [TEST_STEP][PASSED] - Start listener action : sampleBeforeTestCase: Current window maximized

2018-06-04 17:41:46 - [TEST_STEP][PASSED] - openBrowser: Browser is opened with url: ''

2018-06-04 17:41:49 - [MESSAGE][PASSED] - Browser is opened with url: ''

2018-06-04 17:41:49 - [TEST_STEP][PASSED] - maximizeWindow: Current window maximized

2018-06-04 17:41:50 - [MESSAGE][PASSED] - Current window maximized

2018-06-04 17:41:50 - [TEST_STEP][PASSED] - Statement - TCflag = true: null

2018-06-04 17:41:50 - [TEST_STEP][FAILED] - Statement - Try: uiaction.CommonUIActions.click is PASSED

2018-06-04 17:41:50 - [TEST_STEP][PASSED] - navigateToUrl: Navigate to 'https://hme-dev-public-cloud-app.azurewebsites.net/' successfully

2018-06-04 17:41:53 - [MESSAGE][PASSED] - Navigate to 'https://hme-dev-public-cloud-app.azurewebsites.net/' successfully

2018-06-04 17:41:53 - [TEST_STEP][PASSED] - projectSpecific.Reusability.login: projectSpecific.Reusability.login is PASSED

2018-06-04 17:41:53 - [MESSAGE][PASSED] - projectSpecific.Reusability.getTestData is PASSED

2018-06-04 17:41:53 - [MESSAGE][PASSED] - projectSpecific.Reusability.getTestData is PASSED

2018-06-04 17:41:54 - [MESSAGE][PASSED] - Text 'selvendrank@nousinfo.com' is set on object 'Object Repository/LoginPage/Username'

2018-06-04 17:41:54 - [MESSAGE][PASSED] - Text 'nous;123' is set on object 'Object Repository/LoginPage/Password'

2018-06-04 17:41:54 - [MESSAGE][PASSED] - Object: 'Object Repository/LoginPage/Login' is clicked on

2018-06-04 17:41:54 - [MESSAGE][PASSED] - projectSpecific.Reusability.login is PASSED

2018-06-04 17:41:54 - [TEST_STEP][PASSED] - delay: Delayed 15 second(s)

2018-06-04 17:42:09 - [MESSAGE][PASSED] - Delayed 15 second(s)

2018-06-04 17:42:09 - [TEST_STEP][PASSED] - uiaction.CommonUIActions.click: uiaction.CommonUIActions.click is PASSED

2018-06-04 17:42:16 - [MESSAGE][PASSED] - uiaction.CommonUIActions.click is PASSED

2018-06-04 17:42:16 - [TEST_STEP][PASSED] - delay: Delayed 10 second(s)

2018-06-04 17:42:26 - [MESSAGE][PASSED] - Delayed 10 second(s)

2018-06-04 17:42:26 - [TEST_STEP][PASSED] - uiaction.CommonUIActions.click: uiaction.CommonUIActions.click is PASSED

2018-06-04 17:42:27 - [MESSAGE][PASSED] - uiaction.CommonUIActions.click is PASSED

2018-06-04 17:42:27 - [TEST_STEP][PASSED] - delay: Delayed 15 second(s)

2018-06-04 17:42:42 - [MESSAGE][PASSED] - Delayed 15 second(s)

2018-06-04 17:42:42 - [TEST_STEP][PASSED] - Statement - driver = com.kms.katalon.core.webui.driver.DriverFactory.getWebDriver(): null

2018-06-04 17:42:42 - [TEST_STEP][PASSED] - Statement - storeGrpList = driver.findElements(org.openqa.selenium.By.xpath(com.kms.katalon.core.testdata.TestDataFactory.findTestData(OR_file).getValue(2, 26))): Reading excel file with source file 'C:\Users\shalinin\Katalon Studio\HME_Scripts\Data Files\HME_OR.xlsx' and sheet name 'Sheet1'

2018-06-04 17:42:42 - [TEST_STEP][PASSED] - Statement - size = storeGrpList.size(): null

2018-06-04 17:42:42 - [TEST_STEP][PASSED] - Statement - index = 0: null

2018-06-04 17:42:42 - [TEST_STEP][PASSED] - Statement - pattern = java.util.regex.Pattern.compile("[0-9]+"): null

2018-06-04 17:42:42 - [TEST_STEP][PASSED] - Statement - For ([i = 0, i < size, (i++)]): null

2018-06-04 17:42:42 - [TEST_STEP][PASSED] - Statement - txt = storeGrpList.get(i).getText(): null

2018-06-04 17:42:43 - [TEST_STEP][PASSED] - Statement - index = i + 1: null

2018-06-04 17:42:43 - [TEST_STEP][PASSED] - Statement - matched = pattern.matcher(txt).matches(): null

2018-06-04 17:42:43 - [TEST_STEP][PASSED] - Statement - If (matched): null

2018-06-04 17:42:43 - [TEST_STEP][PASSED] - Statement - txt = storeGrpList.get(i).getText(): null

2018-06-04 17:42:43 - [TEST_STEP][PASSED] - Statement - index = i + 1: null

2018-06-04 17:42:43 - [TEST_STEP][PASSED] - Statement - matched = pattern.matcher(txt).matches(): null

2018-06-04 17:42:43 - [TEST_STEP][PASSED] - Statement - If (matched): null

2018-06-04 17:42:43 - [TEST_STEP][PASSED] - Statement - txt = storeGrpList.get(i).getText(): null

2018-06-04 17:42:43 - [TEST_STEP][PASSED] - Statement - index = i + 1: null

2018-06-04 17:42:43 - [TEST_STEP][PASSED] - Statement - matched = pattern.matcher(txt).matches(): null

2018-06-04 17:42:43 - [TEST_STEP][PASSED] - Statement - If (matched): null

2018-06-04 17:42:43 - [TEST_STEP][PASSED] - Statement - txt = storeGrpList.get(i).getText(): null

2018-06-04 17:42:43 - [TEST_STEP][PASSED] - Statement - index = i + 1: null

2018-06-04 17:42:43 - [TEST_STEP][PASSED] - Statement - matched = pattern.matcher(txt).matches(): null

2018-06-04 17:42:43 - [TEST_STEP][PASSED] - Statement - If (matched): null

2018-06-04 17:42:43 - [TEST_STEP][PASSED] - Statement - txt = storeGrpList.get(i).getText(): null

2018-06-04 17:42:43 - [TEST_STEP][PASSED] - Statement - index = i + 1: null

2018-06-04 17:42:43 - [TEST_STEP][PASSED] - Statement - matched = pattern.matcher(txt).matches(): null

2018-06-04 17:42:43 - [TEST_STEP][PASSED] - Statement - If (matched): null

2018-06-04 17:42:43 - [TEST_STEP][PASSED] - Statement - txt = storeGrpList.get(i).getText(): null

2018-06-04 17:42:43 - [TEST_STEP][PASSED] - Statement - index = i + 1: null

2018-06-04 17:42:43 - [TEST_STEP][PASSED] - Statement - matched = pattern.matcher(txt).matches(): null

2018-06-04 17:42:43 - [TEST_STEP][PASSED] - Statement - If (matched): null

2018-06-04 17:42:43 - [TEST_STEP][PASSED] - Statement - txt = storeGrpList.get(i).getText(): null

2018-06-04 17:42:43 - [TEST_STEP][PASSED] - Statement - index = i + 1: null

2018-06-04 17:42:43 - [TEST_STEP][PASSED] - Statement - matched = pattern.matcher(txt).matches(): null

2018-06-04 17:42:43 - [TEST_STEP][PASSED] - Statement - If (matched): null

2018-06-04 17:42:43 - [TEST_STEP][PASSED] - Statement - txt = storeGrpList.get(i).getText(): null

2018-06-04 17:42:43 - [TEST_STEP][PASSED] - Statement - index = i + 1: null

2018-06-04 17:42:43 - [TEST_STEP][PASSED] - Statement - matched = pattern.matcher(txt).matches(): null

2018-06-04 17:42:43 - [TEST_STEP][PASSED] - Statement - If (matched): null

2018-06-04 17:42:43 - [TEST_STEP][PASSED] - Statement - txt = storeGrpList.get(i).getText(): null

2018-06-04 17:42:43 - [TEST_STEP][PASSED] - Statement - index = i + 1: null

2018-06-04 17:42:43 - [TEST_STEP][PASSED] - Statement - matched = pattern.matcher(txt).matches(): null

2018-06-04 17:42:43 - [TEST_STEP][PASSED] - Statement - If (matched): null

2018-06-04 17:42:43 - [TEST_STEP][PASSED] - Statement - txt = storeGrpList.get(i).getText(): null

2018-06-04 17:42:43 - [TEST_STEP][PASSED] - Statement - index = i + 1: null

2018-06-04 17:42:43 - [TEST_STEP][PASSED] - Statement - matched = pattern.matcher(txt).matches(): null

2018-06-04 17:42:43 - [TEST_STEP][PASSED] - Statement - If (matched): null

2018-06-04 17:42:43 - [TEST_STEP][PASSED] - Statement - driver.findElement(org.openqa.selenium.By.xpath("//ul[@role='tree-node']/li[" + index + "]/span[2]")).click(): null

2018-06-04 17:42:43 - [TEST_STEP][PASSED] - Statement - Break: null

2018-06-04 17:42:43 - [TEST_STEP][PASSED] - delay: Delayed 5 second(s)

2018-06-04 17:42:48 - [MESSAGE][PASSED] - Delayed 5 second(s)

2018-06-04 17:42:48 - [TEST_STEP][PASSED] - click: Object: 'Object Repository/ReportsPage/timeSelection' is clicked on

2018-06-04 17:42:48 - [MESSAGE][PASSED] - Object: 'Object Repository/ReportsPage/timeSelection' is clicked on

2018-06-04 17:42:48 - [TEST_STEP][PASSED] - click: Object: 'Object Repository/ReportsPage/dayTimeOption' is clicked on

2018-06-04 17:42:48 - [MESSAGE][PASSED] - Object: 'Object Repository/ReportsPage/dayTimeOption' is clicked on

2018-06-04 17:42:48 - [TEST_STEP][PASSED] - verifyElementText: Actual text and expected text of test object 'Object Repository/ReportsPage/dayTimeOption' are matched.

2018-06-04 17:42:48 - [MESSAGE][PASSED] - projectSpecific.Reusability.getTestData is PASSED

2018-06-04 17:42:48 - [MESSAGE][PASSED] - Actual text and expected text of test object 'Object Repository/ReportsPage/dayTimeOption' are matched.

2018-06-04 17:42:48 - [TEST_STEP][PASSED] - delay: Delayed 5 second(s)

2018-06-04 17:42:53 - [MESSAGE][PASSED] - Delayed 5 second(s)

2018-06-04 17:42:53 - [TEST_STEP][PASSED] - click: Object: 'Object Repository/ReportsPage/fromDateSelector' is clicked on

2018-06-04 17:42:53 - [MESSAGE][PASSED] - Object: 'Object Repository/ReportsPage/fromDateSelector' is clicked on

2018-06-04 17:42:53 - [TEST_STEP][PASSED] - delay: Delayed 5 second(s)

2018-06-04 17:42:58 - [MESSAGE][PASSED] - Delayed 5 second(s)

2018-06-04 17:42:58 - [TEST_STEP][PASSED] - Statement - monthText = com.kms.katalon.core.webui.keyword.WebUiBuiltInKeywords.getText(com.kms.katalon.core.testobject.ObjectRepository.findTestObject(ReportsPage/monthText)): Text of object 'Object Repository/ReportsPage/monthText' is: 'June 2018'

2018-06-04 17:42:58 - [MESSAGE][PASSED] - Text of object 'Object Repository/ReportsPage/monthText' is: 'June 2018'

2018-06-04 17:42:58 - [TEST_STEP][PASSED] - Statement - monthTextArray = monthText.split(" "): null

2018-06-04 17:42:58 - [TEST_STEP][PASSED] - Statement - month = monthTextArray[0]: null

2018-06-04 17:42:58 - [TEST_STEP][PASSED] - Statement - monthTextValue = CustomKeywords.projectSpecific.Reusability.getTestData("ReportsPage", "Month"): projectSpecific.Reusability.getTestData is PASSED

2018-06-04 17:42:58 - [MESSAGE][PASSED] - projectSpecific.Reusability.getTestData is PASSED

2018-06-04 17:42:58 - [TEST_STEP][PASSED] - Statement - If (!(monthTextValue.equals(month))): null

2018-06-04 17:42:58 - [TEST_STEP][PASSED] - Statement - While (!(monthTextValue.equals(month))): null

2018-06-04 17:42:58 - [TEST_STEP][PASSED] - click: Object: 'Object Repository/ReportsPage/previousDateSelector' is clicked on

2018-06-04 17:42:58 - [MESSAGE][PASSED] - Object: 'Object Repository/ReportsPage/previousDateSelector' is clicked on

2018-06-04 17:42:58 - [TEST_STEP][PASSED] - Statement - monthText = com.kms.katalon.core.webui.keyword.WebUiBuiltInKeywords.getText(com.kms.katalon.core.testobject.ObjectRepository.findTestObject(ReportsPage/monthText)): Text of object 'Object Repository/ReportsPage/monthText' is: 'May 2018'

2018-06-04 17:42:58 - [MESSAGE][PASSED] - Text of object 'Object Repository/ReportsPage/monthText' is: 'May 2018'

2018-06-04 17:42:58 - [TEST_STEP][PASSED] - Statement - monthTextArray = monthText.split(" "): null

2018-06-04 17:42:58 - [TEST_STEP][PASSED] - Statement - month = monthTextArray[0]: null

2018-06-04 17:42:58 - [TEST_STEP][PASSED] - click: Object: 'Object Repository/ReportsPage/previousDateSelector' is clicked on

2018-06-04 17:42:58 - [MESSAGE][PASSED] - Object: 'Object Repository/ReportsPage/previousDateSelector' is clicked on

2018-06-04 17:42:58 - [TEST_STEP][PASSED] - Statement - monthText = com.kms.katalon.core.webui.keyword.WebUiBuiltInKeywords.getText(com.kms.katalon.core.testobject.ObjectRepository.findTestObject(ReportsPage/monthText)): Text of object 'Object Repository/ReportsPage/monthText' is: 'April 2018'

2018-06-04 17:42:58 - [MESSAGE][PASSED] - Text of object 'Object Repository/ReportsPage/monthText' is: 'April 2018'

2018-06-04 17:42:58 - [TEST_STEP][PASSED] - Statement - monthTextArray = monthText.split(" "): null

2018-06-04 17:42:58 - [TEST_STEP][PASSED] - Statement - month = monthTextArray[0]: null

2018-06-04 17:42:58 - [TEST_STEP][PASSED] - click: Object: 'Object Repository/ReportsPage/previousDateSelector' is clicked on

2018-06-04 17:42:58 - [MESSAGE][PASSED] - Object: 'Object Repository/ReportsPage/previousDateSelector' is clicked on

2018-06-04 17:42:58 - [TEST_STEP][PASSED] - Statement - monthText = com.kms.katalon.core.webui.keyword.WebUiBuiltInKeywords.getText(com.kms.katalon.core.testobject.ObjectRepository.findTestObject(ReportsPage/monthText)): Text of object 'Object Repository/ReportsPage/monthText' is: 'March 2018'

2018-06-04 17:42:58 - [MESSAGE][PASSED] - Text of object 'Object Repository/ReportsPage/monthText' is: 'March 2018'

2018-06-04 17:42:58 - [TEST_STEP][PASSED] - Statement - monthTextArray = monthText.split(" "): null

2018-06-04 17:42:58 - [TEST_STEP][PASSED] - Statement - month = monthTextArray[0]: null

2018-06-04 17:42:59 - [TEST_STEP][PASSED] - Statement - data = CustomKeywords.projectSpecific.Reusability.getTestData("ReportsPage", "StartDate"): projectSpecific.Reusability.getTestData is PASSED

2018-06-04 17:42:59 - [MESSAGE][PASSED] - projectSpecific.Reusability.getTestData is PASSED

2018-06-04 17:42:59 - [TEST_STEP][PASSED] - Statement - startDate = "(//td[text()='" + data + "'])[1]": null

2018-06-04 17:42:59 - [TEST_STEP][PASSED] - Statement - println(startDate): null

2018-06-04 17:42:59 - [TEST_STEP][PASSED] - Statement - startdateEle = driver.findElement(org.openqa.selenium.By.xpath(startDate)): null

2018-06-04 17:42:59 - [TEST_STEP][PASSED] - Statement - startdateEle.click(): null

2018-06-04 17:42:59 - [TEST_STEP][PASSED] - delay: Delayed 10 second(s)

2018-06-04 17:43:09 - [MESSAGE][PASSED] - Delayed 10 second(s)

2018-06-04 17:43:09 - [TEST_STEP][PASSED] - click: Object: 'Object Repository/ReportsPage/toDateSelector' is clicked on

2018-06-04 17:43:09 - [MESSAGE][PASSED] - Object: 'Object Repository/ReportsPage/toDateSelector' is clicked on

2018-06-04 17:43:09 - [TEST_STEP][PASSED] - Statement - monthText = com.kms.katalon.core.webui.keyword.WebUiBuiltInKeywords.getText(com.kms.katalon.core.testobject.ObjectRepository.findTestObject(ReportsPage/monthText2)): Text of object 'Object Repository/ReportsPage/monthText2' is: 'June 2018'

2018-06-04 17:43:09 - [MESSAGE][PASSED] - Text of object 'Object Repository/ReportsPage/monthText2' is: 'June 2018'

2018-06-04 17:43:09 - [TEST_STEP][PASSED] - Statement - monthTextArray = monthText.split(" "): null

2018-06-04 17:43:09 - [TEST_STEP][PASSED] - Statement - month = monthTextArray[0]: null

2018-06-04 17:43:09 - [TEST_STEP][PASSED] - Statement - monthTextValue1 = CustomKeywords.projectSpecific.Reusability.getTestData("ReportsPage", "Month"): projectSpecific.Reusability.getTestData is PASSED

2018-06-04 17:43:09 - [MESSAGE][PASSED] - projectSpecific.Reusability.getTestData is PASSED

2018-06-04 17:43:09 - [TEST_STEP][PASSED] - Statement - If (!(monthTextValue1.equals(month))): null

2018-06-04 17:43:09 - [TEST_STEP][PASSED] - Statement - While (!(monthTextValue1.equals(month))): null

2018-06-04 17:43:09 - [TEST_STEP][PASSED] - click: Object: 'Object Repository/ReportsPage/previousDateSelector2' is clicked on

2018-06-04 17:43:09 - [MESSAGE][PASSED] - Object: 'Object Repository/ReportsPage/previousDateSelector2' is clicked on

2018-06-04 17:43:09 - [TEST_STEP][PASSED] - Statement - monthText = com.kms.katalon.core.webui.keyword.WebUiBuiltInKeywords.getText(com.kms.katalon.core.testobject.ObjectRepository.findTestObject(ReportsPage/monthText2)): Text of object 'Object Repository/ReportsPage/monthText2' is: 'May 2018'

2018-06-04 17:43:09 - [MESSAGE][PASSED] - Text of object 'Object Repository/ReportsPage/monthText2' is: 'May 2018'

2018-06-04 17:43:09 - [TEST_STEP][PASSED] - Statement - monthTextArray = monthText.split(" "): null

2018-06-04 17:43:09 - [TEST_STEP][PASSED] - Statement - month = monthTextArray[0]: null

2018-06-04 17:43:09 - [TEST_STEP][PASSED] - click: Object: 'Object Repository/ReportsPage/previousDateSelector2' is clicked on

2018-06-04 17:43:09 - [MESSAGE][PASSED] - Object: 'Object Repository/ReportsPage/previousDateSelector2' is clicked on

2018-06-04 17:43:09 - [TEST_STEP][PASSED] - Statement - monthText = com.kms.katalon.core.webui.keyword.WebUiBuiltInKeywords.getText(com.kms.katalon.core.testobject.ObjectRepository.findTestObject(ReportsPage/monthText2)): Text of object 'Object Repository/ReportsPage/monthText2' is: 'April 2018'

2018-06-04 17:43:09 - [MESSAGE][PASSED] - Text of object 'Object Repository/ReportsPage/monthText2' is: 'April 2018'

2018-06-04 17:43:09 - [TEST_STEP][PASSED] - Statement - monthTextArray = monthText.split(" "): null

2018-06-04 17:43:09 - [TEST_STEP][PASSED] - Statement - month = monthTextArray[0]: null

2018-06-04 17:43:09 - [TEST_STEP][PASSED] - click: Object: 'Object Repository/ReportsPage/previousDateSelector2' is clicked on

2018-06-04 17:43:09 - [MESSAGE][PASSED] - Object: 'Object Repository/ReportsPage/previousDateSelector2' is clicked on

2018-06-04 17:43:09 - [TEST_STEP][PASSED] - Statement - monthText = com.kms.katalon.core.webui.keyword.WebUiBuiltInKeywords.getText(com.kms.katalon.core.testobject.ObjectRepository.findTestObject(ReportsPage/monthText2)): Text of object 'Object Repository/ReportsPage/monthText2' is: 'March 2018'

2018-06-04 17:43:09 - [MESSAGE][PASSED] - Text of object 'Object Repository/ReportsPage/monthText2' is: 'March 2018'

2018-06-04 17:43:09 - [TEST_STEP][PASSED] - Statement - monthTextArray = monthText.split(" "): null

2018-06-04 17:43:09 - [TEST_STEP][PASSED] - Statement - month = monthTextArray[0]: null

2018-06-04 17:43:09 - [TEST_STEP][PASSED] - Statement - endDate = CustomKeywords.projectSpecific.Reusability.getTestData("ReportsPage", "StartDate"): projectSpecific.Reusability.getTestData is PASSED

2018-06-04 17:43:09 - [MESSAGE][PASSED] - projectSpecific.Reusability.getTestData is PASSED

2018-06-04 17:43:09 - [TEST_STEP][PASSED] - Statement - toDate = "(//div[@class='rdt date-time rdtOpen']/div[@class='rdtPicker']/div/table/tbody/tr/td[text()='" + endDate + "'])[1]": null

2018-06-04 17:43:09 - [TEST_STEP][PASSED] - Statement - println(toDate): null

2018-06-04 17:43:09 - [TEST_STEP][PASSED] - Statement - toDateEle = driver.findElement(org.openqa.selenium.By.xpath(toDate)): null

2018-06-04 17:43:09 - [TEST_STEP][PASSED] - Statement - toDateEle.click(): null

2018-06-04 17:43:09 - [TEST_STEP][PASSED] - delay: Delayed 5 second(s)

2018-06-04 17:43:14 - [MESSAGE][PASSED] - Delayed 5 second(s)

2018-06-04 17:43:14 - [TEST_STEP][PASSED] - Statement - dateAttr = com.kms.katalon.core.webui.keyword.WebUiBuiltInKeywords.getAttribute(com.kms.katalon.core.testobject.ObjectRepository.findTestObject(ReportsPage/selectedDate1), "value"): Attribute 'value' of object 'Object Repository/ReportsPage/selectedDate1' is: '03/01/2018'

2018-06-04 17:43:14 - [MESSAGE][PASSED] - Attribute 'value' of object 'Object Repository/ReportsPage/selectedDate1' is: '03/01/2018'

2018-06-04 17:43:14 - [TEST_STEP][PASSED] - Statement - fromDateValue = CustomKeywords.projectSpecific.Reusability.getTestData("ReportsPage", "fromDate_march"): projectSpecific.Reusability.getTestData is PASSED

2018-06-04 17:43:14 - [MESSAGE][PASSED] - projectSpecific.Reusability.getTestData is PASSED

2018-06-04 17:43:14 - [TEST_STEP][PASSED] - Statement - If (!(dateAttr.equals(fromDateValue))): null

2018-06-04 17:43:14 - [TEST_STEP][PASSED] - Statement - dateAttr = com.kms.katalon.core.webui.keyword.WebUiBuiltInKeywords.getAttribute(com.kms.katalon.core.testobject.ObjectRepository.findTestObject(ReportsPage/selectedDate2), "value"): Attribute 'value' of object 'Object Repository/ReportsPage/selectedDate2' is: '03/01/2018'

2018-06-04 17:43:14 - [MESSAGE][PASSED] - Attribute 'value' of object 'Object Repository/ReportsPage/selectedDate2' is: '03/01/2018'

2018-06-04 17:43:14 - [TEST_STEP][PASSED] - Statement - toDateValue = CustomKeywords.projectSpecific.Reusability.getTestData("ReportsPage", "fromDate_march"): projectSpecific.Reusability.getTestData is PASSED

2018-06-04 17:43:14 - [MESSAGE][PASSED] - projectSpecific.Reusability.getTestData is PASSED

2018-06-04 17:43:14 - [TEST_STEP][PASSED] - Statement - If (!(dateAttr.equals(toDateValue))): null

2018-06-04 17:43:14 - [TEST_STEP][PASSED] - verifyElementText: Actual text and expected text of test object 'Object Repository/ReportsPage/includeText' are matched.

2018-06-04 17:43:14 - [MESSAGE][PASSED] - projectSpecific.Reusability.getTestData is PASSED

2018-06-04 17:43:14 - [MESSAGE][PASSED] - Actual text and expected text of test object 'Object Repository/ReportsPage/includeText' are matched.

2018-06-04 17:43:14 - [TEST_STEP][PASSED] - verifyElementText: Actual text and expected text of test object 'Object Repository/ReportsPage/formatText' are matched.

2018-06-04 17:43:14 - [MESSAGE][PASSED] - projectSpecific.Reusability.getTestData is PASSED

2018-06-04 17:43:14 - [MESSAGE][PASSED] - Actual text and expected text of test object 'Object Repository/ReportsPage/formatText' are matched.

2018-06-04 17:43:14 - [TEST_STEP][PASSED] - click: Object: 'Object Repository/ReportsPage/generateReport' is clicked on

2018-06-04 17:43:14 - [MESSAGE][PASSED] - Object: 'Object Repository/ReportsPage/generateReport' is clicked on

2018-06-04 17:43:14 - [TEST_STEP][PASSED] - delay: Delayed 15 second(s)

2018-06-04 17:43:29 - [MESSAGE][PASSED] - Delayed 15 second(s)

2018-06-04 17:43:29 - [TEST_STEP][PASSED] - delay: Delayed 15 second(s)

2018-06-04 17:43:44 - [MESSAGE][PASSED] - Delayed 15 second(s)

2018-06-04 17:43:44 - [TEST_STEP][PASSED] - Statement - startTime = CustomKeywords.projectSpecific.Reusability.getTestData("SummarizedReportPage", "reportstartTime1"): projectSpecific.Reusability.getTestData is PASSED

2018-06-04 17:43:44 - [MESSAGE][PASSED] - projectSpecific.Reusability.getTestData is PASSED

2018-06-04 17:43:44 - [TEST_STEP][PASSED] - Statement - startTimeText = CustomKeywords.uiaction.CommonUIActions.getText(com.kms.katalon.core.testobject.ObjectRepository.findTestObject(SummarizedReportPage/startTimeText)): uiaction.CommonUIActions.getText is PASSED

2018-06-04 17:44:05 - [MESSAGE][PASSED] - uiaction.CommonUIActions.getText is PASSED

2018-06-04 17:44:05 - [TEST_STEP][PASSED] - Statement - startTime = startTime.trim(): null

2018-06-04 17:44:05 - [TEST_STEP][PASSED] - Statement - startTimeText = startTimeText.trim(): null

2018-06-04 17:44:05 - [TEST_STEP][FAILED] - verifyMatch: Unable to verify match between actual text 'Web element with id: 'Object Repository/SummarizedReportPage/startTimeText' located by 'By.xpath: //table[@class='rawcar-header-labels clear']/tbody/tr[1]/td[2]' not found' and expected text 'Mar 1, 2018 OPEN' (Root cause: Actual text 'Web element with id: 'Object Repository/SummarizedReportPage/startTimeText' located by 'By.xpath: //table[@class='rawcar-header-labels clear']/tbody/tr[1]/td[2]' not found' and expected text 'Mar 1, 2018 OPEN' are not matched)

2018-06-04 17:44:05 - [MESSAGE][FAILED] - Unable to verify match between actual text 'Web element with id: 'Object Repository/SummarizedReportPage/startTimeText' located by 'By.xpath: //table[@class='rawcar-header-labels clear']/tbody/tr[1]/td[2]' not found' and expected text 'Mar 1, 2018 OPEN' (Root cause: Actual text 'Web element with id: 'Object Repository/SummarizedReportPage/startTimeText' located by 'By.xpath: //table[@class='rawcar-header-labels clear']/tbody/tr[1]/td[2]' not found' and expected text 'Mar 1, 2018 OPEN' are not matched)

2018-06-04 17:44:05 - [TEST_STEP][PASSED] - Statement - endTime = CustomKeywords.projectSpecific.Reusability.getTestData("SummarizedReportPage", "reportendTime1"): projectSpecific.Reusability.getTestData is PASSED

2018-06-04 17:44:05 - [MESSAGE][PASSED] - projectSpecific.Reusability.getTestData is PASSED

2018-06-04 17:44:05 - [TEST_STEP][PASSED] - Statement - endTimeText = CustomKeywords.uiaction.CommonUIActions.getText(com.kms.katalon.core.testobject.ObjectRepository.findTestObject(SummarizedReportPage/stopTimeText)): uiaction.CommonUIActions.getText is PASSED

2018-06-04 17:44:25 - [MESSAGE][PASSED] - uiaction.CommonUIActions.getText is PASSED

2018-06-04 17:44:25 - [TEST_STEP][PASSED] - Statement - endTime = endTime.trim(): null

2018-06-04 17:44:25 - [TEST_STEP][PASSED] - Statement - endTimeText = endTimeText.trim(): null

2018-06-04 17:44:25 - [TEST_STEP][FAILED] - verifyMatch: Unable to verify match between actual text 'Web element with id: 'Object Repository/SummarizedReportPage/stopTimeText' located by 'By.xpath: //table[@class='rawcar-header-labels clear']/tbody/tr[2]/td[2]' not found' and expected text 'Mar 1, 2018 CLOSE' (Root cause: Actual text 'Web element with id: 'Object Repository/SummarizedReportPage/stopTimeText' located by 'By.xpath: //table[@class='rawcar-header-labels clear']/tbody/tr[2]/td[2]' not found' and expected text 'Mar 1, 2018 CLOSE' are not matched)

2018-06-04 17:44:25 - [MESSAGE][FAILED] - Unable to verify match between actual text 'Web element with id: 'Object Repository/SummarizedReportPage/stopTimeText' located by 'By.xpath: //table[@class='rawcar-header-labels clear']/tbody/tr[2]/td[2]' not found' and expected text 'Mar 1, 2018 CLOSE' (Root cause: Actual text 'Web element with id: 'Object Repository/SummarizedReportPage/stopTimeText' located by 'By.xpath: //table[@class='rawcar-header-labels clear']/tbody/tr[2]/td[2]' not found' and expected text 'Mar 1, 2018 CLOSE' are not matched)

2018-06-04 17:44:25 - [TEST_STEP][FAILED] - verifyElementPresent: com.kms.katalon.core.webui.exception.WebElementNotFoundException: Web element with id: 'Object Repository/SummarizedReportPage/printDateHeading' located by 'By.xpath: //table[@class='rawcar-header-labels clear']/tbody/tr[1]/th[3]' not found

2018-06-04 17:44:46 - [MESSAGE][FAILED] - com.kms.katalon.core.webui.exception.WebElementNotFoundException: Web element with id: 'Object Repository/SummarizedReportPage/printDateHeading' located by 'By.xpath: //table[@class='rawcar-header-labels clear']/tbody/tr[1]/th[3]' not found
[[ATTACHMENT|C:\\Users\\shalinin\\Katalon Studio\\HME_Scripts\\Reports\\RegressionSuite\\20180604_173914\\1528114486028.png]]

2018-06-04 17:44:46 - [TEST_STEP][PASSED] - Statement - today = new java.util.Date(): null

2018-06-04 17:44:46 - [TEST_STEP][PASSED] - Statement - todayDate = today.format("MMMMM dd yyyy"): null

2018-06-04 17:44:46 - [TEST_STEP][PASSED] - Statement - date1 = CustomKeywords.uiaction.CommonUIActions.getText(com.kms.katalon.core.testobject.ObjectRepository.findTestObject(SummarizedReportPage/printDateText)): uiaction.CommonUIActions.getText is PASSED

2018-06-04 17:45:06 - [MESSAGE][PASSED] - uiaction.CommonUIActions.getText is PASSED

2018-06-04 17:45:06 - [TEST_STEP][PASSED] - Statement - If (date1.contains(todayDate)): null

2018-06-04 17:45:06 - [TEST_STEP][PASSED] - Statement - reportHeaders = CustomKeywords.projectSpecific.Reusability.getTestData("SummarizedReportPage", "summaryReportHeader"): projectSpecific.Reusability.getTestData is PASSED

2018-06-04 17:45:06 - [MESSAGE][PASSED] - projectSpecific.Reusability.getTestData is PASSED

2018-06-04 17:45:06 - [TEST_STEP][PASSED] - delay: Delayed 10 second(s)

2018-06-04 17:45:16 - [MESSAGE][PASSED] - Delayed 10 second(s)

2018-06-04 17:45:16 - [TEST_STEP][PASSED] - Statement - reportsArray = reportHeaders.split(","): null

2018-06-04 17:45:16 - [TEST_STEP][PASSED] - Statement - reportsHeaderList = new java.util.ArrayList(java.util.Arrays.asList(reportsArray)): null

2018-06-04 17:45:16 - [TEST_STEP][PASSED] - Statement - reportsHeaderList.unique(): null

2018-06-04 17:45:16 - [TEST_STEP][PASSED] - Statement - out.println(reportsHeaderList): null

2018-06-04 17:45:16 - [TEST_STEP][PASSED] - Statement - columnHeaderList = driver.findElements(org.openqa.selenium.By.xpath(com.kms.katalon.core.testdata.TestDataFactory.findTestData(OR_file).getValue(2, 5))): Reading excel file with source file 'C:\Users\shalinin\Katalon Studio\HME_Scripts\Data Files\HME_OR.xlsx' and sheet name 'Sheet1'

2018-06-04 17:45:16 - [TEST_STEP][PASSED] - Statement - actualList = new java.util.ArrayList(): null

2018-06-04 17:45:16 - [TEST_STEP][PASSED] - Statement - For ([i = 0, i < columnHeaderList.size(), (i++)]): null

2018-06-04 17:45:16 - [TEST_STEP][PASSED] - Statement - out.println(actualList): null

2018-06-04 17:45:16 - [TEST_STEP][PASSED] - Statement - execFlag1 = true: null

2018-06-04 17:45:16 - [TEST_STEP][PASSED] - Statement - For ([j = 0, j < actualList.size(), (j++)]): null

2018-06-04 17:45:16 - [TEST_STEP][PASSED] - Statement - If (execFlag1): null

2018-06-04 17:45:16 - [TEST_STEP][PASSED] - Statement - out.println("Reports Column headers are verified"): null

2018-06-04 17:45:16 - [TEST_STEP][PASSED] - uiaction.CommonUIActions.click: uiaction.CommonUIActions.click is PASSED

2018-06-04 17:45:37 - [MESSAGE][PASSED] - uiaction.CommonUIActions.click is PASSED

2018-06-04 17:45:37 - [TEST_STEP][PASSED] - uiaction.CommonUIActions.click: uiaction.CommonUIActions.click is PASSED

2018-06-04 17:45:57 - [MESSAGE][PASSED] - uiaction.CommonUIActions.click is PASSED

2018-06-04 17:45:57 - [TEST_STEP][PASSED] - delay: Delayed 10 second(s)

2018-06-04 17:46:07 - [MESSAGE][PASSED] - Delayed 10 second(s)

2018-06-04 17:46:07 - [TEST_STEP][PASSED] - Statement - confirmationText = CustomKeywords.projectSpecific.Reusability.getTestData("SummarizedReportPage", "confirmationText1"): projectSpecific.Reusability.getTestData is PASSED

2018-06-04 17:46:07 - [MESSAGE][PASSED] - projectSpecific.Reusability.getTestData is PASSED

2018-06-04 17:46:07 - [TEST_STEP][PASSED] - Statement - actualconfirmationText = CustomKeywords.uiaction.CommonUIActions.getText(com.kms.katalon.core.testobject.ObjectRepository.findTestObject(SummarizedReportPage/emailConfirmation)): uiaction.CommonUIActions.getText is PASSED

2018-06-04 17:46:27 - [MESSAGE][PASSED] - uiaction.CommonUIActions.getText is PASSED

2018-06-04 17:46:27 - [TEST_STEP][FAILED] - Statement - confirm = com.kms.katalon.core.webui.keyword.WebUiBuiltInKeywords.verifyMatch(confirmationText, actualconfirmationText, false): Unable to verify match between actual text 'Please check your email. Your Report has been sent to selvendrank@nousinfo.com.' and expected text 'Web element with id: 'Object Repository/SummarizedReportPage/emailConfirmation' located by 'By.xpath: //div[@class='appr']/h4' not found' (Root cause: Actual text 'Please check your email. Your Report has been sent to selvendrank@nousinfo.com.' and expected text 'Web element with id: 'Object Repository/SummarizedReportPage/emailConfirmation' located by 'By.xpath: //div[@class='appr']/h4' not found' are not matched)

2018-06-04 17:46:27 - [MESSAGE][FAILED] - Unable to verify match between actual text 'Please check your email. Your Report has been sent to selvendrank@nousinfo.com.' and expected text 'Web element with id: 'Object Repository/SummarizedReportPage/emailConfirmation' located by 'By.xpath: //div[@class='appr']/h4' not found' (Root cause: Actual text 'Please check your email. Your Report has been sent to selvendrank@nousinfo.com.' and expected text 'Web element with id: 'Object Repository/SummarizedReportPage/emailConfirmation' located by 'By.xpath: //div[@class='appr']/h4' not found' are not matched)

2018-06-04 17:46:27 - [TEST_STEP][PASSED] - Statement - If (confirm): null

2018-06-04 17:46:27 - [TEST_STEP][PASSED] - Statement - Else: null

2018-06-04 17:46:27 - [TEST_STEP][PASSED] - Statement - If (TCflag): null

2018-06-04 17:46:27 - [TEST_STEP][PASSED] - Statement - out.println("Email Verification not received"): null

2018-06-04 17:46:27 - [TEST_STEP][PASSED] - back: Navigate back successfully

2018-06-04 17:46:27 - [MESSAGE][PASSED] - Navigate back successfully

2018-06-04 17:46:27 - [TEST_STEP][PASSED] - delay: Delayed 10 second(s)

2018-06-04 17:46:37 - [MESSAGE][PASSED] - Delayed 10 second(s)

2018-06-04 17:46:37 - [TEST_STEP][PASSED] - uiaction.CommonUIActions.click: uiaction.CommonUIActions.click is PASSED

2018-06-04 17:46:42 - [MESSAGE][PASSED] - uiaction.CommonUIActions.click is PASSED

2018-06-04 17:46:42 - [TEST_STEP][PASSED] - Start listener action : sampleAfterTestCase: Browser is closed

2018-06-04 17:46:42 - [TEST_STEP][PASSED] - Statement - println(testCaseContext.getTestCaseId()): null

2018-06-04 17:46:42 - [TEST_STEP][PASSED] - Statement - println(testCaseContext.getTestCaseStatus()): null

2018-06-04 17:46:42 - [TEST_STEP][PASSED] - closeBrowser: Browser is closed

2018-06-04 17:46:43 - [MESSAGE][PASSED] - Browser is closed]]></system-out>
         <system-err><![CDATA[2018-06-04 17:41:46 - [TEST_CASE][FAILED] - Test Cases/SummaryReportsTC/HME-Summary Report-05: Test Cases/SummaryReportsTC/HME-Summary Report-05 FAILED because (of) Unable to verify match between actual text 'Web element with id: 'Object Repository/SummarizedReportPage/startTimeText' located by 'By.xpath: //table[@class='rawcar-header-labels clear']/tbody/tr[1]/td[2]' not found' and expected text 'Mar 1, 2018 OPEN' (Root cause: Actual text 'Web element with id: 'Object Repository/SummarizedReportPage/startTimeText' located by 'By.xpath: //table[@class='rawcar-header-labels clear']/tbody/tr[1]/td[2]' not found' and expected text 'Mar 1, 2018 OPEN' are not matched)]]></system-err>
      </testcase>
      <testcase name="Test Cases/SummaryReportsTC/HME-Summary Report-06" classname="Test Cases/SummaryReportsTC/HME-Summary Report-06" status="FAILED">
         <failure type="FAILED" message="Unable to set text 'selvendrank@nousinfo.com' of object 'Object Repository/LoginPage/Username' (Root cause: com.kms.katalon.core.webui.exception.WebElementNotFoundException: Web element with id: 'Object Repository/LoginPage/Username' located by 'By.xpath: //*[@id=&quot;Content&quot;]/div/div/form/table/tbody/tr[1]/td/input


' not found)"/>
         <system-out><![CDATA[2018-06-04 17:46:43 - [TEST_CASE][FAILED] - Test Cases/SummaryReportsTC/HME-Summary Report-06: Test Cases/SummaryReportsTC/HME-Summary Report-06 FAILED because (of) Unable to set text 'selvendrank@nousinfo.com' of object 'Object Repository/LoginPage/Username' (Root cause: com.kms.katalon.core.webui.exception.WebElementNotFoundException: Web element with id: 'Object Repository/LoginPage/Username' located by 'By.xpath: //*[@id="Content"]/div/div/form/table/tbody/tr[1]/td/input


' not found)

2018-06-04 17:46:43 - [TEST_STEP][PASSED] - Start listener action : sampleBeforeTestCase: Current window maximized

2018-06-04 17:46:43 - [TEST_STEP][PASSED] - openBrowser: Browser is opened with url: ''

2018-06-04 17:46:45 - [MESSAGE][PASSED] - Browser is opened with url: ''

2018-06-04 17:46:45 - [TEST_STEP][PASSED] - maximizeWindow: Current window maximized

2018-06-04 17:46:46 - [MESSAGE][PASSED] - Current window maximized

2018-06-04 17:46:46 - [TEST_STEP][PASSED] - Statement - TCflag = true: null

2018-06-04 17:46:46 - [TEST_STEP][FAILED] - Statement - Try: null

2018-06-04 17:46:46 - [TEST_STEP][PASSED] - navigateToUrl: Navigate to 'https://hme-dev-public-cloud-app.azurewebsites.net/' successfully

2018-06-04 17:47:07 - [MESSAGE][PASSED] - Navigate to 'https://hme-dev-public-cloud-app.azurewebsites.net/' successfully

2018-06-04 17:47:07 - [TEST_STEP][FAILED] - projectSpecific.Reusability.login: Unable to set text 'selvendrank@nousinfo.com' of object 'Object Repository/LoginPage/Username' (Root cause: com.kms.katalon.core.webui.exception.WebElementNotFoundException: Web element with id: 'Object Repository/LoginPage/Username' located by 'By.xpath: //*[@id="Content"]/div/div/form/table/tbody/tr[1]/td/input


' not found)

2018-06-04 17:47:07 - [MESSAGE][PASSED] - projectSpecific.Reusability.getTestData is PASSED

2018-06-04 17:47:07 - [MESSAGE][PASSED] - projectSpecific.Reusability.getTestData is PASSED

2018-06-04 17:47:39 - [MESSAGE][FAILED] - Unable to set text 'selvendrank@nousinfo.com' of object 'Object Repository/LoginPage/Username' (Root cause: com.kms.katalon.core.webui.exception.WebElementNotFoundException: Web element with id: 'Object Repository/LoginPage/Username' located by 'By.xpath: //*[@id="Content"]/div/div/form/table/tbody/tr[1]/td/input


' not found)
[[ATTACHMENT|C:\\Users\\shalinin\\Katalon Studio\\HME_Scripts\\Reports\\RegressionSuite\\20180604_173914\\1528114658751.png]]

2018-06-04 17:47:50 - [MESSAGE][PASSED] - Text 'nous;123' is set on object 'Object Repository/LoginPage/Password'

2018-06-04 17:47:50 - [MESSAGE][PASSED] - Object: 'Object Repository/LoginPage/Login' is clicked on

2018-06-04 17:47:50 - [MESSAGE][FAILED] - Unable to set text 'selvendrank@nousinfo.com' of object 'Object Repository/LoginPage/Username' (Root cause: com.kms.katalon.core.webui.exception.WebElementNotFoundException: Web element with id: 'Object Repository/LoginPage/Username' located by 'By.xpath: //*[@id="Content"]/div/div/form/table/tbody/tr[1]/td/input


' not found)

2018-06-04 17:47:50 - [TEST_STEP][PASSED] - delay: Delayed 10 second(s)

2018-06-04 17:48:00 - [MESSAGE][PASSED] - Delayed 10 second(s)

2018-06-04 17:48:00 - [TEST_STEP][PASSED] - uiaction.CommonUIActions.click: uiaction.CommonUIActions.click is PASSED

2018-06-04 17:49:18 - [MESSAGE][PASSED] - uiaction.CommonUIActions.click is PASSED

2018-06-04 17:49:18 - [TEST_STEP][PASSED] - Statement - storenumber = CustomKeywords.uiaction.CommonUIActions.getText(com.kms.katalon.core.testobject.ObjectRepository.findTestObject(StorePage/storepage_storenumber)): uiaction.CommonUIActions.getText is PASSED

2018-06-04 17:49:39 - [MESSAGE][PASSED] - uiaction.CommonUIActions.getText is PASSED

2018-06-04 17:49:39 - [TEST_STEP][PASSED] - Statement - out.println(" the store number is--" + storenumber.trim()): null

2018-06-04 17:49:39 - [TEST_STEP][PASSED] - uiaction.CommonUIActions.click: uiaction.CommonUIActions.click is PASSED

2018-06-04 17:49:42 - [MESSAGE][PASSED] - uiaction.CommonUIActions.click is PASSED

2018-06-04 17:49:42 - [TEST_STEP][PASSED] - uiaction.CommonUIActions.click: uiaction.CommonUIActions.click is PASSED

2018-06-04 17:49:43 - [MESSAGE][PASSED] - uiaction.CommonUIActions.click is PASSED

2018-06-04 17:49:43 - [TEST_STEP][PASSED] - uiaction.CommonUIActions.click: uiaction.CommonUIActions.click is PASSED

2018-06-04 17:49:44 - [MESSAGE][PASSED] - uiaction.CommonUIActions.click is PASSED

2018-06-04 17:49:44 - [TEST_STEP][PASSED] - delay: Delayed 10 second(s)

2018-06-04 17:49:54 - [MESSAGE][PASSED] - Delayed 10 second(s)

2018-06-04 17:49:54 - [TEST_STEP][PASSED] - uiaction.CommonUIActions.click: uiaction.CommonUIActions.click is PASSED

2018-06-04 17:49:54 - [MESSAGE][PASSED] - uiaction.CommonUIActions.click is PASSED

2018-06-04 17:49:54 - [TEST_STEP][PASSED] - uiaction.CommonUIActions.enter: uiaction.CommonUIActions.enter is PASSED

2018-06-04 17:49:54 - [MESSAGE][PASSED] - projectSpecific.Reusability.getTestData is PASSED

2018-06-04 17:49:55 - [MESSAGE][PASSED] - uiaction.CommonUIActions.enter is PASSED

2018-06-04 17:49:55 - [TEST_STEP][PASSED] - uiaction.CommonUIActions.enter: uiaction.CommonUIActions.enter is PASSED

2018-06-04 17:49:55 - [MESSAGE][PASSED] - projectSpecific.Reusability.getTestData is PASSED

2018-06-04 17:49:55 - [MESSAGE][PASSED] - uiaction.CommonUIActions.enter is PASSED

2018-06-04 17:49:55 - [TEST_STEP][PASSED] - delay: Delayed 10 second(s)

2018-06-04 17:50:05 - [MESSAGE][PASSED] - Delayed 10 second(s)

2018-06-04 17:50:05 - [TEST_STEP][PASSED] - Statement - groupmain = CustomKeywords.projectSpecific.Reusability.getTestData("ReportingGroupManagementPage", "Summarygrp"): projectSpecific.Reusability.getTestData is PASSED

2018-06-04 17:50:05 - [MESSAGE][PASSED] - projectSpecific.Reusability.getTestData is PASSED

2018-06-04 17:50:05 - [TEST_STEP][PASSED] - Statement - driver = com.kms.katalon.core.webui.driver.DriverFactory.getWebDriver(): null

2018-06-04 17:50:05 - [TEST_STEP][PASSED] - Statement - grouplist = driver.findElements(org.openqa.selenium.By.xpath("//ul[@class='unlinked-grouplist']/li")): null

2018-06-04 17:50:05 - [TEST_STEP][PASSED] - delay: Delayed 10 second(s)

2018-06-04 17:50:15 - [MESSAGE][PASSED] - Delayed 10 second(s)

2018-06-04 17:50:15 - [TEST_STEP][PASSED] - Statement - For ([i = 0, i < grouplist.size(), (i++)]): null

2018-06-04 17:50:15 - [TEST_STEP][PASSED] - Statement - println(grouplist.get(i).getText()): null

2018-06-04 17:50:15 - [TEST_STEP][PASSED] - Statement - If (grouplist.get(i).getText().contains(storenumber.trim())): null

2018-06-04 17:50:15 - [TEST_STEP][PASSED] - Statement - println(grouplist.get(i).getText()): null

2018-06-04 17:50:15 - [TEST_STEP][PASSED] - Statement - If (grouplist.get(i).getText().contains(storenumber.trim())): null

2018-06-04 17:50:15 - [TEST_STEP][PASSED] - Statement - println(grouplist.get(i).getText()): null

2018-06-04 17:50:15 - [TEST_STEP][PASSED] - Statement - If (grouplist.get(i).getText().contains(storenumber.trim())): null

2018-06-04 17:50:15 - [TEST_STEP][PASSED] - Statement - println(grouplist.get(i).getText()): null

2018-06-04 17:50:15 - [TEST_STEP][PASSED] - Statement - If (grouplist.get(i).getText().contains(storenumber.trim())): null

2018-06-04 17:50:15 - [TEST_STEP][PASSED] - Statement - println(grouplist.get(i).getText()): null

2018-06-04 17:50:15 - [TEST_STEP][PASSED] - Statement - If (grouplist.get(i).getText().contains(storenumber.trim())): null

2018-06-04 17:50:15 - [TEST_STEP][PASSED] - Statement - println(grouplist.get(i).getText()): null

2018-06-04 17:50:15 - [TEST_STEP][PASSED] - Statement - If (grouplist.get(i).getText().contains(storenumber.trim())): null

2018-06-04 17:50:15 - [TEST_STEP][PASSED] - Statement - println(grouplist.get(i).getText()): null

2018-06-04 17:50:15 - [TEST_STEP][PASSED] - Statement - If (grouplist.get(i).getText().contains(storenumber.trim())): null

2018-06-04 17:50:15 - [TEST_STEP][PASSED] - Statement - println(grouplist.get(i).getText()): null

2018-06-04 17:50:15 - [TEST_STEP][PASSED] - Statement - If (grouplist.get(i).getText().contains(storenumber.trim())): null

2018-06-04 17:50:15 - [TEST_STEP][PASSED] - Statement - println(grouplist.get(i).getText()): null

2018-06-04 17:50:15 - [TEST_STEP][PASSED] - Statement - If (grouplist.get(i).getText().contains(storenumber.trim())): null

2018-06-04 17:50:15 - [TEST_STEP][PASSED] - Statement - println(grouplist.get(i).getText()): null

2018-06-04 17:50:15 - [TEST_STEP][PASSED] - Statement - If (grouplist.get(i).getText().contains(storenumber.trim())): null

2018-06-04 17:50:15 - [TEST_STEP][PASSED] - Statement - println(grouplist.get(i).getText()): null

2018-06-04 17:50:15 - [TEST_STEP][PASSED] - Statement - If (grouplist.get(i).getText().contains(storenumber.trim())): null

2018-06-04 17:50:15 - [TEST_STEP][PASSED] - Statement - println(grouplist.get(i).getText()): null

2018-06-04 17:50:15 - [TEST_STEP][PASSED] - Statement - If (grouplist.get(i).getText().contains(storenumber.trim())): null

2018-06-04 17:50:15 - [TEST_STEP][PASSED] - Statement - println(grouplist.get(i).getText()): null

2018-06-04 17:50:15 - [TEST_STEP][PASSED] - Statement - If (grouplist.get(i).getText().contains(storenumber.trim())): null

2018-06-04 17:50:15 - [TEST_STEP][PASSED] - Statement - println(grouplist.get(i).getText()): null

2018-06-04 17:50:15 - [TEST_STEP][PASSED] - Statement - If (grouplist.get(i).getText().contains(storenumber.trim())): null

2018-06-04 17:50:15 - [TEST_STEP][PASSED] - Statement - println(grouplist.get(i).getText()): null

2018-06-04 17:50:15 - [TEST_STEP][PASSED] - Statement - If (grouplist.get(i).getText().contains(storenumber.trim())): null

2018-06-04 17:50:15 - [TEST_STEP][PASSED] - Statement - println(grouplist.get(i).getText()): null

2018-06-04 17:50:15 - [TEST_STEP][PASSED] - Statement - If (grouplist.get(i).getText().contains(storenumber.trim())): null

2018-06-04 17:50:15 - [TEST_STEP][PASSED] - Statement - println(grouplist.get(i).getText()): null

2018-06-04 17:50:15 - [TEST_STEP][PASSED] - Statement - If (grouplist.get(i).getText().contains(storenumber.trim())): null

2018-06-04 17:50:15 - [TEST_STEP][PASSED] - Statement - println(grouplist.get(i).getText()): null

2018-06-04 17:50:15 - [TEST_STEP][PASSED] - Statement - If (grouplist.get(i).getText().contains(storenumber.trim())): null

2018-06-04 17:50:15 - [TEST_STEP][PASSED] - Statement - println(grouplist.get(i).getText()): null

2018-06-04 17:50:15 - [TEST_STEP][PASSED] - Statement - If (grouplist.get(i).getText().contains(storenumber.trim())): null

2018-06-04 17:50:15 - [TEST_STEP][PASSED] - Statement - println(grouplist.get(i).getText()): null

2018-06-04 17:50:15 - [TEST_STEP][PASSED] - Statement - If (grouplist.get(i).getText().contains(storenumber.trim())): null

2018-06-04 17:50:15 - [TEST_STEP][PASSED] - Statement - println(grouplist.get(i).getText()): null

2018-06-04 17:50:15 - [TEST_STEP][PASSED] - Statement - If (grouplist.get(i).getText().contains(storenumber.trim())): null

2018-06-04 17:50:15 - [TEST_STEP][PASSED] - Statement - println(grouplist.get(i).getText()): null

2018-06-04 17:50:15 - [TEST_STEP][PASSED] - Statement - If (grouplist.get(i).getText().contains(storenumber.trim())): null

2018-06-04 17:50:15 - [TEST_STEP][PASSED] - Statement - println(grouplist.get(i).getText()): null

2018-06-04 17:50:15 - [TEST_STEP][PASSED] - Statement - If (grouplist.get(i).getText().contains(storenumber.trim())): null

2018-06-04 17:50:15 - [TEST_STEP][PASSED] - Statement - println(grouplist.get(i).getText()): null

2018-06-04 17:50:15 - [TEST_STEP][PASSED] - Statement - If (grouplist.get(i).getText().contains(storenumber.trim())): null

2018-06-04 17:50:15 - [TEST_STEP][PASSED] - Statement - println(grouplist.get(i).getText()): null

2018-06-04 17:50:15 - [TEST_STEP][PASSED] - Statement - If (grouplist.get(i).getText().contains(storenumber.trim())): null

2018-06-04 17:50:15 - [TEST_STEP][PASSED] - Statement - println(grouplist.get(i).getText()): null

2018-06-04 17:50:15 - [TEST_STEP][PASSED] - Statement - If (grouplist.get(i).getText().contains(storenumber.trim())): null

2018-06-04 17:50:15 - [TEST_STEP][PASSED] - Statement - println(grouplist.get(i).getText()): null

2018-06-04 17:50:15 - [TEST_STEP][PASSED] - Statement - If (grouplist.get(i).getText().contains(storenumber.trim())): null

2018-06-04 17:50:15 - [TEST_STEP][PASSED] - Statement - println(grouplist.get(i).getText()): null

2018-06-04 17:50:15 - [TEST_STEP][PASSED] - Statement - If (grouplist.get(i).getText().contains(storenumber.trim())): null

2018-06-04 17:50:15 - [TEST_STEP][PASSED] - Statement - println(grouplist.get(i).getText()): null

2018-06-04 17:50:15 - [TEST_STEP][PASSED] - Statement - If (grouplist.get(i).getText().contains(storenumber.trim())): null

2018-06-04 17:50:15 - [TEST_STEP][PASSED] - Statement - println(grouplist.get(i).getText()): null

2018-06-04 17:50:15 - [TEST_STEP][PASSED] - Statement - If (grouplist.get(i).getText().contains(storenumber.trim())): null

2018-06-04 17:50:15 - [TEST_STEP][PASSED] - Statement - println(grouplist.get(i).getText()): null

2018-06-04 17:50:15 - [TEST_STEP][PASSED] - Statement - If (grouplist.get(i).getText().contains(storenumber.trim())): null

2018-06-04 17:50:15 - [TEST_STEP][PASSED] - Statement - println(grouplist.get(i).getText()): null

2018-06-04 17:50:15 - [TEST_STEP][PASSED] - Statement - If (grouplist.get(i).getText().contains(storenumber.trim())): null

2018-06-04 17:50:16 - [TEST_STEP][PASSED] - Statement - println(grouplist.get(i).getText()): null

2018-06-04 17:50:16 - [TEST_STEP][PASSED] - Statement - If (grouplist.get(i).getText().contains(storenumber.trim())): null

2018-06-04 17:50:16 - [TEST_STEP][PASSED] - Statement - println(grouplist.get(i).getText()): null

2018-06-04 17:50:16 - [TEST_STEP][PASSED] - Statement - If (grouplist.get(i).getText().contains(storenumber.trim())): null

2018-06-04 17:50:16 - [TEST_STEP][PASSED] - Statement - println(grouplist.get(i).getText()): null

2018-06-04 17:50:16 - [TEST_STEP][PASSED] - Statement - If (grouplist.get(i).getText().contains(storenumber.trim())): null

2018-06-04 17:50:16 - [TEST_STEP][PASSED] - Statement - println(grouplist.get(i).getText()): null

2018-06-04 17:50:16 - [TEST_STEP][PASSED] - Statement - If (grouplist.get(i).getText().contains(storenumber.trim())): null

2018-06-04 17:50:16 - [TEST_STEP][PASSED] - Statement - println(grouplist.get(i).getText()): null

2018-06-04 17:50:16 - [TEST_STEP][PASSED] - Statement - If (grouplist.get(i).getText().contains(storenumber.trim())): null

2018-06-04 17:50:16 - [TEST_STEP][PASSED] - Statement - println(grouplist.get(i).getText()): null

2018-06-04 17:50:16 - [TEST_STEP][PASSED] - Statement - If (grouplist.get(i).getText().contains(storenumber.trim())): null

2018-06-04 17:50:16 - [TEST_STEP][PASSED] - Statement - println(grouplist.get(i).getText()): null

2018-06-04 17:50:16 - [TEST_STEP][PASSED] - Statement - If (grouplist.get(i).getText().contains(storenumber.trim())): null

2018-06-04 17:50:16 - [TEST_STEP][PASSED] - Statement - println(grouplist.get(i).getText()): null

2018-06-04 17:50:16 - [TEST_STEP][PASSED] - Statement - If (grouplist.get(i).getText().contains(storenumber.trim())): null

2018-06-04 17:50:16 - [TEST_STEP][PASSED] - Statement - println(grouplist.get(i).getText()): null

2018-06-04 17:50:16 - [TEST_STEP][PASSED] - Statement - If (grouplist.get(i).getText().contains(storenumber.trim())): null

2018-06-04 17:50:16 - [TEST_STEP][PASSED] - Statement - println(grouplist.get(i).getText()): null

2018-06-04 17:50:16 - [TEST_STEP][PASSED] - Statement - If (grouplist.get(i).getText().contains(storenumber.trim())): null

2018-06-04 17:50:16 - [TEST_STEP][PASSED] - Statement - println(grouplist.get(i).getText()): null

2018-06-04 17:50:16 - [TEST_STEP][PASSED] - Statement - If (grouplist.get(i).getText().contains(storenumber.trim())): null

2018-06-04 17:50:16 - [TEST_STEP][PASSED] - Statement - println(grouplist.get(i).getText()): null

2018-06-04 17:50:16 - [TEST_STEP][PASSED] - Statement - If (grouplist.get(i).getText().contains(storenumber.trim())): null

2018-06-04 17:50:16 - [TEST_STEP][PASSED] - Statement - println(grouplist.get(i).getText()): null

2018-06-04 17:50:16 - [TEST_STEP][PASSED] - Statement - If (grouplist.get(i).getText().contains(storenumber.trim())): null

2018-06-04 17:50:16 - [TEST_STEP][PASSED] - Statement - println(grouplist.get(i).getText()): null

2018-06-04 17:50:16 - [TEST_STEP][PASSED] - Statement - If (grouplist.get(i).getText().contains(storenumber.trim())): null

2018-06-04 17:50:16 - [TEST_STEP][PASSED] - Statement - println(grouplist.get(i).getText()): null

2018-06-04 17:50:16 - [TEST_STEP][PASSED] - Statement - If (grouplist.get(i).getText().contains(storenumber.trim())): null

2018-06-04 17:50:16 - [TEST_STEP][PASSED] - Statement - println(grouplist.get(i).getText()): null

2018-06-04 17:50:16 - [TEST_STEP][PASSED] - Statement - If (grouplist.get(i).getText().contains(storenumber.trim())): null

2018-06-04 17:50:16 - [TEST_STEP][PASSED] - Statement - println(grouplist.get(i).getText()): null

2018-06-04 17:50:16 - [TEST_STEP][PASSED] - Statement - If (grouplist.get(i).getText().contains(storenumber.trim())): null

2018-06-04 17:50:16 - [TEST_STEP][PASSED] - Statement - println(grouplist.get(i).getText()): null

2018-06-04 17:50:16 - [TEST_STEP][PASSED] - Statement - If (grouplist.get(i).getText().contains(storenumber.trim())): null

2018-06-04 17:50:16 - [TEST_STEP][PASSED] - Statement - println(grouplist.get(i).getText()): null

2018-06-04 17:50:16 - [TEST_STEP][PASSED] - Statement - If (grouplist.get(i).getText().contains(storenumber.trim())): null

2018-06-04 17:50:16 - [TEST_STEP][PASSED] - Statement - println(grouplist.get(i).getText()): null

2018-06-04 17:50:16 - [TEST_STEP][PASSED] - Statement - If (grouplist.get(i).getText().contains(storenumber.trim())): null

2018-06-04 17:50:16 - [TEST_STEP][PASSED] - Statement - println(grouplist.get(i).getText()): null

2018-06-04 17:50:16 - [TEST_STEP][PASSED] - Statement - If (grouplist.get(i).getText().contains(storenumber.trim())): null

2018-06-04 17:50:16 - [TEST_STEP][PASSED] - Statement - println(grouplist.get(i).getText()): null

2018-06-04 17:50:16 - [TEST_STEP][PASSED] - Statement - If (grouplist.get(i).getText().contains(storenumber.trim())): null

2018-06-04 17:50:16 - [TEST_STEP][PASSED] - Statement - println(grouplist.get(i).getText()): null

2018-06-04 17:50:16 - [TEST_STEP][PASSED] - Statement - If (grouplist.get(i).getText().contains(storenumber.trim())): null

2018-06-04 17:50:16 - [TEST_STEP][PASSED] - Statement - println(grouplist.get(i).getText()): null

2018-06-04 17:50:16 - [TEST_STEP][PASSED] - Statement - If (grouplist.get(i).getText().contains(storenumber.trim())): null

2018-06-04 17:50:16 - [TEST_STEP][PASSED] - Statement - println(grouplist.get(i).getText()): null

2018-06-04 17:50:16 - [TEST_STEP][PASSED] - Statement - If (grouplist.get(i).getText().contains(storenumber.trim())): null

2018-06-04 17:50:16 - [TEST_STEP][PASSED] - Statement - println(grouplist.get(i).getText()): null

2018-06-04 17:50:16 - [TEST_STEP][PASSED] - Statement - If (grouplist.get(i).getText().contains(storenumber.trim())): null

2018-06-04 17:50:16 - [TEST_STEP][PASSED] - Statement - println(grouplist.get(i).getText()): null

2018-06-04 17:50:16 - [TEST_STEP][PASSED] - Statement - If (grouplist.get(i).getText().contains(storenumber.trim())): null

2018-06-04 17:50:16 - [TEST_STEP][PASSED] - Statement - println(grouplist.get(i).getText()): null

2018-06-04 17:50:16 - [TEST_STEP][PASSED] - Statement - If (grouplist.get(i).getText().contains(storenumber.trim())): null

2018-06-04 17:50:16 - [TEST_STEP][PASSED] - Statement - println(grouplist.get(i).getText()): null

2018-06-04 17:50:16 - [TEST_STEP][PASSED] - Statement - If (grouplist.get(i).getText().contains(storenumber.trim())): null

2018-06-04 17:50:16 - [TEST_STEP][PASSED] - Statement - println(grouplist.get(i).getText()): null

2018-06-04 17:50:16 - [TEST_STEP][PASSED] - Statement - If (grouplist.get(i).getText().contains(storenumber.trim())): null

2018-06-04 17:50:16 - [TEST_STEP][PASSED] - Statement - println(grouplist.get(i).getText()): null

2018-06-04 17:50:16 - [TEST_STEP][PASSED] - Statement - If (grouplist.get(i).getText().contains(storenumber.trim())): null

2018-06-04 17:50:16 - [TEST_STEP][PASSED] - Statement - println(grouplist.get(i).getText()): null

2018-06-04 17:50:16 - [TEST_STEP][PASSED] - Statement - If (grouplist.get(i).getText().contains(storenumber.trim())): null

2018-06-04 17:50:16 - [TEST_STEP][PASSED] - Statement - println(grouplist.get(i).getText()): null

2018-06-04 17:50:16 - [TEST_STEP][PASSED] - Statement - If (grouplist.get(i).getText().contains(storenumber.trim())): null

2018-06-04 17:50:16 - [TEST_STEP][PASSED] - Statement - println(grouplist.get(i).getText()): null

2018-06-04 17:50:16 - [TEST_STEP][PASSED] - Statement - If (grouplist.get(i).getText().contains(storenumber.trim())): null

2018-06-04 17:50:16 - [TEST_STEP][PASSED] - Statement - println(grouplist.get(i).getText()): null

2018-06-04 17:50:16 - [TEST_STEP][PASSED] - Statement - If (grouplist.get(i).getText().contains(storenumber.trim())): null

2018-06-04 17:50:16 - [TEST_STEP][PASSED] - Statement - println(grouplist.get(i).getText()): null

2018-06-04 17:50:16 - [TEST_STEP][PASSED] - Statement - If (grouplist.get(i).getText().contains(storenumber.trim())): null

2018-06-04 17:50:16 - [TEST_STEP][PASSED] - Statement - println(grouplist.get(i).getText()): null

2018-06-04 17:50:16 - [TEST_STEP][PASSED] - Statement - If (grouplist.get(i).getText().contains(storenumber.trim())): null

2018-06-04 17:50:16 - [TEST_STEP][PASSED] - Statement - println(grouplist.get(i).getText()): null

2018-06-04 17:50:16 - [TEST_STEP][PASSED] - Statement - If (grouplist.get(i).getText().contains(storenumber.trim())): null

2018-06-04 17:50:16 - [TEST_STEP][PASSED] - Statement - println(grouplist.get(i).getText()): null

2018-06-04 17:50:16 - [TEST_STEP][PASSED] - Statement - If (grouplist.get(i).getText().contains(storenumber.trim())): null

2018-06-04 17:50:16 - [TEST_STEP][PASSED] - Statement - println(grouplist.get(i).getText()): null

2018-06-04 17:50:16 - [TEST_STEP][PASSED] - Statement - If (grouplist.get(i).getText().contains(storenumber.trim())): null

2018-06-04 17:50:17 - [TEST_STEP][PASSED] - Statement - println(grouplist.get(i).getText()): null

2018-06-04 17:50:17 - [TEST_STEP][PASSED] - Statement - If (grouplist.get(i).getText().contains(storenumber.trim())): null

2018-06-04 17:50:17 - [TEST_STEP][PASSED] - Statement - println(grouplist.get(i).getText()): null

2018-06-04 17:50:17 - [TEST_STEP][PASSED] - Statement - If (grouplist.get(i).getText().contains(storenumber.trim())): null

2018-06-04 17:50:17 - [TEST_STEP][PASSED] - Statement - println(grouplist.get(i).getText()): null

2018-06-04 17:50:17 - [TEST_STEP][PASSED] - Statement - If (grouplist.get(i).getText().contains(storenumber.trim())): null

2018-06-04 17:50:17 - [TEST_STEP][PASSED] - Statement - println(grouplist.get(i).getText()): null

2018-06-04 17:50:17 - [TEST_STEP][PASSED] - Statement - If (grouplist.get(i).getText().contains(storenumber.trim())): null

2018-06-04 17:50:17 - [TEST_STEP][PASSED] - Statement - println(grouplist.get(i).getText()): null

2018-06-04 17:50:17 - [TEST_STEP][PASSED] - Statement - If (grouplist.get(i).getText().contains(storenumber.trim())): null

2018-06-04 17:50:17 - [TEST_STEP][PASSED] - Statement - println(grouplist.get(i).getText()): null

2018-06-04 17:50:17 - [TEST_STEP][PASSED] - Statement - If (grouplist.get(i).getText().contains(storenumber.trim())): null

2018-06-04 17:50:17 - [TEST_STEP][PASSED] - Statement - println(grouplist.get(i).getText()): null

2018-06-04 17:50:17 - [TEST_STEP][PASSED] - Statement - If (grouplist.get(i).getText().contains(storenumber.trim())): null

2018-06-04 17:50:17 - [TEST_STEP][PASSED] - Statement - println(grouplist.get(i).getText()): null

2018-06-04 17:50:17 - [TEST_STEP][PASSED] - Statement - If (grouplist.get(i).getText().contains(storenumber.trim())): null

2018-06-04 17:50:17 - [TEST_STEP][PASSED] - Statement - println(grouplist.get(i).getText()): null

2018-06-04 17:50:17 - [TEST_STEP][PASSED] - Statement - If (grouplist.get(i).getText().contains(storenumber.trim())): null

2018-06-04 17:50:17 - [TEST_STEP][PASSED] - Statement - println(grouplist.get(i).getText()): null

2018-06-04 17:50:17 - [TEST_STEP][PASSED] - Statement - If (grouplist.get(i).getText().contains(storenumber.trim())): null

2018-06-04 17:50:17 - [TEST_STEP][PASSED] - Statement - println(grouplist.get(i).getText()): null

2018-06-04 17:50:17 - [TEST_STEP][PASSED] - Statement - If (grouplist.get(i).getText().contains(storenumber.trim())): null

2018-06-04 17:50:17 - [TEST_STEP][PASSED] - Statement - println(grouplist.get(i).getText()): null

2018-06-04 17:50:17 - [TEST_STEP][PASSED] - Statement - If (grouplist.get(i).getText().contains(storenumber.trim())): null

2018-06-04 17:50:17 - [TEST_STEP][PASSED] - Statement - println(grouplist.get(i).getText()): null

2018-06-04 17:50:17 - [TEST_STEP][PASSED] - Statement - If (grouplist.get(i).getText().contains(storenumber.trim())): null

2018-06-04 17:50:17 - [TEST_STEP][PASSED] - Statement - println(grouplist.get(i).getText()): null

2018-06-04 17:50:17 - [TEST_STEP][PASSED] - Statement - If (grouplist.get(i).getText().contains(storenumber.trim())): null

2018-06-04 17:50:17 - [TEST_STEP][PASSED] - Statement - println(grouplist.get(i).getText()): null

2018-06-04 17:50:17 - [TEST_STEP][PASSED] - Statement - If (grouplist.get(i).getText().contains(storenumber.trim())): null

2018-06-04 17:50:17 - [TEST_STEP][PASSED] - Statement - println(grouplist.get(i).getText()): null

2018-06-04 17:50:17 - [TEST_STEP][PASSED] - Statement - If (grouplist.get(i).getText().contains(storenumber.trim())): null

2018-06-04 17:50:17 - [TEST_STEP][PASSED] - Statement - println(grouplist.get(i).getText()): null

2018-06-04 17:50:17 - [TEST_STEP][PASSED] - Statement - If (grouplist.get(i).getText().contains(storenumber.trim())): null

2018-06-04 17:50:17 - [TEST_STEP][PASSED] - Statement - println(grouplist.get(i).getText()): null

2018-06-04 17:50:17 - [TEST_STEP][PASSED] - Statement - If (grouplist.get(i).getText().contains(storenumber.trim())): null

2018-06-04 17:50:17 - [TEST_STEP][PASSED] - Statement - println(grouplist.get(i).getText()): null

2018-06-04 17:50:17 - [TEST_STEP][PASSED] - Statement - If (grouplist.get(i).getText().contains(storenumber.trim())): null

2018-06-04 17:50:17 - [TEST_STEP][PASSED] - Statement - println(grouplist.get(i).getText()): null

2018-06-04 17:50:17 - [TEST_STEP][PASSED] - Statement - If (grouplist.get(i).getText().contains(storenumber.trim())): null

2018-06-04 17:50:17 - [TEST_STEP][PASSED] - Statement - println(grouplist.get(i).getText()): null

2018-06-04 17:50:17 - [TEST_STEP][PASSED] - Statement - If (grouplist.get(i).getText().contains(storenumber.trim())): null

2018-06-04 17:50:17 - [TEST_STEP][PASSED] - Statement - println(grouplist.get(i).getText()): null

2018-06-04 17:50:17 - [TEST_STEP][PASSED] - Statement - If (grouplist.get(i).getText().contains(storenumber.trim())): null

2018-06-04 17:50:17 - [TEST_STEP][PASSED] - Statement - println(grouplist.get(i).getText()): null

2018-06-04 17:50:17 - [TEST_STEP][PASSED] - Statement - If (grouplist.get(i).getText().contains(storenumber.trim())): null

2018-06-04 17:50:17 - [TEST_STEP][PASSED] - Statement - println(grouplist.get(i).getText()): null

2018-06-04 17:50:17 - [TEST_STEP][PASSED] - Statement - If (grouplist.get(i).getText().contains(storenumber.trim())): null

2018-06-04 17:50:17 - [TEST_STEP][PASSED] - Statement - println(grouplist.get(i).getText()): null

2018-06-04 17:50:17 - [TEST_STEP][PASSED] - Statement - If (grouplist.get(i).getText().contains(storenumber.trim())): null

2018-06-04 17:50:17 - [TEST_STEP][PASSED] - Statement - println(grouplist.get(i).getText()): null

2018-06-04 17:50:17 - [TEST_STEP][PASSED] - Statement - If (grouplist.get(i).getText().contains(storenumber.trim())): null

2018-06-04 17:50:17 - [TEST_STEP][PASSED] - Statement - println(grouplist.get(i).getText()): null

2018-06-04 17:50:17 - [TEST_STEP][PASSED] - Statement - If (grouplist.get(i).getText().contains(storenumber.trim())): null

2018-06-04 17:50:17 - [TEST_STEP][PASSED] - Statement - println(grouplist.get(i).getText()): null

2018-06-04 17:50:17 - [TEST_STEP][PASSED] - Statement - If (grouplist.get(i).getText().contains(storenumber.trim())): null

2018-06-04 17:50:17 - [TEST_STEP][PASSED] - Statement - println(grouplist.get(i).getText()): null

2018-06-04 17:50:17 - [TEST_STEP][PASSED] - Statement - If (grouplist.get(i).getText().contains(storenumber.trim())): null

2018-06-04 17:50:17 - [TEST_STEP][PASSED] - Statement - println(grouplist.get(i).getText()): null

2018-06-04 17:50:17 - [TEST_STEP][PASSED] - Statement - If (grouplist.get(i).getText().contains(storenumber.trim())): null

2018-06-04 17:50:17 - [TEST_STEP][PASSED] - Statement - println(grouplist.get(i).getText()): null

2018-06-04 17:50:17 - [TEST_STEP][PASSED] - Statement - If (grouplist.get(i).getText().contains(storenumber.trim())): null

2018-06-04 17:50:17 - [TEST_STEP][PASSED] - Statement - println(grouplist.get(i).getText()): null

2018-06-04 17:50:17 - [TEST_STEP][PASSED] - Statement - If (grouplist.get(i).getText().contains(storenumber.trim())): null

2018-06-04 17:50:17 - [TEST_STEP][PASSED] - Statement - println(grouplist.get(i).getText()): null

2018-06-04 17:50:17 - [TEST_STEP][PASSED] - Statement - If (grouplist.get(i).getText().contains(storenumber.trim())): null

2018-06-04 17:50:17 - [TEST_STEP][PASSED] - Statement - println(grouplist.get(i).getText()): null

2018-06-04 17:50:17 - [TEST_STEP][PASSED] - Statement - If (grouplist.get(i).getText().contains(storenumber.trim())): null

2018-06-04 17:50:17 - [TEST_STEP][PASSED] - Statement - println(grouplist.get(i).getText()): null

2018-06-04 17:50:17 - [TEST_STEP][PASSED] - Statement - If (grouplist.get(i).getText().contains(storenumber.trim())): null

2018-06-04 17:50:17 - [TEST_STEP][PASSED] - Statement - println(grouplist.get(i).getText()): null

2018-06-04 17:50:17 - [TEST_STEP][PASSED] - Statement - If (grouplist.get(i).getText().contains(storenumber.trim())): null

2018-06-04 17:50:17 - [TEST_STEP][PASSED] - Statement - println(grouplist.get(i).getText()): null

2018-06-04 17:50:17 - [TEST_STEP][PASSED] - Statement - If (grouplist.get(i).getText().contains(storenumber.trim())): null

2018-06-04 17:50:17 - [TEST_STEP][PASSED] - Statement - println(grouplist.get(i).getText()): null

2018-06-04 17:50:17 - [TEST_STEP][PASSED] - Statement - If (grouplist.get(i).getText().contains(storenumber.trim())): null

2018-06-04 17:50:17 - [TEST_STEP][PASSED] - Statement - println(grouplist.get(i).getText()): null

2018-06-04 17:50:17 - [TEST_STEP][PASSED] - Statement - If (grouplist.get(i).getText().contains(storenumber.trim())): null

2018-06-04 17:50:17 - [TEST_STEP][PASSED] - Statement - println(grouplist.get(i).getText()): null

2018-06-04 17:50:17 - [TEST_STEP][PASSED] - Statement - If (grouplist.get(i).getText().contains(storenumber.trim())): null

2018-06-04 17:50:17 - [TEST_STEP][PASSED] - Statement - println(grouplist.get(i).getText()): null

2018-06-04 17:50:17 - [TEST_STEP][PASSED] - Statement - If (grouplist.get(i).getText().contains(storenumber.trim())): null

2018-06-04 17:50:17 - [TEST_STEP][PASSED] - Statement - println(grouplist.get(i).getText()): null

2018-06-04 17:50:17 - [TEST_STEP][PASSED] - Statement - If (grouplist.get(i).getText().contains(storenumber.trim())): null

2018-06-04 17:50:18 - [TEST_STEP][PASSED] - Statement - println(grouplist.get(i).getText()): null

2018-06-04 17:50:18 - [TEST_STEP][PASSED] - Statement - If (grouplist.get(i).getText().contains(storenumber.trim())): null

2018-06-04 17:50:18 - [TEST_STEP][PASSED] - Statement - println(grouplist.get(i).getText()): null

2018-06-04 17:50:18 - [TEST_STEP][PASSED] - Statement - If (grouplist.get(i).getText().contains(storenumber.trim())): null

2018-06-04 17:50:18 - [TEST_STEP][PASSED] - Statement - println(grouplist.get(i).getText()): null

2018-06-04 17:50:18 - [TEST_STEP][PASSED] - Statement - If (grouplist.get(i).getText().contains(storenumber.trim())): null

2018-06-04 17:50:18 - [TEST_STEP][PASSED] - Statement - println(grouplist.get(i).getText()): null

2018-06-04 17:50:18 - [TEST_STEP][PASSED] - Statement - If (grouplist.get(i).getText().contains(storenumber.trim())): null

2018-06-04 17:50:18 - [TEST_STEP][PASSED] - Statement - println(grouplist.get(i).getText()): null

2018-06-04 17:50:18 - [TEST_STEP][PASSED] - Statement - If (grouplist.get(i).getText().contains(storenumber.trim())): null

2018-06-04 17:50:18 - [TEST_STEP][PASSED] - Statement - println(grouplist.get(i).getText()): null

2018-06-04 17:50:18 - [TEST_STEP][PASSED] - Statement - If (grouplist.get(i).getText().contains(storenumber.trim())): null

2018-06-04 17:50:18 - [TEST_STEP][PASSED] - Statement - println(grouplist.get(i).getText()): null

2018-06-04 17:50:18 - [TEST_STEP][PASSED] - Statement - If (grouplist.get(i).getText().contains(storenumber.trim())): null

2018-06-04 17:50:18 - [TEST_STEP][PASSED] - Statement - println(grouplist.get(i).getText()): null

2018-06-04 17:50:18 - [TEST_STEP][PASSED] - Statement - If (grouplist.get(i).getText().contains(storenumber.trim())): null

2018-06-04 17:50:18 - [TEST_STEP][PASSED] - Statement - println(grouplist.get(i).getText()): null

2018-06-04 17:50:18 - [TEST_STEP][PASSED] - Statement - If (grouplist.get(i).getText().contains(storenumber.trim())): null

2018-06-04 17:50:18 - [TEST_STEP][PASSED] - Statement - println(grouplist.get(i).getText()): null

2018-06-04 17:50:18 - [TEST_STEP][PASSED] - Statement - If (grouplist.get(i).getText().contains(storenumber.trim())): null

2018-06-04 17:50:18 - [TEST_STEP][PASSED] - Statement - println(grouplist.get(i).getText()): null

2018-06-04 17:50:18 - [TEST_STEP][PASSED] - Statement - If (grouplist.get(i).getText().contains(storenumber.trim())): null

2018-06-04 17:50:18 - [TEST_STEP][PASSED] - Statement - println(grouplist.get(i).getText()): null

2018-06-04 17:50:18 - [TEST_STEP][PASSED] - Statement - If (grouplist.get(i).getText().contains(storenumber.trim())): null

2018-06-04 17:50:18 - [TEST_STEP][PASSED] - Statement - println(grouplist.get(i).getText()): null

2018-06-04 17:50:18 - [TEST_STEP][PASSED] - Statement - If (grouplist.get(i).getText().contains(storenumber.trim())): null

2018-06-04 17:50:18 - [TEST_STEP][PASSED] - Statement - println(grouplist.get(i).getText()): null

2018-06-04 17:50:18 - [TEST_STEP][PASSED] - Statement - If (grouplist.get(i).getText().contains(storenumber.trim())): null

2018-06-04 17:50:18 - [TEST_STEP][PASSED] - Statement - println(grouplist.get(i).getText()): null

2018-06-04 17:50:18 - [TEST_STEP][PASSED] - Statement - If (grouplist.get(i).getText().contains(storenumber.trim())): null

2018-06-04 17:50:18 - [TEST_STEP][PASSED] - Statement - println(grouplist.get(i).getText()): null

2018-06-04 17:50:18 - [TEST_STEP][PASSED] - Statement - If (grouplist.get(i).getText().contains(storenumber.trim())): null

2018-06-04 17:50:18 - [TEST_STEP][PASSED] - Statement - println(grouplist.get(i).getText()): null

2018-06-04 17:50:18 - [TEST_STEP][PASSED] - Statement - If (grouplist.get(i).getText().contains(storenumber.trim())): null

2018-06-04 17:50:18 - [TEST_STEP][PASSED] - Statement - println(grouplist.get(i).getText()): null

2018-06-04 17:50:18 - [TEST_STEP][PASSED] - Statement - If (grouplist.get(i).getText().contains(storenumber.trim())): null

2018-06-04 17:50:18 - [TEST_STEP][PASSED] - Statement - println(grouplist.get(i).getText()): null

2018-06-04 17:50:18 - [TEST_STEP][PASSED] - Statement - If (grouplist.get(i).getText().contains(storenumber.trim())): null

2018-06-04 17:50:18 - [TEST_STEP][PASSED] - Statement - println(grouplist.get(i).getText()): null

2018-06-04 17:50:18 - [TEST_STEP][PASSED] - Statement - If (grouplist.get(i).getText().contains(storenumber.trim())): null

2018-06-04 17:50:18 - [TEST_STEP][PASSED] - Statement - println(grouplist.get(i).getText()): null

2018-06-04 17:50:18 - [TEST_STEP][PASSED] - Statement - If (grouplist.get(i).getText().contains(storenumber.trim())): null

2018-06-04 17:50:18 - [TEST_STEP][PASSED] - Statement - println(grouplist.get(i).getText()): null

2018-06-04 17:50:18 - [TEST_STEP][PASSED] - Statement - If (grouplist.get(i).getText().contains(storenumber.trim())): null

2018-06-04 17:50:18 - [TEST_STEP][PASSED] - Statement - println(grouplist.get(i).getText()): null

2018-06-04 17:50:18 - [TEST_STEP][PASSED] - Statement - If (grouplist.get(i).getText().contains(storenumber.trim())): null

2018-06-04 17:50:18 - [TEST_STEP][PASSED] - Statement - println(grouplist.get(i).getText()): null

2018-06-04 17:50:18 - [TEST_STEP][PASSED] - Statement - If (grouplist.get(i).getText().contains(storenumber.trim())): null

2018-06-04 17:50:18 - [TEST_STEP][PASSED] - Statement - println(grouplist.get(i).getText()): null

2018-06-04 17:50:18 - [TEST_STEP][PASSED] - Statement - If (grouplist.get(i).getText().contains(storenumber.trim())): null

2018-06-04 17:50:18 - [TEST_STEP][PASSED] - Statement - println(grouplist.get(i).getText()): null

2018-06-04 17:50:18 - [TEST_STEP][PASSED] - Statement - If (grouplist.get(i).getText().contains(storenumber.trim())): null

2018-06-04 17:50:18 - [TEST_STEP][PASSED] - Statement - println(grouplist.get(i).getText()): null

2018-06-04 17:50:18 - [TEST_STEP][PASSED] - Statement - If (grouplist.get(i).getText().contains(storenumber.trim())): null

2018-06-04 17:50:18 - [TEST_STEP][PASSED] - Statement - println(grouplist.get(i).getText()): null

2018-06-04 17:50:18 - [TEST_STEP][PASSED] - Statement - If (grouplist.get(i).getText().contains(storenumber.trim())): null

2018-06-04 17:50:18 - [TEST_STEP][PASSED] - Statement - println(grouplist.get(i).getText()): null

2018-06-04 17:50:18 - [TEST_STEP][PASSED] - Statement - If (grouplist.get(i).getText().contains(storenumber.trim())): null

2018-06-04 17:50:18 - [TEST_STEP][PASSED] - Statement - println(grouplist.get(i).getText()): null

2018-06-04 17:50:18 - [TEST_STEP][PASSED] - Statement - If (grouplist.get(i).getText().contains(storenumber.trim())): null

2018-06-04 17:50:18 - [TEST_STEP][PASSED] - Statement - println(grouplist.get(i).getText()): null

2018-06-04 17:50:18 - [TEST_STEP][PASSED] - Statement - If (grouplist.get(i).getText().contains(storenumber.trim())): null

2018-06-04 17:50:18 - [TEST_STEP][PASSED] - Statement - println(grouplist.get(i).getText()): null

2018-06-04 17:50:18 - [TEST_STEP][PASSED] - Statement - If (grouplist.get(i).getText().contains(storenumber.trim())): null

2018-06-04 17:50:18 - [TEST_STEP][PASSED] - Statement - println(grouplist.get(i).getText()): null

2018-06-04 17:50:18 - [TEST_STEP][PASSED] - Statement - If (grouplist.get(i).getText().contains(storenumber.trim())): null

2018-06-04 17:50:18 - [TEST_STEP][PASSED] - Statement - println(grouplist.get(i).getText()): null

2018-06-04 17:50:18 - [TEST_STEP][PASSED] - Statement - If (grouplist.get(i).getText().contains(storenumber.trim())): null

2018-06-04 17:50:18 - [TEST_STEP][PASSED] - Statement - println(grouplist.get(i).getText()): null

2018-06-04 17:50:18 - [TEST_STEP][PASSED] - Statement - If (grouplist.get(i).getText().contains(storenumber.trim())): null

2018-06-04 17:50:18 - [TEST_STEP][PASSED] - Statement - println(grouplist.get(i).getText()): null

2018-06-04 17:50:18 - [TEST_STEP][PASSED] - Statement - If (grouplist.get(i).getText().contains(storenumber.trim())): null

2018-06-04 17:50:18 - [TEST_STEP][PASSED] - Statement - println(grouplist.get(i).getText()): null

2018-06-04 17:50:18 - [TEST_STEP][PASSED] - Statement - If (grouplist.get(i).getText().contains(storenumber.trim())): null

2018-06-04 17:50:18 - [TEST_STEP][PASSED] - Statement - println(grouplist.get(i).getText()): null

2018-06-04 17:50:18 - [TEST_STEP][PASSED] - Statement - If (grouplist.get(i).getText().contains(storenumber.trim())): null

2018-06-04 17:50:18 - [TEST_STEP][PASSED] - Statement - println(grouplist.get(i).getText()): null

2018-06-04 17:50:18 - [TEST_STEP][PASSED] - Statement - If (grouplist.get(i).getText().contains(storenumber.trim())): null

2018-06-04 17:50:18 - [TEST_STEP][PASSED] - Statement - println(grouplist.get(i).getText()): null

2018-06-04 17:50:19 - [TEST_STEP][PASSED] - Statement - If (grouplist.get(i).getText().contains(storenumber.trim())): null

2018-06-04 17:50:19 - [TEST_STEP][PASSED] - Statement - println(grouplist.get(i).getText()): null

2018-06-04 17:50:19 - [TEST_STEP][PASSED] - Statement - If (grouplist.get(i).getText().contains(storenumber.trim())): null

2018-06-04 17:50:19 - [TEST_STEP][PASSED] - Statement - println(grouplist.get(i).getText()): null

2018-06-04 17:50:19 - [TEST_STEP][PASSED] - Statement - If (grouplist.get(i).getText().contains(storenumber.trim())): null

2018-06-04 17:50:19 - [TEST_STEP][PASSED] - Statement - println(grouplist.get(i).getText()): null

2018-06-04 17:50:19 - [TEST_STEP][PASSED] - Statement - If (grouplist.get(i).getText().contains(storenumber.trim())): null

2018-06-04 17:50:19 - [TEST_STEP][PASSED] - Statement - println(grouplist.get(i).getText()): null

2018-06-04 17:50:19 - [TEST_STEP][PASSED] - Statement - If (grouplist.get(i).getText().contains(storenumber.trim())): null

2018-06-04 17:50:19 - [TEST_STEP][PASSED] - Statement - println(grouplist.get(i).getText()): null

2018-06-04 17:50:19 - [TEST_STEP][PASSED] - Statement - If (grouplist.get(i).getText().contains(storenumber.trim())): null

2018-06-04 17:50:19 - [TEST_STEP][PASSED] - Statement - println(grouplist.get(i).getText()): null

2018-06-04 17:50:19 - [TEST_STEP][PASSED] - Statement - If (grouplist.get(i).getText().contains(storenumber.trim())): null

2018-06-04 17:50:19 - [TEST_STEP][PASSED] - Statement - println(grouplist.get(i).getText()): null

2018-06-04 17:50:19 - [TEST_STEP][PASSED] - Statement - If (grouplist.get(i).getText().contains(storenumber.trim())): null

2018-06-04 17:50:19 - [TEST_STEP][PASSED] - Statement - println(grouplist.get(i).getText()): null

2018-06-04 17:50:19 - [TEST_STEP][PASSED] - Statement - If (grouplist.get(i).getText().contains(storenumber.trim())): null

2018-06-04 17:50:19 - [TEST_STEP][PASSED] - Statement - println(grouplist.get(i).getText()): null

2018-06-04 17:50:19 - [TEST_STEP][PASSED] - Statement - If (grouplist.get(i).getText().contains(storenumber.trim())): null

2018-06-04 17:50:19 - [TEST_STEP][PASSED] - Statement - println(grouplist.get(i).getText()): null

2018-06-04 17:50:19 - [TEST_STEP][PASSED] - Statement - If (grouplist.get(i).getText().contains(storenumber.trim())): null

2018-06-04 17:50:19 - [TEST_STEP][PASSED] - Statement - println(grouplist.get(i).getText()): null

2018-06-04 17:50:19 - [TEST_STEP][PASSED] - Statement - If (grouplist.get(i).getText().contains(storenumber.trim())): null

2018-06-04 17:50:19 - [TEST_STEP][PASSED] - Statement - println(grouplist.get(i).getText()): null

2018-06-04 17:50:19 - [TEST_STEP][PASSED] - Statement - If (grouplist.get(i).getText().contains(storenumber.trim())): null

2018-06-04 17:50:19 - [TEST_STEP][PASSED] - Statement - println(grouplist.get(i).getText()): null

2018-06-04 17:50:19 - [TEST_STEP][PASSED] - Statement - If (grouplist.get(i).getText().contains(storenumber.trim())): null

2018-06-04 17:50:19 - [TEST_STEP][PASSED] - Statement - println(grouplist.get(i).getText()): null

2018-06-04 17:50:19 - [TEST_STEP][PASSED] - Statement - If (grouplist.get(i).getText().contains(storenumber.trim())): null

2018-06-04 17:50:19 - [TEST_STEP][PASSED] - Statement - println(grouplist.get(i).getText()): null

2018-06-04 17:50:19 - [TEST_STEP][PASSED] - Statement - If (grouplist.get(i).getText().contains(storenumber.trim())): null

2018-06-04 17:50:19 - [TEST_STEP][PASSED] - Statement - println(grouplist.get(i).getText()): null

2018-06-04 17:50:19 - [TEST_STEP][PASSED] - Statement - If (grouplist.get(i).getText().contains(storenumber.trim())): null

2018-06-04 17:50:19 - [TEST_STEP][PASSED] - Statement - println(grouplist.get(i).getText()): null

2018-06-04 17:50:19 - [TEST_STEP][PASSED] - Statement - If (grouplist.get(i).getText().contains(storenumber.trim())): null

2018-06-04 17:50:19 - [TEST_STEP][PASSED] - Statement - println(grouplist.get(i).getText()): null

2018-06-04 17:50:19 - [TEST_STEP][PASSED] - Statement - If (grouplist.get(i).getText().contains(storenumber.trim())): null

2018-06-04 17:50:19 - [TEST_STEP][PASSED] - Statement - println(grouplist.get(i).getText()): null

2018-06-04 17:50:19 - [TEST_STEP][PASSED] - Statement - If (grouplist.get(i).getText().contains(storenumber.trim())): null

2018-06-04 17:50:19 - [TEST_STEP][PASSED] - Statement - println(grouplist.get(i).getText()): null

2018-06-04 17:50:19 - [TEST_STEP][PASSED] - Statement - If (grouplist.get(i).getText().contains(storenumber.trim())): null

2018-06-04 17:50:19 - [TEST_STEP][PASSED] - Statement - println(grouplist.get(i).getText()): null

2018-06-04 17:50:19 - [TEST_STEP][PASSED] - Statement - If (grouplist.get(i).getText().contains(storenumber.trim())): null

2018-06-04 17:50:19 - [TEST_STEP][PASSED] - Statement - println(grouplist.get(i).getText()): null

2018-06-04 17:50:19 - [TEST_STEP][PASSED] - Statement - If (grouplist.get(i).getText().contains(storenumber.trim())): null

2018-06-04 17:50:19 - [TEST_STEP][PASSED] - Statement - println(grouplist.get(i).getText()): null

2018-06-04 17:50:19 - [TEST_STEP][PASSED] - Statement - If (grouplist.get(i).getText().contains(storenumber.trim())): null

2018-06-04 17:50:19 - [TEST_STEP][PASSED] - Statement - println(grouplist.get(i).getText()): null

2018-06-04 17:50:19 - [TEST_STEP][PASSED] - Statement - If (grouplist.get(i).getText().contains(storenumber.trim())): null

2018-06-04 17:50:19 - [TEST_STEP][PASSED] - Statement - println(grouplist.get(i).getText()): null

2018-06-04 17:50:19 - [TEST_STEP][PASSED] - Statement - If (grouplist.get(i).getText().contains(storenumber.trim())): null

2018-06-04 17:50:19 - [TEST_STEP][PASSED] - Statement - println(grouplist.get(i).getText()): null

2018-06-04 17:50:19 - [TEST_STEP][PASSED] - Statement - If (grouplist.get(i).getText().contains(storenumber.trim())): null

2018-06-04 17:50:19 - [TEST_STEP][PASSED] - Statement - println(grouplist.get(i).getText()): null

2018-06-04 17:50:19 - [TEST_STEP][PASSED] - Statement - If (grouplist.get(i).getText().contains(storenumber.trim())): null

2018-06-04 17:50:19 - [TEST_STEP][PASSED] - Statement - println(grouplist.get(i).getText()): null

2018-06-04 17:50:19 - [TEST_STEP][PASSED] - Statement - If (grouplist.get(i).getText().contains(storenumber.trim())): null

2018-06-04 17:50:19 - [TEST_STEP][PASSED] - Statement - println(grouplist.get(i).getText()): null

2018-06-04 17:50:19 - [TEST_STEP][PASSED] - Statement - If (grouplist.get(i).getText().contains(storenumber.trim())): null

2018-06-04 17:50:19 - [TEST_STEP][PASSED] - Statement - println(grouplist.get(i).getText()): null

2018-06-04 17:50:19 - [TEST_STEP][PASSED] - Statement - If (grouplist.get(i).getText().contains(storenumber.trim())): null

2018-06-04 17:50:19 - [TEST_STEP][PASSED] - Statement - println(grouplist.get(i).getText()): null

2018-06-04 17:50:19 - [TEST_STEP][PASSED] - Statement - If (grouplist.get(i).getText().contains(storenumber.trim())): null

2018-06-04 17:50:19 - [TEST_STEP][PASSED] - Statement - println(grouplist.get(i).getText()): null

2018-06-04 17:50:19 - [TEST_STEP][PASSED] - Statement - If (grouplist.get(i).getText().contains(storenumber.trim())): null

2018-06-04 17:50:19 - [TEST_STEP][PASSED] - Statement - println(grouplist.get(i).getText()): null

2018-06-04 17:50:19 - [TEST_STEP][PASSED] - Statement - If (grouplist.get(i).getText().contains(storenumber.trim())): null

2018-06-04 17:50:19 - [TEST_STEP][PASSED] - delay: Delayed 10 second(s)

2018-06-04 17:50:29 - [MESSAGE][PASSED] - Delayed 10 second(s)

2018-06-04 17:50:29 - [TEST_STEP][PASSED] - uiaction.CommonUIActions.click: uiaction.CommonUIActions.click is PASSED

2018-06-04 17:50:29 - [MESSAGE][PASSED] - uiaction.CommonUIActions.click is PASSED

2018-06-04 17:50:29 - [TEST_STEP][PASSED] - uiaction.CommonUIActions.click: uiaction.CommonUIActions.click is PASSED

2018-06-04 17:50:30 - [MESSAGE][PASSED] - uiaction.CommonUIActions.click is PASSED

2018-06-04 17:50:30 - [TEST_STEP][PASSED] - delay: Delayed 10 second(s)

2018-06-04 17:50:40 - [MESSAGE][PASSED] - Delayed 10 second(s)

2018-06-04 17:50:40 - [TEST_STEP][PASSED] - uiaction.CommonUIActions.click: uiaction.CommonUIActions.click is PASSED

2018-06-04 17:50:40 - [MESSAGE][PASSED] - uiaction.CommonUIActions.click is PASSED

2018-06-04 17:50:40 - [TEST_STEP][PASSED] - delay: Delayed 10 second(s)

2018-06-04 17:50:50 - [MESSAGE][PASSED] - Delayed 10 second(s)

2018-06-04 17:50:50 - [TEST_STEP][PASSED] - Statement - driver.findElement(org.openqa.selenium.By.xpath("//span[contains(text(),'" + groupmain + "')]/../../../../span[1]")).click(): null

2018-06-04 17:50:50 - [TEST_STEP][PASSED] - Statement - Catch (Exception e): null

2018-06-04 17:50:50 - [TEST_STEP][PASSED] - Statement - e.printStackTrace(): null

2018-06-04 17:50:50 - [TEST_STEP][PASSED] - Statement - println("Exception of element not found"): null

2018-06-04 17:50:50 - [TEST_STEP][PASSED] - Statement - If (TCflag): null

2018-06-04 17:50:50 - [TEST_STEP][PASSED] - Statement - assert TCflag == true: null

2018-06-04 17:50:50 - [TEST_STEP][PASSED] - Start listener action : sampleAfterTestCase: Browser is closed

2018-06-04 17:50:50 - [TEST_STEP][PASSED] - Statement - println(testCaseContext.getTestCaseId()): null

2018-06-04 17:50:50 - [TEST_STEP][PASSED] - Statement - println(testCaseContext.getTestCaseStatus()): null

2018-06-04 17:50:50 - [TEST_STEP][PASSED] - closeBrowser: Browser is closed

2018-06-04 17:50:50 - [MESSAGE][PASSED] - Browser is closed]]></system-out>
         <system-err><![CDATA[2018-06-04 17:46:43 - [TEST_CASE][FAILED] - Test Cases/SummaryReportsTC/HME-Summary Report-06: Test Cases/SummaryReportsTC/HME-Summary Report-06 FAILED because (of) Unable to set text 'selvendrank@nousinfo.com' of object 'Object Repository/LoginPage/Username' (Root cause: com.kms.katalon.core.webui.exception.WebElementNotFoundException: Web element with id: 'Object Repository/LoginPage/Username' located by 'By.xpath: //*[@id="Content"]/div/div/form/table/tbody/tr[1]/td/input


' not found)]]></system-err>
      </testcase>
      <testcase name="Test Cases/SummaryReportsTC/HME-Summary Report-02" classname="Test Cases/SummaryReportsTC/HME-Summary Report-02" status="FAILED">
         <failure type="FAILED" message="org.codehaus.groovy.runtime.powerassert.PowerAssertionError: assert TCflag==true
       |     |
       false false"/>
         <system-out><![CDATA[2018-06-04 17:50:50 - [TEST_CASE][FAILED] - Test Cases/SummaryReportsTC/HME-Summary Report-02: Test Cases/SummaryReportsTC/HME-Summary Report-02 FAILED because (of) org.codehaus.groovy.runtime.powerassert.PowerAssertionError: assert TCflag==true
       |     |
       false false

2018-06-04 17:50:50 - [TEST_STEP][PASSED] - Start listener action : sampleBeforeTestCase: Current window maximized

2018-06-04 17:50:50 - [TEST_STEP][PASSED] - openBrowser: Browser is opened with url: ''

2018-06-04 17:50:52 - [MESSAGE][PASSED] - Browser is opened with url: ''

2018-06-04 17:50:52 - [TEST_STEP][PASSED] - maximizeWindow: Current window maximized

2018-06-04 17:50:54 - [MESSAGE][PASSED] - Current window maximized

2018-06-04 17:50:54 - [TEST_STEP][PASSED] - Statement - TCflag = true: null

2018-06-04 17:50:54 - [TEST_STEP][PASSED] - Statement - Try: null

2018-06-04 17:50:54 - [TEST_STEP][PASSED] - navigateToUrl: Navigate to 'https://hme-dev-public-cloud-app.azurewebsites.net/' successfully

2018-06-04 17:51:03 - [MESSAGE][PASSED] - Navigate to 'https://hme-dev-public-cloud-app.azurewebsites.net/' successfully

2018-06-04 17:51:03 - [TEST_STEP][PASSED] - projectSpecific.Reusability.login: projectSpecific.Reusability.login is PASSED

2018-06-04 17:51:03 - [MESSAGE][PASSED] - projectSpecific.Reusability.getTestData is PASSED

2018-06-04 17:51:03 - [MESSAGE][PASSED] - projectSpecific.Reusability.getTestData is PASSED

2018-06-04 17:51:03 - [MESSAGE][PASSED] - Text 'selvendrank@nousinfo.com' is set on object 'Object Repository/LoginPage/Username'

2018-06-04 17:51:03 - [MESSAGE][PASSED] - Text 'nous;123' is set on object 'Object Repository/LoginPage/Password'

2018-06-04 17:51:03 - [MESSAGE][PASSED] - Object: 'Object Repository/LoginPage/Login' is clicked on

2018-06-04 17:51:03 - [MESSAGE][PASSED] - projectSpecific.Reusability.login is PASSED

2018-06-04 17:51:03 - [TEST_STEP][PASSED] - delay: Delayed 15 second(s)

2018-06-04 17:51:18 - [MESSAGE][PASSED] - Delayed 15 second(s)

2018-06-04 17:51:18 - [TEST_STEP][PASSED] - delay: Delayed 15 second(s)

2018-06-04 17:51:33 - [MESSAGE][PASSED] - Delayed 15 second(s)

2018-06-04 17:51:33 - [TEST_STEP][PASSED] - uiaction.CommonUIActions.click: uiaction.CommonUIActions.click is PASSED

2018-06-04 17:51:36 - [MESSAGE][PASSED] - uiaction.CommonUIActions.click is PASSED

2018-06-04 17:51:36 - [TEST_STEP][PASSED] - uiaction.CommonUIActions.click: uiaction.CommonUIActions.click is PASSED

2018-06-04 17:51:36 - [MESSAGE][PASSED] - uiaction.CommonUIActions.click is PASSED

2018-06-04 17:51:36 - [TEST_STEP][PASSED] - uiaction.CommonUIActions.click: uiaction.CommonUIActions.click is PASSED

2018-06-04 17:51:36 - [MESSAGE][PASSED] - uiaction.CommonUIActions.click is PASSED

2018-06-04 17:51:36 - [TEST_STEP][PASSED] - uiaction.CommonUIActions.enter: uiaction.CommonUIActions.enter is PASSED

2018-06-04 17:51:36 - [MESSAGE][PASSED] - projectSpecific.Reusability.getTestData is PASSED

2018-06-04 17:51:37 - [MESSAGE][PASSED] - uiaction.CommonUIActions.enter is PASSED

2018-06-04 17:51:37 - [TEST_STEP][PASSED] - uiaction.CommonUIActions.enter: uiaction.CommonUIActions.enter is PASSED

2018-06-04 17:51:37 - [MESSAGE][PASSED] - projectSpecific.Reusability.getTestData is PASSED

2018-06-04 17:51:37 - [MESSAGE][PASSED] - uiaction.CommonUIActions.enter is PASSED

2018-06-04 17:51:37 - [TEST_STEP][PASSED] - delay: Delayed 10 second(s)

2018-06-04 17:51:47 - [MESSAGE][PASSED] - Delayed 10 second(s)

2018-06-04 17:51:47 - [TEST_STEP][PASSED] - Statement - driver = com.kms.katalon.core.webui.driver.DriverFactory.getWebDriver(): null

2018-06-04 17:51:47 - [TEST_STEP][PASSED] - Statement - grouplist = driver.findElements(org.openqa.selenium.By.xpath("//ul[@class='unlinked-grouplist']/li")): null

2018-06-04 17:51:47 - [TEST_STEP][PASSED] - delay: Delayed 5 second(s)

2018-06-04 17:51:52 - [MESSAGE][PASSED] - Delayed 5 second(s)

2018-06-04 17:51:52 - [TEST_STEP][PASSED] - Statement - pattern = java.util.regex.Pattern.compile("[0-9]+"): null

2018-06-04 17:51:52 - [TEST_STEP][PASSED] - Statement - store_count = 1: null

2018-06-04 17:51:52 - [TEST_STEP][PASSED] - Statement - For ([i = 0, i < 20, (i++)]): null

2018-06-04 17:51:52 - [TEST_STEP][PASSED] - Statement - println(grouplist.get(i).getText()): null

2018-06-04 17:51:52 - [TEST_STEP][PASSED] - Statement - txt = grouplist.get(i).getText(): null

2018-06-04 17:51:52 - [TEST_STEP][PASSED] - Statement - matched = pattern.matcher(txt).matches(): null

2018-06-04 17:51:52 - [TEST_STEP][PASSED] - Statement - If (matched): null

2018-06-04 17:51:52 - [TEST_STEP][PASSED] - Statement - println(grouplist.get(i).getText()): null

2018-06-04 17:51:52 - [TEST_STEP][PASSED] - Statement - txt = grouplist.get(i).getText(): null

2018-06-04 17:51:52 - [TEST_STEP][PASSED] - Statement - matched = pattern.matcher(txt).matches(): null

2018-06-04 17:51:52 - [TEST_STEP][PASSED] - Statement - If (matched): null

2018-06-04 17:51:52 - [TEST_STEP][PASSED] - Statement - println(grouplist.get(i).getText()): null

2018-06-04 17:51:52 - [TEST_STEP][PASSED] - Statement - txt = grouplist.get(i).getText(): null

2018-06-04 17:51:52 - [TEST_STEP][PASSED] - Statement - matched = pattern.matcher(txt).matches(): null

2018-06-04 17:51:52 - [TEST_STEP][PASSED] - Statement - If (matched): null

2018-06-04 17:51:52 - [TEST_STEP][PASSED] - Statement - println(grouplist.get(i).getText()): null

2018-06-04 17:51:52 - [TEST_STEP][PASSED] - Statement - txt = grouplist.get(i).getText(): null

2018-06-04 17:51:52 - [TEST_STEP][PASSED] - Statement - matched = pattern.matcher(txt).matches(): null

2018-06-04 17:51:52 - [TEST_STEP][PASSED] - Statement - If (matched): null

2018-06-04 17:51:52 - [TEST_STEP][PASSED] - Statement - println(grouplist.get(i).getText()): null

2018-06-04 17:51:52 - [TEST_STEP][PASSED] - Statement - txt = grouplist.get(i).getText(): null

2018-06-04 17:51:52 - [TEST_STEP][PASSED] - Statement - matched = pattern.matcher(txt).matches(): null

2018-06-04 17:51:52 - [TEST_STEP][PASSED] - Statement - If (matched): null

2018-06-04 17:51:52 - [TEST_STEP][PASSED] - Statement - println(grouplist.get(i).getText()): null

2018-06-04 17:51:52 - [TEST_STEP][PASSED] - Statement - txt = grouplist.get(i).getText(): null

2018-06-04 17:51:52 - [TEST_STEP][PASSED] - Statement - matched = pattern.matcher(txt).matches(): null

2018-06-04 17:51:52 - [TEST_STEP][PASSED] - Statement - If (matched): null

2018-06-04 17:51:52 - [TEST_STEP][PASSED] - Statement - println(grouplist.get(i).getText()): null

2018-06-04 17:51:52 - [TEST_STEP][PASSED] - Statement - txt = grouplist.get(i).getText(): null

2018-06-04 17:51:52 - [TEST_STEP][PASSED] - Statement - matched = pattern.matcher(txt).matches(): null

2018-06-04 17:51:52 - [TEST_STEP][PASSED] - Statement - If (matched): null

2018-06-04 17:51:52 - [TEST_STEP][PASSED] - Statement - println(grouplist.get(i).getText()): null

2018-06-04 17:51:52 - [TEST_STEP][PASSED] - Statement - txt = grouplist.get(i).getText(): null

2018-06-04 17:51:52 - [TEST_STEP][PASSED] - Statement - matched = pattern.matcher(txt).matches(): null

2018-06-04 17:51:52 - [TEST_STEP][PASSED] - Statement - If (matched): null

2018-06-04 17:51:52 - [TEST_STEP][PASSED] - Statement - println(grouplist.get(i).getText()): null

2018-06-04 17:51:52 - [TEST_STEP][PASSED] - Statement - txt = grouplist.get(i).getText(): null

2018-06-04 17:51:52 - [TEST_STEP][PASSED] - Statement - matched = pattern.matcher(txt).matches(): null

2018-06-04 17:51:52 - [TEST_STEP][PASSED] - Statement - If (matched): null

2018-06-04 17:51:52 - [TEST_STEP][PASSED] - Statement - println(grouplist.get(i).getText()): null

2018-06-04 17:51:52 - [TEST_STEP][PASSED] - Statement - txt = grouplist.get(i).getText(): null

2018-06-04 17:51:52 - [TEST_STEP][PASSED] - Statement - matched = pattern.matcher(txt).matches(): null

2018-06-04 17:51:52 - [TEST_STEP][PASSED] - Statement - If (matched): null

2018-06-04 17:51:52 - [TEST_STEP][PASSED] - Statement - driver.findElement(org.openqa.selenium.By.xpath("(//ul[@class='unlinked-grouplist']/li/label)[" + i + 1 + "]")).click(): null

2018-06-04 17:51:52 - [TEST_STEP][PASSED] - Statement - (store_count++): null

2018-06-04 17:51:52 - [TEST_STEP][PASSED] - Statement - println(grouplist.get(i).getText()): null

2018-06-04 17:51:52 - [TEST_STEP][PASSED] - Statement - txt = grouplist.get(i).getText(): null

2018-06-04 17:51:52 - [TEST_STEP][PASSED] - Statement - matched = pattern.matcher(txt).matches(): null

2018-06-04 17:51:52 - [TEST_STEP][PASSED] - Statement - If (matched): null

2018-06-04 17:51:52 - [TEST_STEP][PASSED] - Statement - driver.findElement(org.openqa.selenium.By.xpath("(//ul[@class='unlinked-grouplist']/li/label)[" + i + 1 + "]")).click(): null

2018-06-04 17:51:52 - [TEST_STEP][PASSED] - Statement - (store_count++): null

2018-06-04 17:51:52 - [TEST_STEP][PASSED] - Statement - println(grouplist.get(i).getText()): null

2018-06-04 17:51:52 - [TEST_STEP][PASSED] - Statement - txt = grouplist.get(i).getText(): null

2018-06-04 17:51:52 - [TEST_STEP][PASSED] - Statement - matched = pattern.matcher(txt).matches(): null

2018-06-04 17:51:52 - [TEST_STEP][PASSED] - Statement - If (matched): null

2018-06-04 17:51:52 - [TEST_STEP][PASSED] - Statement - driver.findElement(org.openqa.selenium.By.xpath("(//ul[@class='unlinked-grouplist']/li/label)[" + i + 1 + "]")).click(): null

2018-06-04 17:51:52 - [TEST_STEP][PASSED] - Statement - (store_count++): null

2018-06-04 17:51:52 - [TEST_STEP][PASSED] - Statement - println(grouplist.get(i).getText()): null

2018-06-04 17:51:52 - [TEST_STEP][PASSED] - Statement - txt = grouplist.get(i).getText(): null

2018-06-04 17:51:52 - [TEST_STEP][PASSED] - Statement - matched = pattern.matcher(txt).matches(): null

2018-06-04 17:51:52 - [TEST_STEP][PASSED] - Statement - If (matched): null

2018-06-04 17:51:52 - [TEST_STEP][PASSED] - Statement - driver.findElement(org.openqa.selenium.By.xpath("(//ul[@class='unlinked-grouplist']/li/label)[" + i + 1 + "]")).click(): null

2018-06-04 17:51:52 - [TEST_STEP][PASSED] - Statement - (store_count++): null

2018-06-04 17:51:52 - [TEST_STEP][PASSED] - Statement - println(grouplist.get(i).getText()): null

2018-06-04 17:51:52 - [TEST_STEP][PASSED] - Statement - txt = grouplist.get(i).getText(): null

2018-06-04 17:51:52 - [TEST_STEP][PASSED] - Statement - matched = pattern.matcher(txt).matches(): null

2018-06-04 17:51:52 - [TEST_STEP][PASSED] - Statement - If (matched): null

2018-06-04 17:51:52 - [TEST_STEP][PASSED] - Statement - driver.findElement(org.openqa.selenium.By.xpath("(//ul[@class='unlinked-grouplist']/li/label)[" + i + 1 + "]")).click(): null

2018-06-04 17:51:52 - [TEST_STEP][PASSED] - Statement - (store_count++): null

2018-06-04 17:51:52 - [TEST_STEP][PASSED] - Statement - println(grouplist.get(i).getText()): null

2018-06-04 17:51:52 - [TEST_STEP][PASSED] - Statement - txt = grouplist.get(i).getText(): null

2018-06-04 17:51:52 - [TEST_STEP][PASSED] - Statement - matched = pattern.matcher(txt).matches(): null

2018-06-04 17:51:52 - [TEST_STEP][PASSED] - Statement - If (matched): null

2018-06-04 17:51:52 - [TEST_STEP][PASSED] - Statement - driver.findElement(org.openqa.selenium.By.xpath("(//ul[@class='unlinked-grouplist']/li/label)[" + i + 1 + "]")).click(): null

2018-06-04 17:51:53 - [TEST_STEP][PASSED] - Statement - (store_count++): null

2018-06-04 17:51:53 - [TEST_STEP][PASSED] - Statement - println(grouplist.get(i).getText()): null

2018-06-04 17:51:53 - [TEST_STEP][PASSED] - Statement - txt = grouplist.get(i).getText(): null

2018-06-04 17:51:53 - [TEST_STEP][PASSED] - Statement - matched = pattern.matcher(txt).matches(): null

2018-06-04 17:51:53 - [TEST_STEP][PASSED] - Statement - If (matched): null

2018-06-04 17:51:53 - [TEST_STEP][PASSED] - Statement - driver.findElement(org.openqa.selenium.By.xpath("(//ul[@class='unlinked-grouplist']/li/label)[" + i + 1 + "]")).click(): null

2018-06-04 17:51:53 - [TEST_STEP][PASSED] - Statement - (store_count++): null

2018-06-04 17:51:53 - [TEST_STEP][PASSED] - Statement - println(grouplist.get(i).getText()): null

2018-06-04 17:51:53 - [TEST_STEP][PASSED] - Statement - txt = grouplist.get(i).getText(): null

2018-06-04 17:51:53 - [TEST_STEP][PASSED] - Statement - matched = pattern.matcher(txt).matches(): null

2018-06-04 17:51:53 - [TEST_STEP][PASSED] - Statement - If (matched): null

2018-06-04 17:51:53 - [TEST_STEP][PASSED] - Statement - driver.findElement(org.openqa.selenium.By.xpath("(//ul[@class='unlinked-grouplist']/li/label)[" + i + 1 + "]")).click(): null

2018-06-04 17:51:53 - [TEST_STEP][PASSED] - Statement - (store_count++): null

2018-06-04 17:51:53 - [TEST_STEP][PASSED] - Statement - println(grouplist.get(i).getText()): null

2018-06-04 17:51:53 - [TEST_STEP][PASSED] - Statement - txt = grouplist.get(i).getText(): null

2018-06-04 17:51:53 - [TEST_STEP][PASSED] - Statement - matched = pattern.matcher(txt).matches(): null

2018-06-04 17:51:53 - [TEST_STEP][PASSED] - Statement - If (matched): null

2018-06-04 17:51:53 - [TEST_STEP][PASSED] - Statement - driver.findElement(org.openqa.selenium.By.xpath("(//ul[@class='unlinked-grouplist']/li/label)[" + i + 1 + "]")).click(): null

2018-06-04 17:51:53 - [TEST_STEP][PASSED] - Statement - (store_count++): null

2018-06-04 17:51:53 - [TEST_STEP][PASSED] - Statement - println(grouplist.get(i).getText()): null

2018-06-04 17:51:53 - [TEST_STEP][PASSED] - Statement - txt = grouplist.get(i).getText(): null

2018-06-04 17:51:53 - [TEST_STEP][PASSED] - Statement - matched = pattern.matcher(txt).matches(): null

2018-06-04 17:51:53 - [TEST_STEP][PASSED] - Statement - If (matched): null

2018-06-04 17:51:53 - [TEST_STEP][PASSED] - Statement - driver.findElement(org.openqa.selenium.By.xpath("(//ul[@class='unlinked-grouplist']/li/label)[" + i + 1 + "]")).click(): null

2018-06-04 17:51:53 - [TEST_STEP][PASSED] - Statement - (store_count++): null

2018-06-04 17:51:53 - [TEST_STEP][PASSED] - Statement - println(grouplist.get(i).getText()): null

2018-06-04 17:51:53 - [TEST_STEP][PASSED] - Statement - txt = grouplist.get(i).getText(): null

2018-06-04 17:51:53 - [TEST_STEP][PASSED] - Statement - matched = pattern.matcher(txt).matches(): null

2018-06-04 17:51:53 - [TEST_STEP][PASSED] - Statement - If (matched): null

2018-06-04 17:51:53 - [TEST_STEP][PASSED] - Statement - driver.findElement(org.openqa.selenium.By.xpath("(//ul[@class='unlinked-grouplist']/li/label)[" + i + 1 + "]")).click(): null

2018-06-04 17:51:53 - [TEST_STEP][PASSED] - Statement - (store_count++): null

2018-06-04 17:51:53 - [TEST_STEP][PASSED] - Statement - driver.findElement(org.openqa.selenium.By.xpath("//button[contains(text(),'>')]")).click(): null

2018-06-04 17:51:53 - [TEST_STEP][PASSED] - uiaction.CommonUIActions.click: uiaction.CommonUIActions.click is PASSED

2018-06-04 17:51:53 - [MESSAGE][PASSED] - uiaction.CommonUIActions.click is PASSED

2018-06-04 17:51:53 - [TEST_STEP][PASSED] - delay: Delayed 5 second(s)

2018-06-04 17:51:58 - [MESSAGE][PASSED] - Delayed 5 second(s)

2018-06-04 17:51:58 - [TEST_STEP][PASSED] - uiaction.CommonUIActions.click: uiaction.CommonUIActions.click is PASSED

2018-06-04 17:51:58 - [MESSAGE][PASSED] - uiaction.CommonUIActions.click is PASSED

2018-06-04 17:51:58 - [TEST_STEP][PASSED] - delay: Delayed 10 second(s)

2018-06-04 17:52:08 - [MESSAGE][PASSED] - Delayed 10 second(s)

2018-06-04 17:52:08 - [TEST_STEP][PASSED] - Statement - groupmain = CustomKeywords.projectSpecific.Reusability.getTestData("ReportingGroupManagementPage", "dummyGroupName1"): projectSpecific.Reusability.getTestData is PASSED

2018-06-04 17:52:08 - [MESSAGE][PASSED] - projectSpecific.Reusability.getTestData is PASSED

2018-06-04 17:52:08 - [TEST_STEP][PASSED] - Statement - driver.findElement(org.openqa.selenium.By.xpath("//span[contains(text(),'" + groupmain + "')]/../../../../span[2]")).click(): null

2018-06-04 17:52:08 - [TEST_STEP][PASSED] - Statement - Catch (Exception e): null

2018-06-04 17:52:08 - [TEST_STEP][PASSED] - Statement - e.printStackTrace(): null

2018-06-04 17:52:08 - [TEST_STEP][PASSED] - Statement - println("Exception of element not found"): null

2018-06-04 17:52:08 - [TEST_STEP][PASSED] - Statement - If (TCflag): null

2018-06-04 17:52:08 - [TEST_STEP][PASSED] - Statement - assert TCflag == true: null

2018-06-04 17:52:08 - [TEST_STEP][PASSED] - Start listener action : sampleAfterTestCase: Browser is closed

2018-06-04 17:52:08 - [TEST_STEP][PASSED] - Statement - println(testCaseContext.getTestCaseId()): null

2018-06-04 17:52:08 - [TEST_STEP][PASSED] - Statement - println(testCaseContext.getTestCaseStatus()): null

2018-06-04 17:52:08 - [TEST_STEP][PASSED] - closeBrowser: Browser is closed

2018-06-04 17:52:09 - [MESSAGE][PASSED] - Browser is closed]]></system-out>
         <system-err><![CDATA[2018-06-04 17:50:50 - [TEST_CASE][FAILED] - Test Cases/SummaryReportsTC/HME-Summary Report-02: Test Cases/SummaryReportsTC/HME-Summary Report-02 FAILED because (of) org.codehaus.groovy.runtime.powerassert.PowerAssertionError: assert TCflag==true
       |     |
       false false]]></system-err>
      </testcase>
      <testcase name="Test Cases/SummaryReportsTC/HME-Summary Report-16" classname="Test Cases/SummaryReportsTC/HME-Summary Report-16" status="FAILED">
         <failure type="FAILED" message="org.codehaus.groovy.runtime.powerassert.PowerAssertionError: assert TCflag==true
       |     |
       false false"/>
         <system-out><![CDATA[2018-06-04 17:52:09 - [TEST_CASE][FAILED] - Test Cases/SummaryReportsTC/HME-Summary Report-16: Test Cases/SummaryReportsTC/HME-Summary Report-16 FAILED because (of) org.codehaus.groovy.runtime.powerassert.PowerAssertionError: assert TCflag==true
       |     |
       false false

2018-06-04 17:52:09 - [TEST_STEP][PASSED] - Start listener action : sampleBeforeTestCase: Current window maximized

2018-06-04 17:52:09 - [TEST_STEP][PASSED] - openBrowser: Browser is opened with url: ''

2018-06-04 17:52:11 - [MESSAGE][PASSED] - Browser is opened with url: ''

2018-06-04 17:52:11 - [TEST_STEP][PASSED] - maximizeWindow: Current window maximized

2018-06-04 17:52:12 - [MESSAGE][PASSED] - Current window maximized

2018-06-04 17:52:12 - [TEST_STEP][PASSED] - Statement - TCflag = true: null

2018-06-04 17:52:12 - [TEST_STEP][PASSED] - Statement - Try: null

2018-06-04 17:52:12 - [TEST_STEP][PASSED] - navigateToUrl: Navigate to 'https://hme-dev-public-cloud-app.azurewebsites.net/' successfully

2018-06-04 17:52:18 - [MESSAGE][PASSED] - Navigate to 'https://hme-dev-public-cloud-app.azurewebsites.net/' successfully

2018-06-04 17:52:18 - [TEST_STEP][PASSED] - delay: Delayed 15 second(s)

2018-06-04 17:52:33 - [MESSAGE][PASSED] - Delayed 15 second(s)

2018-06-04 17:52:33 - [TEST_STEP][PASSED] - projectSpecific.Reusability.login: projectSpecific.Reusability.login is PASSED

2018-06-04 17:52:33 - [MESSAGE][PASSED] - projectSpecific.Reusability.getTestData is PASSED

2018-06-04 17:52:33 - [MESSAGE][PASSED] - projectSpecific.Reusability.getTestData is PASSED

2018-06-04 17:52:33 - [MESSAGE][PASSED] - Text 'selvendrank@nousinfo.com' is set on object 'Object Repository/LoginPage/Username'

2018-06-04 17:52:33 - [MESSAGE][PASSED] - Text 'nous;123' is set on object 'Object Repository/LoginPage/Password'

2018-06-04 17:52:33 - [MESSAGE][PASSED] - Object: 'Object Repository/LoginPage/Login' is clicked on

2018-06-04 17:52:33 - [MESSAGE][PASSED] - projectSpecific.Reusability.login is PASSED

2018-06-04 17:52:33 - [TEST_STEP][PASSED] - delay: Delayed 10 second(s)

2018-06-04 17:52:43 - [MESSAGE][PASSED] - Delayed 10 second(s)

2018-06-04 17:52:43 - [TEST_STEP][PASSED] - Statement - driver = com.kms.katalon.core.webui.driver.DriverFactory.getWebDriver(): null

2018-06-04 17:52:43 - [TEST_STEP][PASSED] - delay: Delayed 10 second(s)

2018-06-04 17:52:53 - [MESSAGE][PASSED] - Delayed 10 second(s)

2018-06-04 17:52:53 - [TEST_STEP][PASSED] - uiaction.CommonUIActions.click: uiaction.CommonUIActions.click is PASSED

2018-06-04 17:52:55 - [MESSAGE][PASSED] - uiaction.CommonUIActions.click is PASSED

2018-06-04 17:52:55 - [TEST_STEP][PASSED] - uiaction.CommonUIActions.click: uiaction.CommonUIActions.click is PASSED

2018-06-04 17:52:58 - [MESSAGE][PASSED] - uiaction.CommonUIActions.click is PASSED

2018-06-04 17:52:58 - [TEST_STEP][PASSED] - delay: Delayed 10 second(s)

2018-06-04 17:53:08 - [MESSAGE][PASSED] - Delayed 10 second(s)

2018-06-04 17:53:08 - [TEST_STEP][PASSED] - uiaction.CommonUIActions.click: uiaction.CommonUIActions.click is PASSED

2018-06-04 17:53:09 - [MESSAGE][PASSED] - uiaction.CommonUIActions.click is PASSED

2018-06-04 17:53:09 - [TEST_STEP][PASSED] - delay: Delayed 5 second(s)

2018-06-04 17:53:14 - [MESSAGE][PASSED] - Delayed 5 second(s)

2018-06-04 17:53:14 - [TEST_STEP][PASSED] - uiaction.CommonUIActions.click: uiaction.CommonUIActions.click is PASSED

2018-06-04 17:53:14 - [MESSAGE][PASSED] - uiaction.CommonUIActions.click is PASSED

2018-06-04 17:53:14 - [TEST_STEP][PASSED] - delay: Delayed 5 second(s)

2018-06-04 17:53:19 - [MESSAGE][PASSED] - Delayed 5 second(s)

2018-06-04 17:53:19 - [TEST_STEP][PASSED] - Statement - grpName = "Grp250_TC16": null

2018-06-04 17:53:19 - [TEST_STEP][PASSED] - uiaction.CommonUIActions.enter: uiaction.CommonUIActions.enter is PASSED

2018-06-04 17:53:19 - [MESSAGE][PASSED] - uiaction.CommonUIActions.enter is PASSED

2018-06-04 17:53:19 - [TEST_STEP][PASSED] - uiaction.CommonUIActions.enter: uiaction.CommonUIActions.enter is PASSED

2018-06-04 17:53:19 - [MESSAGE][PASSED] - projectSpecific.Reusability.getTestData is PASSED

2018-06-04 17:53:19 - [MESSAGE][PASSED] - uiaction.CommonUIActions.enter is PASSED

2018-06-04 17:53:19 - [TEST_STEP][PASSED] - delay: Delayed 10 second(s)

2018-06-04 17:53:29 - [MESSAGE][PASSED] - Delayed 10 second(s)

2018-06-04 17:53:29 - [TEST_STEP][PASSED] - Statement - storesLabel = driver.findElements(org.openqa.selenium.By.xpath(com.kms.katalon.core.testdata.TestDataFactory.findTestData(OR_file).getValue(2, 10))): Reading excel file with source file 'C:\Users\shalinin\Katalon Studio\HME_Scripts\Data Files\HME_OR.xlsx' and sheet name 'Sheet1'

2018-06-04 17:53:29 - [TEST_STEP][PASSED] - Statement - groupStoresList = new java.util.ArrayList(): null

2018-06-04 17:53:29 - [TEST_STEP][PASSED] - Statement - out.println(storesLabel.size()): null

2018-06-04 17:53:29 - [TEST_STEP][PASSED] - Statement - size = storesLabel.size(): null

2018-06-04 17:53:29 - [TEST_STEP][PASSED] - Statement - index = 0: null

2018-06-04 17:53:29 - [TEST_STEP][PASSED] - Statement - pattern = java.util.regex.Pattern.compile("[0-9]+"): null

2018-06-04 17:53:29 - [TEST_STEP][PASSED] - Statement - count = 0: null

2018-06-04 17:53:29 - [TEST_STEP][PASSED] - Statement - For ([i = 0, i < storesLabel.size(), (i++)]): null

2018-06-04 17:53:29 - [TEST_STEP][PASSED] - Statement - txt = storesLabel.get(i).getText(): null

2018-06-04 17:53:29 - [TEST_STEP][PASSED] - Statement - index = i + 1: null

2018-06-04 17:53:29 - [TEST_STEP][PASSED] - Statement - matched = pattern.matcher(txt).matches(): null

2018-06-04 17:53:29 - [TEST_STEP][PASSED] - Statement - If (matched): null

2018-06-04 17:53:29 - [TEST_STEP][PASSED] - Statement - txt = storesLabel.get(i).getText(): null

2018-06-04 17:53:29 - [TEST_STEP][PASSED] - Statement - index = i + 1: null

2018-06-04 17:53:29 - [TEST_STEP][PASSED] - Statement - matched = pattern.matcher(txt).matches(): null

2018-06-04 17:53:29 - [TEST_STEP][PASSED] - Statement - If (matched): null

2018-06-04 17:53:29 - [TEST_STEP][PASSED] - Statement - txt = storesLabel.get(i).getText(): null

2018-06-04 17:53:29 - [TEST_STEP][PASSED] - Statement - index = i + 1: null

2018-06-04 17:53:29 - [TEST_STEP][PASSED] - Statement - matched = pattern.matcher(txt).matches(): null

2018-06-04 17:53:29 - [TEST_STEP][PASSED] - Statement - If (matched): null

2018-06-04 17:53:29 - [TEST_STEP][PASSED] - Statement - txt = storesLabel.get(i).getText(): null

2018-06-04 17:53:29 - [TEST_STEP][PASSED] - Statement - index = i + 1: null

2018-06-04 17:53:29 - [TEST_STEP][PASSED] - Statement - matched = pattern.matcher(txt).matches(): null

2018-06-04 17:53:29 - [TEST_STEP][PASSED] - Statement - If (matched): null

2018-06-04 17:53:29 - [TEST_STEP][PASSED] - Statement - txt = storesLabel.get(i).getText(): null

2018-06-04 17:53:29 - [TEST_STEP][PASSED] - Statement - index = i + 1: null

2018-06-04 17:53:29 - [TEST_STEP][PASSED] - Statement - matched = pattern.matcher(txt).matches(): null

2018-06-04 17:53:29 - [TEST_STEP][PASSED] - Statement - If (matched): null

2018-06-04 17:53:29 - [TEST_STEP][PASSED] - Statement - txt = storesLabel.get(i).getText(): null

2018-06-04 17:53:29 - [TEST_STEP][PASSED] - Statement - index = i + 1: null

2018-06-04 17:53:29 - [TEST_STEP][PASSED] - Statement - matched = pattern.matcher(txt).matches(): null

2018-06-04 17:53:29 - [TEST_STEP][PASSED] - Statement - If (matched): null

2018-06-04 17:53:29 - [TEST_STEP][PASSED] - Statement - txt = storesLabel.get(i).getText(): null

2018-06-04 17:53:29 - [TEST_STEP][PASSED] - Statement - index = i + 1: null

2018-06-04 17:53:29 - [TEST_STEP][PASSED] - Statement - matched = pattern.matcher(txt).matches(): null

2018-06-04 17:53:29 - [TEST_STEP][PASSED] - Statement - If (matched): null

2018-06-04 17:53:29 - [TEST_STEP][PASSED] - Statement - txt = storesLabel.get(i).getText(): null

2018-06-04 17:53:29 - [TEST_STEP][PASSED] - Statement - index = i + 1: null

2018-06-04 17:53:29 - [TEST_STEP][PASSED] - Statement - matched = pattern.matcher(txt).matches(): null

2018-06-04 17:53:29 - [TEST_STEP][PASSED] - Statement - If (matched): null

2018-06-04 17:53:29 - [TEST_STEP][PASSED] - Statement - txt = storesLabel.get(i).getText(): null

2018-06-04 17:53:29 - [TEST_STEP][PASSED] - Statement - index = i + 1: null

2018-06-04 17:53:29 - [TEST_STEP][PASSED] - Statement - matched = pattern.matcher(txt).matches(): null

2018-06-04 17:53:29 - [TEST_STEP][PASSED] - Statement - If (matched): null

2018-06-04 17:53:29 - [TEST_STEP][PASSED] - Statement - txt = storesLabel.get(i).getText(): null

2018-06-04 17:53:29 - [TEST_STEP][PASSED] - Statement - index = i + 1: null

2018-06-04 17:53:29 - [TEST_STEP][PASSED] - Statement - matched = pattern.matcher(txt).matches(): null

2018-06-04 17:53:29 - [TEST_STEP][PASSED] - Statement - If (matched): null

2018-06-04 17:53:29 - [TEST_STEP][PASSED] - Statement - txt = storesLabel.get(i).getText(): null

2018-06-04 17:53:29 - [TEST_STEP][PASSED] - Statement - index = i + 1: null

2018-06-04 17:53:29 - [TEST_STEP][PASSED] - Statement - matched = pattern.matcher(txt).matches(): null

2018-06-04 17:53:29 - [TEST_STEP][PASSED] - Statement - If (matched): null

2018-06-04 17:53:29 - [TEST_STEP][PASSED] - Statement - driver.findElement(org.openqa.selenium.By.xpath("(//ul[@class='unlinked-grouplist']/li/label)[" + index + "]")).click(): null

2018-06-04 17:53:29 - [TEST_STEP][PASSED] - Statement - (count++): null

2018-06-04 17:53:29 - [TEST_STEP][PASSED] - Statement - If (count > 2): null

2018-06-04 17:53:29 - [TEST_STEP][PASSED] - Statement - txt = storesLabel.get(i).getText(): null

2018-06-04 17:53:29 - [TEST_STEP][PASSED] - Statement - index = i + 1: null

2018-06-04 17:53:29 - [TEST_STEP][PASSED] - Statement - matched = pattern.matcher(txt).matches(): null

2018-06-04 17:53:29 - [TEST_STEP][PASSED] - Statement - If (matched): null

2018-06-04 17:53:29 - [TEST_STEP][PASSED] - Statement - driver.findElement(org.openqa.selenium.By.xpath("(//ul[@class='unlinked-grouplist']/li/label)[" + index + "]")).click(): null

2018-06-04 17:53:29 - [TEST_STEP][PASSED] - Statement - (count++): null

2018-06-04 17:53:29 - [TEST_STEP][PASSED] - Statement - If (count > 2): null

2018-06-04 17:53:29 - [TEST_STEP][PASSED] - Statement - txt = storesLabel.get(i).getText(): null

2018-06-04 17:53:29 - [TEST_STEP][PASSED] - Statement - index = i + 1: null

2018-06-04 17:53:29 - [TEST_STEP][PASSED] - Statement - matched = pattern.matcher(txt).matches(): null

2018-06-04 17:53:29 - [TEST_STEP][PASSED] - Statement - If (matched): null

2018-06-04 17:53:29 - [TEST_STEP][PASSED] - Statement - driver.findElement(org.openqa.selenium.By.xpath("(//ul[@class='unlinked-grouplist']/li/label)[" + index + "]")).click(): null

2018-06-04 17:53:29 - [TEST_STEP][PASSED] - Statement - (count++): null

2018-06-04 17:53:29 - [TEST_STEP][PASSED] - Statement - If (count > 2): null

2018-06-04 17:53:29 - [TEST_STEP][PASSED] - Statement - driver.findElement(org.openqa.selenium.By.xpath("//button[contains(text(),'>')]")).click(): null

2018-06-04 17:53:30 - [TEST_STEP][PASSED] - delay: Delayed 5 second(s)

2018-06-04 17:53:35 - [MESSAGE][PASSED] - Delayed 5 second(s)

2018-06-04 17:53:35 - [TEST_STEP][PASSED] - uiaction.CommonUIActions.click: uiaction.CommonUIActions.click is PASSED

2018-06-04 17:53:35 - [MESSAGE][PASSED] - uiaction.CommonUIActions.click is PASSED

2018-06-04 17:53:35 - [TEST_STEP][PASSED] - uiaction.CommonUIActions.click: uiaction.CommonUIActions.click is PASSED

2018-06-04 17:53:35 - [MESSAGE][PASSED] - uiaction.CommonUIActions.click is PASSED

2018-06-04 17:53:35 - [TEST_STEP][PASSED] - delay: Delayed 10 second(s)

2018-06-04 17:53:45 - [MESSAGE][PASSED] - Delayed 10 second(s)

2018-06-04 17:53:45 - [TEST_STEP][PASSED] - uiaction.CommonUIActions.back: uiaction.CommonUIActions.back is PASSED

2018-06-04 17:53:45 - [MESSAGE][PASSED] - Navigate back successfully

2018-06-04 17:53:45 - [MESSAGE][PASSED] - uiaction.CommonUIActions.back is PASSED

2018-06-04 17:53:45 - [TEST_STEP][PASSED] - delay: Delayed 5 second(s)

2018-06-04 17:53:50 - [MESSAGE][PASSED] - Delayed 5 second(s)

2018-06-04 17:53:50 - [TEST_STEP][PASSED] - uiaction.CommonUIActions.back: uiaction.CommonUIActions.back is PASSED

2018-06-04 17:53:50 - [MESSAGE][PASSED] - Navigate back successfully

2018-06-04 17:53:50 - [MESSAGE][PASSED] - uiaction.CommonUIActions.back is PASSED

2018-06-04 17:53:50 - [TEST_STEP][PASSED] - delay: Delayed 5 second(s)

2018-06-04 17:53:55 - [MESSAGE][PASSED] - Delayed 5 second(s)

2018-06-04 17:53:55 - [TEST_STEP][PASSED] - uiaction.CommonUIActions.click: uiaction.CommonUIActions.click is PASSED

2018-06-04 17:53:55 - [MESSAGE][PASSED] - uiaction.CommonUIActions.click is PASSED

2018-06-04 17:53:55 - [TEST_STEP][PASSED] - delay: Delayed 15 second(s)

2018-06-04 17:54:10 - [MESSAGE][PASSED] - Delayed 15 second(s)

2018-06-04 17:54:10 - [TEST_STEP][PASSED] - Statement - driver.findElement(org.openqa.selenium.By.xpath("//span[contains(text(),'" + grpName + "')]/../../../../span[1]")).click(): null

2018-06-04 17:54:10 - [TEST_STEP][PASSED] - Statement - Catch (Exception e): null

2018-06-04 17:54:10 - [TEST_STEP][PASSED] - Statement - e.printStackTrace(): null

2018-06-04 17:54:10 - [TEST_STEP][PASSED] - Statement - println("Exception of element not found"): null

2018-06-04 17:54:10 - [TEST_STEP][PASSED] - Statement - If (TCflag): null

2018-06-04 17:54:10 - [TEST_STEP][PASSED] - Statement - assert TCflag == true: null

2018-06-04 17:54:10 - [TEST_STEP][PASSED] - Start listener action : sampleAfterTestCase: Browser is closed

2018-06-04 17:54:10 - [TEST_STEP][PASSED] - Statement - println(testCaseContext.getTestCaseId()): null

2018-06-04 17:54:10 - [TEST_STEP][PASSED] - Statement - println(testCaseContext.getTestCaseStatus()): null

2018-06-04 17:54:10 - [TEST_STEP][PASSED] - closeBrowser: Browser is closed

2018-06-04 17:54:11 - [MESSAGE][PASSED] - Browser is closed]]></system-out>
         <system-err><![CDATA[2018-06-04 17:52:09 - [TEST_CASE][FAILED] - Test Cases/SummaryReportsTC/HME-Summary Report-16: Test Cases/SummaryReportsTC/HME-Summary Report-16 FAILED because (of) org.codehaus.groovy.runtime.powerassert.PowerAssertionError: assert TCflag==true
       |     |
       false false]]></system-err>
      </testcase>
      <system-out><![CDATA[2018-06-04 17:39:16 - [TEST_SUITE][FAILED] - RegressionSuite: Test Cases/SummaryReportsTC/HME-Summary Report-04 FAILED because (of) org.codehaus.groovy.runtime.powerassert.PowerAssertionError: assert TCflag==true
       |     |
       false false]]></system-out>
      <system-err><![CDATA[2018-06-04 17:39:16 - [TEST_SUITE][FAILED] - RegressionSuite: Test Cases/SummaryReportsTC/HME-Summary Report-04 FAILED because (of) org.codehaus.groovy.runtime.powerassert.PowerAssertionError: assert TCflag==true
       |     |
       false false]]></system-err>
   </testsuite>
</testsuites>
