<?xml version="1.0" encoding="UTF-8"?>
<testsuites name="RegressionSuite" time="878" tests="0" failures="3" errors="0">
   <testsuite name="RegressionSuite" tests="0" failures="3" errors="0" time="878" timestamp="2018-06-04 18:35:36" hostname="shalinin - NIBC2129.nousinfo.com" id="Test Suites/RegressionSuite">
      <properties>
         <property name="deviceName" value=""/>
         <property name="devicePlatform" value=""/>
         <property name="logFolder" value="C:\\Users\\shalinin\\Katalon Studio\\HME_Scripts\\Reports\\RegressionSuite\\20180604_183534"/>
         <property name="logFiles" value="C:\\Users\\shalinin\\Katalon Studio\\HME_Scripts\\Reports\\RegressionSuite\\20180604_183534\\execution0.log"/>
         <property name="attachments" value="C:\\Users\\shalinin\\Katalon Studio\\HME_Scripts\\Reports\\RegressionSuite\\20180604_183534\\1528117688576.png, C:\\Users\\shalinin\\Katalon Studio\\HME_Scripts\\Reports\\RegressionSuite\\20180604_183534\\1528117719444.png, C:\\Users\\shalinin\\Katalon Studio\\HME_Scripts\\Reports\\RegressionSuite\\20180604_183534\\1528117919448.png, C:\\Users\\shalinin\\Katalon Studio\\HME_Scripts\\Reports\\RegressionSuite\\20180604_183534\\1528118134336.png"/>
         <property name="hostName" value="shalinin - NIBC2129.nousinfo.com"/>
         <property name="os" value="Windows 7 64bit"/>
         <property name="katalonVersion" value="5.3.1.1"/>
         <property name="browser" value="Chrome 66.0.3359.181"/>
         <property name="hostAddress" value="10.10.50.72"/>
         <property name="sessionId" value="ddf170535131a7e4a1e799b6966f7b18"/>
         <property name="seleniumVersion" value="3.7.1"/>
         <property name="proxyInformation" value="ProxyInformation{proxyOption=NO_PROXY, proxyServerType=HTTP, password=, proxyServerAddress=, proxyServerPort=0}"/>
         <property name="platform" value="Windows 7"/>
      </properties>
      <testcase name="Test Cases/SummaryReportsTC/HME-Summary Report-04" classname="Test Cases/SummaryReportsTC/HME-Summary Report-04" status="FAILED">
         <failure type="FAILED" message="com.kms.katalon.core.webui.exception.WebElementNotFoundException: Web element with id: 'Object Repository/SummarizedReportPage/summaryReport' located by 'By.xpath: //div[text()='Summarized Report']' not found"/>
         <system-out><![CDATA[2018-06-04 18:35:36 - [TEST_CASE][FAILED] - Test Cases/SummaryReportsTC/HME-Summary Report-04: Test Cases/SummaryReportsTC/HME-Summary Report-04 FAILED because (of) com.kms.katalon.core.webui.exception.WebElementNotFoundException: Web element with id: 'Object Repository/SummarizedReportPage/summaryReport' located by 'By.xpath: //div[text()='Summarized Report']' not found

2018-06-04 18:35:36 - [TEST_STEP][PASSED] - Start listener action : sampleBeforeTestCase: uiaction.CommonUIActions.deleteAllCookies is PASSED

2018-06-04 18:35:36 - [TEST_STEP][PASSED] - openBrowser: Browser is opened with url: ''

2018-06-04 18:35:39 - [MESSAGE][PASSED] - Browser is opened with url: ''

2018-06-04 18:35:39 - [TEST_STEP][PASSED] - maximizeWindow: Current window maximized

2018-06-04 18:35:40 - [MESSAGE][PASSED] - Current window maximized

2018-06-04 18:35:40 - [TEST_STEP][PASSED] - uiaction.CommonUIActions.deleteAllCookies: uiaction.CommonUIActions.deleteAllCookies is PASSED

2018-06-04 18:35:41 - [MESSAGE][PASSED] - Delete all cookies successfully

2018-06-04 18:35:41 - [MESSAGE][PASSED] - uiaction.CommonUIActions.deleteAllCookies is PASSED

2018-06-04 18:35:41 - [TEST_STEP][PASSED] - Statement - TCflag = true: null

2018-06-04 18:35:41 - [TEST_STEP][FAILED] - Statement - Try: null

2018-06-04 18:35:41 - [TEST_STEP][PASSED] - navigateToUrl: Navigate to 'https://hme-dev-public-cloud-app.azurewebsites.net/' successfully

2018-06-04 18:35:44 - [MESSAGE][PASSED] - Navigate to 'https://hme-dev-public-cloud-app.azurewebsites.net/' successfully

2018-06-04 18:35:44 - [TEST_STEP][PASSED] - delay: Delayed 10 second(s)

2018-06-04 18:35:55 - [MESSAGE][PASSED] - Delayed 10 second(s)

2018-06-04 18:35:55 - [TEST_STEP][PASSED] - navigateToUrl: Navigate to 'https://hme-dev-public-cloud-app.azurewebsites.net/' successfully

2018-06-04 18:35:55 - [MESSAGE][PASSED] - Navigate to 'https://hme-dev-public-cloud-app.azurewebsites.net/' successfully

2018-06-04 18:35:55 - [TEST_STEP][PASSED] - projectSpecific.Reusability.login: projectSpecific.Reusability.login is PASSED

2018-06-04 18:35:55 - [MESSAGE][PASSED] - projectSpecific.Reusability.getTestData is PASSED

2018-06-04 18:35:56 - [MESSAGE][PASSED] - projectSpecific.Reusability.getTestData is PASSED

2018-06-04 18:35:56 - [MESSAGE][PASSED] - Text 'selvendrank@nousinfo.com' is set on object 'Object Repository/LoginPage/Username'

2018-06-04 18:35:56 - [MESSAGE][PASSED] - Text 'nous;123' is set on object 'Object Repository/LoginPage/Password'

2018-06-04 18:35:56 - [MESSAGE][PASSED] - Object: 'Object Repository/LoginPage/Login' is clicked on

2018-06-04 18:35:56 - [MESSAGE][PASSED] - projectSpecific.Reusability.login is PASSED

2018-06-04 18:35:56 - [TEST_STEP][PASSED] - delay: Delayed 10 second(s)

2018-06-04 18:36:06 - [MESSAGE][PASSED] - Delayed 10 second(s)

2018-06-04 18:36:06 - [TEST_STEP][PASSED] - delay: Delayed 10 second(s)

2018-06-04 18:36:16 - [MESSAGE][PASSED] - Delayed 10 second(s)

2018-06-04 18:36:16 - [TEST_STEP][PASSED] - uiaction.CommonUIActions.click: uiaction.CommonUIActions.click is PASSED

2018-06-04 18:36:18 - [MESSAGE][PASSED] - uiaction.CommonUIActions.click is PASSED

2018-06-04 18:36:18 - [TEST_STEP][PASSED] - uiaction.CommonUIActions.click: uiaction.CommonUIActions.click is PASSED

2018-06-04 18:36:31 - [MESSAGE][PASSED] - uiaction.CommonUIActions.click is PASSED

2018-06-04 18:36:31 - [TEST_STEP][PASSED] - uiaction.CommonUIActions.click: uiaction.CommonUIActions.click is PASSED

2018-06-04 18:36:31 - [MESSAGE][PASSED] - uiaction.CommonUIActions.click is PASSED

2018-06-04 18:36:31 - [TEST_STEP][PASSED] - uiaction.CommonUIActions.click: uiaction.CommonUIActions.click is PASSED

2018-06-04 18:36:31 - [MESSAGE][PASSED] - uiaction.CommonUIActions.click is PASSED

2018-06-04 18:36:31 - [TEST_STEP][PASSED] - uiaction.CommonUIActions.enter: uiaction.CommonUIActions.enter is PASSED

2018-06-04 18:36:32 - [MESSAGE][PASSED] - projectSpecific.Reusability.getTestData is PASSED

2018-06-04 18:36:32 - [MESSAGE][PASSED] - uiaction.CommonUIActions.enter is PASSED

2018-06-04 18:36:32 - [TEST_STEP][PASSED] - uiaction.CommonUIActions.enter: uiaction.CommonUIActions.enter is PASSED

2018-06-04 18:36:32 - [MESSAGE][PASSED] - projectSpecific.Reusability.getTestData is PASSED

2018-06-04 18:36:32 - [MESSAGE][PASSED] - uiaction.CommonUIActions.enter is PASSED

2018-06-04 18:36:32 - [TEST_STEP][PASSED] - delay: Delayed 10 second(s)

2018-06-04 18:36:42 - [MESSAGE][PASSED] - Delayed 10 second(s)

2018-06-04 18:36:42 - [TEST_STEP][PASSED] - Statement - groupmain = CustomKeywords.projectSpecific.Reusability.getTestData("ReportingGroupManagementPage", "Summarygrp"): projectSpecific.Reusability.getTestData is PASSED

2018-06-04 18:36:42 - [MESSAGE][PASSED] - projectSpecific.Reusability.getTestData is PASSED

2018-06-04 18:36:42 - [TEST_STEP][PASSED] - Statement - driver = com.kms.katalon.core.webui.driver.DriverFactory.getWebDriver(): null

2018-06-04 18:36:42 - [TEST_STEP][PASSED] - Statement - grouplist = driver.findElements(org.openqa.selenium.By.xpath("//ul[@class='unlinked-grouplist']/li")): null

2018-06-04 18:36:42 - [TEST_STEP][PASSED] - delay: Delayed 10 second(s)

2018-06-04 18:36:52 - [MESSAGE][PASSED] - Delayed 10 second(s)

2018-06-04 18:36:52 - [TEST_STEP][PASSED] - Statement - For ([i = 0, i < 50, (i++)]): null

2018-06-04 18:36:52 - [TEST_STEP][PASSED] - Statement - println(grouplist.get(i).getText()): null

2018-06-04 18:36:52 - [TEST_STEP][PASSED] - Statement - If (grouplist.get(i).getText().contains("0000")): null

2018-06-04 18:36:52 - [TEST_STEP][PASSED] - Statement - println(grouplist.get(i).getText()): null

2018-06-04 18:36:52 - [TEST_STEP][PASSED] - Statement - If (grouplist.get(i).getText().contains("0000")): null

2018-06-04 18:36:52 - [TEST_STEP][PASSED] - Statement - println(grouplist.get(i).getText()): null

2018-06-04 18:36:52 - [TEST_STEP][PASSED] - Statement - If (grouplist.get(i).getText().contains("0000")): null

2018-06-04 18:36:52 - [TEST_STEP][PASSED] - Statement - println(grouplist.get(i).getText()): null

2018-06-04 18:36:52 - [TEST_STEP][PASSED] - Statement - If (grouplist.get(i).getText().contains("0000")): null

2018-06-04 18:36:52 - [TEST_STEP][PASSED] - Statement - println(grouplist.get(i).getText()): null

2018-06-04 18:36:52 - [TEST_STEP][PASSED] - Statement - If (grouplist.get(i).getText().contains("0000")): null

2018-06-04 18:36:52 - [TEST_STEP][PASSED] - Statement - println(grouplist.get(i).getText()): null

2018-06-04 18:36:52 - [TEST_STEP][PASSED] - Statement - If (grouplist.get(i).getText().contains("0000")): null

2018-06-04 18:36:52 - [TEST_STEP][PASSED] - Statement - println(grouplist.get(i).getText()): null

2018-06-04 18:36:52 - [TEST_STEP][PASSED] - Statement - If (grouplist.get(i).getText().contains("0000")): null

2018-06-04 18:36:52 - [TEST_STEP][PASSED] - Statement - println(grouplist.get(i).getText()): null

2018-06-04 18:36:52 - [TEST_STEP][PASSED] - Statement - If (grouplist.get(i).getText().contains("0000")): null

2018-06-04 18:36:52 - [TEST_STEP][PASSED] - Statement - println(grouplist.get(i).getText()): null

2018-06-04 18:36:52 - [TEST_STEP][PASSED] - Statement - If (grouplist.get(i).getText().contains("0000")): null

2018-06-04 18:36:52 - [TEST_STEP][PASSED] - Statement - println(grouplist.get(i).getText()): null

2018-06-04 18:36:52 - [TEST_STEP][PASSED] - Statement - If (grouplist.get(i).getText().contains("0000")): null

2018-06-04 18:36:52 - [TEST_STEP][PASSED] - Statement - driver.findElement(org.openqa.selenium.By.xpath("(//ul[@class='unlinked-grouplist']/li/label)[" + i + 1 + "]")).click(): null

2018-06-04 18:36:52 - [TEST_STEP][PASSED] - Statement - println(grouplist.get(i).getText()): null

2018-06-04 18:36:52 - [TEST_STEP][PASSED] - Statement - If (grouplist.get(i).getText().contains("0000")): null

2018-06-04 18:36:52 - [TEST_STEP][PASSED] - Statement - driver.findElement(org.openqa.selenium.By.xpath("(//ul[@class='unlinked-grouplist']/li/label)[" + i + 1 + "]")).click(): null

2018-06-04 18:36:52 - [TEST_STEP][PASSED] - Statement - println(grouplist.get(i).getText()): null

2018-06-04 18:36:52 - [TEST_STEP][PASSED] - Statement - If (grouplist.get(i).getText().contains("0000")): null

2018-06-04 18:36:52 - [TEST_STEP][PASSED] - Statement - driver.findElement(org.openqa.selenium.By.xpath("(//ul[@class='unlinked-grouplist']/li/label)[" + i + 1 + "]")).click(): null

2018-06-04 18:36:53 - [TEST_STEP][PASSED] - Statement - println(grouplist.get(i).getText()): null

2018-06-04 18:36:53 - [TEST_STEP][PASSED] - Statement - If (grouplist.get(i).getText().contains("0000")): null

2018-06-04 18:36:53 - [TEST_STEP][PASSED] - Statement - driver.findElement(org.openqa.selenium.By.xpath("(//ul[@class='unlinked-grouplist']/li/label)[" + i + 1 + "]")).click(): null

2018-06-04 18:36:53 - [TEST_STEP][PASSED] - Statement - println(grouplist.get(i).getText()): null

2018-06-04 18:36:53 - [TEST_STEP][PASSED] - Statement - If (grouplist.get(i).getText().contains("0000")): null

2018-06-04 18:36:53 - [TEST_STEP][PASSED] - Statement - driver.findElement(org.openqa.selenium.By.xpath("(//ul[@class='unlinked-grouplist']/li/label)[" + i + 1 + "]")).click(): null

2018-06-04 18:36:53 - [TEST_STEP][PASSED] - Statement - println(grouplist.get(i).getText()): null

2018-06-04 18:36:53 - [TEST_STEP][PASSED] - Statement - If (grouplist.get(i).getText().contains("0000")): null

2018-06-04 18:36:53 - [TEST_STEP][PASSED] - Statement - driver.findElement(org.openqa.selenium.By.xpath("(//ul[@class='unlinked-grouplist']/li/label)[" + i + 1 + "]")).click(): null

2018-06-04 18:36:53 - [TEST_STEP][PASSED] - Statement - println(grouplist.get(i).getText()): null

2018-06-04 18:36:53 - [TEST_STEP][PASSED] - Statement - If (grouplist.get(i).getText().contains("0000")): null

2018-06-04 18:36:53 - [TEST_STEP][PASSED] - Statement - driver.findElement(org.openqa.selenium.By.xpath("(//ul[@class='unlinked-grouplist']/li/label)[" + i + 1 + "]")).click(): null

2018-06-04 18:36:53 - [TEST_STEP][PASSED] - Statement - println(grouplist.get(i).getText()): null

2018-06-04 18:36:53 - [TEST_STEP][PASSED] - Statement - If (grouplist.get(i).getText().contains("0000")): null

2018-06-04 18:36:53 - [TEST_STEP][PASSED] - Statement - driver.findElement(org.openqa.selenium.By.xpath("(//ul[@class='unlinked-grouplist']/li/label)[" + i + 1 + "]")).click(): null

2018-06-04 18:36:53 - [TEST_STEP][PASSED] - Statement - println(grouplist.get(i).getText()): null

2018-06-04 18:36:53 - [TEST_STEP][PASSED] - Statement - If (grouplist.get(i).getText().contains("0000")): null

2018-06-04 18:36:53 - [TEST_STEP][PASSED] - Statement - driver.findElement(org.openqa.selenium.By.xpath("(//ul[@class='unlinked-grouplist']/li/label)[" + i + 1 + "]")).click(): null

2018-06-04 18:36:53 - [TEST_STEP][PASSED] - Statement - println(grouplist.get(i).getText()): null

2018-06-04 18:36:53 - [TEST_STEP][PASSED] - Statement - If (grouplist.get(i).getText().contains("0000")): null

2018-06-04 18:36:53 - [TEST_STEP][PASSED] - Statement - driver.findElement(org.openqa.selenium.By.xpath("(//ul[@class='unlinked-grouplist']/li/label)[" + i + 1 + "]")).click(): null

2018-06-04 18:36:53 - [TEST_STEP][PASSED] - Statement - println(grouplist.get(i).getText()): null

2018-06-04 18:36:53 - [TEST_STEP][PASSED] - Statement - If (grouplist.get(i).getText().contains("0000")): null

2018-06-04 18:36:53 - [TEST_STEP][PASSED] - Statement - driver.findElement(org.openqa.selenium.By.xpath("(//ul[@class='unlinked-grouplist']/li/label)[" + i + 1 + "]")).click(): null

2018-06-04 18:36:53 - [TEST_STEP][PASSED] - Statement - println(grouplist.get(i).getText()): null

2018-06-04 18:36:53 - [TEST_STEP][PASSED] - Statement - If (grouplist.get(i).getText().contains("0000")): null

2018-06-04 18:36:53 - [TEST_STEP][PASSED] - Statement - driver.findElement(org.openqa.selenium.By.xpath("(//ul[@class='unlinked-grouplist']/li/label)[" + i + 1 + "]")).click(): null

2018-06-04 18:36:53 - [TEST_STEP][PASSED] - Statement - println(grouplist.get(i).getText()): null

2018-06-04 18:36:53 - [TEST_STEP][PASSED] - Statement - If (grouplist.get(i).getText().contains("0000")): null

2018-06-04 18:36:53 - [TEST_STEP][PASSED] - Statement - driver.findElement(org.openqa.selenium.By.xpath("(//ul[@class='unlinked-grouplist']/li/label)[" + i + 1 + "]")).click(): null

2018-06-04 18:36:53 - [TEST_STEP][PASSED] - Statement - println(grouplist.get(i).getText()): null

2018-06-04 18:36:53 - [TEST_STEP][PASSED] - Statement - If (grouplist.get(i).getText().contains("0000")): null

2018-06-04 18:36:53 - [TEST_STEP][PASSED] - Statement - driver.findElement(org.openqa.selenium.By.xpath("(//ul[@class='unlinked-grouplist']/li/label)[" + i + 1 + "]")).click(): null

2018-06-04 18:36:54 - [TEST_STEP][PASSED] - Statement - println(grouplist.get(i).getText()): null

2018-06-04 18:36:54 - [TEST_STEP][PASSED] - Statement - If (grouplist.get(i).getText().contains("0000")): null

2018-06-04 18:36:54 - [TEST_STEP][PASSED] - Statement - driver.findElement(org.openqa.selenium.By.xpath("(//ul[@class='unlinked-grouplist']/li/label)[" + i + 1 + "]")).click(): null

2018-06-04 18:36:54 - [TEST_STEP][PASSED] - Statement - println(grouplist.get(i).getText()): null

2018-06-04 18:36:54 - [TEST_STEP][PASSED] - Statement - If (grouplist.get(i).getText().contains("0000")): null

2018-06-04 18:36:54 - [TEST_STEP][PASSED] - Statement - driver.findElement(org.openqa.selenium.By.xpath("(//ul[@class='unlinked-grouplist']/li/label)[" + i + 1 + "]")).click(): null

2018-06-04 18:36:54 - [TEST_STEP][PASSED] - Statement - println(grouplist.get(i).getText()): null

2018-06-04 18:36:54 - [TEST_STEP][PASSED] - Statement - If (grouplist.get(i).getText().contains("0000")): null

2018-06-04 18:36:54 - [TEST_STEP][PASSED] - Statement - driver.findElement(org.openqa.selenium.By.xpath("(//ul[@class='unlinked-grouplist']/li/label)[" + i + 1 + "]")).click(): null

2018-06-04 18:36:54 - [TEST_STEP][PASSED] - Statement - println(grouplist.get(i).getText()): null

2018-06-04 18:36:54 - [TEST_STEP][PASSED] - Statement - If (grouplist.get(i).getText().contains("0000")): null

2018-06-04 18:36:54 - [TEST_STEP][PASSED] - Statement - driver.findElement(org.openqa.selenium.By.xpath("(//ul[@class='unlinked-grouplist']/li/label)[" + i + 1 + "]")).click(): null

2018-06-04 18:36:54 - [TEST_STEP][PASSED] - Statement - println(grouplist.get(i).getText()): null

2018-06-04 18:36:54 - [TEST_STEP][PASSED] - Statement - If (grouplist.get(i).getText().contains("0000")): null

2018-06-04 18:36:54 - [TEST_STEP][PASSED] - Statement - driver.findElement(org.openqa.selenium.By.xpath("(//ul[@class='unlinked-grouplist']/li/label)[" + i + 1 + "]")).click(): null

2018-06-04 18:36:54 - [TEST_STEP][PASSED] - Statement - println(grouplist.get(i).getText()): null

2018-06-04 18:36:54 - [TEST_STEP][PASSED] - Statement - If (grouplist.get(i).getText().contains("0000")): null

2018-06-04 18:36:54 - [TEST_STEP][PASSED] - Statement - driver.findElement(org.openqa.selenium.By.xpath("(//ul[@class='unlinked-grouplist']/li/label)[" + i + 1 + "]")).click(): null

2018-06-04 18:36:54 - [TEST_STEP][PASSED] - Statement - println(grouplist.get(i).getText()): null

2018-06-04 18:36:54 - [TEST_STEP][PASSED] - Statement - If (grouplist.get(i).getText().contains("0000")): null

2018-06-04 18:36:54 - [TEST_STEP][PASSED] - Statement - driver.findElement(org.openqa.selenium.By.xpath("(//ul[@class='unlinked-grouplist']/li/label)[" + i + 1 + "]")).click(): null

2018-06-04 18:36:54 - [TEST_STEP][PASSED] - Statement - println(grouplist.get(i).getText()): null

2018-06-04 18:36:54 - [TEST_STEP][PASSED] - Statement - If (grouplist.get(i).getText().contains("0000")): null

2018-06-04 18:36:54 - [TEST_STEP][PASSED] - Statement - driver.findElement(org.openqa.selenium.By.xpath("(//ul[@class='unlinked-grouplist']/li/label)[" + i + 1 + "]")).click(): null

2018-06-04 18:36:54 - [TEST_STEP][PASSED] - Statement - println(grouplist.get(i).getText()): null

2018-06-04 18:36:54 - [TEST_STEP][PASSED] - Statement - If (grouplist.get(i).getText().contains("0000")): null

2018-06-04 18:36:54 - [TEST_STEP][PASSED] - Statement - driver.findElement(org.openqa.selenium.By.xpath("(//ul[@class='unlinked-grouplist']/li/label)[" + i + 1 + "]")).click(): null

2018-06-04 18:36:54 - [TEST_STEP][PASSED] - Statement - println(grouplist.get(i).getText()): null

2018-06-04 18:36:54 - [TEST_STEP][PASSED] - Statement - If (grouplist.get(i).getText().contains("0000")): null

2018-06-04 18:36:54 - [TEST_STEP][PASSED] - Statement - driver.findElement(org.openqa.selenium.By.xpath("(//ul[@class='unlinked-grouplist']/li/label)[" + i + 1 + "]")).click(): null

2018-06-04 18:36:54 - [TEST_STEP][PASSED] - Statement - println(grouplist.get(i).getText()): null

2018-06-04 18:36:54 - [TEST_STEP][PASSED] - Statement - If (grouplist.get(i).getText().contains("0000")): null

2018-06-04 18:36:54 - [TEST_STEP][PASSED] - Statement - driver.findElement(org.openqa.selenium.By.xpath("(//ul[@class='unlinked-grouplist']/li/label)[" + i + 1 + "]")).click(): null

2018-06-04 18:36:55 - [TEST_STEP][PASSED] - Statement - println(grouplist.get(i).getText()): null

2018-06-04 18:36:55 - [TEST_STEP][PASSED] - Statement - If (grouplist.get(i).getText().contains("0000")): null

2018-06-04 18:36:55 - [TEST_STEP][PASSED] - Statement - driver.findElement(org.openqa.selenium.By.xpath("(//ul[@class='unlinked-grouplist']/li/label)[" + i + 1 + "]")).click(): null

2018-06-04 18:36:55 - [TEST_STEP][PASSED] - Statement - println(grouplist.get(i).getText()): null

2018-06-04 18:36:55 - [TEST_STEP][PASSED] - Statement - If (grouplist.get(i).getText().contains("0000")): null

2018-06-04 18:36:55 - [TEST_STEP][PASSED] - Statement - driver.findElement(org.openqa.selenium.By.xpath("(//ul[@class='unlinked-grouplist']/li/label)[" + i + 1 + "]")).click(): null

2018-06-04 18:36:55 - [TEST_STEP][PASSED] - Statement - println(grouplist.get(i).getText()): null

2018-06-04 18:36:55 - [TEST_STEP][PASSED] - Statement - If (grouplist.get(i).getText().contains("0000")): null

2018-06-04 18:36:55 - [TEST_STEP][PASSED] - Statement - driver.findElement(org.openqa.selenium.By.xpath("(//ul[@class='unlinked-grouplist']/li/label)[" + i + 1 + "]")).click(): null

2018-06-04 18:36:55 - [TEST_STEP][PASSED] - Statement - println(grouplist.get(i).getText()): null

2018-06-04 18:36:55 - [TEST_STEP][PASSED] - Statement - If (grouplist.get(i).getText().contains("0000")): null

2018-06-04 18:36:55 - [TEST_STEP][PASSED] - Statement - driver.findElement(org.openqa.selenium.By.xpath("(//ul[@class='unlinked-grouplist']/li/label)[" + i + 1 + "]")).click(): null

2018-06-04 18:36:55 - [TEST_STEP][PASSED] - Statement - println(grouplist.get(i).getText()): null

2018-06-04 18:36:55 - [TEST_STEP][PASSED] - Statement - If (grouplist.get(i).getText().contains("0000")): null

2018-06-04 18:36:55 - [TEST_STEP][PASSED] - Statement - driver.findElement(org.openqa.selenium.By.xpath("(//ul[@class='unlinked-grouplist']/li/label)[" + i + 1 + "]")).click(): null

2018-06-04 18:36:55 - [TEST_STEP][PASSED] - Statement - println(grouplist.get(i).getText()): null

2018-06-04 18:36:55 - [TEST_STEP][PASSED] - Statement - If (grouplist.get(i).getText().contains("0000")): null

2018-06-04 18:36:55 - [TEST_STEP][PASSED] - Statement - driver.findElement(org.openqa.selenium.By.xpath("(//ul[@class='unlinked-grouplist']/li/label)[" + i + 1 + "]")).click(): null

2018-06-04 18:36:55 - [TEST_STEP][PASSED] - Statement - println(grouplist.get(i).getText()): null

2018-06-04 18:36:55 - [TEST_STEP][PASSED] - Statement - If (grouplist.get(i).getText().contains("0000")): null

2018-06-04 18:36:55 - [TEST_STEP][PASSED] - Statement - driver.findElement(org.openqa.selenium.By.xpath("(//ul[@class='unlinked-grouplist']/li/label)[" + i + 1 + "]")).click(): null

2018-06-04 18:36:55 - [TEST_STEP][PASSED] - Statement - println(grouplist.get(i).getText()): null

2018-06-04 18:36:55 - [TEST_STEP][PASSED] - Statement - If (grouplist.get(i).getText().contains("0000")): null

2018-06-04 18:36:55 - [TEST_STEP][PASSED] - Statement - driver.findElement(org.openqa.selenium.By.xpath("(//ul[@class='unlinked-grouplist']/li/label)[" + i + 1 + "]")).click(): null

2018-06-04 18:36:55 - [TEST_STEP][PASSED] - Statement - println(grouplist.get(i).getText()): null

2018-06-04 18:36:55 - [TEST_STEP][PASSED] - Statement - If (grouplist.get(i).getText().contains("0000")): null

2018-06-04 18:36:55 - [TEST_STEP][PASSED] - Statement - driver.findElement(org.openqa.selenium.By.xpath("(//ul[@class='unlinked-grouplist']/li/label)[" + i + 1 + "]")).click(): null

2018-06-04 18:36:55 - [TEST_STEP][PASSED] - Statement - println(grouplist.get(i).getText()): null

2018-06-04 18:36:55 - [TEST_STEP][PASSED] - Statement - If (grouplist.get(i).getText().contains("0000")): null

2018-06-04 18:36:55 - [TEST_STEP][PASSED] - Statement - driver.findElement(org.openqa.selenium.By.xpath("(//ul[@class='unlinked-grouplist']/li/label)[" + i + 1 + "]")).click(): null

2018-06-04 18:36:55 - [TEST_STEP][PASSED] - Statement - println(grouplist.get(i).getText()): null

2018-06-04 18:36:55 - [TEST_STEP][PASSED] - Statement - If (grouplist.get(i).getText().contains("0000")): null

2018-06-04 18:36:55 - [TEST_STEP][PASSED] - Statement - driver.findElement(org.openqa.selenium.By.xpath("(//ul[@class='unlinked-grouplist']/li/label)[" + i + 1 + "]")).click(): null

2018-06-04 18:36:56 - [TEST_STEP][PASSED] - Statement - println(grouplist.get(i).getText()): null

2018-06-04 18:36:56 - [TEST_STEP][PASSED] - Statement - If (grouplist.get(i).getText().contains("0000")): null

2018-06-04 18:36:56 - [TEST_STEP][PASSED] - Statement - driver.findElement(org.openqa.selenium.By.xpath("(//ul[@class='unlinked-grouplist']/li/label)[" + i + 1 + "]")).click(): null

2018-06-04 18:36:56 - [TEST_STEP][PASSED] - Statement - println(grouplist.get(i).getText()): null

2018-06-04 18:36:56 - [TEST_STEP][PASSED] - Statement - If (grouplist.get(i).getText().contains("0000")): null

2018-06-04 18:36:56 - [TEST_STEP][PASSED] - Statement - driver.findElement(org.openqa.selenium.By.xpath("(//ul[@class='unlinked-grouplist']/li/label)[" + i + 1 + "]")).click(): null

2018-06-04 18:36:56 - [TEST_STEP][PASSED] - Statement - println(grouplist.get(i).getText()): null

2018-06-04 18:36:56 - [TEST_STEP][PASSED] - Statement - If (grouplist.get(i).getText().contains("0000")): null

2018-06-04 18:36:56 - [TEST_STEP][PASSED] - Statement - driver.findElement(org.openqa.selenium.By.xpath("(//ul[@class='unlinked-grouplist']/li/label)[" + i + 1 + "]")).click(): null

2018-06-04 18:36:56 - [TEST_STEP][PASSED] - Statement - println(grouplist.get(i).getText()): null

2018-06-04 18:36:56 - [TEST_STEP][PASSED] - Statement - If (grouplist.get(i).getText().contains("0000")): null

2018-06-04 18:36:56 - [TEST_STEP][PASSED] - Statement - driver.findElement(org.openqa.selenium.By.xpath("(//ul[@class='unlinked-grouplist']/li/label)[" + i + 1 + "]")).click(): null

2018-06-04 18:36:56 - [TEST_STEP][PASSED] - Statement - println(grouplist.get(i).getText()): null

2018-06-04 18:36:56 - [TEST_STEP][PASSED] - Statement - If (grouplist.get(i).getText().contains("0000")): null

2018-06-04 18:36:56 - [TEST_STEP][PASSED] - Statement - driver.findElement(org.openqa.selenium.By.xpath("(//ul[@class='unlinked-grouplist']/li/label)[" + i + 1 + "]")).click(): null

2018-06-04 18:36:56 - [TEST_STEP][PASSED] - Statement - driver.findElement(org.openqa.selenium.By.xpath("//button[contains(text(),'>')]")).click(): null

2018-06-04 18:36:56 - [TEST_STEP][PASSED] - delay: Delayed 10 second(s)

2018-06-04 18:37:06 - [MESSAGE][PASSED] - Delayed 10 second(s)

2018-06-04 18:37:06 - [TEST_STEP][PASSED] - uiaction.CommonUIActions.click: uiaction.CommonUIActions.click is PASSED

2018-06-04 18:37:06 - [MESSAGE][PASSED] - uiaction.CommonUIActions.click is PASSED

2018-06-04 18:37:06 - [TEST_STEP][PASSED] - uiaction.CommonUIActions.click: uiaction.CommonUIActions.click is PASSED

2018-06-04 18:37:06 - [MESSAGE][PASSED] - uiaction.CommonUIActions.click is PASSED

2018-06-04 18:37:06 - [TEST_STEP][PASSED] - delay: Delayed 10 second(s)

2018-06-04 18:37:16 - [MESSAGE][PASSED] - Delayed 10 second(s)

2018-06-04 18:37:16 - [TEST_STEP][PASSED] - uiaction.CommonUIActions.click: uiaction.CommonUIActions.click is PASSED

2018-06-04 18:37:16 - [MESSAGE][PASSED] - uiaction.CommonUIActions.click is PASSED

2018-06-04 18:37:16 - [TEST_STEP][PASSED] - delay: Delayed 10 second(s)

2018-06-04 18:37:26 - [MESSAGE][PASSED] - Delayed 10 second(s)

2018-06-04 18:37:26 - [TEST_STEP][PASSED] - Statement - driver.findElement(org.openqa.selenium.By.xpath("//span[contains(text(),'" + groupmain + "')]/../../../../span[2]")).click(): null

2018-06-04 18:37:27 - [TEST_STEP][PASSED] - Statement - timemeasureoptions = driver.findElements(org.openqa.selenium.By.xpath("//select[@class='time-measures']/option")): null

2018-06-04 18:37:27 - [TEST_STEP][PASSED] - Statement - count = 0: null

2018-06-04 18:37:27 - [TEST_STEP][PASSED] - Statement - For ([i = 0, i < timemeasureoptions.size(), (i++)]): null

2018-06-04 18:37:27 - [TEST_STEP][PASSED] - Statement - println(timemeasureoptions.get(i).getText()): null

2018-06-04 18:37:27 - [TEST_STEP][PASSED] - Statement - If (timemeasureoptions.get(i).getText() == "Daypart"): null

2018-06-04 18:37:27 - [TEST_STEP][PASSED] - Statement - println(timemeasureoptions.get(i).getText()): null

2018-06-04 18:37:27 - [TEST_STEP][PASSED] - Statement - If (timemeasureoptions.get(i).getText() == "Daypart"): null

2018-06-04 18:37:27 - [TEST_STEP][PASSED] - Statement - timemeasureoptions[i].click(): null

2018-06-04 18:37:27 - [TEST_STEP][PASSED] - Statement - (count++): null

2018-06-04 18:37:27 - [TEST_STEP][PASSED] - Statement - Break: null

2018-06-04 18:37:27 - [TEST_STEP][PASSED] - Statement - If (count < 4): null

2018-06-04 18:37:27 - [TEST_STEP][PASSED] - Statement - out.println("Daypart option is selected"): null

2018-06-04 18:37:27 - [TEST_STEP][PASSED] - delay: Delayed 5 second(s)

2018-06-04 18:37:32 - [MESSAGE][PASSED] - Delayed 5 second(s)

2018-06-04 18:37:32 - [TEST_STEP][PASSED] - click: Object: 'Object Repository/ReportsPage/fromDateSelector' is clicked on

2018-06-04 18:37:32 - [MESSAGE][PASSED] - Object: 'Object Repository/ReportsPage/fromDateSelector' is clicked on

2018-06-04 18:37:32 - [TEST_STEP][PASSED] - delay: Delayed 5 second(s)

2018-06-04 18:37:37 - [MESSAGE][PASSED] - Delayed 5 second(s)

2018-06-04 18:37:37 - [TEST_STEP][PASSED] - Statement - monthText = com.kms.katalon.core.webui.keyword.WebUiBuiltInKeywords.getText(com.kms.katalon.core.testobject.ObjectRepository.findTestObject(ReportsPage/monthText)): Text of object 'Object Repository/ReportsPage/monthText' is: 'June 2018'

2018-06-04 18:37:37 - [MESSAGE][PASSED] - Text of object 'Object Repository/ReportsPage/monthText' is: 'June 2018'

2018-06-04 18:37:37 - [TEST_STEP][PASSED] - Statement - monthTextArray = monthText.split(" "): null

2018-06-04 18:37:37 - [TEST_STEP][PASSED] - Statement - month = monthTextArray[0]: null

2018-06-04 18:37:37 - [TEST_STEP][PASSED] - Statement - monthTextValue = CustomKeywords.projectSpecific.Reusability.getTestData("ReportsPage", "Month"): projectSpecific.Reusability.getTestData is PASSED

2018-06-04 18:37:37 - [MESSAGE][PASSED] - projectSpecific.Reusability.getTestData is PASSED

2018-06-04 18:37:37 - [TEST_STEP][PASSED] - Statement - If (!(monthTextValue.equals(month))): null

2018-06-04 18:37:37 - [TEST_STEP][PASSED] - Statement - While (!(monthTextValue.equals(month))): null

2018-06-04 18:37:37 - [TEST_STEP][PASSED] - click: Object: 'Object Repository/ReportsPage/previousDateSelector' is clicked on

2018-06-04 18:37:37 - [MESSAGE][PASSED] - Object: 'Object Repository/ReportsPage/previousDateSelector' is clicked on

2018-06-04 18:37:37 - [TEST_STEP][PASSED] - Statement - monthText = com.kms.katalon.core.webui.keyword.WebUiBuiltInKeywords.getText(com.kms.katalon.core.testobject.ObjectRepository.findTestObject(ReportsPage/monthText)): Text of object 'Object Repository/ReportsPage/monthText' is: 'May 2018'

2018-06-04 18:37:37 - [MESSAGE][PASSED] - Text of object 'Object Repository/ReportsPage/monthText' is: 'May 2018'

2018-06-04 18:37:37 - [TEST_STEP][PASSED] - Statement - monthTextArray = monthText.split(" "): null

2018-06-04 18:37:37 - [TEST_STEP][PASSED] - Statement - month = monthTextArray[0]: null

2018-06-04 18:37:37 - [TEST_STEP][PASSED] - click: Object: 'Object Repository/ReportsPage/previousDateSelector' is clicked on

2018-06-04 18:37:37 - [MESSAGE][PASSED] - Object: 'Object Repository/ReportsPage/previousDateSelector' is clicked on

2018-06-04 18:37:37 - [TEST_STEP][PASSED] - Statement - monthText = com.kms.katalon.core.webui.keyword.WebUiBuiltInKeywords.getText(com.kms.katalon.core.testobject.ObjectRepository.findTestObject(ReportsPage/monthText)): Text of object 'Object Repository/ReportsPage/monthText' is: 'April 2018'

2018-06-04 18:37:37 - [MESSAGE][PASSED] - Text of object 'Object Repository/ReportsPage/monthText' is: 'April 2018'

2018-06-04 18:37:37 - [TEST_STEP][PASSED] - Statement - monthTextArray = monthText.split(" "): null

2018-06-04 18:37:37 - [TEST_STEP][PASSED] - Statement - month = monthTextArray[0]: null

2018-06-04 18:37:37 - [TEST_STEP][PASSED] - click: Object: 'Object Repository/ReportsPage/previousDateSelector' is clicked on

2018-06-04 18:37:37 - [MESSAGE][PASSED] - Object: 'Object Repository/ReportsPage/previousDateSelector' is clicked on

2018-06-04 18:37:37 - [TEST_STEP][PASSED] - Statement - monthText = com.kms.katalon.core.webui.keyword.WebUiBuiltInKeywords.getText(com.kms.katalon.core.testobject.ObjectRepository.findTestObject(ReportsPage/monthText)): Text of object 'Object Repository/ReportsPage/monthText' is: 'March 2018'

2018-06-04 18:37:37 - [MESSAGE][PASSED] - Text of object 'Object Repository/ReportsPage/monthText' is: 'March 2018'

2018-06-04 18:37:37 - [TEST_STEP][PASSED] - Statement - monthTextArray = monthText.split(" "): null

2018-06-04 18:37:37 - [TEST_STEP][PASSED] - Statement - month = monthTextArray[0]: null

2018-06-04 18:37:37 - [TEST_STEP][PASSED] - Statement - data = CustomKeywords.projectSpecific.Reusability.getTestData("ReportsPage", "StartDate"): projectSpecific.Reusability.getTestData is PASSED

2018-06-04 18:37:37 - [MESSAGE][PASSED] - projectSpecific.Reusability.getTestData is PASSED

2018-06-04 18:37:37 - [TEST_STEP][PASSED] - Statement - startDate = "(//td[text()='" + data + "'])[1]": null

2018-06-04 18:37:37 - [TEST_STEP][PASSED] - Statement - println(startDate): null

2018-06-04 18:37:37 - [TEST_STEP][PASSED] - Statement - startdateEle = driver.findElement(org.openqa.selenium.By.xpath(startDate)): null

2018-06-04 18:37:37 - [TEST_STEP][PASSED] - Statement - startdateEle.click(): null

2018-06-04 18:37:37 - [TEST_STEP][PASSED] - delay: Delayed 5 second(s)

2018-06-04 18:37:42 - [MESSAGE][PASSED] - Delayed 5 second(s)

2018-06-04 18:37:42 - [TEST_STEP][PASSED] - click: Object: 'Object Repository/ReportsPage/toDateSelector' is clicked on

2018-06-04 18:37:42 - [MESSAGE][PASSED] - Object: 'Object Repository/ReportsPage/toDateSelector' is clicked on

2018-06-04 18:37:42 - [TEST_STEP][PASSED] - Statement - monthText = com.kms.katalon.core.webui.keyword.WebUiBuiltInKeywords.getText(com.kms.katalon.core.testobject.ObjectRepository.findTestObject(ReportsPage/monthText2)): Text of object 'Object Repository/ReportsPage/monthText2' is: 'June 2018'

2018-06-04 18:37:42 - [MESSAGE][PASSED] - Text of object 'Object Repository/ReportsPage/monthText2' is: 'June 2018'

2018-06-04 18:37:42 - [TEST_STEP][PASSED] - Statement - monthTextArray = monthText.split(" "): null

2018-06-04 18:37:42 - [TEST_STEP][PASSED] - Statement - month = monthTextArray[0]: null

2018-06-04 18:37:42 - [TEST_STEP][PASSED] - Statement - If (!(monthTextValue.equals(month))): null

2018-06-04 18:37:42 - [TEST_STEP][PASSED] - Statement - While (!(monthTextValue.equals(month))): null

2018-06-04 18:37:42 - [TEST_STEP][PASSED] - click: Object: 'Object Repository/ReportsPage/previousDateSelector2' is clicked on

2018-06-04 18:37:42 - [MESSAGE][PASSED] - Object: 'Object Repository/ReportsPage/previousDateSelector2' is clicked on

2018-06-04 18:37:42 - [TEST_STEP][PASSED] - Statement - monthText = com.kms.katalon.core.webui.keyword.WebUiBuiltInKeywords.getText(com.kms.katalon.core.testobject.ObjectRepository.findTestObject(ReportsPage/monthText2)): Text of object 'Object Repository/ReportsPage/monthText2' is: 'May 2018'

2018-06-04 18:37:42 - [MESSAGE][PASSED] - Text of object 'Object Repository/ReportsPage/monthText2' is: 'May 2018'

2018-06-04 18:37:42 - [TEST_STEP][PASSED] - Statement - monthTextArray = monthText.split(" "): null

2018-06-04 18:37:42 - [TEST_STEP][PASSED] - Statement - month = monthTextArray[0]: null

2018-06-04 18:37:42 - [TEST_STEP][PASSED] - click: Object: 'Object Repository/ReportsPage/previousDateSelector2' is clicked on

2018-06-04 18:37:42 - [MESSAGE][PASSED] - Object: 'Object Repository/ReportsPage/previousDateSelector2' is clicked on

2018-06-04 18:37:42 - [TEST_STEP][PASSED] - Statement - monthText = com.kms.katalon.core.webui.keyword.WebUiBuiltInKeywords.getText(com.kms.katalon.core.testobject.ObjectRepository.findTestObject(ReportsPage/monthText2)): Text of object 'Object Repository/ReportsPage/monthText2' is: 'April 2018'

2018-06-04 18:37:42 - [MESSAGE][PASSED] - Text of object 'Object Repository/ReportsPage/monthText2' is: 'April 2018'

2018-06-04 18:37:42 - [TEST_STEP][PASSED] - Statement - monthTextArray = monthText.split(" "): null

2018-06-04 18:37:42 - [TEST_STEP][PASSED] - Statement - month = monthTextArray[0]: null

2018-06-04 18:37:42 - [TEST_STEP][PASSED] - click: Object: 'Object Repository/ReportsPage/previousDateSelector2' is clicked on

2018-06-04 18:37:42 - [MESSAGE][PASSED] - Object: 'Object Repository/ReportsPage/previousDateSelector2' is clicked on

2018-06-04 18:37:42 - [TEST_STEP][PASSED] - Statement - monthText = com.kms.katalon.core.webui.keyword.WebUiBuiltInKeywords.getText(com.kms.katalon.core.testobject.ObjectRepository.findTestObject(ReportsPage/monthText2)): Text of object 'Object Repository/ReportsPage/monthText2' is: 'March 2018'

2018-06-04 18:37:43 - [MESSAGE][PASSED] - Text of object 'Object Repository/ReportsPage/monthText2' is: 'March 2018'

2018-06-04 18:37:43 - [TEST_STEP][PASSED] - Statement - monthTextArray = monthText.split(" "): null

2018-06-04 18:37:43 - [TEST_STEP][PASSED] - Statement - month = monthTextArray[0]: null

2018-06-04 18:37:43 - [TEST_STEP][PASSED] - Statement - endDate = CustomKeywords.projectSpecific.Reusability.getTestData("ReportsPage", "StartDate"): projectSpecific.Reusability.getTestData is PASSED

2018-06-04 18:37:43 - [MESSAGE][PASSED] - projectSpecific.Reusability.getTestData is PASSED

2018-06-04 18:37:43 - [TEST_STEP][PASSED] - Statement - toDate = "(//div[@class='rdtPicker']/div/table/tbody/tr/td[text()='" + endDate + "'])[3]": null

2018-06-04 18:37:43 - [TEST_STEP][PASSED] - Statement - toDateEle = driver.findElement(org.openqa.selenium.By.xpath(toDate)): null

2018-06-04 18:37:43 - [TEST_STEP][PASSED] - Statement - toDateEle.click(): null

2018-06-04 18:37:43 - [TEST_STEP][PASSED] - delay: Delayed 5 second(s)

2018-06-04 18:37:48 - [MESSAGE][PASSED] - Delayed 5 second(s)

2018-06-04 18:37:48 - [TEST_STEP][PASSED] - Statement - dateAttr = com.kms.katalon.core.webui.keyword.WebUiBuiltInKeywords.getAttribute(com.kms.katalon.core.testobject.ObjectRepository.findTestObject(ReportsPage/selectedDate1), "value"): Attribute 'value' of object 'Object Repository/ReportsPage/selectedDate1' is: '03/01/2018'

2018-06-04 18:37:48 - [MESSAGE][PASSED] - Attribute 'value' of object 'Object Repository/ReportsPage/selectedDate1' is: '03/01/2018'

2018-06-04 18:37:48 - [TEST_STEP][PASSED] - Statement - fromDateValue = CustomKeywords.projectSpecific.Reusability.getTestData("ReportsPage", "fromDate"): projectSpecific.Reusability.getTestData is PASSED

2018-06-04 18:37:48 - [MESSAGE][PASSED] - projectSpecific.Reusability.getTestData is PASSED

2018-06-04 18:37:48 - [TEST_STEP][PASSED] - Statement - If (!(dateAttr.equals(fromDateValue))): null

2018-06-04 18:37:48 - [TEST_STEP][PASSED] - Statement - dateAttr = com.kms.katalon.core.webui.keyword.WebUiBuiltInKeywords.getAttribute(com.kms.katalon.core.testobject.ObjectRepository.findTestObject(ReportsPage/selectedDate2), "value"): Attribute 'value' of object 'Object Repository/ReportsPage/selectedDate2' is: '03/01/2018'

2018-06-04 18:37:48 - [MESSAGE][PASSED] - Attribute 'value' of object 'Object Repository/ReportsPage/selectedDate2' is: '03/01/2018'

2018-06-04 18:37:48 - [TEST_STEP][PASSED] - Statement - toDateValue = CustomKeywords.projectSpecific.Reusability.getTestData("ReportsPage", "fromDate"): projectSpecific.Reusability.getTestData is PASSED

2018-06-04 18:37:48 - [MESSAGE][PASSED] - projectSpecific.Reusability.getTestData is PASSED

2018-06-04 18:37:48 - [TEST_STEP][PASSED] - Statement - If (!(dateAttr.equals(toDateValue))): null

2018-06-04 18:37:48 - [TEST_STEP][PASSED] - click: Object: 'Object Repository/ReportsPage/generateReport' is clicked on

2018-06-04 18:37:48 - [MESSAGE][PASSED] - Object: 'Object Repository/ReportsPage/generateReport' is clicked on

2018-06-04 18:37:48 - [TEST_STEP][PASSED] - delay: Delayed 10 second(s)

2018-06-04 18:37:58 - [MESSAGE][PASSED] - Delayed 10 second(s)

2018-06-04 18:37:58 - [TEST_STEP][FAILED] - verifyElementPresent: com.kms.katalon.core.webui.exception.WebElementNotFoundException: Web element with id: 'Object Repository/SummarizedReportPage/summaryReport' located by 'By.xpath: //div[text()='Summarized Report']' not found

2018-06-04 18:38:08 - [MESSAGE][FAILED] - com.kms.katalon.core.webui.exception.WebElementNotFoundException: Web element with id: 'Object Repository/SummarizedReportPage/summaryReport' located by 'By.xpath: //div[text()='Summarized Report']' not found
[[ATTACHMENT|C:\\Users\\shalinin\\Katalon Studio\\HME_Scripts\\Reports\\RegressionSuite\\20180604_183534\\1528117688576.png]]

2018-06-04 18:38:08 - [TEST_STEP][PASSED] - Statement - startTime = CustomKeywords.projectSpecific.Reusability.getTestData("SummarizedReportPage", "reportstartTime"): projectSpecific.Reusability.getTestData is PASSED

2018-06-04 18:38:08 - [MESSAGE][PASSED] - projectSpecific.Reusability.getTestData is PASSED

2018-06-04 18:38:08 - [TEST_STEP][FAILED] - verifyElementText: com.kms.katalon.core.webui.exception.WebElementNotFoundException: Web element with id: 'Object Repository/SummarizedReportPage/report_starttime' located by 'By.xpath: (//h2[@class='report-start-time-header']/span)[2]' not found

2018-06-04 18:38:39 - [MESSAGE][FAILED] - com.kms.katalon.core.webui.exception.WebElementNotFoundException: Web element with id: 'Object Repository/SummarizedReportPage/report_starttime' located by 'By.xpath: (//h2[@class='report-start-time-header']/span)[2]' not found
[[ATTACHMENT|C:\\Users\\shalinin\\Katalon Studio\\HME_Scripts\\Reports\\RegressionSuite\\20180604_183534\\1528117719444.png]]

2018-06-04 18:38:39 - [TEST_STEP][PASSED] - Statement - dateFormat = new java.text.SimpleDateFormat(dd): null

2018-06-04 18:38:39 - [TEST_STEP][PASSED] - Statement - date = new java.util.Date(): null

2018-06-04 18:38:39 - [TEST_STEP][PASSED] - Statement - dateapp = dateFormat.format(date): null

2018-06-04 18:38:39 - [TEST_STEP][PASSED] - delay: Delayed 10 second(s)

2018-06-04 18:38:49 - [MESSAGE][PASSED] - Delayed 10 second(s)

2018-06-04 18:38:49 - [TEST_STEP][PASSED] - Statement - printtimefromreport = driver.findElement(org.openqa.selenium.By.xpath("//span[@class='report-print-time-value']")).getText(): null

2018-06-04 18:38:49 - [TEST_STEP][PASSED] - Statement - Catch (Exception e): null

2018-06-04 18:38:49 - [TEST_STEP][PASSED] - Statement - e.printStackTrace(): null

2018-06-04 18:38:49 - [TEST_STEP][PASSED] - Statement - println("Exception of element not found"): null

2018-06-04 18:38:49 - [TEST_STEP][PASSED] - Statement - If (TCflag): null

2018-06-04 18:38:49 - [TEST_STEP][PASSED] - Statement - assert TCflag == true: null

2018-06-04 18:38:49 - [TEST_STEP][PASSED] - Start listener action : sampleAfterTestCase: Browser is closed

2018-06-04 18:38:49 - [TEST_STEP][PASSED] - Statement - println(testCaseContext.getTestCaseId()): null

2018-06-04 18:38:49 - [TEST_STEP][PASSED] - Statement - println(testCaseContext.getTestCaseStatus()): null

2018-06-04 18:38:49 - [TEST_STEP][PASSED] - closeBrowser: Browser is closed

2018-06-04 18:38:50 - [MESSAGE][PASSED] - Browser is closed]]></system-out>
         <system-err><![CDATA[2018-06-04 18:35:36 - [TEST_CASE][FAILED] - Test Cases/SummaryReportsTC/HME-Summary Report-04: Test Cases/SummaryReportsTC/HME-Summary Report-04 FAILED because (of) com.kms.katalon.core.webui.exception.WebElementNotFoundException: Web element with id: 'Object Repository/SummarizedReportPage/summaryReport' located by 'By.xpath: //div[text()='Summarized Report']' not found]]></system-err>
      </testcase>
      <testcase name="Test Cases/SummaryReportsTC/HME-Summary Report-05" classname="Test Cases/SummaryReportsTC/HME-Summary Report-05" status="FAILED">
         <failure type="FAILED" message="Unable to verify match between actual text 'Web element with id: 'Object Repository/SummarizedReportPage/startTimeText' located by 'By.xpath: //table[@class='rawcar-header-labels clear']/tbody/tr[1]/td[2]' not found' and expected text 'Mar 1, 2018 OPEN' (Root cause: Actual text 'Web element with id: 'Object Repository/SummarizedReportPage/startTimeText' located by 'By.xpath: //table[@class='rawcar-header-labels clear']/tbody/tr[1]/td[2]' not found' and expected text 'Mar 1, 2018 OPEN' are not matched)"/>
         <system-out><![CDATA[2018-06-04 18:38:50 - [TEST_CASE][FAILED] - Test Cases/SummaryReportsTC/HME-Summary Report-05: Test Cases/SummaryReportsTC/HME-Summary Report-05 FAILED because (of) Unable to verify match between actual text 'Web element with id: 'Object Repository/SummarizedReportPage/startTimeText' located by 'By.xpath: //table[@class='rawcar-header-labels clear']/tbody/tr[1]/td[2]' not found' and expected text 'Mar 1, 2018 OPEN' (Root cause: Actual text 'Web element with id: 'Object Repository/SummarizedReportPage/startTimeText' located by 'By.xpath: //table[@class='rawcar-header-labels clear']/tbody/tr[1]/td[2]' not found' and expected text 'Mar 1, 2018 OPEN' are not matched)

2018-06-04 18:38:50 - [TEST_STEP][PASSED] - Start listener action : sampleBeforeTestCase: uiaction.CommonUIActions.deleteAllCookies is PASSED

2018-06-04 18:38:50 - [TEST_STEP][PASSED] - openBrowser: Browser is opened with url: ''

2018-06-04 18:38:52 - [MESSAGE][PASSED] - Browser is opened with url: ''

2018-06-04 18:38:52 - [TEST_STEP][PASSED] - maximizeWindow: Current window maximized

2018-06-04 18:38:54 - [MESSAGE][PASSED] - Current window maximized

2018-06-04 18:38:54 - [TEST_STEP][PASSED] - uiaction.CommonUIActions.deleteAllCookies: uiaction.CommonUIActions.deleteAllCookies is PASSED

2018-06-04 18:38:54 - [MESSAGE][PASSED] - Delete all cookies successfully

2018-06-04 18:38:54 - [MESSAGE][PASSED] - uiaction.CommonUIActions.deleteAllCookies is PASSED

2018-06-04 18:38:54 - [TEST_STEP][PASSED] - Statement - TCflag = true: null

2018-06-04 18:38:54 - [TEST_STEP][FAILED] - Statement - Try: uiaction.CommonUIActions.click is PASSED

2018-06-04 18:38:54 - [TEST_STEP][PASSED] - navigateToUrl: Navigate to 'https://hme-dev-public-cloud-app.azurewebsites.net/' successfully

2018-06-04 18:38:57 - [MESSAGE][PASSED] - Navigate to 'https://hme-dev-public-cloud-app.azurewebsites.net/' successfully

2018-06-04 18:38:57 - [TEST_STEP][PASSED] - delay: Delayed 10 second(s)

2018-06-04 18:39:07 - [MESSAGE][PASSED] - Delayed 10 second(s)

2018-06-04 18:39:07 - [TEST_STEP][PASSED] - navigateToUrl: Navigate to 'https://hme-dev-public-cloud-app.azurewebsites.net/' successfully

2018-06-04 18:39:07 - [MESSAGE][PASSED] - Navigate to 'https://hme-dev-public-cloud-app.azurewebsites.net/' successfully

2018-06-04 18:39:07 - [TEST_STEP][PASSED] - projectSpecific.Reusability.login: projectSpecific.Reusability.login is PASSED

2018-06-04 18:39:07 - [MESSAGE][PASSED] - projectSpecific.Reusability.getTestData is PASSED

2018-06-04 18:39:07 - [MESSAGE][PASSED] - projectSpecific.Reusability.getTestData is PASSED

2018-06-04 18:39:08 - [MESSAGE][PASSED] - Text 'selvendrank@nousinfo.com' is set on object 'Object Repository/LoginPage/Username'

2018-06-04 18:39:08 - [MESSAGE][PASSED] - Text 'nous;123' is set on object 'Object Repository/LoginPage/Password'

2018-06-04 18:39:08 - [MESSAGE][PASSED] - Object: 'Object Repository/LoginPage/Login' is clicked on

2018-06-04 18:39:08 - [MESSAGE][PASSED] - projectSpecific.Reusability.login is PASSED

2018-06-04 18:39:08 - [TEST_STEP][PASSED] - delay: Delayed 15 second(s)

2018-06-04 18:39:23 - [MESSAGE][PASSED] - Delayed 15 second(s)

2018-06-04 18:39:23 - [TEST_STEP][PASSED] - uiaction.CommonUIActions.click: uiaction.CommonUIActions.click is PASSED

2018-06-04 18:39:30 - [MESSAGE][PASSED] - uiaction.CommonUIActions.click is PASSED

2018-06-04 18:39:30 - [TEST_STEP][PASSED] - delay: Delayed 10 second(s)

2018-06-04 18:39:40 - [MESSAGE][PASSED] - Delayed 10 second(s)

2018-06-04 18:39:40 - [TEST_STEP][PASSED] - uiaction.CommonUIActions.click: uiaction.CommonUIActions.click is PASSED

2018-06-04 18:39:41 - [MESSAGE][PASSED] - uiaction.CommonUIActions.click is PASSED

2018-06-04 18:39:41 - [TEST_STEP][PASSED] - delay: Delayed 15 second(s)

2018-06-04 18:39:56 - [MESSAGE][PASSED] - Delayed 15 second(s)

2018-06-04 18:39:56 - [TEST_STEP][PASSED] - Statement - driver = com.kms.katalon.core.webui.driver.DriverFactory.getWebDriver(): null

2018-06-04 18:39:56 - [TEST_STEP][PASSED] - Statement - storeGrpList = driver.findElements(org.openqa.selenium.By.xpath(com.kms.katalon.core.testdata.TestDataFactory.findTestData(OR_file).getValue(2, 26))): Reading excel file with source file 'C:\Users\shalinin\Katalon Studio\HME_Scripts\Data Files\HME_OR.xlsx' and sheet name 'Sheet1'

2018-06-04 18:39:56 - [TEST_STEP][PASSED] - Statement - size = storeGrpList.size(): null

2018-06-04 18:39:56 - [TEST_STEP][PASSED] - Statement - index = 0: null

2018-06-04 18:39:56 - [TEST_STEP][PASSED] - Statement - pattern = java.util.regex.Pattern.compile("[0-9]+"): null

2018-06-04 18:39:56 - [TEST_STEP][PASSED] - Statement - For ([i = 0, i < size, (i++)]): null

2018-06-04 18:39:56 - [TEST_STEP][PASSED] - Statement - txt = storeGrpList.get(i).getText(): null

2018-06-04 18:39:56 - [TEST_STEP][PASSED] - Statement - index = i + 1: null

2018-06-04 18:39:56 - [TEST_STEP][PASSED] - Statement - matched = pattern.matcher(txt).matches(): null

2018-06-04 18:39:56 - [TEST_STEP][PASSED] - Statement - If (matched): null

2018-06-04 18:39:56 - [TEST_STEP][PASSED] - Statement - txt = storeGrpList.get(i).getText(): null

2018-06-04 18:39:56 - [TEST_STEP][PASSED] - Statement - index = i + 1: null

2018-06-04 18:39:56 - [TEST_STEP][PASSED] - Statement - matched = pattern.matcher(txt).matches(): null

2018-06-04 18:39:56 - [TEST_STEP][PASSED] - Statement - If (matched): null

2018-06-04 18:39:56 - [TEST_STEP][PASSED] - Statement - txt = storeGrpList.get(i).getText(): null

2018-06-04 18:39:56 - [TEST_STEP][PASSED] - Statement - index = i + 1: null

2018-06-04 18:39:56 - [TEST_STEP][PASSED] - Statement - matched = pattern.matcher(txt).matches(): null

2018-06-04 18:39:56 - [TEST_STEP][PASSED] - Statement - If (matched): null

2018-06-04 18:39:56 - [TEST_STEP][PASSED] - Statement - txt = storeGrpList.get(i).getText(): null

2018-06-04 18:39:56 - [TEST_STEP][PASSED] - Statement - index = i + 1: null

2018-06-04 18:39:56 - [TEST_STEP][PASSED] - Statement - matched = pattern.matcher(txt).matches(): null

2018-06-04 18:39:56 - [TEST_STEP][PASSED] - Statement - If (matched): null

2018-06-04 18:39:56 - [TEST_STEP][PASSED] - Statement - txt = storeGrpList.get(i).getText(): null

2018-06-04 18:39:56 - [TEST_STEP][PASSED] - Statement - index = i + 1: null

2018-06-04 18:39:56 - [TEST_STEP][PASSED] - Statement - matched = pattern.matcher(txt).matches(): null

2018-06-04 18:39:56 - [TEST_STEP][PASSED] - Statement - If (matched): null

2018-06-04 18:39:56 - [TEST_STEP][PASSED] - Statement - txt = storeGrpList.get(i).getText(): null

2018-06-04 18:39:56 - [TEST_STEP][PASSED] - Statement - index = i + 1: null

2018-06-04 18:39:56 - [TEST_STEP][PASSED] - Statement - matched = pattern.matcher(txt).matches(): null

2018-06-04 18:39:56 - [TEST_STEP][PASSED] - Statement - If (matched): null

2018-06-04 18:39:56 - [TEST_STEP][PASSED] - Statement - txt = storeGrpList.get(i).getText(): null

2018-06-04 18:39:56 - [TEST_STEP][PASSED] - Statement - index = i + 1: null

2018-06-04 18:39:56 - [TEST_STEP][PASSED] - Statement - matched = pattern.matcher(txt).matches(): null

2018-06-04 18:39:56 - [TEST_STEP][PASSED] - Statement - If (matched): null

2018-06-04 18:39:56 - [TEST_STEP][PASSED] - Statement - txt = storeGrpList.get(i).getText(): null

2018-06-04 18:39:56 - [TEST_STEP][PASSED] - Statement - index = i + 1: null

2018-06-04 18:39:56 - [TEST_STEP][PASSED] - Statement - matched = pattern.matcher(txt).matches(): null

2018-06-04 18:39:56 - [TEST_STEP][PASSED] - Statement - If (matched): null

2018-06-04 18:39:56 - [TEST_STEP][PASSED] - Statement - txt = storeGrpList.get(i).getText(): null

2018-06-04 18:39:56 - [TEST_STEP][PASSED] - Statement - index = i + 1: null

2018-06-04 18:39:56 - [TEST_STEP][PASSED] - Statement - matched = pattern.matcher(txt).matches(): null

2018-06-04 18:39:56 - [TEST_STEP][PASSED] - Statement - If (matched): null

2018-06-04 18:39:56 - [TEST_STEP][PASSED] - Statement - txt = storeGrpList.get(i).getText(): null

2018-06-04 18:39:56 - [TEST_STEP][PASSED] - Statement - index = i + 1: null

2018-06-04 18:39:56 - [TEST_STEP][PASSED] - Statement - matched = pattern.matcher(txt).matches(): null

2018-06-04 18:39:56 - [TEST_STEP][PASSED] - Statement - If (matched): null

2018-06-04 18:39:56 - [TEST_STEP][PASSED] - Statement - driver.findElement(org.openqa.selenium.By.xpath("//ul[@role='tree-node']/li[" + index + "]/span[2]")).click(): null

2018-06-04 18:39:56 - [TEST_STEP][PASSED] - Statement - Break: null

2018-06-04 18:39:56 - [TEST_STEP][PASSED] - delay: Delayed 5 second(s)

2018-06-04 18:40:01 - [MESSAGE][PASSED] - Delayed 5 second(s)

2018-06-04 18:40:01 - [TEST_STEP][PASSED] - click: Object: 'Object Repository/ReportsPage/timeSelection' is clicked on

2018-06-04 18:40:02 - [MESSAGE][PASSED] - Object: 'Object Repository/ReportsPage/timeSelection' is clicked on

2018-06-04 18:40:02 - [TEST_STEP][PASSED] - click: Object: 'Object Repository/ReportsPage/dayTimeOption' is clicked on

2018-06-04 18:40:02 - [MESSAGE][PASSED] - Object: 'Object Repository/ReportsPage/dayTimeOption' is clicked on

2018-06-04 18:40:02 - [TEST_STEP][PASSED] - verifyElementText: Actual text and expected text of test object 'Object Repository/ReportsPage/dayTimeOption' are matched.

2018-06-04 18:40:02 - [MESSAGE][PASSED] - projectSpecific.Reusability.getTestData is PASSED

2018-06-04 18:40:02 - [MESSAGE][PASSED] - Actual text and expected text of test object 'Object Repository/ReportsPage/dayTimeOption' are matched.

2018-06-04 18:40:02 - [TEST_STEP][PASSED] - delay: Delayed 5 second(s)

2018-06-04 18:40:07 - [MESSAGE][PASSED] - Delayed 5 second(s)

2018-06-04 18:40:07 - [TEST_STEP][PASSED] - click: Object: 'Object Repository/ReportsPage/fromDateSelector' is clicked on

2018-06-04 18:40:07 - [MESSAGE][PASSED] - Object: 'Object Repository/ReportsPage/fromDateSelector' is clicked on

2018-06-04 18:40:07 - [TEST_STEP][PASSED] - delay: Delayed 5 second(s)

2018-06-04 18:40:12 - [MESSAGE][PASSED] - Delayed 5 second(s)

2018-06-04 18:40:12 - [TEST_STEP][PASSED] - Statement - monthText = com.kms.katalon.core.webui.keyword.WebUiBuiltInKeywords.getText(com.kms.katalon.core.testobject.ObjectRepository.findTestObject(ReportsPage/monthText)): Text of object 'Object Repository/ReportsPage/monthText' is: 'June 2018'

2018-06-04 18:40:12 - [MESSAGE][PASSED] - Text of object 'Object Repository/ReportsPage/monthText' is: 'June 2018'

2018-06-04 18:40:12 - [TEST_STEP][PASSED] - Statement - monthTextArray = monthText.split(" "): null

2018-06-04 18:40:12 - [TEST_STEP][PASSED] - Statement - month = monthTextArray[0]: null

2018-06-04 18:40:12 - [TEST_STEP][PASSED] - Statement - monthTextValue = CustomKeywords.projectSpecific.Reusability.getTestData("ReportsPage", "Month"): projectSpecific.Reusability.getTestData is PASSED

2018-06-04 18:40:12 - [MESSAGE][PASSED] - projectSpecific.Reusability.getTestData is PASSED

2018-06-04 18:40:12 - [TEST_STEP][PASSED] - Statement - If (!(monthTextValue.equals(month))): null

2018-06-04 18:40:12 - [TEST_STEP][PASSED] - Statement - While (!(monthTextValue.equals(month))): null

2018-06-04 18:40:12 - [TEST_STEP][PASSED] - click: Object: 'Object Repository/ReportsPage/previousDateSelector' is clicked on

2018-06-04 18:40:12 - [MESSAGE][PASSED] - Object: 'Object Repository/ReportsPage/previousDateSelector' is clicked on

2018-06-04 18:40:12 - [TEST_STEP][PASSED] - Statement - monthText = com.kms.katalon.core.webui.keyword.WebUiBuiltInKeywords.getText(com.kms.katalon.core.testobject.ObjectRepository.findTestObject(ReportsPage/monthText)): Text of object 'Object Repository/ReportsPage/monthText' is: 'May 2018'

2018-06-04 18:40:12 - [MESSAGE][PASSED] - Text of object 'Object Repository/ReportsPage/monthText' is: 'May 2018'

2018-06-04 18:40:12 - [TEST_STEP][PASSED] - Statement - monthTextArray = monthText.split(" "): null

2018-06-04 18:40:12 - [TEST_STEP][PASSED] - Statement - month = monthTextArray[0]: null

2018-06-04 18:40:12 - [TEST_STEP][PASSED] - click: Object: 'Object Repository/ReportsPage/previousDateSelector' is clicked on

2018-06-04 18:40:12 - [MESSAGE][PASSED] - Object: 'Object Repository/ReportsPage/previousDateSelector' is clicked on

2018-06-04 18:40:12 - [TEST_STEP][PASSED] - Statement - monthText = com.kms.katalon.core.webui.keyword.WebUiBuiltInKeywords.getText(com.kms.katalon.core.testobject.ObjectRepository.findTestObject(ReportsPage/monthText)): Text of object 'Object Repository/ReportsPage/monthText' is: 'April 2018'

2018-06-04 18:40:12 - [MESSAGE][PASSED] - Text of object 'Object Repository/ReportsPage/monthText' is: 'April 2018'

2018-06-04 18:40:12 - [TEST_STEP][PASSED] - Statement - monthTextArray = monthText.split(" "): null

2018-06-04 18:40:12 - [TEST_STEP][PASSED] - Statement - month = monthTextArray[0]: null

2018-06-04 18:40:12 - [TEST_STEP][PASSED] - click: Object: 'Object Repository/ReportsPage/previousDateSelector' is clicked on

2018-06-04 18:40:12 - [MESSAGE][PASSED] - Object: 'Object Repository/ReportsPage/previousDateSelector' is clicked on

2018-06-04 18:40:12 - [TEST_STEP][PASSED] - Statement - monthText = com.kms.katalon.core.webui.keyword.WebUiBuiltInKeywords.getText(com.kms.katalon.core.testobject.ObjectRepository.findTestObject(ReportsPage/monthText)): Text of object 'Object Repository/ReportsPage/monthText' is: 'March 2018'

2018-06-04 18:40:12 - [MESSAGE][PASSED] - Text of object 'Object Repository/ReportsPage/monthText' is: 'March 2018'

2018-06-04 18:40:12 - [TEST_STEP][PASSED] - Statement - monthTextArray = monthText.split(" "): null

2018-06-04 18:40:12 - [TEST_STEP][PASSED] - Statement - month = monthTextArray[0]: null

2018-06-04 18:40:12 - [TEST_STEP][PASSED] - Statement - data = CustomKeywords.projectSpecific.Reusability.getTestData("ReportsPage", "StartDate"): projectSpecific.Reusability.getTestData is PASSED

2018-06-04 18:40:12 - [MESSAGE][PASSED] - projectSpecific.Reusability.getTestData is PASSED

2018-06-04 18:40:12 - [TEST_STEP][PASSED] - Statement - startDate = "(//td[text()='" + data + "'])[1]": null

2018-06-04 18:40:12 - [TEST_STEP][PASSED] - Statement - println(startDate): null

2018-06-04 18:40:12 - [TEST_STEP][PASSED] - Statement - startdateEle = driver.findElement(org.openqa.selenium.By.xpath(startDate)): null

2018-06-04 18:40:12 - [TEST_STEP][PASSED] - Statement - startdateEle.click(): null

2018-06-04 18:40:12 - [TEST_STEP][PASSED] - delay: Delayed 10 second(s)

2018-06-04 18:40:22 - [MESSAGE][PASSED] - Delayed 10 second(s)

2018-06-04 18:40:22 - [TEST_STEP][PASSED] - click: Object: 'Object Repository/ReportsPage/toDateSelector' is clicked on

2018-06-04 18:40:22 - [MESSAGE][PASSED] - Object: 'Object Repository/ReportsPage/toDateSelector' is clicked on

2018-06-04 18:40:22 - [TEST_STEP][PASSED] - Statement - monthText = com.kms.katalon.core.webui.keyword.WebUiBuiltInKeywords.getText(com.kms.katalon.core.testobject.ObjectRepository.findTestObject(ReportsPage/monthText2)): Text of object 'Object Repository/ReportsPage/monthText2' is: 'June 2018'

2018-06-04 18:40:22 - [MESSAGE][PASSED] - Text of object 'Object Repository/ReportsPage/monthText2' is: 'June 2018'

2018-06-04 18:40:22 - [TEST_STEP][PASSED] - Statement - monthTextArray = monthText.split(" "): null

2018-06-04 18:40:22 - [TEST_STEP][PASSED] - Statement - month = monthTextArray[0]: null

2018-06-04 18:40:22 - [TEST_STEP][PASSED] - Statement - monthTextValue1 = CustomKeywords.projectSpecific.Reusability.getTestData("ReportsPage", "Month"): projectSpecific.Reusability.getTestData is PASSED

2018-06-04 18:40:22 - [MESSAGE][PASSED] - projectSpecific.Reusability.getTestData is PASSED

2018-06-04 18:40:22 - [TEST_STEP][PASSED] - Statement - If (!(monthTextValue1.equals(month))): null

2018-06-04 18:40:22 - [TEST_STEP][PASSED] - Statement - While (!(monthTextValue1.equals(month))): null

2018-06-04 18:40:22 - [TEST_STEP][PASSED] - click: Object: 'Object Repository/ReportsPage/previousDateSelector2' is clicked on

2018-06-04 18:40:22 - [MESSAGE][PASSED] - Object: 'Object Repository/ReportsPage/previousDateSelector2' is clicked on

2018-06-04 18:40:22 - [TEST_STEP][PASSED] - Statement - monthText = com.kms.katalon.core.webui.keyword.WebUiBuiltInKeywords.getText(com.kms.katalon.core.testobject.ObjectRepository.findTestObject(ReportsPage/monthText2)): Text of object 'Object Repository/ReportsPage/monthText2' is: 'May 2018'

2018-06-04 18:40:22 - [MESSAGE][PASSED] - Text of object 'Object Repository/ReportsPage/monthText2' is: 'May 2018'

2018-06-04 18:40:22 - [TEST_STEP][PASSED] - Statement - monthTextArray = monthText.split(" "): null

2018-06-04 18:40:22 - [TEST_STEP][PASSED] - Statement - month = monthTextArray[0]: null

2018-06-04 18:40:22 - [TEST_STEP][PASSED] - click: Object: 'Object Repository/ReportsPage/previousDateSelector2' is clicked on

2018-06-04 18:40:22 - [MESSAGE][PASSED] - Object: 'Object Repository/ReportsPage/previousDateSelector2' is clicked on

2018-06-04 18:40:22 - [TEST_STEP][PASSED] - Statement - monthText = com.kms.katalon.core.webui.keyword.WebUiBuiltInKeywords.getText(com.kms.katalon.core.testobject.ObjectRepository.findTestObject(ReportsPage/monthText2)): Text of object 'Object Repository/ReportsPage/monthText2' is: 'April 2018'

2018-06-04 18:40:22 - [MESSAGE][PASSED] - Text of object 'Object Repository/ReportsPage/monthText2' is: 'April 2018'

2018-06-04 18:40:22 - [TEST_STEP][PASSED] - Statement - monthTextArray = monthText.split(" "): null

2018-06-04 18:40:22 - [TEST_STEP][PASSED] - Statement - month = monthTextArray[0]: null

2018-06-04 18:40:22 - [TEST_STEP][PASSED] - click: Object: 'Object Repository/ReportsPage/previousDateSelector2' is clicked on

2018-06-04 18:40:22 - [MESSAGE][PASSED] - Object: 'Object Repository/ReportsPage/previousDateSelector2' is clicked on

2018-06-04 18:40:22 - [TEST_STEP][PASSED] - Statement - monthText = com.kms.katalon.core.webui.keyword.WebUiBuiltInKeywords.getText(com.kms.katalon.core.testobject.ObjectRepository.findTestObject(ReportsPage/monthText2)): Text of object 'Object Repository/ReportsPage/monthText2' is: 'March 2018'

2018-06-04 18:40:22 - [MESSAGE][PASSED] - Text of object 'Object Repository/ReportsPage/monthText2' is: 'March 2018'

2018-06-04 18:40:22 - [TEST_STEP][PASSED] - Statement - monthTextArray = monthText.split(" "): null

2018-06-04 18:40:22 - [TEST_STEP][PASSED] - Statement - month = monthTextArray[0]: null

2018-06-04 18:40:22 - [TEST_STEP][PASSED] - Statement - endDate = CustomKeywords.projectSpecific.Reusability.getTestData("ReportsPage", "StartDate"): projectSpecific.Reusability.getTestData is PASSED

2018-06-04 18:40:22 - [MESSAGE][PASSED] - projectSpecific.Reusability.getTestData is PASSED

2018-06-04 18:40:22 - [TEST_STEP][PASSED] - Statement - toDate = "(//div[@class='rdt date-time rdtOpen']/div[@class='rdtPicker']/div/table/tbody/tr/td[text()='" + endDate + "'])[1]": null

2018-06-04 18:40:22 - [TEST_STEP][PASSED] - Statement - println(toDate): null

2018-06-04 18:40:22 - [TEST_STEP][PASSED] - Statement - toDateEle = driver.findElement(org.openqa.selenium.By.xpath(toDate)): null

2018-06-04 18:40:23 - [TEST_STEP][PASSED] - Statement - toDateEle.click(): null

2018-06-04 18:40:23 - [TEST_STEP][PASSED] - delay: Delayed 5 second(s)

2018-06-04 18:40:28 - [MESSAGE][PASSED] - Delayed 5 second(s)

2018-06-04 18:40:28 - [TEST_STEP][PASSED] - Statement - dateAttr = com.kms.katalon.core.webui.keyword.WebUiBuiltInKeywords.getAttribute(com.kms.katalon.core.testobject.ObjectRepository.findTestObject(ReportsPage/selectedDate1), "value"): Attribute 'value' of object 'Object Repository/ReportsPage/selectedDate1' is: '03/01/2018'

2018-06-04 18:40:28 - [MESSAGE][PASSED] - Attribute 'value' of object 'Object Repository/ReportsPage/selectedDate1' is: '03/01/2018'

2018-06-04 18:40:28 - [TEST_STEP][PASSED] - Statement - fromDateValue = CustomKeywords.projectSpecific.Reusability.getTestData("ReportsPage", "fromDate_march"): projectSpecific.Reusability.getTestData is PASSED

2018-06-04 18:40:28 - [MESSAGE][PASSED] - projectSpecific.Reusability.getTestData is PASSED

2018-06-04 18:40:28 - [TEST_STEP][PASSED] - Statement - If (!(dateAttr.equals(fromDateValue))): null

2018-06-04 18:40:28 - [TEST_STEP][PASSED] - Statement - dateAttr = com.kms.katalon.core.webui.keyword.WebUiBuiltInKeywords.getAttribute(com.kms.katalon.core.testobject.ObjectRepository.findTestObject(ReportsPage/selectedDate2), "value"): Attribute 'value' of object 'Object Repository/ReportsPage/selectedDate2' is: '03/01/2018'

2018-06-04 18:40:28 - [MESSAGE][PASSED] - Attribute 'value' of object 'Object Repository/ReportsPage/selectedDate2' is: '03/01/2018'

2018-06-04 18:40:28 - [TEST_STEP][PASSED] - Statement - toDateValue = CustomKeywords.projectSpecific.Reusability.getTestData("ReportsPage", "fromDate_march"): projectSpecific.Reusability.getTestData is PASSED

2018-06-04 18:40:28 - [MESSAGE][PASSED] - projectSpecific.Reusability.getTestData is PASSED

2018-06-04 18:40:28 - [TEST_STEP][PASSED] - Statement - If (!(dateAttr.equals(toDateValue))): null

2018-06-04 18:40:28 - [TEST_STEP][PASSED] - verifyElementText: Actual text and expected text of test object 'Object Repository/ReportsPage/includeText' are matched.

2018-06-04 18:40:28 - [MESSAGE][PASSED] - projectSpecific.Reusability.getTestData is PASSED

2018-06-04 18:40:28 - [MESSAGE][PASSED] - Actual text and expected text of test object 'Object Repository/ReportsPage/includeText' are matched.

2018-06-04 18:40:28 - [TEST_STEP][PASSED] - verifyElementText: Actual text and expected text of test object 'Object Repository/ReportsPage/formatText' are matched.

2018-06-04 18:40:28 - [MESSAGE][PASSED] - projectSpecific.Reusability.getTestData is PASSED

2018-06-04 18:40:28 - [MESSAGE][PASSED] - Actual text and expected text of test object 'Object Repository/ReportsPage/formatText' are matched.

2018-06-04 18:40:28 - [TEST_STEP][PASSED] - click: Object: 'Object Repository/ReportsPage/generateReport' is clicked on

2018-06-04 18:40:28 - [MESSAGE][PASSED] - Object: 'Object Repository/ReportsPage/generateReport' is clicked on

2018-06-04 18:40:28 - [TEST_STEP][PASSED] - delay: Delayed 15 second(s)

2018-06-04 18:40:43 - [MESSAGE][PASSED] - Delayed 15 second(s)

2018-06-04 18:40:43 - [TEST_STEP][PASSED] - delay: Delayed 15 second(s)

2018-06-04 18:40:58 - [MESSAGE][PASSED] - Delayed 15 second(s)

2018-06-04 18:40:58 - [TEST_STEP][PASSED] - Statement - startTime = CustomKeywords.projectSpecific.Reusability.getTestData("SummarizedReportPage", "reportstartTime1"): projectSpecific.Reusability.getTestData is PASSED

2018-06-04 18:40:58 - [MESSAGE][PASSED] - projectSpecific.Reusability.getTestData is PASSED

2018-06-04 18:40:58 - [TEST_STEP][PASSED] - Statement - startTimeText = CustomKeywords.uiaction.CommonUIActions.getText(com.kms.katalon.core.testobject.ObjectRepository.findTestObject(SummarizedReportPage/startTimeText)): uiaction.CommonUIActions.getText is PASSED

2018-06-04 18:41:18 - [MESSAGE][PASSED] - uiaction.CommonUIActions.getText is PASSED

2018-06-04 18:41:18 - [TEST_STEP][PASSED] - Statement - startTime = startTime.trim(): null

2018-06-04 18:41:18 - [TEST_STEP][PASSED] - Statement - startTimeText = startTimeText.trim(): null

2018-06-04 18:41:18 - [TEST_STEP][FAILED] - verifyMatch: Unable to verify match between actual text 'Web element with id: 'Object Repository/SummarizedReportPage/startTimeText' located by 'By.xpath: //table[@class='rawcar-header-labels clear']/tbody/tr[1]/td[2]' not found' and expected text 'Mar 1, 2018 OPEN' (Root cause: Actual text 'Web element with id: 'Object Repository/SummarizedReportPage/startTimeText' located by 'By.xpath: //table[@class='rawcar-header-labels clear']/tbody/tr[1]/td[2]' not found' and expected text 'Mar 1, 2018 OPEN' are not matched)

2018-06-04 18:41:18 - [MESSAGE][FAILED] - Unable to verify match between actual text 'Web element with id: 'Object Repository/SummarizedReportPage/startTimeText' located by 'By.xpath: //table[@class='rawcar-header-labels clear']/tbody/tr[1]/td[2]' not found' and expected text 'Mar 1, 2018 OPEN' (Root cause: Actual text 'Web element with id: 'Object Repository/SummarizedReportPage/startTimeText' located by 'By.xpath: //table[@class='rawcar-header-labels clear']/tbody/tr[1]/td[2]' not found' and expected text 'Mar 1, 2018 OPEN' are not matched)

2018-06-04 18:41:18 - [TEST_STEP][PASSED] - Statement - endTime = CustomKeywords.projectSpecific.Reusability.getTestData("SummarizedReportPage", "reportendTime1"): projectSpecific.Reusability.getTestData is PASSED

2018-06-04 18:41:18 - [MESSAGE][PASSED] - projectSpecific.Reusability.getTestData is PASSED

2018-06-04 18:41:18 - [TEST_STEP][PASSED] - Statement - endTimeText = CustomKeywords.uiaction.CommonUIActions.getText(com.kms.katalon.core.testobject.ObjectRepository.findTestObject(SummarizedReportPage/stopTimeText)): uiaction.CommonUIActions.getText is PASSED

2018-06-04 18:41:39 - [MESSAGE][PASSED] - uiaction.CommonUIActions.getText is PASSED

2018-06-04 18:41:39 - [TEST_STEP][PASSED] - Statement - endTime = endTime.trim(): null

2018-06-04 18:41:39 - [TEST_STEP][PASSED] - Statement - endTimeText = endTimeText.trim(): null

2018-06-04 18:41:39 - [TEST_STEP][FAILED] - verifyMatch: Unable to verify match between actual text 'Web element with id: 'Object Repository/SummarizedReportPage/stopTimeText' located by 'By.xpath: //table[@class='rawcar-header-labels clear']/tbody/tr[2]/td[2]' not found' and expected text 'Mar 1, 2018 CLOSE' (Root cause: Actual text 'Web element with id: 'Object Repository/SummarizedReportPage/stopTimeText' located by 'By.xpath: //table[@class='rawcar-header-labels clear']/tbody/tr[2]/td[2]' not found' and expected text 'Mar 1, 2018 CLOSE' are not matched)

2018-06-04 18:41:39 - [MESSAGE][FAILED] - Unable to verify match between actual text 'Web element with id: 'Object Repository/SummarizedReportPage/stopTimeText' located by 'By.xpath: //table[@class='rawcar-header-labels clear']/tbody/tr[2]/td[2]' not found' and expected text 'Mar 1, 2018 CLOSE' (Root cause: Actual text 'Web element with id: 'Object Repository/SummarizedReportPage/stopTimeText' located by 'By.xpath: //table[@class='rawcar-header-labels clear']/tbody/tr[2]/td[2]' not found' and expected text 'Mar 1, 2018 CLOSE' are not matched)

2018-06-04 18:41:39 - [TEST_STEP][FAILED] - verifyElementPresent: com.kms.katalon.core.webui.exception.WebElementNotFoundException: Web element with id: 'Object Repository/SummarizedReportPage/printDateHeading' located by 'By.xpath: //table[@class='rawcar-header-labels clear']/tbody/tr[1]/th[3]' not found

2018-06-04 18:41:59 - [MESSAGE][FAILED] - com.kms.katalon.core.webui.exception.WebElementNotFoundException: Web element with id: 'Object Repository/SummarizedReportPage/printDateHeading' located by 'By.xpath: //table[@class='rawcar-header-labels clear']/tbody/tr[1]/th[3]' not found
[[ATTACHMENT|C:\\Users\\shalinin\\Katalon Studio\\HME_Scripts\\Reports\\RegressionSuite\\20180604_183534\\1528117919448.png]]

2018-06-04 18:41:59 - [TEST_STEP][PASSED] - Statement - today = new java.util.Date(): null

2018-06-04 18:41:59 - [TEST_STEP][PASSED] - Statement - todayDate = today.format("MMMMM dd yyyy"): null

2018-06-04 18:41:59 - [TEST_STEP][PASSED] - Statement - date1 = CustomKeywords.uiaction.CommonUIActions.getText(com.kms.katalon.core.testobject.ObjectRepository.findTestObject(SummarizedReportPage/printDateText)): uiaction.CommonUIActions.getText is PASSED

2018-06-04 18:42:20 - [MESSAGE][PASSED] - uiaction.CommonUIActions.getText is PASSED

2018-06-04 18:42:20 - [TEST_STEP][PASSED] - Statement - If (date1.contains(todayDate)): null

2018-06-04 18:42:20 - [TEST_STEP][PASSED] - Statement - reportHeaders = CustomKeywords.projectSpecific.Reusability.getTestData("SummarizedReportPage", "summaryReportHeader"): projectSpecific.Reusability.getTestData is PASSED

2018-06-04 18:42:20 - [MESSAGE][PASSED] - projectSpecific.Reusability.getTestData is PASSED

2018-06-04 18:42:20 - [TEST_STEP][PASSED] - delay: Delayed 10 second(s)

2018-06-04 18:42:30 - [MESSAGE][PASSED] - Delayed 10 second(s)

2018-06-04 18:42:30 - [TEST_STEP][PASSED] - Statement - reportsArray = reportHeaders.split(","): null

2018-06-04 18:42:30 - [TEST_STEP][PASSED] - Statement - reportsHeaderList = new java.util.ArrayList(java.util.Arrays.asList(reportsArray)): null

2018-06-04 18:42:30 - [TEST_STEP][PASSED] - Statement - reportsHeaderList.unique(): null

2018-06-04 18:42:30 - [TEST_STEP][PASSED] - Statement - out.println(reportsHeaderList): null

2018-06-04 18:42:30 - [TEST_STEP][PASSED] - Statement - columnHeaderList = driver.findElements(org.openqa.selenium.By.xpath(com.kms.katalon.core.testdata.TestDataFactory.findTestData(OR_file).getValue(2, 5))): Reading excel file with source file 'C:\Users\shalinin\Katalon Studio\HME_Scripts\Data Files\HME_OR.xlsx' and sheet name 'Sheet1'

2018-06-04 18:42:30 - [TEST_STEP][PASSED] - Statement - actualList = new java.util.ArrayList(): null

2018-06-04 18:42:30 - [TEST_STEP][PASSED] - Statement - For ([i = 0, i < columnHeaderList.size(), (i++)]): null

2018-06-04 18:42:30 - [TEST_STEP][PASSED] - Statement - out.println(actualList): null

2018-06-04 18:42:30 - [TEST_STEP][PASSED] - Statement - execFlag1 = true: null

2018-06-04 18:42:30 - [TEST_STEP][PASSED] - Statement - For ([j = 0, j < actualList.size(), (j++)]): null

2018-06-04 18:42:30 - [TEST_STEP][PASSED] - Statement - If (execFlag1): null

2018-06-04 18:42:30 - [TEST_STEP][PASSED] - Statement - out.println("Reports Column headers are verified"): null

2018-06-04 18:42:30 - [TEST_STEP][PASSED] - uiaction.CommonUIActions.click: uiaction.CommonUIActions.click is PASSED

2018-06-04 18:42:50 - [MESSAGE][PASSED] - uiaction.CommonUIActions.click is PASSED

2018-06-04 18:42:50 - [TEST_STEP][PASSED] - uiaction.CommonUIActions.click: uiaction.CommonUIActions.click is PASSED

2018-06-04 18:43:10 - [MESSAGE][PASSED] - uiaction.CommonUIActions.click is PASSED

2018-06-04 18:43:10 - [TEST_STEP][PASSED] - delay: Delayed 10 second(s)

2018-06-04 18:43:20 - [MESSAGE][PASSED] - Delayed 10 second(s)

2018-06-04 18:43:20 - [TEST_STEP][PASSED] - Statement - confirmationText = CustomKeywords.projectSpecific.Reusability.getTestData("SummarizedReportPage", "confirmationText1"): projectSpecific.Reusability.getTestData is PASSED

2018-06-04 18:43:20 - [MESSAGE][PASSED] - projectSpecific.Reusability.getTestData is PASSED

2018-06-04 18:43:20 - [TEST_STEP][PASSED] - Statement - actualconfirmationText = CustomKeywords.uiaction.CommonUIActions.getText(com.kms.katalon.core.testobject.ObjectRepository.findTestObject(SummarizedReportPage/emailConfirmation)): uiaction.CommonUIActions.getText is PASSED

2018-06-04 18:43:41 - [MESSAGE][PASSED] - uiaction.CommonUIActions.getText is PASSED

2018-06-04 18:43:41 - [TEST_STEP][FAILED] - Statement - confirm = com.kms.katalon.core.webui.keyword.WebUiBuiltInKeywords.verifyMatch(confirmationText, actualconfirmationText, false): Unable to verify match between actual text 'Please check your email. Your Report has been sent to selvendrank@nousinfo.com.' and expected text 'Web element with id: 'Object Repository/SummarizedReportPage/emailConfirmation' located by 'By.xpath: //div[@class='appr']/h4' not found' (Root cause: Actual text 'Please check your email. Your Report has been sent to selvendrank@nousinfo.com.' and expected text 'Web element with id: 'Object Repository/SummarizedReportPage/emailConfirmation' located by 'By.xpath: //div[@class='appr']/h4' not found' are not matched)

2018-06-04 18:43:41 - [MESSAGE][FAILED] - Unable to verify match between actual text 'Please check your email. Your Report has been sent to selvendrank@nousinfo.com.' and expected text 'Web element with id: 'Object Repository/SummarizedReportPage/emailConfirmation' located by 'By.xpath: //div[@class='appr']/h4' not found' (Root cause: Actual text 'Please check your email. Your Report has been sent to selvendrank@nousinfo.com.' and expected text 'Web element with id: 'Object Repository/SummarizedReportPage/emailConfirmation' located by 'By.xpath: //div[@class='appr']/h4' not found' are not matched)

2018-06-04 18:43:41 - [TEST_STEP][PASSED] - Statement - If (confirm): null

2018-06-04 18:43:41 - [TEST_STEP][PASSED] - Statement - Else: null

2018-06-04 18:43:41 - [TEST_STEP][PASSED] - Statement - If (TCflag): null

2018-06-04 18:43:41 - [TEST_STEP][PASSED] - Statement - out.println("Email Verification not received"): null

2018-06-04 18:43:41 - [TEST_STEP][PASSED] - back: Navigate back successfully

2018-06-04 18:43:41 - [MESSAGE][PASSED] - Navigate back successfully

2018-06-04 18:43:41 - [TEST_STEP][PASSED] - delay: Delayed 10 second(s)

2018-06-04 18:43:51 - [MESSAGE][PASSED] - Delayed 10 second(s)

2018-06-04 18:43:51 - [TEST_STEP][PASSED] - uiaction.CommonUIActions.click: uiaction.CommonUIActions.click is PASSED

2018-06-04 18:44:11 - [MESSAGE][PASSED] - uiaction.CommonUIActions.click is PASSED

2018-06-04 18:44:11 - [TEST_STEP][PASSED] - Start listener action : sampleAfterTestCase: Browser is closed

2018-06-04 18:44:11 - [TEST_STEP][PASSED] - Statement - println(testCaseContext.getTestCaseId()): null

2018-06-04 18:44:11 - [TEST_STEP][PASSED] - Statement - println(testCaseContext.getTestCaseStatus()): null

2018-06-04 18:44:11 - [TEST_STEP][PASSED] - closeBrowser: Browser is closed

2018-06-04 18:44:12 - [MESSAGE][PASSED] - Browser is closed]]></system-out>
         <system-err><![CDATA[2018-06-04 18:38:50 - [TEST_CASE][FAILED] - Test Cases/SummaryReportsTC/HME-Summary Report-05: Test Cases/SummaryReportsTC/HME-Summary Report-05 FAILED because (of) Unable to verify match between actual text 'Web element with id: 'Object Repository/SummarizedReportPage/startTimeText' located by 'By.xpath: //table[@class='rawcar-header-labels clear']/tbody/tr[1]/td[2]' not found' and expected text 'Mar 1, 2018 OPEN' (Root cause: Actual text 'Web element with id: 'Object Repository/SummarizedReportPage/startTimeText' located by 'By.xpath: //table[@class='rawcar-header-labels clear']/tbody/tr[1]/td[2]' not found' and expected text 'Mar 1, 2018 OPEN' are not matched)]]></system-err>
      </testcase>
      <testcase name="Test Cases/SummaryReportsTC/HME-Summary Report-06" classname="Test Cases/SummaryReportsTC/HME-Summary Report-06" status="FAILED">
         <failure type="FAILED" message="Unable to set text 'selvendrank@nousinfo.com' of object 'Object Repository/LoginPage/Username' (Root cause: com.kms.katalon.core.webui.exception.WebElementNotFoundException: Web element with id: 'Object Repository/LoginPage/Username' located by 'By.xpath: //*[@id=&quot;Content&quot;]/div/div/form/table/tbody/tr[1]/td/input


' not found)"/>
         <system-out><![CDATA[2018-06-04 18:44:12 - [TEST_CASE][FAILED] - Test Cases/SummaryReportsTC/HME-Summary Report-06: Test Cases/SummaryReportsTC/HME-Summary Report-06 FAILED because (of) Unable to set text 'selvendrank@nousinfo.com' of object 'Object Repository/LoginPage/Username' (Root cause: com.kms.katalon.core.webui.exception.WebElementNotFoundException: Web element with id: 'Object Repository/LoginPage/Username' located by 'By.xpath: //*[@id="Content"]/div/div/form/table/tbody/tr[1]/td/input


' not found)

2018-06-04 18:44:12 - [TEST_STEP][PASSED] - Start listener action : sampleBeforeTestCase: uiaction.CommonUIActions.deleteAllCookies is PASSED

2018-06-04 18:44:12 - [TEST_STEP][PASSED] - openBrowser: Browser is opened with url: ''

2018-06-04 18:44:14 - [MESSAGE][PASSED] - Browser is opened with url: ''

2018-06-04 18:44:14 - [TEST_STEP][PASSED] - maximizeWindow: Current window maximized

2018-06-04 18:44:15 - [MESSAGE][PASSED] - Current window maximized

2018-06-04 18:44:15 - [TEST_STEP][PASSED] - uiaction.CommonUIActions.deleteAllCookies: uiaction.CommonUIActions.deleteAllCookies is PASSED

2018-06-04 18:44:16 - [MESSAGE][PASSED] - Delete all cookies successfully

2018-06-04 18:44:16 - [MESSAGE][PASSED] - uiaction.CommonUIActions.deleteAllCookies is PASSED

2018-06-04 18:44:16 - [TEST_STEP][PASSED] - Statement - TCflag = true: null

2018-06-04 18:44:16 - [TEST_STEP][FAILED] - Statement - Try: null

2018-06-04 18:44:16 - [TEST_STEP][PASSED] - navigateToUrl: Navigate to 'https://hme-dev-public-cloud-app.azurewebsites.net/' successfully

2018-06-04 18:44:37 - [MESSAGE][PASSED] - Navigate to 'https://hme-dev-public-cloud-app.azurewebsites.net/' successfully

2018-06-04 18:44:37 - [TEST_STEP][PASSED] - delay: Delayed 10 second(s)

2018-06-04 18:44:47 - [MESSAGE][PASSED] - Delayed 10 second(s)

2018-06-04 18:44:47 - [TEST_STEP][PASSED] - navigateToUrl: Navigate to 'https://hme-dev-public-cloud-app.azurewebsites.net/' successfully

2018-06-04 18:45:03 - [MESSAGE][PASSED] - Navigate to 'https://hme-dev-public-cloud-app.azurewebsites.net/' successfully

2018-06-04 18:45:03 - [TEST_STEP][FAILED] - projectSpecific.Reusability.login: Unable to set text 'selvendrank@nousinfo.com' of object 'Object Repository/LoginPage/Username' (Root cause: com.kms.katalon.core.webui.exception.WebElementNotFoundException: Web element with id: 'Object Repository/LoginPage/Username' located by 'By.xpath: //*[@id="Content"]/div/div/form/table/tbody/tr[1]/td/input


' not found)

2018-06-04 18:45:03 - [MESSAGE][PASSED] - projectSpecific.Reusability.getTestData is PASSED

2018-06-04 18:45:03 - [MESSAGE][PASSED] - projectSpecific.Reusability.getTestData is PASSED

2018-06-04 18:45:40 - [MESSAGE][FAILED] - Unable to set text 'selvendrank@nousinfo.com' of object 'Object Repository/LoginPage/Username' (Root cause: com.kms.katalon.core.webui.exception.WebElementNotFoundException: Web element with id: 'Object Repository/LoginPage/Username' located by 'By.xpath: //*[@id="Content"]/div/div/form/table/tbody/tr[1]/td/input


' not found)
[[ATTACHMENT|C:\\Users\\shalinin\\Katalon Studio\\HME_Scripts\\Reports\\RegressionSuite\\20180604_183534\\1528118134336.png]]

2018-06-04 18:45:40 - [MESSAGE][PASSED] - Text 'nous;123' is set on object 'Object Repository/LoginPage/Password'

2018-06-04 18:45:41 - [MESSAGE][PASSED] - Object: 'Object Repository/LoginPage/Login' is clicked on

2018-06-04 18:45:41 - [MESSAGE][FAILED] - Unable to set text 'selvendrank@nousinfo.com' of object 'Object Repository/LoginPage/Username' (Root cause: com.kms.katalon.core.webui.exception.WebElementNotFoundException: Web element with id: 'Object Repository/LoginPage/Username' located by 'By.xpath: //*[@id="Content"]/div/div/form/table/tbody/tr[1]/td/input


' not found)

2018-06-04 18:45:41 - [TEST_STEP][PASSED] - delay: Delayed 10 second(s)

2018-06-04 18:45:51 - [MESSAGE][PASSED] - Delayed 10 second(s)

2018-06-04 18:45:51 - [TEST_STEP][PASSED] - uiaction.CommonUIActions.click: uiaction.CommonUIActions.click is PASSED

2018-06-04 18:46:11 - [MESSAGE][PASSED] - uiaction.CommonUIActions.click is PASSED

2018-06-04 18:46:11 - [TEST_STEP][PASSED] - Statement - storenumber = CustomKeywords.uiaction.CommonUIActions.getText(com.kms.katalon.core.testobject.ObjectRepository.findTestObject(StorePage/storepage_storenumber)): uiaction.CommonUIActions.getText is PASSED

2018-06-04 18:46:31 - [MESSAGE][PASSED] - uiaction.CommonUIActions.getText is PASSED

2018-06-04 18:46:31 - [TEST_STEP][PASSED] - Statement - out.println(" the store number is--" + storenumber.trim()): null

2018-06-04 18:46:31 - [TEST_STEP][PASSED] - uiaction.CommonUIActions.click: uiaction.CommonUIActions.click is PASSED

2018-06-04 18:46:51 - [MESSAGE][PASSED] - uiaction.CommonUIActions.click is PASSED

2018-06-04 18:46:51 - [TEST_STEP][PASSED] - uiaction.CommonUIActions.click: uiaction.CommonUIActions.click is PASSED

2018-06-04 18:47:12 - [MESSAGE][PASSED] - uiaction.CommonUIActions.click is PASSED

2018-06-04 18:47:12 - [TEST_STEP][PASSED] - uiaction.CommonUIActions.click: uiaction.CommonUIActions.click is PASSED

2018-06-04 18:47:32 - [MESSAGE][PASSED] - uiaction.CommonUIActions.click is PASSED

2018-06-04 18:47:32 - [TEST_STEP][PASSED] - delay: Delayed 10 second(s)

2018-06-04 18:47:42 - [MESSAGE][PASSED] - Delayed 10 second(s)

2018-06-04 18:47:42 - [TEST_STEP][PASSED] - uiaction.CommonUIActions.click: uiaction.CommonUIActions.click is PASSED

2018-06-04 18:48:02 - [MESSAGE][PASSED] - uiaction.CommonUIActions.click is PASSED

2018-06-04 18:48:02 - [TEST_STEP][PASSED] - uiaction.CommonUIActions.enter: uiaction.CommonUIActions.enter is PASSED

2018-06-04 18:48:02 - [MESSAGE][PASSED] - projectSpecific.Reusability.getTestData is PASSED

2018-06-04 18:48:02 - [MESSAGE][PASSED] - uiaction.CommonUIActions.enter is PASSED

2018-06-04 18:48:02 - [TEST_STEP][PASSED] - uiaction.CommonUIActions.enter: uiaction.CommonUIActions.enter is PASSED

2018-06-04 18:48:02 - [MESSAGE][PASSED] - projectSpecific.Reusability.getTestData is PASSED

2018-06-04 18:48:23 - [MESSAGE][PASSED] - uiaction.CommonUIActions.enter is PASSED

2018-06-04 18:48:23 - [TEST_STEP][PASSED] - delay: Delayed 10 second(s)

2018-06-04 18:48:33 - [MESSAGE][PASSED] - Delayed 10 second(s)

2018-06-04 18:48:33 - [TEST_STEP][PASSED] - Statement - groupmain = CustomKeywords.projectSpecific.Reusability.getTestData("ReportingGroupManagementPage", "Summarygrp"): projectSpecific.Reusability.getTestData is PASSED

2018-06-04 18:48:33 - [MESSAGE][PASSED] - projectSpecific.Reusability.getTestData is PASSED

2018-06-04 18:48:33 - [TEST_STEP][PASSED] - Statement - driver = com.kms.katalon.core.webui.driver.DriverFactory.getWebDriver(): null

2018-06-04 18:48:33 - [TEST_STEP][PASSED] - Statement - grouplist = driver.findElements(org.openqa.selenium.By.xpath("//ul[@class='unlinked-grouplist']/li")): null

2018-06-04 18:48:33 - [TEST_STEP][PASSED] - delay: Delayed 10 second(s)

2018-06-04 18:48:43 - [MESSAGE][PASSED] - Delayed 10 second(s)

2018-06-04 18:48:43 - [TEST_STEP][PASSED] - Statement - For ([i = 0, i < grouplist.size(), (i++)]): null

2018-06-04 18:48:43 - [TEST_STEP][PASSED] - delay: Delayed 10 second(s)

2018-06-04 18:48:53 - [MESSAGE][PASSED] - Delayed 10 second(s)

2018-06-04 18:48:53 - [TEST_STEP][PASSED] - uiaction.CommonUIActions.click: uiaction.CommonUIActions.click is PASSED

2018-06-04 18:49:13 - [MESSAGE][PASSED] - uiaction.CommonUIActions.click is PASSED

2018-06-04 18:49:13 - [TEST_STEP][PASSED] - uiaction.CommonUIActions.click: uiaction.CommonUIActions.click is PASSED

2018-06-04 18:49:33 - [MESSAGE][PASSED] - uiaction.CommonUIActions.click is PASSED

2018-06-04 18:49:33 - [TEST_STEP][PASSED] - delay: Delayed 10 second(s)

2018-06-04 18:49:43 - [MESSAGE][PASSED] - Delayed 10 second(s)

2018-06-04 18:49:43 - [TEST_STEP][PASSED] - uiaction.CommonUIActions.click: uiaction.CommonUIActions.click is PASSED

2018-06-04 18:50:04 - [MESSAGE][PASSED] - uiaction.CommonUIActions.click is PASSED

2018-06-04 18:50:04 - [TEST_STEP][PASSED] - delay: Delayed 10 second(s)

2018-06-04 18:50:14 - [MESSAGE][PASSED] - Delayed 10 second(s)

2018-06-04 18:50:14 - [TEST_STEP][PASSED] - Statement - driver.findElement(org.openqa.selenium.By.xpath("//span[contains(text(),'" + groupmain + "')]/../../../../span[1]")).click(): null

2018-06-04 18:50:14 - [TEST_STEP][PASSED] - Statement - Catch (Exception e): null

2018-06-04 18:50:14 - [TEST_STEP][PASSED] - Statement - e.printStackTrace(): null

2018-06-04 18:50:14 - [TEST_STEP][PASSED] - Statement - println("Exception of element not found"): null

2018-06-04 18:50:14 - [TEST_STEP][PASSED] - Statement - If (TCflag): null

2018-06-04 18:50:14 - [TEST_STEP][PASSED] - Statement - assert TCflag == true: null

2018-06-04 18:50:14 - [TEST_STEP][PASSED] - Start listener action : sampleAfterTestCase: Browser is closed

2018-06-04 18:50:14 - [TEST_STEP][PASSED] - Statement - println(testCaseContext.getTestCaseId()): null

2018-06-04 18:50:14 - [TEST_STEP][PASSED] - Statement - println(testCaseContext.getTestCaseStatus()): null

2018-06-04 18:50:14 - [TEST_STEP][PASSED] - closeBrowser: Browser is closed

2018-06-04 18:50:14 - [MESSAGE][PASSED] - Browser is closed]]></system-out>
         <system-err><![CDATA[2018-06-04 18:44:12 - [TEST_CASE][FAILED] - Test Cases/SummaryReportsTC/HME-Summary Report-06: Test Cases/SummaryReportsTC/HME-Summary Report-06 FAILED because (of) Unable to set text 'selvendrank@nousinfo.com' of object 'Object Repository/LoginPage/Username' (Root cause: com.kms.katalon.core.webui.exception.WebElementNotFoundException: Web element with id: 'Object Repository/LoginPage/Username' located by 'By.xpath: //*[@id="Content"]/div/div/form/table/tbody/tr[1]/td/input


' not found)]]></system-err>
      </testcase>
      <system-out><![CDATA[2018-06-04 18:35:36 - [TEST_SUITE][FAILED] - RegressionSuite: Test Cases/SummaryReportsTC/HME-Summary Report-04 FAILED because (of) com.kms.katalon.core.webui.exception.WebElementNotFoundException: Web element with id: 'Object Repository/SummarizedReportPage/summaryReport' located by 'By.xpath: //div[text()='Summarized Report']' not found]]></system-out>
      <system-err><![CDATA[2018-06-04 18:35:36 - [TEST_SUITE][FAILED] - RegressionSuite: Test Cases/SummaryReportsTC/HME-Summary Report-04 FAILED because (of) com.kms.katalon.core.webui.exception.WebElementNotFoundException: Web element with id: 'Object Repository/SummarizedReportPage/summaryReport' located by 'By.xpath: //div[text()='Summarized Report']' not found]]></system-err>
   </testsuite>
</testsuites>
